#
# A fatal error has been detected by the Java Runtime Environment:
#
#  SIGSEGV (0xb) at pc=0x00007f877a005060, pid=14417, tid=0x00007f876b082700
#
# JRE version: Java(TM) SE Runtime Environment (8.0_121-b13) (build 1.8.0_121-b13)
# Java VM: Java HotSpot(TM) 64-Bit Server VM (25.121-b13 mixed mode linux-amd64 compressed oops)
# Problematic frame:
# C  0x00007f877a005060
#
# Failed to write core dump. Core dumps have been disabled. To enable core dumping, try "ulimit -c unlimited" before starting Java again
#
# If you would like to submit a bug report, please visit:
#   http://bugreport.java.com/bugreport/crash.jsp
#

---------------  T H R E A D  ---------------

Current thread (0x00007f877c0a2000):  JavaThread "JavaFX Application Thread" [_thread_in_Java, id=14451, stack(0x00007f876af82000,0x00007f876b083000)]

siginfo: si_signo: 11 (SIGSEGV), si_code: 2 (SEGV_ACCERR), si_addr: 0x00007f877a005060

Registers:
RAX=0x00007f87ccf27380, RBX=0x00007f87ccf27380, RCX=0x00000000ebf9f098, RDX=0x00000000ebf52888
RSP=0x00007f876b07ff98, RBP=0x00007f876b080000, RSI=0x00000000ebf9f098, RDI=0x00000001000f5790
R8 =0x0000000000000005, R9 =0x0000000000000000, R10=0x00007f87d06a3860, R11=0x00007f87b9208860
R12=0x0000000000000000, R13=0x00007f876b07ffb0, R14=0x0000000100017910, R15=0x00007f877c0a2000
RIP=0x00007f877a005060, EFLAGS=0x0000000000010206, CSGSFS=0x0000000000000033, ERR=0x0000000000000014
  TRAPNO=0x000000000000000e

Top of Stack: (sp=0x00007f876b07ff98)
0x00007f876b07ff98:   00007f87b9007815 00007f876b080000
0x00007f876b07ffa8:   00007f87b9007815 00000000ebf52888
0x00007f876b07ffb8:   00000000ebf9f098 00007f876b07ffc0
0x00007f876b07ffc8:   00007f87cd51e044 00007f876b080030
0x00007f876b07ffd8:   00007f87cd51e3a0 00007f87cd520fe8
0x00007f876b07ffe8:   00007f87cd51e090 00007f876b07ffb0
0x00007f876b07fff8:   00007f876b080028 00007f876b080078
0x00007f876b080008:   00007f87b9007d80 00000000ebf66fd0
0x00007f876b080018:   00000000ebf9f0b0 00000000ebf9f098
0x00007f876b080028:   00000000ebf52fd8 00000000ebf4c240
0x00007f876b080038:   00007f876b080038 00007f87cd5203e7
0x00007f876b080048:   00007f876b0800c8 00007f87cd5206b8
0x00007f876b080058:   0000000000000000 00007f87cd520518
0x00007f876b080068:   00007f876b080028 00007f876b0800c0
0x00007f876b080078:   00007f876b080110 00007f87b9007d80
0x00007f876b080088:   00000000ebf52f90 00000000ebf9f040
0x00007f876b080098:   00000000ebf52fd8 00000000ebf99250
0x00007f876b0800a8:   00000000ebf53b18 00000000ebf54658
0x00007f876b0800b8:   00000000ebf991d8 00000000ebf2b338
0x00007f876b0800c8:   00000000ebf2da48 00007f876b0800d0
0x00007f876b0800d8:   00007f87cd5205e2 00007f876b080130
0x00007f876b0800e8:   00007f87cd5206b8 0000000000000000
0x00007f876b0800f8:   00007f87cd520648 00007f876b0800c0
0x00007f876b080108:   00007f876b080128 00007f876b080178
0x00007f876b080118:   00007f87b90077d0 0000000000000000
0x00007f876b080128:   00000000ebf2b338 00000000ebf2da48
0x00007f876b080138:   00007f876b080138 00007f87cd26114c
0x00007f876b080148:   00007f876b0801b0 00007f87cd261330
0x00007f876b080158:   0000000000000000 00007f87cd2611b0
0x00007f876b080168:   00007f876b080128 00007f876b0801a0
0x00007f876b080178:   00007f876b0801f8 00007f87b90077d0
0x00007f876b080188:   00000000ebf2b320 00000000ebf80888 

Instructions: (pc=0x00007f877a005060)
0x00007f877a005040:   
[error occurred during error reporting (printing registers, top of stack, instructions near pc), id 0xb]

Register to memory mapping:

RAX={method} {0x00007f87ccf27380} 'add' '(Ljava/lang/Object;)Z' in 'java/util/ArrayList'
RBX={method} {0x00007f87ccf27380} 'add' '(Ljava/lang/Object;)Z' in 'java/util/ArrayList'
RCX=0x00000000ebf9f098 is an oop
java.util.ArrayList 
 - klass: 'java/util/ArrayList'
RDX=0x00000000ebf52888 is an oop
main.Graph.Node 
 - klass: 'main/Graph/Node'
RSP=0x00007f876b07ff98 is pointing into the stack for thread: 0x00007f877c0a2000
RBP=0x00007f876b080000 is pointing into the stack for thread: 0x00007f877c0a2000
RSI=0x00000000ebf9f098 is an oop
java.util.ArrayList 
 - klass: 'java/util/ArrayList'
RDI=0x00000001000f5790 is pointing into metadata
R8 =0x0000000000000005 is an unknown value
R9 =0x0000000000000000 is an unknown value
R10=0x00007f87d06a3860: <offset 0xfc7860> in /usr/lib/jvm/java-8-oracle/jre/lib/amd64/server/libjvm.so at 0x00007f87cf6dc000
R11=0x00007f87b9208860 is at entry_point+32 in (nmethod*)0x00007f87b9208690
R12=0x0000000000000000 is an unknown value
R13=0x00007f876b07ffb0 is pointing into the stack for thread: 0x00007f877c0a2000
R14=0x0000000100017910 is pointing into metadata
R15=0x00007f877c0a2000 is a thread


Stack: [0x00007f876af82000,0x00007f876b083000],  sp=0x00007f876b07ff98,  free space=1015k
Native frames: (J=compiled Java code, j=interpreted, Vv=VM code, C=native code)
C  0x00007f877a005060
j  main.Graph.Dijkstra.search(Lmain/Mapping/Position;Lmain/Mapping/Position;)Ljava/util/List;+79
j  main.Graph.Dijkstra.isThereAPath(Lmain/Mapping/Position;Lmain/Mapping/Position;)Z+2
j  main.Mapping.Map.checkMap(Lmain/Collections/FoodSupplyCol;Lmain/Anthill/Anthill;)Z+76
j  main.Anthill.Colony.<init>()V+171
j  main.View.ColonyDisplay.start(Ljavafx/stage/Stage;)V+10
j  com.sun.javafx.application.LauncherImpl.lambda$launchApplication1$162(Ljava/util/concurrent/atomic/AtomicBoolean;Ljavafx/application/Application;)V+20
j  com.sun.javafx.application.LauncherImpl$$Lambda$59.run()V+8
j  com.sun.javafx.application.PlatformImpl.lambda$runAndWait$175(Ljava/lang/Runnable;Ljava/util/concurrent/CountDownLatch;)V+1
j  com.sun.javafx.application.PlatformImpl$$Lambda$52.run()V+8
j  com.sun.javafx.application.PlatformImpl.lambda$null$173(Ljava/lang/Runnable;)Ljava/lang/Void;+1
j  com.sun.javafx.application.PlatformImpl$$Lambda$55.run()Ljava/lang/Object;+4
v  ~StubRoutines::call_stub
V  [libjvm.so+0x690dd6]  JavaCalls::call_helper(JavaValue*, methodHandle*, JavaCallArguments*, Thread*)+0x1056
V  [libjvm.so+0x72a09c]  JVM_DoPrivileged+0x27c
j  java.security.AccessController.doPrivileged(Ljava/security/PrivilegedAction;Ljava/security/AccessControlContext;)Ljava/lang/Object;+0
j  com.sun.javafx.application.PlatformImpl.lambda$runLater$174(Ljava/lang/Runnable;Ljava/security/AccessControlContext;)V+7
j  com.sun.javafx.application.PlatformImpl$$Lambda$54.run()V+8
j  com.sun.glass.ui.InvokeLaterDispatcher$Future.run()V+4
v  ~StubRoutines::call_stub
V  [libjvm.so+0x690dd6]  JavaCalls::call_helper(JavaValue*, methodHandle*, JavaCallArguments*, Thread*)+0x1056
V  [libjvm.so+0x6d2ccb]  jni_invoke_nonstatic(JNIEnv_*, JavaValue*, _jobject*, JNICallType, _jmethodID*, JNI_ArgumentPusher*, Thread*)+0x40b
V  [libjvm.so+0x6d709f]  jni_CallVoidMethodV+0x10f
C  [libglass.so+0x13e51]  JNIEnv_::CallVoidMethod(_jobject*, _jmethodID*, ...)+0x81
C  [libglass.so+0x2049b]  call_runnable(void*)+0x2b
C  [libgdk-x11-2.0.so.0+0x1dd97]


---------------  P R O C E S S  ---------------

Java Threads: ( => current thread )
=>0x00007f877c0a2000 JavaThread "JavaFX Application Thread" [_thread_in_Java, id=14451, stack(0x00007f876af82000,0x00007f876b083000)]
  0x00007f877c09e000 JavaThread "Thread-2" daemon [_thread_blocked, id=14450, stack(0x00007f876b083000,0x00007f876b184000)]
  0x00007f877c04c800 JavaThread "QuantumRenderer-0" daemon [_thread_blocked, id=14449, stack(0x00007f87a56e3000,0x00007f87a57e4000)]
  0x00007f87c8218800 JavaThread "JavaFX-Launcher" [_thread_blocked, id=14448, stack(0x00007f87a57e4000,0x00007f87a58e5000)]
  0x00007f87c815c800 JavaThread "Monitor Ctrl-Break" daemon [_thread_in_native, id=14447, stack(0x00007f87a5dfd000,0x00007f87a5efe000)]
  0x00007f87c80e2800 JavaThread "Service Thread" daemon [_thread_blocked, id=14441, stack(0x00007f87b826b000,0x00007f87b836c000)]
  0x00007f87c80bd800 JavaThread "C1 CompilerThread2" daemon [_thread_in_native, id=14438, stack(0x00007f87b836c000,0x00007f87b846d000)]
  0x00007f87c80bb800 JavaThread "C2 CompilerThread1" daemon [_thread_blocked, id=14437, stack(0x00007f87b846d000,0x00007f87b856e000)]
  0x00007f87c80b8800 JavaThread "C2 CompilerThread0" daemon [_thread_blocked, id=14436, stack(0x00007f87b856e000,0x00007f87b866f000)]
  0x00007f87c80b7000 JavaThread "Signal Dispatcher" daemon [_thread_blocked, id=14435, stack(0x00007f87b866f000,0x00007f87b8770000)]
  0x00007f87c8084000 JavaThread "Finalizer" daemon [_thread_blocked, id=14432, stack(0x00007f87b88f9000,0x00007f87b89fa000)]
  0x00007f87c807f800 JavaThread "Reference Handler" daemon [_thread_blocked, id=14431, stack(0x00007f87b89fa000,0x00007f87b8afb000)]
  0x00007f87c800a000 JavaThread "main" [_thread_blocked, id=14419, stack(0x00007f87d11a2000,0x00007f87d12a3000)]

Other Threads:
  0x00007f87c8077800 VMThread [stack: 0x00007f87b8afb000,0x00007f87b8bfc000] [id=14429]
  0x00007f87c80e5800 WatcherThread [stack: 0x00007f87b816a000,0x00007f87b826b000] [id=14444]

VM state:not at safepoint (normal execution)

VM Mutex/Monitor currently owned by a thread: None

Heap:
 PSYoungGen      total 18432K, used 10626K [0x00000000eb580000, 0x00000000eca00000, 0x0000000100000000)
  eden space 15872K, 66% used [0x00000000eb580000,0x00000000ebfe0a30,0x00000000ec500000)
  from space 2560K, 0% used [0x00000000ec780000,0x00000000ec780000,0x00000000eca00000)
  to   space 2560K, 0% used [0x00000000ec500000,0x00000000ec500000,0x00000000ec780000)
 ParOldGen       total 42496K, used 0K [0x00000000c2000000, 0x00000000c4980000, 0x00000000eb580000)
  object space 42496K, 0% used [0x00000000c2000000,0x00000000c2000000,0x00000000c4980000)
 Metaspace       used 7712K, capacity 8056K, committed 8320K, reserved 1056768K
  class space    used 958K, capacity 1068K, committed 1152K, reserved 1048576K

Card table byte_map: [0x00007f87cdd96000,0x00007f87cdf87000] byte_map_base: 0x00007f87cd786000

Marking Bits: (ParMarkBitMap*) 0x00007f87d06a0c80
 Begin Bits: [0x00007f87a6100000, 0x00007f87a7080000)
 End Bits:   [0x00007f87a7080000, 0x00007f87a8000000)

Polling page: 0x00007f87d12cd000

CodeCache: size=245760Kb used=2113Kb max_used=2119Kb free=243646Kb
 bounds [0x00007f87b9000000, 0x00007f87b9270000, 0x00007f87c8000000]
 total_blobs=907 nmethods=494 adapters=329
 compilation: enabled

Compilation events (10 events):
Event: 0.681 Thread 0x00007f87c80bd800 nmethod 485 0x00007f87b920cfd0 code [0x00007f87b920d120, 0x00007f87b920d230]
Event: 0.681 Thread 0x00007f87c80bd800  487       3       main.Mapping.Position::equals (28 bytes)
Event: 0.681 Thread 0x00007f87c80b8800  490       4       java.util.ArrayList::add (29 bytes)
Event: 0.682 Thread 0x00007f87c80bb800 nmethod 471 0x00007f87b92102d0 code [0x00007f87b9210440, 0x00007f87b9210878]
Event: 0.682 Thread 0x00007f87c80bb800  494       4       java.util.HashMap::hash (20 bytes)
Event: 0.684 Thread 0x00007f87c80bb800 nmethod 494 0x00007f87b920d290 code [0x00007f87b920d3e0, 0x00007f87b920d498]
Event: 0.684 Thread 0x00007f87c80bb800  497       4       java.util.ArrayList$Itr::hasNext (20 bytes)
Event: 0.685 Thread 0x00007f87c80bb800 nmethod 497 0x00007f87b9210bd0 code [0x00007f87b9210d20, 0x00007f87b9210db8]
Event: 0.685 Thread 0x00007f87c80bb800  498       4       java.util.HashMap::getNode (148 bytes)
Event: 0.686 Thread 0x00007f87c80b8800 nmethod 490 0x00007f87b920e650 code [0x00007f87b920e7c0, 0x00007f87b920eb08]

GC Heap History (0 events):
No events

Deoptimization events (1 events):
Event: 0.605 Thread 0x00007f877c0a2000 Uncommon trap: reason=unstable_if action=reinterpret pc=0x00007f87b91a0a34 method=java.lang.String.replace(CC)Ljava/lang/String; @ 2

Internal exceptions (9 events):
Event: 0.031 Thread 0x00007f87c800a000 Exception <a 'java/lang/NoSuchMethodError': Method sun.misc.Unsafe.defineClass(Ljava/lang/String;[BII)Ljava/lang/Class; name or signature does not match> (0x00000000eb587ca8) thrown at [/HUDSON3/workspace/8-2-build-linux-amd64/jdk8u121/8372/hotspot/src/sh
Event: 0.031 Thread 0x00007f87c800a000 Exception <a 'java/lang/NoSuchMethodError': Method sun.misc.Unsafe.prefetchRead(Ljava/lang/Object;J)V name or signature does not match> (0x00000000eb587f90) thrown at [/HUDSON3/workspace/8-2-build-linux-amd64/jdk8u121/8372/hotspot/src/share/vm/prims/jni.c
Event: 0.189 Thread 0x00007f87c800a000 Exception <a 'java/lang/NoSuchFieldError': method resolution failed> (0x00000000eb7ad1c0) thrown at [/HUDSON3/workspace/8-2-build-linux-amd64/jdk8u121/8372/hotspot/src/share/vm/prims/methodHandles.cpp, line 1146]
Event: 0.191 Thread 0x00007f87c800a000 Exception <a 'java/lang/NoSuchFieldError': method resolution failed> (0x00000000eb7ba540) thrown at [/HUDSON3/workspace/8-2-build-linux-amd64/jdk8u121/8372/hotspot/src/share/vm/prims/methodHandles.cpp, line 1146]
Event: 0.247 Thread 0x00007f87c8218800 Exception <a 'java/security/PrivilegedActionException'> (0x00000000eb863810) thrown at [/HUDSON3/workspace/8-2-build-linux-amd64/jdk8u121/8372/hotspot/src/share/vm/prims/jvm.cpp, line 1390]
Event: 0.247 Thread 0x00007f87c8218800 Exception <a 'java/security/PrivilegedActionException'> (0x00000000eb863a20) thrown at [/HUDSON3/workspace/8-2-build-linux-amd64/jdk8u121/8372/hotspot/src/share/vm/prims/jvm.cpp, line 1390]
Event: 0.248 Thread 0x00007f87c8218800 Exception <a 'java/security/PrivilegedActionException'> (0x00000000eb865e88) thrown at [/HUDSON3/workspace/8-2-build-linux-amd64/jdk8u121/8372/hotspot/src/share/vm/prims/jvm.cpp, line 1390]
Event: 0.248 Thread 0x00007f87c8218800 Exception <a 'java/security/PrivilegedActionException'> (0x00000000eb866098) thrown at [/HUDSON3/workspace/8-2-build-linux-amd64/jdk8u121/8372/hotspot/src/share/vm/prims/jvm.cpp, line 1390]
Event: 0.248 Thread 0x00007f87c8218800 Exception <a 'java/lang/NullPointerException'> (0x00000000eb866670) thrown at [/HUDSON3/workspace/8-2-build-linux-amd64/jdk8u121/8372/hotspot/src/share/vm/interpreter/linkResolver.cpp, line 1178]

Events (10 events):
Event: 0.673 loading class main/Ant/BasicSensor
Event: 0.673 loading class main/Ant/BasicSensor done
Event: 0.673 loading class main/Graph/Graph
Event: 0.673 loading class main/Graph/Graph done
Event: 0.674 loading class main/Graph/Node
Event: 0.674 loading class main/Graph/Node done
Event: 0.675 loading class main/Graph/Edge
Event: 0.675 loading class main/Graph/Edge done
Event: 0.679 loading class main/Graph/Dijkstra
Event: 0.679 loading class main/Graph/Dijkstra done


Dynamic libraries:
00400000-00401000 r-xp 00000000 08:01 1708709                            /usr/lib/jvm/java-8-oracle/bin/java
00600000-00601000 rw-p 00000000 08:01 1708709                            /usr/lib/jvm/java-8-oracle/bin/java
017be000-017df000 rw-p 00000000 00:00 0                                  [heap]
4123c000-412d8000 rw-p 00000000 00:00 0 
4155a000-4155c000 r-xs 00000000 08:01 1181829                            /tmp/.gly9nZeA (deleted)
c2000000-c4980000 rw-p 00000000 00:00 0 
c4980000-eb580000 ---p 00000000 00:00 0 
eb580000-eca00000 rw-p 00000000 00:00 0 
eca00000-100000000 ---p 00000000 00:00 0 
100000000-100120000 rw-p 00000000 00:00 0 
100120000-140000000 ---p 00000000 00:00 0 
7f875c000000-7f875c322000 rw-p 00000000 00:00 0 
7f875c322000-7f8760000000 ---p 00000000 00:00 0 
7f8764000000-7f8764021000 rw-p 00000000 00:00 0 
7f8764021000-7f8768000000 ---p 00000000 00:00 0 
7f876af82000-7f876af85000 ---p 00000000 00:00 0 
7f876af85000-7f876b083000 rw-p 00000000 00:00 0                          [stack:14451]
7f876b083000-7f876b086000 ---p 00000000 00:00 0 
7f876b086000-7f876b184000 rw-p 00000000 00:00 0                          [stack:14450]
7f876b184000-7f876b1ad000 r-xp 00000000 08:01 1708881                    /usr/lib/jvm/java-8-oracle/jre/lib/amd64/libglass.so
7f876b1ad000-7f876b3ac000 ---p 00029000 08:01 1708881                    /usr/lib/jvm/java-8-oracle/jre/lib/amd64/libglass.so
7f876b3ac000-7f876b3af000 rw-p 00028000 08:01 1708881                    /usr/lib/jvm/java-8-oracle/jre/lib/amd64/libglass.so
7f876b3af000-7f876b3b5000 r-xp 00000000 08:01 7345962                    /usr/lib/x86_64-linux-gnu/libdatrie.so.1.3.1
7f876b3b5000-7f876b5b5000 ---p 00006000 08:01 7345962                    /usr/lib/x86_64-linux-gnu/libdatrie.so.1.3.1
7f876b5b5000-7f876b5b6000 r--p 00006000 08:01 7345962                    /usr/lib/x86_64-linux-gnu/libdatrie.so.1.3.1
7f876b5b6000-7f876b5b7000 rw-p 00007000 08:01 7345962                    /usr/lib/x86_64-linux-gnu/libdatrie.so.1.3.1
7f876b5b7000-7f876b5bc000 r-xp 00000000 08:01 7345770                    /usr/lib/x86_64-linux-gnu/libXdmcp.so.6.0.0
7f876b5bc000-7f876b7bb000 ---p 00005000 08:01 7345770                    /usr/lib/x86_64-linux-gnu/libXdmcp.so.6.0.0
7f876b7bb000-7f876b7bc000 rw-p 00004000 08:01 7345770                    /usr/lib/x86_64-linux-gnu/libXdmcp.so.6.0.0
7f876b7bc000-7f876b7bf000 r-xp 00000000 08:01 7345759                    /usr/lib/x86_64-linux-gnu/libXau.so.6.0.0
7f876b7bf000-7f876b9be000 ---p 00003000 08:01 7345759                    /usr/lib/x86_64-linux-gnu/libXau.so.6.0.0
7f876b9be000-7f876b9bf000 r--p 00002000 08:01 7345759                    /usr/lib/x86_64-linux-gnu/libXau.so.6.0.0
7f876b9bf000-7f876b9c0000 rw-p 00003000 08:01 7345759                    /usr/lib/x86_64-linux-gnu/libXau.so.6.0.0
7f876b9c0000-7f876b9e4000 r-xp 00000000 08:01 7345896                    /usr/lib/x86_64-linux-gnu/libgraphite2.so.3.0.1
7f876b9e4000-7f876bbe3000 ---p 00024000 08:01 7345896                    /usr/lib/x86_64-linux-gnu/libgraphite2.so.3.0.1
7f876bbe3000-7f876bbe5000 r--p 00023000 08:01 7345896                    /usr/lib/x86_64-linux-gnu/libgraphite2.so.3.0.1
7f876bbe5000-7f876bbe6000 rw-p 00025000 08:01 7345896                    /usr/lib/x86_64-linux-gnu/libgraphite2.so.3.0.1
7f876bbe6000-7f876d5a8000 r-xp 00000000 08:01 7216242                    /usr/lib/libnvidia-glcore.so.340.96
7f876d5a8000-7f876d5c6000 rwxp 019c2000 08:01 7216242                    /usr/lib/libnvidia-glcore.so.340.96
7f876d5c6000-7f876da44000 r-xp 019e0000 08:01 7216242                    /usr/lib/libnvidia-glcore.so.340.96
7f876da44000-7f876dc43000 ---p 01e5e000 08:01 7216242                    /usr/lib/libnvidia-glcore.so.340.96
7f876dc43000-7f876e7dd000 rw-p 01e5d000 08:01 7216242                    /usr/lib/libnvidia-glcore.so.340.96
7f876e7dd000-7f876e7fa000 rw-p 00000000 00:00 0 
7f876e7fa000-7f876e7fd000 r-xp 00000000 08:01 7216246                    /usr/lib/tls/libnvidia-tls.so.340.96
7f876e7fd000-7f876e9fc000 ---p 00003000 08:01 7216246                    /usr/lib/tls/libnvidia-tls.so.340.96
7f876e9fc000-7f876e9fd000 rw-p 00002000 08:01 7216246                    /usr/lib/tls/libnvidia-tls.so.340.96
7f876e9fd000-7f876ea69000 r-xp 00000000 08:01 2491427                    /lib/x86_64-linux-gnu/libpcre.so.3.13.1
7f876ea69000-7f876ec69000 ---p 0006c000 08:01 2491427                    /lib/x86_64-linux-gnu/libpcre.so.3.13.1
7f876ec69000-7f876ec6a000 r--p 0006c000 08:01 2491427                    /lib/x86_64-linux-gnu/libpcre.so.3.13.1
7f876ec6a000-7f876ec6b000 rw-p 0006d000 08:01 2491427                    /lib/x86_64-linux-gnu/libpcre.so.3.13.1
7f876ec6b000-7f876ec72000 r-xp 00000000 08:01 7346053                    /usr/lib/x86_64-linux-gnu/libffi.so.6.0.2
7f876ec72000-7f876ee71000 ---p 00007000 08:01 7346053                    /usr/lib/x86_64-linux-gnu/libffi.so.6.0.2
7f876ee71000-7f876ee72000 r--p 00006000 08:01 7346053                    /usr/lib/x86_64-linux-gnu/libffi.so.6.0.2
7f876ee72000-7f876ee73000 rw-p 00007000 08:01 7346053                    /usr/lib/x86_64-linux-gnu/libffi.so.6.0.2
7f876ee73000-7f876ee99000 r-xp 00000000 08:01 2490808                    /lib/x86_64-linux-gnu/libexpat.so.1.6.0
7f876ee99000-7f876f098000 ---p 00026000 08:01 2490808                    /lib/x86_64-linux-gnu/libexpat.so.1.6.0
7f876f098000-7f876f09b000 r--p 00025000 08:01 2490808                    /lib/x86_64-linux-gnu/libexpat.so.1.6.0
7f876f09b000-7f876f09c000 rw-p 00028000 08:01 2490808                    /lib/x86_64-linux-gnu/libexpat.so.1.6.0
7f876f09c000-7f876f0a4000 r-xp 00000000 08:01 7346744                    /usr/lib/x86_64-linux-gnu/libthai.so.0.2.0
7f876f0a4000-7f876f2a3000 ---p 00008000 08:01 7346744                    /usr/lib/x86_64-linux-gnu/libthai.so.0.2.0
7f876f2a3000-7f876f2a4000 r--p 00007000 08:01 7346744                    /usr/lib/x86_64-linux-gnu/libthai.so.0.2.0
7f876f2a4000-7f876f2a5000 rw-p 00008000 08:01 7346744                    /usr/lib/x86_64-linux-gnu/libthai.so.0.2.0
7f876f2a5000-7f876f2c6000 r-xp 00000000 08:01 7346920                    /usr/lib/x86_64-linux-gnu/libxcb.so.1.1.0
7f876f2c6000-7f876f4c5000 ---p 00021000 08:01 7346920                    /usr/lib/x86_64-linux-gnu/libxcb.so.1.1.0
7f876f4c5000-7f876f4c6000 r--p 00020000 08:01 7346920                    /usr/lib/x86_64-linux-gnu/libxcb.so.1.1.0
7f876f4c6000-7f876f4c7000 rw-p 00021000 08:01 7346920                    /usr/lib/x86_64-linux-gnu/libxcb.so.1.1.0
7f876f4c7000-7f876f4d0000 r-xp 00000000 08:01 7346904                    /usr/lib/x86_64-linux-gnu/libxcb-render.so.0.0.0
7f876f4d0000-7f876f6cf000 ---p 00009000 08:01 7346904                    /usr/lib/x86_64-linux-gnu/libxcb-render.so.0.0.0
7f876f6cf000-7f876f6d0000 r--p 00008000 08:01 7346904                    /usr/lib/x86_64-linux-gnu/libxcb-render.so.0.0.0
7f876f6d0000-7f876f6d1000 rw-p 00009000 08:01 7346904                    /usr/lib/x86_64-linux-gnu/libxcb-render.so.0.0.0
7f876f6d1000-7f876f6d3000 r-xp 00000000 08:01 7346908                    /usr/lib/x86_64-linux-gnu/libxcb-shm.so.0.0.0
7f876f6d3000-7f876f8d3000 ---p 00002000 08:01 7346908                    /usr/lib/x86_64-linux-gnu/libxcb-shm.so.0.0.0
7f876f8d3000-7f876f8d4000 r--p 00002000 08:01 7346908                    /usr/lib/x86_64-linux-gnu/libxcb-shm.so.0.0.0
7f876f8d4000-7f876f8d5000 rw-p 00003000 08:01 7346908                    /usr/lib/x86_64-linux-gnu/libxcb-shm.so.0.0.0
7f876f8d5000-7f876f97a000 r-xp 00000000 08:01 7346543                    /usr/lib/x86_64-linux-gnu/libpixman-1.so.0.32.6
7f876f97a000-7f876fb79000 ---p 000a5000 08:01 7346543                    /usr/lib/x86_64-linux-gnu/libpixman-1.so.0.32.6
7f876fb79000-7f876fb81000 r--p 000a4000 08:01 7346543                    /usr/lib/x86_64-linux-gnu/libpixman-1.so.0.32.6
7f876fb81000-7f876fb82000 rw-p 000ac000 08:01 7346543                    /usr/lib/x86_64-linux-gnu/libpixman-1.so.0.32.6
7f876fb82000-7f876fba8000 r-xp 00000000 08:01 2492063                    /lib/x86_64-linux-gnu/libpng12.so.0.50.0
7f876fba8000-7f876fda7000 ---p 00026000 08:01 2492063                    /lib/x86_64-linux-gnu/libpng12.so.0.50.0
7f876fda7000-7f876fda8000 r--p 00025000 08:01 2492063                    /lib/x86_64-linux-gnu/libpng12.so.0.50.0
7f876fda8000-7f876fda9000 rw-p 00026000 08:01 2492063                    /lib/x86_64-linux-gnu/libpng12.so.0.50.0
7f876fda9000-7f876fdfe000 r-xp 00000000 08:01 7346275                    /usr/lib/x86_64-linux-gnu/libharfbuzz.so.0.935.0
7f876fdfe000-7f876fffd000 ---p 00055000 08:01 7346275                    /usr/lib/x86_64-linux-gnu/libharfbuzz.so.0.935.0
7f876fffd000-7f876ffff000 r--p 00054000 08:01 7346275                    /usr/lib/x86_64-linux-gnu/libharfbuzz.so.0.935.0
7f876ffff000-7f8770000000 rw-p 00056000 08:01 7346275                    /usr/lib/x86_64-linux-gnu/libharfbuzz.so.0.935.0
7f8770000000-7f8770660000 rw-p 00000000 00:00 0 
7f8770660000-7f8774000000 ---p 00000000 00:00 0 
7f87740d9000-7f87741d9000 rw-s 1393dd000 00:05 13711                     /dev/nvidiactl
7f87741d9000-7f87741ed000 r-xp 00000000 08:01 2491464                    /lib/x86_64-linux-gnu/libresolv-2.19.so
7f87741ed000-7f87743ec000 ---p 00014000 08:01 2491464                    /lib/x86_64-linux-gnu/libresolv-2.19.so
7f87743ec000-7f87743ed000 r--p 00013000 08:01 2491464                    /lib/x86_64-linux-gnu/libresolv-2.19.so
7f87743ed000-7f87743ee000 rw-p 00014000 08:01 2491464                    /lib/x86_64-linux-gnu/libresolv-2.19.so
7f87743ee000-7f87743f0000 rw-p 00000000 00:00 0 
7f87743f0000-7f8774411000 r-xp 00000000 08:01 2492076                    /lib/x86_64-linux-gnu/libselinux.so.1
7f8774411000-7f8774611000 ---p 00021000 08:01 2492076                    /lib/x86_64-linux-gnu/libselinux.so.1
7f8774611000-7f8774612000 r--p 00021000 08:01 2492076                    /lib/x86_64-linux-gnu/libselinux.so.1
7f8774612000-7f8774613000 rw-p 00022000 08:01 2492076                    /lib/x86_64-linux-gnu/libselinux.so.1
7f8774613000-7f8774615000 rw-p 00000000 00:00 0 
7f8774615000-7f877462f000 r-xp 00000000 08:01 2492107                    /lib/x86_64-linux-gnu/libz.so.1.2.8
7f877462f000-7f877482e000 ---p 0001a000 08:01 2492107                    /lib/x86_64-linux-gnu/libz.so.1.2.8
7f877482e000-7f877482f000 r--p 00019000 08:01 2492107                    /lib/x86_64-linux-gnu/libz.so.1.2.8
7f877482f000-7f8774830000 rw-p 0001a000 08:01 2492107                    /lib/x86_64-linux-gnu/libz.so.1.2.8
7f8774830000-7f8774841000 r-xp 00000000 08:01 7345772                    /usr/lib/x86_64-linux-gnu/libXext.so.6.4.0
7f8774841000-7f8774a40000 ---p 00011000 08:01 7345772                    /usr/lib/x86_64-linux-gnu/libXext.so.6.4.0
7f8774a40000-7f8774a41000 r--p 00010000 08:01 7345772                    /usr/lib/x86_64-linux-gnu/libXext.so.6.4.0
7f8774a41000-7f8774a42000 rw-p 00011000 08:01 7345772                    /usr/lib/x86_64-linux-gnu/libXext.so.6.4.0
7f8774a42000-7f8774a4c000 r-xp 00000000 08:01 7345766                    /usr/lib/x86_64-linux-gnu/libXcursor.so.1.0.2
7f8774a4c000-7f8774c4b000 ---p 0000a000 08:01 7345766                    /usr/lib/x86_64-linux-gnu/libXcursor.so.1.0.2
7f8774c4b000-7f8774c4c000 r--p 00009000 08:01 7345766                    /usr/lib/x86_64-linux-gnu/libXcursor.so.1.0.2
7f8774c4c000-7f8774c4d000 rw-p 0000a000 08:01 7345766                    /usr/lib/x86_64-linux-gnu/libXcursor.so.1.0.2
7f8774c4d000-7f8774c56000 r-xp 00000000 08:01 7345790                    /usr/lib/x86_64-linux-gnu/libXrandr.so.2.2.0
7f8774c56000-7f8774e55000 ---p 00009000 08:01 7345790                    /usr/lib/x86_64-linux-gnu/libXrandr.so.2.2.0
7f8774e55000-7f8774e56000 r--p 00008000 08:01 7345790                    /usr/lib/x86_64-linux-gnu/libXrandr.so.2.2.0
7f8774e56000-7f8774e57000 rw-p 00009000 08:01 7345790                    /usr/lib/x86_64-linux-gnu/libXrandr.so.2.2.0
7f8774e57000-7f8774e66000 r-xp 00000000 08:01 7345780                    /usr/lib/x86_64-linux-gnu/libXi.so.6.1.0
7f8774e66000-7f8775065000 ---p 0000f000 08:01 7345780                    /usr/lib/x86_64-linux-gnu/libXi.so.6.1.0
7f8775065000-7f8775066000 r--p 0000e000 08:01 7345780                    /usr/lib/x86_64-linux-gnu/libXi.so.6.1.0
7f8775066000-7f8775067000 rw-p 0000f000 08:01 7345780                    /usr/lib/x86_64-linux-gnu/libXi.so.6.1.0
7f8775067000-7f8775069000 r-xp 00000000 08:01 7345782                    /usr/lib/x86_64-linux-gnu/libXinerama.so.1.0.0
7f8775069000-7f8775268000 ---p 00002000 08:01 7345782                    /usr/lib/x86_64-linux-gnu/libXinerama.so.1.0.0
7f8775268000-7f8775269000 r--p 00001000 08:01 7345782                    /usr/lib/x86_64-linux-gnu/libXinerama.so.1.0.0
7f8775269000-7f877526a000 rw-p 00002000 08:01 7345782                    /usr/lib/x86_64-linux-gnu/libXinerama.so.1.0.0
7f877526a000-7f8775273000 r-xp 00000000 08:01 7345792                    /usr/lib/x86_64-linux-gnu/libXrender.so.1.3.0
7f8775273000-7f8775472000 ---p 00009000 08:01 7345792                    /usr/lib/x86_64-linux-gnu/libXrender.so.1.3.0
7f8775472000-7f8775473000 r--p 00008000 08:01 7345792                    /usr/lib/x86_64-linux-gnu/libXrender.so.1.3.0
7f8775473000-7f8775474000 rw-p 00009000 08:01 7345792                    /usr/lib/x86_64-linux-gnu/libXrender.so.1.3.0
7f8775474000-7f8775479000 r-xp 00000000 08:01 7345774                    /usr/lib/x86_64-linux-gnu/libXfixes.so.3.1.0
7f8775479000-7f8775678000 ---p 00005000 08:01 7345774                    /usr/lib/x86_64-linux-gnu/libXfixes.so.3.1.0
7f8775678000-7f8775679000 r--p 00004000 08:01 7345774                    /usr/lib/x86_64-linux-gnu/libXfixes.so.3.1.0
7f8775679000-7f877567a000 rw-p 00005000 08:01 7345774                    /usr/lib/x86_64-linux-gnu/libXfixes.so.3.1.0
7f877567a000-7f877567c000 r-xp 00000000 08:01 7345768                    /usr/lib/x86_64-linux-gnu/libXdamage.so.1.1.0
7f877567c000-7f877587b000 ---p 00002000 08:01 7345768                    /usr/lib/x86_64-linux-gnu/libXdamage.so.1.1.0
7f877587b000-7f877587c000 r--p 00001000 08:01 7345768                    /usr/lib/x86_64-linux-gnu/libXdamage.so.1.1.0
7f877587c000-7f877587d000 rw-p 00002000 08:01 7345768                    /usr/lib/x86_64-linux-gnu/libXdamage.so.1.1.0
7f877587d000-7f877587f000 r-xp 00000000 08:01 7345764                    /usr/lib/x86_64-linux-gnu/libXcomposite.so.1.0.0
7f877587f000-7f8775a7e000 ---p 00002000 08:01 7345764                    /usr/lib/x86_64-linux-gnu/libXcomposite.so.1.0.0
7f8775a7e000-7f8775a7f000 r--p 00001000 08:01 7345764                    /usr/lib/x86_64-linux-gnu/libXcomposite.so.1.0.0
7f8775a7f000-7f8775a80000 rw-p 00002000 08:01 7345764                    /usr/lib/x86_64-linux-gnu/libXcomposite.so.1.0.0
7f8775a80000-7f8775a96000 r-xp 00000000 08:01 2491972                    /lib/x86_64-linux-gnu/libgcc_s.so.1
7f8775a96000-7f8775c95000 ---p 00016000 08:01 2491972                    /lib/x86_64-linux-gnu/libgcc_s.so.1
7f8775c95000-7f8775c96000 rw-p 00015000 08:01 2491972                    /lib/x86_64-linux-gnu/libgcc_s.so.1
7f8775c96000-7f8775d82000 r-xp 00000000 08:01 7346722                    /usr/lib/x86_64-linux-gnu/libstdc++.so.6.0.20
7f8775d82000-7f8775f82000 ---p 000ec000 08:01 7346722                    /usr/lib/x86_64-linux-gnu/libstdc++.so.6.0.20
7f8775f82000-7f8775f8a000 r--p 000ec000 08:01 7346722                    /usr/lib/x86_64-linux-gnu/libstdc++.so.6.0.20
7f8775f8a000-7f8775f8c000 rw-p 000f4000 08:01 7346722                    /usr/lib/x86_64-linux-gnu/libstdc++.so.6.0.20
7f8775f8c000-7f8775fa1000 rw-p 00000000 00:00 0 
7f8775fa1000-7f8776068000 r-xp 00000000 08:01 7216243                    /usr/lib/libGL.so.340.96
7f8776068000-7f8776097000 rwxp 000c7000 08:01 7216243                    /usr/lib/libGL.so.340.96
7f8776097000-7f87760b3000 r-xp 000f6000 08:01 7216243                    /usr/lib/libGL.so.340.96
7f87760b3000-7f87762b2000 ---p 00112000 08:01 7216243                    /usr/lib/libGL.so.340.96
7f87762b2000-7f87762d7000 rw-p 00111000 08:01 7216243                    /usr/lib/libGL.so.340.96
7f87762d7000-7f87762ed000 rw-p 00000000 00:00 0 
7f87762ed000-7f87762f2000 r-xp 00000000 08:01 7345808                    /usr/lib/x86_64-linux-gnu/libXxf86vm.so.1.0.0
7f87762f2000-7f87764f1000 ---p 00005000 08:01 7345808                    /usr/lib/x86_64-linux-gnu/libXxf86vm.so.1.0.0
7f87764f1000-7f87764f2000 r--p 00004000 08:01 7345808                    /usr/lib/x86_64-linux-gnu/libXxf86vm.so.1.0.0
7f87764f2000-7f87764f3000 rw-p 00005000 08:01 7345808                    /usr/lib/x86_64-linux-gnu/libXxf86vm.so.1.0.0
7f87764f3000-7f877662f000 r-xp 00000000 08:01 7345757                    /usr/lib/x86_64-linux-gnu/libX11.so.6.3.0
7f877662f000-7f877682e000 ---p 0013c000 08:01 7345757                    /usr/lib/x86_64-linux-gnu/libX11.so.6.3.0
7f877682e000-7f8776830000 r--p 0013b000 08:01 7345757                    /usr/lib/x86_64-linux-gnu/libX11.so.6.3.0
7f8776830000-7f8776835000 rw-p 0013d000 08:01 7345757                    /usr/lib/x86_64-linux-gnu/libX11.so.6.3.0
7f8776835000-7f8776836000 rw-p 00000000 00:00 0 
7f8776836000-7f877683b000 r-xp 00000000 08:01 7345798                    /usr/lib/x86_64-linux-gnu/libXtst.so.6.1.0
7f877683b000-7f8776a3a000 ---p 00005000 08:01 7345798                    /usr/lib/x86_64-linux-gnu/libXtst.so.6.1.0
7f8776a3a000-7f8776a3b000 r--p 00004000 08:01 7345798                    /usr/lib/x86_64-linux-gnu/libXtst.so.6.1.0
7f8776a3b000-7f8776a3c000 rw-p 00005000 08:01 7345798                    /usr/lib/x86_64-linux-gnu/libXtst.so.6.1.0
7f8776a3c000-7f8776b48000 r-xp 00000000 08:01 2491429                    /lib/x86_64-linux-gnu/libglib-2.0.so.0.4200.1
7f8776b48000-7f8776d48000 ---p 0010c000 08:01 2491429                    /lib/x86_64-linux-gnu/libglib-2.0.so.0.4200.1
7f8776d48000-7f8776d49000 r--p 0010c000 08:01 2491429                    /lib/x86_64-linux-gnu/libglib-2.0.so.0.4200.1
7f8776d49000-7f8776d4a000 rw-p 0010d000 08:01 2491429                    /lib/x86_64-linux-gnu/libglib-2.0.so.0.4200.1
7f8776d4a000-7f8776d4b000 rw-p 00000000 00:00 0 
7f8776d4b000-7f8776d4c000 r-xp 00000000 08:01 7347508                    /usr/lib/x86_64-linux-gnu/libgthread-2.0.so.0.4200.1
7f8776d4c000-7f8776f4b000 ---p 00001000 08:01 7347508                    /usr/lib/x86_64-linux-gnu/libgthread-2.0.so.0.4200.1
7f8776f4b000-7f8776f4c000 r--p 00000000 08:01 7347508                    /usr/lib/x86_64-linux-gnu/libgthread-2.0.so.0.4200.1
7f8776f4c000-7f8776f4d000 rw-p 00001000 08:01 7347508                    /usr/lib/x86_64-linux-gnu/libgthread-2.0.so.0.4200.1
7f8776f4d000-7f8776f50000 r-xp 00000000 08:01 7347500                    /usr/lib/x86_64-linux-gnu/libgmodule-2.0.so.0.4200.1
7f8776f50000-7f877714f000 ---p 00003000 08:01 7347500                    /usr/lib/x86_64-linux-gnu/libgmodule-2.0.so.0.4200.1
7f877714f000-7f8777150000 r--p 00002000 08:01 7347500                    /usr/lib/x86_64-linux-gnu/libgmodule-2.0.so.0.4200.1
7f8777150000-7f8777151000 rw-p 00003000 08:01 7347500                    /usr/lib/x86_64-linux-gnu/libgmodule-2.0.so.0.4200.1
7f8777151000-7f87771a2000 r-xp 00000000 08:01 7347494                    /usr/lib/x86_64-linux-gnu/libgobject-2.0.so.0.4200.1
7f87771a2000-7f87773a2000 ---p 00051000 08:01 7347494                    /usr/lib/x86_64-linux-gnu/libgobject-2.0.so.0.4200.1
7f87773a2000-7f87773a3000 r--p 00051000 08:01 7347494                    /usr/lib/x86_64-linux-gnu/libgobject-2.0.so.0.4200.1
7f87773a3000-7f87773a4000 rw-p 00052000 08:01 7347494                    /usr/lib/x86_64-linux-gnu/libgobject-2.0.so.0.4200.1
7f87773a4000-7f87773df000 r-xp 00000000 08:01 7347493                    /usr/lib/x86_64-linux-gnu/libfontconfig.so.1.8.0
7f87773df000-7f87775de000 ---p 0003b000 08:01 7347493                    /usr/lib/x86_64-linux-gnu/libfontconfig.so.1.8.0
7f87775de000-7f87775e0000 r--p 0003a000 08:01 7347493                    /usr/lib/x86_64-linux-gnu/libfontconfig.so.1.8.0
7f87775e0000-7f87775e1000 rw-p 0003c000 08:01 7347493                    /usr/lib/x86_64-linux-gnu/libfontconfig.so.1.8.0
7f87775e1000-7f8777685000 r-xp 00000000 08:01 7346117                    /usr/lib/x86_64-linux-gnu/libfreetype.so.6.11.1
7f8777685000-7f8777884000 ---p 000a4000 08:01 7346117                    /usr/lib/x86_64-linux-gnu/libfreetype.so.6.11.1
7f8777884000-7f877788a000 r--p 000a3000 08:01 7346117                    /usr/lib/x86_64-linux-gnu/libfreetype.so.6.11.1
7f877788a000-7f877788b000 rw-p 000a9000 08:01 7346117                    /usr/lib/x86_64-linux-gnu/libfreetype.so.6.11.1
7f877788b000-7f87778d6000 r-xp 00000000 08:01 7346516                    /usr/lib/x86_64-linux-gnu/libpango-1.0.so.0.3600.8
7f87778d6000-7f8777ad6000 ---p 0004b000 08:01 7346516                    /usr/lib/x86_64-linux-gnu/libpango-1.0.so.0.3600.8
7f8777ad6000-7f8777ad8000 r--p 0004b000 08:01 7346516                    /usr/lib/x86_64-linux-gnu/libpango-1.0.so.0.3600.8
7f8777ad8000-7f8777ad9000 rw-p 0004d000 08:01 7346516                    /usr/lib/x86_64-linux-gnu/libpango-1.0.so.0.3600.8
7f8777ad9000-7f8777bee000 r-xp 00000000 08:01 7344323                    /usr/lib/x86_64-linux-gnu/libcairo.so.2.11400.0
7f8777bee000-7f8777ded000 ---p 00115000 08:01 7344323                    /usr/lib/x86_64-linux-gnu/libcairo.so.2.11400.0
7f8777ded000-7f8777df0000 r--p 00114000 08:01 7344323                    /usr/lib/x86_64-linux-gnu/libcairo.so.2.11400.0
7f8777df0000-7f8777df1000 rw-p 00117000 08:01 7344323                    /usr/lib/x86_64-linux-gnu/libcairo.so.2.11400.0
7f8777df1000-7f8777df3000 rw-p 00000000 00:00 0 
7f8777df3000-7f8777dff000 r-xp 00000000 08:01 7346518                    /usr/lib/x86_64-linux-gnu/libpangocairo-1.0.so.0.3600.8
7f8777dff000-7f8777ffe000 ---p 0000c000 08:01 7346518                    /usr/lib/x86_64-linux-gnu/libpangocairo-1.0.so.0.3600.8
7f8777ffe000-7f8777fff000 r--p 0000b000 08:01 7346518                    /usr/lib/x86_64-linux-gnu/libpangocairo-1.0.so.0.3600.8
7f8777fff000-7f8778000000 rw-p 0000c000 08:01 7346518                    /usr/lib/x86_64-linux-gnu/libpangocairo-1.0.so.0.3600.8
7f8778000000-7f8778021000 rw-p 00000000 00:00 0 
7f8778021000-7f877c000000 ---p 00000000 00:00 0 
7f877c000000-7f877c28c000 rw-p 00000000 00:00 0 
7f877c28c000-7f8780000000 ---p 00000000 00:00 0 
7f8780000000-7f8780021000 rw-p 00000000 00:00 0 
7f8780021000-7f8784000000 ---p 00000000 00:00 0 
7f8784000000-7f8784021000 rw-p 00000000 00:00 0 
7f8784021000-7f8788000000 ---p 00000000 00:00 0 
7f8788000000-7f8788033000 rw-p 00000000 00:00 0 
7f8788033000-7f878c000000 ---p 00000000 00:00 0 
7f878c000000-7f878c183000 rw-p 00000000 00:00 0 
7f878c183000-7f8790000000 ---p 00000000 00:00 0 
7f8790000000-7f8790021000 rw-p 00000000 00:00 0 
7f8790021000-7f8794000000 ---p 00000000 00:00 0 
7f8794000000-7f8794194000 rw-p 00000000 00:00 0 
7f8794194000-7f8798000000 ---p 00000000 00:00 0 
7f8798000000-7f8798021000 rw-p 00000000 00:00 0 
7f8798021000-7f879c000000 ---p 00000000 00:00 0 
7f879c000000-7f879c021000 rw-p 00000000 00:00 0 
7f879c021000-7f87a0000000 ---p 00000000 00:00 0 
7f87a0000000-7f87a0021000 rw-p 00000000 00:00 0 
7f87a0021000-7f87a4000000 ---p 00000000 00:00 0 
7f87a4006000-7f87a4046000 rw-s c009e000 00:05 8913                       /dev/nvidia1
7f87a4046000-7f87a40c6000 rw-s 138b45000 00:05 13711                     /dev/nvidiactl
7f87a40c6000-7f87a4146000 rw-s 9eeaf000 00:05 13711                      /dev/nvidiactl
7f87a4146000-7f87a41fa000 rw-s 962a9000 00:05 13711                      /dev/nvidiactl
7f87a41fa000-7f87a421b000 r-xp 00000000 08:01 7347770                    /usr/lib/x86_64-linux-gnu/libgdk_pixbuf-2.0.so.0.3100.1
7f87a421b000-7f87a441a000 ---p 00021000 08:01 7347770                    /usr/lib/x86_64-linux-gnu/libgdk_pixbuf-2.0.so.0.3100.1
7f87a441a000-7f87a441b000 r--p 00020000 08:01 7347770                    /usr/lib/x86_64-linux-gnu/libgdk_pixbuf-2.0.so.0.3100.1
7f87a441b000-7f87a441c000 rw-p 00021000 08:01 7347770                    /usr/lib/x86_64-linux-gnu/libgdk_pixbuf-2.0.so.0.3100.1
7f87a441c000-7f87a4430000 r-xp 00000000 08:01 7346520                    /usr/lib/x86_64-linux-gnu/libpangoft2-1.0.so.0.3600.8
7f87a4430000-7f87a4630000 ---p 00014000 08:01 7346520                    /usr/lib/x86_64-linux-gnu/libpangoft2-1.0.so.0.3600.8
7f87a4630000-7f87a4631000 r--p 00014000 08:01 7346520                    /usr/lib/x86_64-linux-gnu/libpangoft2-1.0.so.0.3600.8
7f87a4631000-7f87a4632000 rw-p 00015000 08:01 7346520                    /usr/lib/x86_64-linux-gnu/libpangoft2-1.0.so.0.3600.8
7f87a4632000-7f87a47a4000 r-xp 00000000 08:01 7347516                    /usr/lib/x86_64-linux-gnu/libgio-2.0.so.0.4200.1
7f87a47a4000-7f87a49a4000 ---p 00172000 08:01 7347516                    /usr/lib/x86_64-linux-gnu/libgio-2.0.so.0.4200.1
7f87a49a4000-7f87a49a8000 r--p 00172000 08:01 7347516                    /usr/lib/x86_64-linux-gnu/libgio-2.0.so.0.4200.1
7f87a49a8000-7f87a49aa000 rw-p 00176000 08:01 7347516                    /usr/lib/x86_64-linux-gnu/libgio-2.0.so.0.4200.1
7f87a49aa000-7f87a49ac000 rw-p 00000000 00:00 0 
7f87a49ac000-7f87a49cf000 r-xp 00000000 08:01 7345848                    /usr/lib/x86_64-linux-gnu/libatk-1.0.so.0.21409.1
7f87a49cf000-7f87a4bce000 ---p 00023000 08:01 7345848                    /usr/lib/x86_64-linux-gnu/libatk-1.0.so.0.21409.1
7f87a4bce000-7f87a4bd2000 r--p 00022000 08:01 7345848                    /usr/lib/x86_64-linux-gnu/libatk-1.0.so.0.21409.1
7f87a4bd2000-7f87a4bd3000 rw-p 00026000 08:01 7345848                    /usr/lib/x86_64-linux-gnu/libatk-1.0.so.0.21409.1
7f87a4bd3000-7f87a4c83000 r-xp 00000000 08:01 7346185                    /usr/lib/x86_64-linux-gnu/libgdk-x11-2.0.so.0.2400.25
7f87a4c83000-7f87a4e83000 ---p 000b0000 08:01 7346185                    /usr/lib/x86_64-linux-gnu/libgdk-x11-2.0.so.0.2400.25
7f87a4e83000-7f87a4e87000 r--p 000b0000 08:01 7346185                    /usr/lib/x86_64-linux-gnu/libgdk-x11-2.0.so.0.2400.25
7f87a4e87000-7f87a4e89000 rw-p 000b4000 08:01 7346185                    /usr/lib/x86_64-linux-gnu/libgdk-x11-2.0.so.0.2400.25
7f87a4e89000-7f87a52c9000 r-xp 00000000 08:01 7346258                    /usr/lib/x86_64-linux-gnu/libgtk-x11-2.0.so.0.2400.25
7f87a52c9000-7f87a54c9000 ---p 00440000 08:01 7346258                    /usr/lib/x86_64-linux-gnu/libgtk-x11-2.0.so.0.2400.25
7f87a54c9000-7f87a54d0000 r--p 00440000 08:01 7346258                    /usr/lib/x86_64-linux-gnu/libgtk-x11-2.0.so.0.2400.25
7f87a54d0000-7f87a54d4000 rw-p 00447000 08:01 7346258                    /usr/lib/x86_64-linux-gnu/libgtk-x11-2.0.so.0.2400.25
7f87a54d4000-7f87a54d7000 rw-p 00000000 00:00 0 
7f87a54d7000-7f87a54e3000 r-xp 00000000 08:01 1708848                    /usr/lib/jvm/java-8-oracle/jre/lib/amd64/libprism_es2.so
7f87a54e3000-7f87a56e2000 ---p 0000c000 08:01 1708848                    /usr/lib/jvm/java-8-oracle/jre/lib/amd64/libprism_es2.so
7f87a56e2000-7f87a56e3000 rw-p 0000b000 08:01 1708848                    /usr/lib/jvm/java-8-oracle/jre/lib/amd64/libprism_es2.so
7f87a56e3000-7f87a56e6000 ---p 00000000 00:00 0 
7f87a56e6000-7f87a57e4000 rw-p 00000000 00:00 0                          [stack:14449]
7f87a57e4000-7f87a57e7000 ---p 00000000 00:00 0 
7f87a57e7000-7f87a5be6000 rw-p 00000000 00:00 0                          [stack:14448]
7f87a5be6000-7f87a5bfc000 r-xp 00000000 08:01 1708836                    /usr/lib/jvm/java-8-oracle/jre/lib/amd64/libnet.so
7f87a5bfc000-7f87a5dfc000 ---p 00016000 08:01 1708836                    /usr/lib/jvm/java-8-oracle/jre/lib/amd64/libnet.so
7f87a5dfc000-7f87a5dfd000 rw-p 00016000 08:01 1708836                    /usr/lib/jvm/java-8-oracle/jre/lib/amd64/libnet.so
7f87a5dfd000-7f87a5e00000 ---p 00000000 00:00 0 
7f87a5e00000-7f87a5efe000 rw-p 00000000 00:00 0                          [stack:14447]
7f87a5efe000-7f87a5eff000 r-xp 00000000 08:01 3151368                    /home/kristoffer/idea-IU-163.11103.6/bin/libbreakgen64.so
7f87a5eff000-7f87a60fe000 ---p 00001000 08:01 3151368                    /home/kristoffer/idea-IU-163.11103.6/bin/libbreakgen64.so
7f87a60fe000-7f87a60ff000 r--p 00000000 08:01 3151368                    /home/kristoffer/idea-IU-163.11103.6/bin/libbreakgen64.so
7f87a60ff000-7f87a6100000 rw-p 00001000 08:01 3151368                    /home/kristoffer/idea-IU-163.11103.6/bin/libbreakgen64.so
7f87a6100000-7f87a8000000 rw-p 00000000 00:00 0 
7f87a8000000-7f87a8021000 rw-p 00000000 00:00 0 
7f87a8021000-7f87ac000000 ---p 00000000 00:00 0 
7f87ac000000-7f87ac021000 rw-p 00000000 00:00 0 
7f87ac021000-7f87b0000000 ---p 00000000 00:00 0 
7f87b0000000-7f87b0021000 rw-p 00000000 00:00 0 
7f87b0021000-7f87b4000000 ---p 00000000 00:00 0 
7f87b4000000-7f87b4021000 rw-p 00000000 00:00 0 
7f87b4021000-7f87b8000000 ---p 00000000 00:00 0 
7f87b8036000-7f87b803b000 rw-p 00000000 00:00 0 
7f87b803b000-7f87b805b000 rw-s 9ef42000 00:05 13711                      /dev/nvidiactl
7f87b805b000-7f87b80f0000 r--s 01109000 08:01 1708906                    /usr/lib/jvm/java-8-oracle/jre/lib/ext/jfxrt.jar
7f87b80f0000-7f87b816a000 r--s 010f6000 08:01 7355178                    /usr/lib/jvm/java-8-oracle/lib/tools.jar
7f87b816a000-7f87b816b000 ---p 00000000 00:00 0 
7f87b816b000-7f87b826b000 rw-p 00000000 00:00 0                          [stack:14444]
7f87b826b000-7f87b826e000 ---p 00000000 00:00 0 
7f87b826e000-7f87b836c000 rw-p 00000000 00:00 0                          [stack:14441]
7f87b836c000-7f87b836f000 ---p 00000000 00:00 0 
7f87b836f000-7f87b846d000 rw-p 00000000 00:00 0                          [stack:14438]
7f87b846d000-7f87b8470000 ---p 00000000 00:00 0 
7f87b8470000-7f87b856e000 rw-p 00000000 00:00 0                          [stack:14437]
7f87b856e000-7f87b8571000 ---p 00000000 00:00 0 
7f87b8571000-7f87b866f000 rw-p 00000000 00:00 0                          [stack:14436]
7f87b866f000-7f87b8672000 ---p 00000000 00:00 0 
7f87b8672000-7f87b8770000 rw-p 00000000 00:00 0                          [stack:14435]
7f87b8770000-7f87b88f9000 r--p 00000000 08:01 7210273                    /usr/lib/locale/locale-archive
7f87b88f9000-7f87b88fc000 ---p 00000000 00:00 0 
7f87b88fc000-7f87b89fa000 rw-p 00000000 00:00 0                          [stack:14432]
7f87b89fa000-7f87b89fd000 ---p 00000000 00:00 0 
7f87b89fd000-7f87b8afb000 rw-p 00000000 00:00 0                          [stack:14431]
7f87b8afb000-7f87b8afc000 ---p 00000000 00:00 0 
7f87b8afc000-7f87b9000000 rw-p 00000000 00:00 0                          [stack:14429]
7f87b9000000-7f87b9270000 rwxp 00000000 00:00 0 
7f87b9270000-7f87c8000000 ---p 00000000 00:00 0 
7f87c8000000-7f87c821a000 rw-p 00000000 00:00 0 
7f87c821a000-7f87cc000000 ---p 00000000 00:00 0 
7f87cc000000-7f87cc002000 rw-s 00000000 08:01 1181829                    /tmp/.gly9nZeA (deleted)
7f87cc002000-7f87cc009000 rw-s 100cba000 00:05 13711                     /dev/nvidiactl
7f87cc009000-7f87cc00a000 rw-s c009b000 00:05 8913                       /dev/nvidia1
7f87cc00a000-7f87cc00b000 rw-s 124db4000 00:05 13711                     /dev/nvidiactl
7f87cc00b000-7f87cc00f000 rw-s 13a157000 00:05 13711                     /dev/nvidiactl
7f87cc00f000-7f87cc010000 rw-s ecc0a000 00:05 13947                      /dev/nvidia0
7f87cc010000-7f87cc011000 rw-s e8c0a000 00:05 8913                       /dev/nvidia1
7f87cc011000-7f87cc012000 rw-s ec642000 00:05 13947                      /dev/nvidia0
7f87cc012000-7f87cc013000 rw-s e8642000 00:05 8913                       /dev/nvidia1
7f87cc013000-7f87cc014000 rw-s b63da000 00:05 13711                      /dev/nvidiactl
7f87cc014000-7f87cc015000 rw-s ec641000 00:05 13947                      /dev/nvidia0
7f87cc015000-7f87cc016000 rw-s e8641000 00:05 8913                       /dev/nvidia1
7f87cc016000-7f87cc017000 rw-s 5f3b1000 00:05 13711                      /dev/nvidiactl
7f87cc017000-7f87cc018000 rw-s 9efc1000 00:05 13711                      /dev/nvidiactl
7f87cc018000-7f87cc019000 rw-s 056f6000 00:05 13711                      /dev/nvidiactl
7f87cc019000-7f87cc01a000 rw-s ec060000 00:05 13947                      /dev/nvidia0
7f87cc01a000-7f87cc01b000 rw-s e8060000 00:05 8913                       /dev/nvidia1
7f87cc01b000-7f87cc01d000 r--s 00019000 08:01 3151279                    /home/kristoffer/idea-IU-163.11103.6/lib/idea_rt.jar
7f87cc01d000-7f87cc04c000 r--s 00220000 08:01 7355180                    /usr/lib/jvm/java-8-oracle/lib/sa-jdi.jar
7f87cc04c000-7f87cc052000 r--s 0005e000 08:01 7355182                    /usr/lib/jvm/java-8-oracle/lib/jconsole.jar
7f87cc052000-7f87cc058000 r--s 00022000 08:01 7355181                    /usr/lib/jvm/java-8-oracle/lib/dt.jar
7f87cc058000-7f87ccc08000 rw-p 00000000 00:00 0 
7f87ccc08000-7f87ccde1000 r--s 03d3e000 08:01 1708783                    /usr/lib/jvm/java-8-oracle/jre/lib/rt.jar
7f87ccde1000-7f87cd557000 rw-p 00000000 00:00 0 
7f87cd557000-7f87cd657000 ---p 00000000 00:00 0 
7f87cd657000-7f87cd847000 rw-p 00000000 00:00 0 
7f87cd847000-7f87cd848000 ---p 00000000 00:00 0 
7f87cd848000-7f87cd948000 rw-p 00000000 00:00 0                          [stack:14424]
7f87cd948000-7f87cd949000 ---p 00000000 00:00 0 
7f87cd949000-7f87cda49000 rw-p 00000000 00:00 0                          [stack:14423]
7f87cda49000-7f87cda4a000 ---p 00000000 00:00 0 
7f87cda4a000-7f87cdb4a000 rw-p 00000000 00:00 0                          [stack:14422]
7f87cdb4a000-7f87cdb4b000 ---p 00000000 00:00 0 
7f87cdb4b000-7f87cdc60000 rw-p 00000000 00:00 0                          [stack:14421]
7f87cdc60000-7f87cdd96000 ---p 00000000 00:00 0 
7f87cdd96000-7f87cddab000 rw-p 00000000 00:00 0 
7f87cddab000-7f87cdee0000 ---p 00000000 00:00 0 
7f87cdee0000-7f87cdeeb000 rw-p 00000000 00:00 0 
7f87cdeeb000-7f87cdf86000 ---p 00000000 00:00 0 
7f87cdf86000-7f87cdf91000 rw-p 00000000 00:00 0 
7f87cdf91000-7f87ce347000 ---p 00000000 00:00 0 
7f87ce347000-7f87ce361000 r-xp 00000000 08:01 1708859                    /usr/lib/jvm/java-8-oracle/jre/lib/amd64/libzip.so
7f87ce361000-7f87ce561000 ---p 0001a000 08:01 1708859                    /usr/lib/jvm/java-8-oracle/jre/lib/amd64/libzip.so
7f87ce561000-7f87ce562000 rw-p 0001a000 08:01 1708859                    /usr/lib/jvm/java-8-oracle/jre/lib/amd64/libzip.so
7f87ce562000-7f87ce56d000 r-xp 00000000 08:01 2491457                    /lib/x86_64-linux-gnu/libnss_files-2.19.so
7f87ce56d000-7f87ce76c000 ---p 0000b000 08:01 2491457                    /lib/x86_64-linux-gnu/libnss_files-2.19.so
7f87ce76c000-7f87ce76d000 r--p 0000a000 08:01 2491457                    /lib/x86_64-linux-gnu/libnss_files-2.19.so
7f87ce76d000-7f87ce76e000 rw-p 0000b000 08:01 2491457                    /lib/x86_64-linux-gnu/libnss_files-2.19.so
7f87ce76e000-7f87ce778000 r-xp 00000000 08:01 2491459                    /lib/x86_64-linux-gnu/libnss_nis-2.19.so
7f87ce778000-7f87ce977000 ---p 0000a000 08:01 2491459                    /lib/x86_64-linux-gnu/libnss_nis-2.19.so
7f87ce977000-7f87ce978000 r--p 00009000 08:01 2491459                    /lib/x86_64-linux-gnu/libnss_nis-2.19.so
7f87ce978000-7f87ce979000 rw-p 0000a000 08:01 2491459                    /lib/x86_64-linux-gnu/libnss_nis-2.19.so
7f87ce979000-7f87ce98e000 r-xp 00000000 08:01 2491454                    /lib/x86_64-linux-gnu/libnsl-2.19.so
7f87ce98e000-7f87ceb8d000 ---p 00015000 08:01 2491454                    /lib/x86_64-linux-gnu/libnsl-2.19.so
7f87ceb8d000-7f87ceb8e000 r--p 00014000 08:01 2491454                    /lib/x86_64-linux-gnu/libnsl-2.19.so
7f87ceb8e000-7f87ceb8f000 rw-p 00015000 08:01 2491454                    /lib/x86_64-linux-gnu/libnsl-2.19.so
7f87ceb8f000-7f87ceb91000 rw-p 00000000 00:00 0 
7f87ceb91000-7f87ceb98000 r-xp 00000000 08:01 2491455                    /lib/x86_64-linux-gnu/libnss_compat-2.19.so
7f87ceb98000-7f87ced97000 ---p 00007000 08:01 2491455                    /lib/x86_64-linux-gnu/libnss_compat-2.19.so
7f87ced97000-7f87ced98000 r--p 00006000 08:01 2491455                    /lib/x86_64-linux-gnu/libnss_compat-2.19.so
7f87ced98000-7f87ced99000 rw-p 00007000 08:01 2491455                    /lib/x86_64-linux-gnu/libnss_compat-2.19.so
7f87ced99000-7f87cedc4000 r-xp 00000000 08:01 1708886                    /usr/lib/jvm/java-8-oracle/jre/lib/amd64/libjava.so
7f87cedc4000-7f87cefc3000 ---p 0002b000 08:01 1708886                    /usr/lib/jvm/java-8-oracle/jre/lib/amd64/libjava.so
7f87cefc3000-7f87cefc5000 rw-p 0002a000 08:01 1708886                    /usr/lib/jvm/java-8-oracle/jre/lib/amd64/libjava.so
7f87cefc5000-7f87cefd2000 r-xp 00000000 08:01 1708837                    /usr/lib/jvm/java-8-oracle/jre/lib/amd64/libverify.so
7f87cefd2000-7f87cf1d1000 ---p 0000d000 08:01 1708837                    /usr/lib/jvm/java-8-oracle/jre/lib/amd64/libverify.so
7f87cf1d1000-7f87cf1d3000 rw-p 0000c000 08:01 1708837                    /usr/lib/jvm/java-8-oracle/jre/lib/amd64/libverify.so
7f87cf1d3000-7f87cf1da000 r-xp 00000000 08:01 2491467                    /lib/x86_64-linux-gnu/librt-2.19.so
7f87cf1da000-7f87cf3d9000 ---p 00007000 08:01 2491467                    /lib/x86_64-linux-gnu/librt-2.19.so
7f87cf3d9000-7f87cf3da000 r--p 00006000 08:01 2491467                    /lib/x86_64-linux-gnu/librt-2.19.so
7f87cf3da000-7f87cf3db000 rw-p 00007000 08:01 2491467                    /lib/x86_64-linux-gnu/librt-2.19.so
7f87cf3db000-7f87cf4db000 r-xp 00000000 08:01 2491452                    /lib/x86_64-linux-gnu/libm-2.19.so
7f87cf4db000-7f87cf6da000 ---p 00100000 08:01 2491452                    /lib/x86_64-linux-gnu/libm-2.19.so
7f87cf6da000-7f87cf6db000 r--p 000ff000 08:01 2491452                    /lib/x86_64-linux-gnu/libm-2.19.so
7f87cf6db000-7f87cf6dc000 rw-p 00100000 08:01 2491452                    /lib/x86_64-linux-gnu/libm-2.19.so
7f87cf6dc000-7f87d03aa000 r-xp 00000000 08:01 1708890                    /usr/lib/jvm/java-8-oracle/jre/lib/amd64/server/libjvm.so
7f87d03aa000-7f87d05aa000 ---p 00cce000 08:01 1708890                    /usr/lib/jvm/java-8-oracle/jre/lib/amd64/server/libjvm.so
7f87d05aa000-7f87d0683000 rw-p 00cce000 08:01 1708890                    /usr/lib/jvm/java-8-oracle/jre/lib/amd64/server/libjvm.so
7f87d0683000-7f87d06ce000 rw-p 00000000 00:00 0 
7f87d06ce000-7f87d086f000 r-xp 00000000 08:01 2491447                    /lib/x86_64-linux-gnu/libc-2.19.so
7f87d086f000-7f87d0a6f000 ---p 001a1000 08:01 2491447                    /lib/x86_64-linux-gnu/libc-2.19.so
7f87d0a6f000-7f87d0a73000 r--p 001a1000 08:01 2491447                    /lib/x86_64-linux-gnu/libc-2.19.so
7f87d0a73000-7f87d0a75000 rw-p 001a5000 08:01 2491447                    /lib/x86_64-linux-gnu/libc-2.19.so
7f87d0a75000-7f87d0a79000 rw-p 00000000 00:00 0 
7f87d0a79000-7f87d0a7c000 r-xp 00000000 08:01 2491451                    /lib/x86_64-linux-gnu/libdl-2.19.so
7f87d0a7c000-7f87d0c7b000 ---p 00003000 08:01 2491451                    /lib/x86_64-linux-gnu/libdl-2.19.so
7f87d0c7b000-7f87d0c7c000 r--p 00002000 08:01 2491451                    /lib/x86_64-linux-gnu/libdl-2.19.so
7f87d0c7c000-7f87d0c7d000 rw-p 00003000 08:01 2491451                    /lib/x86_64-linux-gnu/libdl-2.19.so
7f87d0c7d000-7f87d0c92000 r-xp 00000000 08:01 1707887                    /usr/lib/jvm/java-8-oracle/lib/amd64/jli/libjli.so
7f87d0c92000-7f87d0e92000 ---p 00015000 08:01 1707887                    /usr/lib/jvm/java-8-oracle/lib/amd64/jli/libjli.so
7f87d0e92000-7f87d0e93000 rw-p 00015000 08:01 1707887                    /usr/lib/jvm/java-8-oracle/lib/amd64/jli/libjli.so
7f87d0e93000-7f87d0eab000 r-xp 00000000 08:01 2491440                    /lib/x86_64-linux-gnu/libpthread-2.19.so
7f87d0eab000-7f87d10aa000 ---p 00018000 08:01 2491440                    /lib/x86_64-linux-gnu/libpthread-2.19.so
7f87d10aa000-7f87d10ab000 r--p 00017000 08:01 2491440                    /lib/x86_64-linux-gnu/libpthread-2.19.so
7f87d10ab000-7f87d10ac000 rw-p 00018000 08:01 2491440                    /lib/x86_64-linux-gnu/libpthread-2.19.so
7f87d10ac000-7f87d10b0000 rw-p 00000000 00:00 0 
7f87d10b0000-7f87d10d0000 r-xp 00000000 08:01 2491443                    /lib/x86_64-linux-gnu/ld-2.19.so
7f87d10d0000-7f87d11a2000 rw-p 00000000 00:00 0 
7f87d11a2000-7f87d11a5000 ---p 00000000 00:00 0 
7f87d11a5000-7f87d12a7000 rw-p 00000000 00:00 0                          [stack:14419]
7f87d12a7000-7f87d12a9000 r--s 00000000 08:01 7354658                    /usr/lib/jvm/java-8-oracle/lib/packager.jar
7f87d12a9000-7f87d12aa000 r--s 00008000 08:01 7354657                    /usr/lib/jvm/java-8-oracle/lib/javafx-mx.jar
7f87d12aa000-7f87d12b0000 r--s 00126000 08:01 7355179                    /usr/lib/jvm/java-8-oracle/lib/ant-javafx.jar
7f87d12b0000-7f87d12c4000 rw-p 00000000 00:00 0 
7f87d12c4000-7f87d12cc000 rw-s 00000000 08:01 1711180                    /tmp/hsperfdata_kristoffer/14417
7f87d12cc000-7f87d12cd000 rw-p 00000000 00:00 0 
7f87d12cd000-7f87d12ce000 r--p 00000000 00:00 0 
7f87d12ce000-7f87d12d0000 rw-p 00000000 00:00 0 
7f87d12d0000-7f87d12d1000 r--p 00020000 08:01 2491443                    /lib/x86_64-linux-gnu/ld-2.19.so
7f87d12d1000-7f87d12d2000 rw-p 00021000 08:01 2491443                    /lib/x86_64-linux-gnu/ld-2.19.so
7f87d12d2000-7f87d12d3000 rw-p 00000000 00:00 0 
7ffc6699b000-7ffc669bc000 rw-p 00000000 00:00 0                          [stack]
7ffc669f6000-7ffc669f8000 r-xp 00000000 00:00 0                          [vdso]
7ffc669f8000-7ffc669fa000 r--p 00000000 00:00 0                          [vvar]
ffffffffff600000-ffffffffff601000 r-xp 00000000 00:00 0                  [vsyscall]

VM Arguments:
jvm_args: -Didea.launcher.port=7543 -Didea.launcher.bin.path=/home/kristoffer/idea-IU-163.11103.6/bin -Dfile.encoding=UTF-8 
java_command: com.intellij.rt.execution.application.AppMain main.Main
java_class_path (initial): /usr/lib/jvm/java-8-oracle/lib/ant-javafx.jar:/usr/lib/jvm/java-8-oracle/lib/dt.jar:/usr/lib/jvm/java-8-oracle/lib/javafx-mx.jar:/usr/lib/jvm/java-8-oracle/lib/jconsole.jar:/usr/lib/jvm/java-8-oracle/lib/packager.jar:/usr/lib/jvm/java-8-oracle/lib/sa-jdi.jar:/usr/lib/jvm/java-8-oracle/lib/tools.jar:/home/kristoffer/IdeaProjects/Anthill/out/production/Anthill:/home/kristoffer/idea-IU-163.11103.6/lib/idea_rt.jar
Launcher Type: SUN_STANDARD

Environment Variables:
JAVA_HOME=/usr/lib/jvm/java-8-oracle
PATH=/usr/local/bin:/usr/bin:/bin:/usr/local/games:/usr/games:/usr/lib/jvm/java-8-oracle/bin:/usr/lib/jvm/java-8-oracle/db/bin:/usr/lib/jvm/java-8-oracle/jre/bin
LD_LIBRARY_PATH=/usr/lib/x86_64-linux-gnu/
SHELL=/bin/bash
DISPLAY=:0

Signal Handlers:
SIGSEGV: [libjvm.so+0xac78c0], sa_mask[0]=11111111011111111101111111111110, sa_flags=SA_RESTART|SA_SIGINFO
SIGBUS: [libjvm.so+0xac78c0], sa_mask[0]=11111111011111111101111111111110, sa_flags=SA_RESTART|SA_SIGINFO
SIGFPE: [libjvm.so+0x920ac0], sa_mask[0]=11111111011111111101111111111110, sa_flags=SA_RESTART|SA_SIGINFO
SIGPIPE: SIG_IGN, sa_mask[0]=00000000000010000000000000000000, sa_flags=SA_RESTART
SIGXFSZ: [libjvm.so+0x920ac0], sa_mask[0]=11111111011111111101111111111110, sa_flags=SA_RESTART|SA_SIGINFO
SIGILL: [libjvm.so+0x920ac0], sa_mask[0]=11111111011111111101111111111110, sa_flags=SA_RESTART|SA_SIGINFO
SIGUSR1: SIG_DFL, sa_mask[0]=00000000000000000000000000000000, sa_flags=none
SIGUSR2: [libjvm.so+0x922300], sa_mask[0]=00100000000000000000000000000000, sa_flags=SA_RESTART|SA_SIGINFO
SIGHUP: [libjvm.so+0x923700], sa_mask[0]=11111111011111111101111111111110, sa_flags=SA_RESTART|SA_SIGINFO
SIGINT: [libjvm.so+0x923700], sa_mask[0]=11111111011111111101111111111110, sa_flags=SA_RESTART|SA_SIGINFO
SIGTERM: [libjvm.so+0x923700], sa_mask[0]=11111111011111111101111111111110, sa_flags=SA_RESTART|SA_SIGINFO
SIGQUIT: [libjvm.so+0x923700], sa_mask[0]=11111111011111111101111111111110, sa_flags=SA_RESTART|SA_SIGINFO


---------------  S Y S T E M  ---------------

OS:PRETTY_NAME="Debian GNU/Linux 8 (jessie)"
NAME="Debian GNU/Linux"
VERSION_ID="8"
VERSION="8 (jessie)"
ID=debian
HOME_URL="http://www.debian.org/"
SUPPORT_URL="http://www.debian.org/support"
BUG_REPORT_URL="https://bugs.debian.org/"

uname:Linux 3.16.0-4-amd64 #1 SMP Debian 3.16.36-1+deb8u2 (2016-10-19) x86_64
libc:glibc 2.19 NPTL 2.19 
rlimit: STACK 8192k, CORE 0k, NPROC 15763, NOFILE 65536, AS infinity
load average:2.00 1.18 0.92

/proc/meminfo:
MemTotal:        4059720 kB
MemFree:          211692 kB
MemAvailable:     815324 kB
Buffers:           10564 kB
Cached:           699232 kB
SwapCached:         5412 kB
Active:          2431640 kB
Inactive:         989856 kB
Active(anon):    2003280 kB
Inactive(anon):   779976 kB
Active(file):     428360 kB
Inactive(file):   209880 kB
Unevictable:           0 kB
Mlocked:               0 kB
SwapTotal:       5105660 kB
SwapFree:        4524408 kB
Dirty:             12892 kB
Writeback:             0 kB
AnonPages:       2709160 kB
Mapped:           328608 kB
Shmem:             71532 kB
Slab:             262588 kB
SReclaimable:     218796 kB
SUnreclaim:        43792 kB
KernelStack:       11296 kB
PageTables:        58652 kB
NFS_Unstable:          0 kB
Bounce:                0 kB
WritebackTmp:          0 kB
CommitLimit:     7135520 kB
Committed_AS:   15854940 kB
VmallocTotal:   34359738367 kB
VmallocUsed:      116380 kB
VmallocChunk:   34359598588 kB
HardwareCorrupted:     0 kB
AnonHugePages:         0 kB
HugePages_Total:       0
HugePages_Free:        0
HugePages_Rsvd:        0
HugePages_Surp:        0
Hugepagesize:       2048 kB
DirectMap4k:     1162176 kB
DirectMap2M:     3031040 kB


CPU:total 4 (4 cores per cpu, 1 threads per core) family 6 model 23 stepping 7, cmov, cx8, fxsr, mmx, sse, sse2, sse3, ssse3, sse4.1, tsc

/proc/cpuinfo:
processor	: 0
vendor_id	: GenuineIntel
cpu family	: 6
model		: 23
model name	: Intel(R) Core(TM)2 Quad  CPU   Q9450  @ 2.66GHz
stepping	: 7
microcode	: 0x705
cpu MHz		: 2666.820
cache size	: 6144 KB
physical id	: 0
siblings	: 4
core id		: 0
cpu cores	: 4
apicid		: 0
initial apicid	: 0
fpu		: yes
fpu_exception	: yes
cpuid level	: 10
wp		: yes
flags		: fpu vme de pse tsc msr pae mce cx8 apic sep mtrr pge mca cmov pat pse36 clflush dts acpi mmx fxsr sse sse2 ss ht tm pbe syscall nx lm constant_tsc arch_perfmon pebs bts rep_good nopl aperfmperf pni dtes64 monitor ds_cpl vmx smx est tm2 ssse3 cx16 xtpr pdcm sse4_1 lahf_lm dtherm tpr_shadow vnmi flexpriority
bogomips	: 5333.64
clflush size	: 64
cache_alignment	: 64
address sizes	: 36 bits physical, 48 bits virtual
power management:

processor	: 1
vendor_id	: GenuineIntel
cpu family	: 6
model		: 23
model name	: Intel(R) Core(TM)2 Quad  CPU   Q9450  @ 2.66GHz
stepping	: 7
microcode	: 0x705
cpu MHz		: 2666.820
cache size	: 6144 KB
physical id	: 0
siblings	: 4
core id		: 3
cpu cores	: 4
apicid		: 3
initial apicid	: 3
fpu		: yes
fpu_exception	: yes
cpuid level	: 10
wp		: yes
flags		: fpu vme de pse tsc msr pae mce cx8 apic sep mtrr pge mca cmov pat pse36 clflush dts acpi mmx fxsr sse sse2 ss ht tm pbe syscall nx lm constant_tsc arch_perfmon pebs bts rep_good nopl aperfmperf pni dtes64 monitor ds_cpl vmx smx est tm2 ssse3 cx16 xtpr pdcm sse4_1 lahf_lm dtherm tpr_shadow vnmi flexpriority
bogomips	: 5333.64
clflush size	: 64
cache_alignment	: 64
address sizes	: 36 bits physical, 48 bits virtual
power management:

processor	: 2
vendor_id	: GenuineIntel
cpu family	: 6
model		: 23
model name	: Intel(R) Core(TM)2 Quad  CPU   Q9450  @ 2.66GHz
stepping	: 7
microcode	: 0x705
cpu MHz		: 2666.820
cache size	: 6144 KB
physical id	: 0
siblings	: 4
core id		: 1
cpu cores	: 4
apicid		: 1
initial apicid	: 1
fpu		: yes
fpu_exception	: yes
cpuid level	: 10
wp		: yes
flags		: fpu vme de pse tsc msr pae mce cx8 apic sep mtrr pge mca cmov pat pse36 clflush dts acpi mmx fxsr sse sse2 ss ht tm pbe syscall nx lm constant_tsc arch_perfmon pebs bts rep_good nopl aperfmperf pni dtes64 monitor ds_cpl vmx smx est tm2 ssse3 cx16 xtpr pdcm sse4_1 lahf_lm dtherm tpr_shadow vnmi flexpriority
bogomips	: 5333.64
clflush size	: 64
cache_alignment	: 64
address sizes	: 36 bits physical, 48 bits virtual
power management:

processor	: 3
vendor_id	: GenuineIntel
cpu family	: 6
model		: 23
model name	: Intel(R) Core(TM)2 Quad  CPU   Q9450  @ 2.66GHz
stepping	: 7
microcode	: 0x705
cpu MHz		: 2666.820
cache size	: 6144 KB
physical id	: 0
siblings	: 4
core id		: 2
cpu cores	: 4
apicid		: 2
initial apicid	: 2
fpu		: yes
fpu_exception	: yes
cpuid level	: 10
wp		: yes
flags		: fpu vme de pse tsc msr pae mce cx8 apic sep mtrr pge mca cmov pat pse36 clflush dts acpi mmx fxsr sse sse2 ss ht tm pbe syscall nx lm constant_tsc arch_perfmon pebs bts rep_good nopl aperfmperf pni dtes64 monitor ds_cpl vmx smx est tm2 ssse3 cx16 xtpr pdcm sse4_1 lahf_lm dtherm tpr_shadow vnmi flexpriority
bogomips	: 5333.64
clflush size	: 64
cache_alignment	: 64
address sizes	: 36 bits physical, 48 bits virtual
power management:



Memory: 4k page, physical 4059720k(211692k free), swap 5105660k(4524408k free)

vm_info: Java HotSpot(TM) 64-Bit Server VM (25.121-b13) for linux-amd64 JRE (1.8.0_121-b13), built on Dec 12 2016 16:36:53 by "java_re" with gcc 4.3.0 20080428 (Red Hat 4.3.0-8)

time: Sat Jan 28 14:40:48 2017
elapsed time: 0 seconds (0d 0h 0m 0s)

