#
# A fatal error has been detected by the Java Runtime Environment:
#
#  SIGSEGV (0xb) at pc=0x00007f73ca005060, pid=11922, tid=0x00007f73bbbc3700
#
# JRE version: Java(TM) SE Runtime Environment (8.0_121-b13) (build 1.8.0_121-b13)
# Java VM: Java HotSpot(TM) 64-Bit Server VM (25.121-b13 mixed mode linux-amd64 compressed oops)
# Problematic frame:
# C  0x00007f73ca005060
#
# Failed to write core dump. Core dumps have been disabled. To enable core dumping, try "ulimit -c unlimited" before starting Java again
#
# If you would like to submit a bug report, please visit:
#   http://bugreport.java.com/bugreport/crash.jsp
#

---------------  T H R E A D  ---------------

Current thread (0x00007f73c40a2000):  JavaThread "JavaFX Application Thread" [_thread_in_Java, id=11956, stack(0x00007f73bbac3000,0x00007f73bbbc4000)]

siginfo: si_signo: 11 (SIGSEGV), si_code: 2 (SEGV_ACCERR), si_addr: 0x00007f73ca005060

Registers:
RAX=0x00007f73babdb658, RBX=0x00007f73babdb658, RCX=0x0000000000000016, RDX=0x00000000ec80ca00
RSP=0x00007f73bbbbffb8, RBP=0x00007f73bbbc0030, RSI=0x00000000eb6a9330, RDI=0x0000000000000002
R8 =0x0000000000000024, R9 =0x0000000000000001, R10=0x00007f74210f4800, R11=0x00007f74095150a0
R12=0x0000000000000000, R13=0x00007f73bbbbffd0, R14=0x00007f73bbbc0070, R15=0x00007f73c40a2000
RIP=0x00007f73ca005060, EFLAGS=0x0000000000010206, CSGSFS=0x0000000000000033, ERR=0x0000000000000014
  TRAPNO=0x000000000000000e

Top of Stack: (sp=0x00007f73bbbbffb8)
0x00007f73bbbbffb8:   00007f74090077d0 00007f73bbbc0030
0x00007f73bbbbffc8:   00007f74090077d0 0000000000000024
0x00007f73bbbbffd8:   0000000000000016 00000000ec80ca00
0x00007f73bbbbffe8:   00000000eb6a9330 00007f73bbbbfff0
0x00007f73bbbbfff8:   00007f73babdb239 00007f73bbbc0070
0x00007f73bbbc0008:   00007f73babdb870 0000000000000000
0x00007f73bbbc0018:   00007f73babdb348 00007f73bbbbffd0
0x00007f73bbbc0028:   00007f73bbbc0068 00007f73bbbc00c0
0x00007f73bbbc0038:   00007f7409007ffd 0000000000000024
0x00007f73bbbc0048:   0000000000000017 0000000000000024
0x00007f73bbbc0058:   0000000000000016 00000000eb6aba50
0x00007f73bbbc0068:   00000000ec80ca00 00000000eb6a9330
0x00007f73bbbc0078:   00000000eb6a9330 00007f73bbbc0080
0x00007f73bbbc0088:   00007f7408c09a22 00007f73bbbc00e8
0x00007f73bbbc0098:   00007f7408c0adb0 0000000000000000
0x00007f73bbbc00a8:   00007f7408c09b50 00007f73bbbc0068
0x00007f73bbbc00b8:   00007f73bbbc00d8 00007f73bbbc0130
0x00007f73bbbc00c8:   00007f7409007ffd 0000000000000000
0x00007f73bbbc00d8:   00000000000001f4 00000000ec80ca80
0x00007f73bbbc00e8:   00000000ec80ca50 00007f73bbbc00f0
0x00007f73bbbc00f8:   00007f7408c098c4 00007f73bbbc0150
0x00007f73bbbc0108:   00007f7408c0adb0 0000000000000000
0x00007f73bbbc0118:   00007f7408c09900 00007f73bbbc00d8
0x00007f73bbbc0128:   00007f73bbbc0140 00007f73bbbc01a8
0x00007f73bbbc0138:   00007f7409007ffd 00000000000001f4
0x00007f73bbbc0148:   00000000ec80ca80 00000000ec80ca50
0x00007f73bbbc0158:   00000000ec80ca50 00000000ec80ca98
0x00007f73bbbc0168:   00007f73bbbc0168 00007f7408c04dfe
0x00007f73bbbc0178:   00007f73bbbc01c0 00007f7408c05670
0x00007f73bbbc0188:   0000000000000000 00007f7408c04e90
0x00007f73bbbc0198:   00007f73bbbc0140 00007f73bbbc01c0
0x00007f73bbbc01a8:   00007f73bbbc0208 00007f7409007ffd 

Instructions: (pc=0x00007f73ca005060)
0x00007f73ca005040:   
[error occurred during error reporting (printing registers, top of stack, instructions near pc), id 0xb]

Register to memory mapping:

RAX={method} {0x00007f73babdb658} 'isInRange' '(Lmain/Mapping/Map;II)Z' in 'main/Graph/Graph'
RBX={method} {0x00007f73babdb658} 'isInRange' '(Lmain/Mapping/Map;II)Z' in 'main/Graph/Graph'
RCX=0x0000000000000016 is an unknown value
RDX=0x00000000ec80ca00 is an oop
main.Mapping.Map 
 - klass: 'main/Mapping/Map'
RSP=0x00007f73bbbbffb8 is pointing into the stack for thread: 0x00007f73c40a2000
RBP=0x00007f73bbbc0030 is pointing into the stack for thread: 0x00007f73c40a2000
RSI=0x00000000eb6a9330 is an oop
main.Graph.Graph 
 - klass: 'main/Graph/Graph'
RDI=0x0000000000000002 is an unknown value
R8 =0x0000000000000024 is an unknown value
R9 =0x0000000000000001 is an unknown value
R10=0x00007f74210f4800: <offset 0xfc7800> in /usr/lib/jvm/java-8-oracle/jre/lib/amd64/server/libjvm.so at 0x00007f742012d000
R11=0x00007f74095150a0 is at entry_point+32 in (nmethod*)0x00007f7409514f10
R12=0x0000000000000000 is an unknown value
R13=0x00007f73bbbbffd0 is pointing into the stack for thread: 0x00007f73c40a2000
R14=0x00007f73bbbc0070 is pointing into the stack for thread: 0x00007f73c40a2000
R15=0x00007f73c40a2000 is a thread


Stack: [0x00007f73bbac3000,0x00007f73bbbc4000],  sp=0x00007f73bbbbffb8,  free space=1011k
Native frames: (J=compiled Java code, j=interpreted, Vv=VM code, C=native code)
C  0x00007f73ca005060
j  main.Anthill.Colony.initialize(Ljava/lang/String;I)V+154
j  main.Anthill.Colony.<init>(Ljava/lang/String;I)V+12
j  main.View.ColonyDisplay.startNewColony()V+62
j  main.View.ColonyDisplay.startSimulation(I)V+1
j  main.View.ColonyDisplay$4.handle(Ljavafx/event/ActionEvent;)V+5
j  main.View.ColonyDisplay$4.handle(Ljavafx/event/Event;)V+5
j  com.sun.javafx.event.CompositeEventHandler.dispatchBubblingEvent(Ljavafx/event/Event;)V+51
J 1371 C1 com.sun.javafx.event.EventHandlerManager.dispatchBubblingEvent(Ljavafx/event/Event;)Ljavafx/event/Event; (23 bytes) @ 0x00007f7409459054 [0x00007f74094589e0+0x674]
J 1370 C1 com.sun.javafx.event.CompositeEventDispatcher.dispatchBubblingEvent(Ljavafx/event/Event;)Ljavafx/event/Event; (35 bytes) @ 0x00007f74094599dc [0x00007f7409459820+0x1bc]
J 1307 C1 com.sun.javafx.event.BasicEventDispatcher.dispatchEvent(Ljavafx/event/Event;Ljavafx/event/EventDispatchChain;)Ljavafx/event/Event; (44 bytes) @ 0x00007f740944003c [0x00007f740943fd00+0x33c]
J 1120 C1 com.sun.javafx.event.EventDispatchChainImpl.dispatchEvent(Ljavafx/event/Event;)Ljavafx/event/Event; (101 bytes) @ 0x00007f74093e1f04 [0x00007f74093e1d60+0x1a4]
J 1307 C1 com.sun.javafx.event.BasicEventDispatcher.dispatchEvent(Ljavafx/event/Event;Ljavafx/event/EventDispatchChain;)Ljavafx/event/Event; (44 bytes) @ 0x00007f740943ff54 [0x00007f740943fd00+0x254]
J 1120 C1 com.sun.javafx.event.EventDispatchChainImpl.dispatchEvent(Ljavafx/event/Event;)Ljavafx/event/Event; (101 bytes) @ 0x00007f74093e1f04 [0x00007f74093e1d60+0x1a4]
J 1307 C1 com.sun.javafx.event.BasicEventDispatcher.dispatchEvent(Ljavafx/event/Event;Ljavafx/event/EventDispatchChain;)Ljavafx/event/Event; (44 bytes) @ 0x00007f740943ff54 [0x00007f740943fd00+0x254]
J 1120 C1 com.sun.javafx.event.EventDispatchChainImpl.dispatchEvent(Ljavafx/event/Event;)Ljavafx/event/Event; (101 bytes) @ 0x00007f74093e1f04 [0x00007f74093e1d60+0x1a4]
J 1536 C1 com.sun.javafx.event.EventUtil.fireEvent(Ljavafx/event/EventTarget;Ljavafx/event/Event;)Ljavafx/event/Event; (81 bytes) @ 0x00007f74094b8f54 [0x00007f74094b8380+0xbd4]
J 1535 C1 javafx.event.Event.fireEvent(Ljavafx/event/EventTarget;Ljavafx/event/Event;)V (35 bytes) @ 0x00007f74094b7d2c [0x00007f74094b7c60+0xcc]
j  javafx.scene.Node.fireEvent(Ljavafx/event/Event;)V+86
j  javafx.scene.control.Button.fire()V+15
j  com.sun.javafx.scene.control.behavior.ButtonBehavior.mouseReleased(Ljavafx/scene/input/MouseEvent;)V+23
j  com.sun.javafx.scene.control.skin.BehaviorSkinBase$1.handle(Ljavafx/scene/input/MouseEvent;)V+83
j  com.sun.javafx.scene.control.skin.BehaviorSkinBase$1.handle(Ljavafx/event/Event;)V+5
j  com.sun.javafx.event.CompositeEventHandler$NormalEventHandlerRecord.handleBubblingEvent(Ljavafx/event/Event;)V+5
j  com.sun.javafx.event.CompositeEventHandler.dispatchBubblingEvent(Ljavafx/event/Event;)V+28
J 1371 C1 com.sun.javafx.event.EventHandlerManager.dispatchBubblingEvent(Ljavafx/event/Event;)Ljavafx/event/Event; (23 bytes) @ 0x00007f7409459054 [0x00007f74094589e0+0x674]
J 1370 C1 com.sun.javafx.event.CompositeEventDispatcher.dispatchBubblingEvent(Ljavafx/event/Event;)Ljavafx/event/Event; (35 bytes) @ 0x00007f74094599dc [0x00007f7409459820+0x1bc]
J 1307 C1 com.sun.javafx.event.BasicEventDispatcher.dispatchEvent(Ljavafx/event/Event;Ljavafx/event/EventDispatchChain;)Ljavafx/event/Event; (44 bytes) @ 0x00007f740944003c [0x00007f740943fd00+0x33c]
J 1120 C1 com.sun.javafx.event.EventDispatchChainImpl.dispatchEvent(Ljavafx/event/Event;)Ljavafx/event/Event; (101 bytes) @ 0x00007f74093e1f04 [0x00007f74093e1d60+0x1a4]
J 1307 C1 com.sun.javafx.event.BasicEventDispatcher.dispatchEvent(Ljavafx/event/Event;Ljavafx/event/EventDispatchChain;)Ljavafx/event/Event; (44 bytes) @ 0x00007f740943ff54 [0x00007f740943fd00+0x254]
J 1120 C1 com.sun.javafx.event.EventDispatchChainImpl.dispatchEvent(Ljavafx/event/Event;)Ljavafx/event/Event; (101 bytes) @ 0x00007f74093e1f04 [0x00007f74093e1d60+0x1a4]
J 1307 C1 com.sun.javafx.event.BasicEventDispatcher.dispatchEvent(Ljavafx/event/Event;Ljavafx/event/EventDispatchChain;)Ljavafx/event/Event; (44 bytes) @ 0x00007f740943ff54 [0x00007f740943fd00+0x254]
J 1120 C1 com.sun.javafx.event.EventDispatchChainImpl.dispatchEvent(Ljavafx/event/Event;)Ljavafx/event/Event; (101 bytes) @ 0x00007f74093e1f04 [0x00007f74093e1d60+0x1a4]
J 1536 C1 com.sun.javafx.event.EventUtil.fireEvent(Ljavafx/event/EventTarget;Ljavafx/event/Event;)Ljavafx/event/Event; (81 bytes) @ 0x00007f74094b8aa4 [0x00007f74094b8380+0x724]
J 1535 C1 javafx.event.Event.fireEvent(Ljavafx/event/EventTarget;Ljavafx/event/Event;)V (35 bytes) @ 0x00007f74094b7d2c [0x00007f74094b7c60+0xcc]
j  javafx.scene.Scene$MouseHandler.process(Ljavafx/scene/input/MouseEvent;Z)V+491
j  javafx.scene.Scene$MouseHandler.access$1500(Ljavafx/scene/Scene$MouseHandler;Ljavafx/scene/input/MouseEvent;Z)V+3
j  javafx.scene.Scene.impl_processMouseEvent(Ljavafx/scene/input/MouseEvent;)V+6
j  javafx.scene.Scene$ScenePeerListener.mouseEvent(Ljavafx/event/EventType;DDDDLjavafx/scene/input/MouseButton;ZZZZZZZZZ)V+46
j  com.sun.javafx.tk.quantum.GlassViewEventHandler$MouseEventNotification.run()Ljava/lang/Void;+514
j  com.sun.javafx.tk.quantum.GlassViewEventHandler$MouseEventNotification.run()Ljava/lang/Object;+1
v  ~StubRoutines::call_stub
V  [libjvm.so+0x690dd6]  JavaCalls::call_helper(JavaValue*, methodHandle*, JavaCallArguments*, Thread*)+0x1056
V  [libjvm.so+0x72a09c]  JVM_DoPrivileged+0x27c
J 1423  java.security.AccessController.doPrivileged(Ljava/security/PrivilegedAction;Ljava/security/AccessControlContext;)Ljava/lang/Object; (0 bytes) @ 0x00007f740947da55 [0x00007f740947d980+0xd5]
j  com.sun.javafx.tk.quantum.GlassViewEventHandler.lambda$handleMouseEvent$354()Ljava/lang/Void;+11
j  com.sun.javafx.tk.quantum.GlassViewEventHandler$$Lambda$220.get()Ljava/lang/Object;+4
j  com.sun.javafx.tk.quantum.QuantumToolkit.runWithoutRenderLock(Ljava/util/function/Supplier;)Ljava/lang/Object;+18
j  com.sun.javafx.tk.quantum.GlassViewEventHandler.handleMouseEvent(Lcom/sun/glass/ui/View;JIIIIIIIZZ)V+103
j  com.sun.glass.ui.View.handleMouseEvent(JIIIIIIIZZ)V+30
j  com.sun.glass.ui.View.notifyMouse(IIIIIIIZZ)V+181
v  ~StubRoutines::call_stub
V  [libjvm.so+0x690dd6]  JavaCalls::call_helper(JavaValue*, methodHandle*, JavaCallArguments*, Thread*)+0x1056
V  [libjvm.so+0x6d2ccb]  jni_invoke_nonstatic(JNIEnv_*, JavaValue*, _jobject*, JNICallType, _jmethodID*, JNI_ArgumentPusher*, Thread*)+0x40b
V  [libjvm.so+0x6d709f]  jni_CallVoidMethodV+0x10f
C  [libglass.so+0x13e51]  JNIEnv_::CallVoidMethod(_jobject*, _jmethodID*, ...)+0x81
C  [libglass.so+0x18184]  WindowContextBase::process_mouse_button(_GdkEventButton*)+0x154
C  [libglass.so+0x20ab7]  process_events(_GdkEvent*, void*)+0x2a7
C  [libgdk-x11-2.0.so.0+0x5ab6c]


---------------  P R O C E S S  ---------------

Java Threads: ( => current thread )
  0x00007f73ac138800 JavaThread "Prism Font Disposer" daemon [_thread_blocked, id=11960, stack(0x00007f73bb0dd000,0x00007f73bb1de000)]
=>0x00007f73c40a2000 JavaThread "JavaFX Application Thread" [_thread_in_Java, id=11956, stack(0x00007f73bbac3000,0x00007f73bbbc4000)]
  0x00007f73c409e000 JavaThread "Thread-2" daemon [_thread_blocked, id=11955, stack(0x00007f73bbbc4000,0x00007f73bbcc5000)]
  0x00007f73c404c800 JavaThread "QuantumRenderer-0" daemon [_thread_blocked, id=11954, stack(0x00007f74021a8000,0x00007f74022a9000)]
  0x00007f7418212800 JavaThread "JavaFX-Launcher" [_thread_blocked, id=11953, stack(0x00007f74022a9000,0x00007f74023aa000)]
  0x00007f7418154800 JavaThread "Monitor Ctrl-Break" daemon [_thread_in_native, id=11951, stack(0x00007f7402957000,0x00007f7402a58000)]
  0x00007f74180d2800 JavaThread "Service Thread" daemon [_thread_blocked, id=11949, stack(0x00007f7402e04000,0x00007f7402f05000)]
  0x00007f74180bd800 JavaThread "C1 CompilerThread2" daemon [_thread_blocked, id=11948, stack(0x00007f7402f05000,0x00007f7403006000)]
  0x00007f74180bb800 JavaThread "C2 CompilerThread1" daemon [_thread_blocked, id=11947, stack(0x00007f7403006000,0x00007f7403107000)]
  0x00007f74180b8800 JavaThread "C2 CompilerThread0" daemon [_thread_blocked, id=11946, stack(0x00007f7403107000,0x00007f7403208000)]
  0x00007f74180b7000 JavaThread "Signal Dispatcher" daemon [_thread_blocked, id=11945, stack(0x00007f7403208000,0x00007f7403309000)]
  0x00007f7418084000 JavaThread "Finalizer" daemon [_thread_blocked, id=11938, stack(0x00007f7403492000,0x00007f7403593000)]
  0x00007f741807f800 JavaThread "Reference Handler" daemon [_thread_blocked, id=11937, stack(0x00007f7403593000,0x00007f7403694000)]
  0x00007f741800a000 JavaThread "main" [_thread_blocked, id=11928, stack(0x00007f7421bf3000,0x00007f7421cf4000)]

Other Threads:
  0x00007f7418077800 VMThread [stack: 0x00007f7403694000,0x00007f7403795000] [id=11936]
  0x00007f74180dd000 WatcherThread [stack: 0x00007f7402d03000,0x00007f7402e04000] [id=11950]

VM state:not at safepoint (normal execution)

VM Mutex/Monitor currently owned by a thread: None

Heap:
 PSYoungGen      total 18432K, used 4944K [0x00000000eb580000, 0x00000000eca00000, 0x0000000100000000)
  eden space 15872K, 15% used [0x00000000eb580000,0x00000000eb7d81e0,0x00000000ec500000)
  from space 2560K, 99% used [0x00000000ec780000,0x00000000ec9fc058,0x00000000eca00000)
  to   space 2560K, 0% used [0x00000000ec500000,0x00000000ec500000,0x00000000ec780000)
 ParOldGen       total 42496K, used 2726K [0x00000000c2000000, 0x00000000c4980000, 0x00000000eb580000)
  object space 42496K, 6% used [0x00000000c2000000,0x00000000c22a9aa0,0x00000000c4980000)
 Metaspace       used 15941K, capacity 16782K, committed 17024K, reserved 1062912K
  class space    used 2362K, capacity 2589K, committed 2688K, reserved 1048576K

Card table byte_map: [0x00007f741e7e7000,0x00007f741e9d8000] byte_map_base: 0x00007f741e1d7000

Marking Bits: (ParMarkBitMap*) 0x00007f74210f1c80
 Begin Bits: [0x00007f741c398000, 0x00007f741d318000)
 End Bits:   [0x00007f741d318000, 0x00007f741e298000)

Polling page: 0x00007f7421d1e000

CodeCache: size=245760Kb used=5217Kb max_used=5229Kb free=240542Kb
 bounds [0x00007f7409000000, 0x00007f7409520000, 0x00007f7418000000]
 total_blobs=2351 nmethods=1715 adapters=551
 compilation: enabled

Compilation events (10 events):
Event: 9.022 Thread 0x00007f74180bd800 nmethod 1711 0x00007f7409518d50 code [0x00007f7409518ec0, 0x00007f74095190b0]
Event: 9.022 Thread 0x00007f74180bd800 1710       3       main.Graph.Node::link (21 bytes)
Event: 9.022 Thread 0x00007f74180bd800 nmethod 1710 0x00007f74095186d0 code [0x00007f7409518860, 0x00007f7409518bc8]
Event: 9.022 Thread 0x00007f74180bd800 1713       1       main.Mapping.Map::getCellXY (9 bytes)
Event: 9.022 Thread 0x00007f74180bd800 nmethod 1713 0x00007f74095182d0 code [0x00007f7409518440, 0x00007f7409518590]
Event: 9.022 Thread 0x00007f74180bd800 1712       3       main.Graph.Graph::add (12 bytes)
Event: 9.022 Thread 0x00007f74180bd800 nmethod 1712 0x00007f7409517e50 code [0x00007f7409517fc0, 0x00007f74095181e8]
Event: 9.023 Thread 0x00007f74180bb800 1714       4       main.Graph.Graph::isInRange (28 bytes)
Event: 9.023 Thread 0x00007f74180b8800 1715       4       main.Graph.Node::link (21 bytes)
Event: 9.024 Thread 0x00007f74180bb800 nmethod 1714 0x00007f7409514b50 code [0x00007f7409514ca0, 0x00007f7409514d98]

GC Heap History (4 events):
Event: 1.005 GC heap before
{Heap before GC invocations=1 (full 0):
 PSYoungGen      total 18432K, used 15872K [0x00000000eb580000, 0x00000000eca00000, 0x0000000100000000)
  eden space 15872K, 100% used [0x00000000eb580000,0x00000000ec500000,0x00000000ec500000)
  from space 2560K, 0% used [0x00000000ec780000,0x00000000ec780000,0x00000000eca00000)
  to   space 2560K, 0% used [0x00000000ec500000,0x00000000ec500000,0x00000000ec780000)
 ParOldGen       total 42496K, used 0K [0x00000000c2000000, 0x00000000c4980000, 0x00000000eb580000)
  object space 42496K, 0% used [0x00000000c2000000,0x00000000c2000000,0x00000000c4980000)
 Metaspace       used 9578K, capacity 9966K, committed 10112K, reserved 1058816K
  class space    used 1270K, capacity 1375K, committed 1408K, reserved 1048576K
Event: 1.014 GC heap after
Heap after GC invocations=1 (full 0):
 PSYoungGen      total 18432K, used 2528K [0x00000000eb580000, 0x00000000eca00000, 0x0000000100000000)
  eden space 15872K, 0% used [0x00000000eb580000,0x00000000eb580000,0x00000000ec500000)
  from space 2560K, 98% used [0x00000000ec500000,0x00000000ec778020,0x00000000ec780000)
  to   space 2560K, 0% used [0x00000000ec780000,0x00000000ec780000,0x00000000eca00000)
 ParOldGen       total 42496K, used 136K [0x00000000c2000000, 0x00000000c4980000, 0x00000000eb580000)
  object space 42496K, 0% used [0x00000000c2000000,0x00000000c2022000,0x00000000c4980000)
 Metaspace       used 9578K, capacity 9966K, committed 10112K, reserved 1058816K
  class space    used 1270K, capacity 1375K, committed 1408K, reserved 1048576K
}
Event: 8.958 GC heap before
{Heap before GC invocations=2 (full 0):
 PSYoungGen      total 18432K, used 18397K [0x00000000eb580000, 0x00000000eca00000, 0x0000000100000000)
  eden space 15872K, 99% used [0x00000000eb580000,0x00000000ec4ff568,0x00000000ec500000)
  from space 2560K, 98% used [0x00000000ec500000,0x00000000ec778020,0x00000000ec780000)
  to   space 2560K, 0% used [0x00000000ec780000,0x00000000ec780000,0x00000000eca00000)
 ParOldGen       total 42496K, used 136K [0x00000000c2000000, 0x00000000c4980000, 0x00000000eb580000)
  object space 42496K, 0% used [0x00000000c2000000,0x00000000c2022000,0x00000000c4980000)
 Metaspace       used 15401K, capacity 16206K, committed 16384K, reserved 1062912K
  class space    used 2293K, capacity 2525K, committed 2560K, reserved 1048576K
Event: 8.971 GC heap after
Heap after GC invocations=2 (full 0):
 PSYoungGen      total 18432K, used 2544K [0x00000000eb580000, 0x00000000eca00000, 0x0000000100000000)
  eden space 15872K, 0% used [0x00000000eb580000,0x00000000eb580000,0x00000000ec500000)
  from space 2560K, 99% used [0x00000000ec780000,0x00000000ec9fc058,0x00000000eca00000)
  to   space 2560K, 0% used [0x00000000ec500000,0x00000000ec500000,0x00000000ec780000)
 ParOldGen       total 42496K, used 2726K [0x00000000c2000000, 0x00000000c4980000, 0x00000000eb580000)
  object space 42496K, 6% used [0x00000000c2000000,0x00000000c22a9aa0,0x00000000c4980000)
 Metaspace       used 15401K, capacity 16206K, committed 16384K, reserved 1062912K
  class space    used 2293K, capacity 2525K, committed 2560K, reserved 1048576K
}

Deoptimization events (10 events):
Event: 1.341 Thread 0x00007f73c40a2000 Uncommon trap: reason=class_check action=maybe_recompile pc=0x00007f740925ca34 method=java.io.DataInputStream.readShort()S @ 4
Event: 1.341 Thread 0x00007f73c40a2000 Uncommon trap: reason=class_check action=maybe_recompile pc=0x00007f740925ca34 method=java.io.DataInputStream.readShort()S @ 4
Event: 1.341 Thread 0x00007f73c40a2000 Uncommon trap: reason=class_check action=maybe_recompile pc=0x00007f740925ca34 method=java.io.DataInputStream.readShort()S @ 4
Event: 1.355 Thread 0x00007f73c40a2000 Uncommon trap: reason=class_check action=maybe_recompile pc=0x00007f740911c678 method=java.lang.String.equals(Ljava/lang/Object;)Z @ 8
Event: 1.355 Thread 0x00007f73c40a2000 Uncommon trap: reason=class_check action=maybe_recompile pc=0x00007f740911c678 method=java.lang.String.equals(Ljava/lang/Object;)Z @ 8
Event: 1.356 Thread 0x00007f73c40a2000 Uncommon trap: reason=class_check action=maybe_recompile pc=0x00007f740911c678 method=java.lang.String.equals(Ljava/lang/Object;)Z @ 8
Event: 1.356 Thread 0x00007f73c40a2000 Uncommon trap: reason=class_check action=maybe_recompile pc=0x00007f740911c678 method=java.lang.String.equals(Ljava/lang/Object;)Z @ 8
Event: 1.476 Thread 0x00007f73c40a2000 Uncommon trap: reason=unstable_if action=reinterpret pc=0x00007f74092e1580 method=sun.misc.URLClassPath$JarLoader.getResource(Ljava/lang/String;Z)Lsun/misc/Resource; @ 62
Event: 1.765 Thread 0x00007f73c404c800 Uncommon trap: reason=unstable_if action=reinterpret pc=0x00007f74092bccdc method=sun.net.www.ParseUtil.encodePath(Ljava/lang/String;Z)Ljava/lang/String; @ 109
Event: 6.061 Thread 0x00007f73c40a2000 Uncommon trap: reason=unstable_if action=reinterpret pc=0x00007f74092dd2bc method=jdk.internal.org.objectweb.asm.Type.getArgumentsAndReturnSizes(Ljava/lang/String;)I @ 47

Internal exceptions (10 events):
Event: 0.243 Thread 0x00007f741800a000 Exception <a 'java/lang/NoSuchFieldError': method resolution failed> (0x00000000eb7adfd8) thrown at [/HUDSON3/workspace/8-2-build-linux-amd64/jdk8u121/8372/hotspot/src/share/vm/prims/methodHandles.cpp, line 1146]
Event: 0.245 Thread 0x00007f741800a000 Exception <a 'java/lang/NoSuchFieldError': method resolution failed> (0x00000000eb7bb358) thrown at [/HUDSON3/workspace/8-2-build-linux-amd64/jdk8u121/8372/hotspot/src/share/vm/prims/methodHandles.cpp, line 1146]
Event: 0.295 Thread 0x00007f7418212800 Exception <a 'java/security/PrivilegedActionException'> (0x00000000eb864458) thrown at [/HUDSON3/workspace/8-2-build-linux-amd64/jdk8u121/8372/hotspot/src/share/vm/prims/jvm.cpp, line 1390]
Event: 0.295 Thread 0x00007f7418212800 Exception <a 'java/security/PrivilegedActionException'> (0x00000000eb864668) thrown at [/HUDSON3/workspace/8-2-build-linux-amd64/jdk8u121/8372/hotspot/src/share/vm/prims/jvm.cpp, line 1390]
Event: 0.295 Thread 0x00007f7418212800 Exception <a 'java/security/PrivilegedActionException'> (0x00000000eb866ad0) thrown at [/HUDSON3/workspace/8-2-build-linux-amd64/jdk8u121/8372/hotspot/src/share/vm/prims/jvm.cpp, line 1390]
Event: 0.295 Thread 0x00007f7418212800 Exception <a 'java/security/PrivilegedActionException'> (0x00000000eb866ce0) thrown at [/HUDSON3/workspace/8-2-build-linux-amd64/jdk8u121/8372/hotspot/src/share/vm/prims/jvm.cpp, line 1390]
Event: 0.296 Thread 0x00007f7418212800 Exception <a 'java/lang/NullPointerException'> (0x00000000eb8672b8) thrown at [/HUDSON3/workspace/8-2-build-linux-amd64/jdk8u121/8372/hotspot/src/share/vm/interpreter/linkResolver.cpp, line 1178]
Event: 0.729 Thread 0x00007f73c40a2000 Exception <a 'java/lang/NullPointerException'> (0x00000000ebf96ab0) thrown at [/HUDSON3/workspace/8-2-build-linux-amd64/jdk8u121/8372/hotspot/src/share/vm/interpreter/linkResolver.cpp, line 1178]
Event: 0.729 Thread 0x00007f73c40a2000 Exception <a 'java/lang/NullPointerException'> (0x00000000ebf96ab0) thrown at [/HUDSON3/workspace/8-2-build-linux-amd64/jdk8u121/8372/hotspot/src/share/vm/prims/jvm.cpp, line 1394]
Event: 1.111 Thread 0x00007f73c40a2000 Implicit null exception at 0x00007f740926dd35 to 0x00007f740926df19

Events (10 events):
Event: 9.000 loading class main/Brain/EvolvedAI
Event: 9.000 loading class main/Brain/EvolvedAI done
Event: 9.000 loading class main/Ant/EvolvedSensor
Event: 9.000 loading class main/Ant/EvolvedSensor done
Event: 9.016 loading class main/Graph/Graph
Event: 9.016 loading class main/Graph/Graph done
Event: 9.017 loading class main/Graph/Node
Event: 9.017 loading class main/Graph/Node done
Event: 9.020 loading class main/Graph/Edge
Event: 9.020 loading class main/Graph/Edge done


Dynamic libraries:
00400000-00401000 r-xp 00000000 08:01 1708709                            /usr/lib/jvm/java-8-oracle/bin/java
00600000-00601000 rw-p 00000000 08:01 1708709                            /usr/lib/jvm/java-8-oracle/bin/java
00d7b000-00d9c000 rw-p 00000000 00:00 0                                  [heap]
40e34000-40ed0000 rw-p 00000000 00:00 0 
40ff3000-40ff5000 r-xs 00000000 08:01 1181683                            /tmp/.gl7K5MDF (deleted)
c2000000-c4980000 rw-p 00000000 00:00 0 
c4980000-eb580000 ---p 00000000 00:00 0 
eb580000-eca00000 rw-p 00000000 00:00 0 
eca00000-100000000 ---p 00000000 00:00 0 
100000000-1002a0000 rw-p 00000000 00:00 0 
1002a0000-140000000 ---p 00000000 00:00 0 
7f73ac000000-7f73ac587000 rw-p 00000000 00:00 0 
7f73ac587000-7f73b0000000 ---p 00000000 00:00 0 
7f73b0000000-7f73b0021000 rw-p 00000000 00:00 0 
7f73b0021000-7f73b4000000 ---p 00000000 00:00 0 
7f73b4000000-7f73b4021000 rw-p 00000000 00:00 0 
7f73b4021000-7f73b8000000 ---p 00000000 00:00 0 
7f73b9578000-7f73b9778000 rw-s 7e279000 00:05 14499                      /dev/nvidiactl
7f73b9778000-7f73b97f8000 rw-s 67896000 00:05 14499                      /dev/nvidiactl
7f73b97f8000-7f73b9bf8000 rw-s 8c17a000 00:05 14499                      /dev/nvidiactl
7f73b9bf8000-7f73ba608000 rw-p 00000000 00:00 0 
7f73ba608000-7f73ba808000 rw-s 4b3bf000 00:05 14499                      /dev/nvidiactl
7f73ba808000-7f73bac17000 rw-p 00000000 00:00 0 
7f73bac17000-7f73bacc1000 r--p 00000000 08:01 528119                     /usr/share/fonts/truetype/dejavu/DejaVuSans-Bold.ttf
7f73bacc1000-7f73bacc6000 r--s 00084000 08:01 1708794                    /usr/lib/jvm/java-8-oracle/jre/lib/jfr.jar
7f73bacc6000-7f73baec6000 rw-p 00000000 00:00 0 
7f73baec6000-7f73baed9000 r--s 00345000 08:01 1708817                    /usr/lib/jvm/java-8-oracle/jre/lib/resources.jar
7f73baed9000-7f73baedd000 r--s 0009a000 08:01 1708735                    /usr/lib/jvm/java-8-oracle/jre/lib/jsse.jar
7f73baedd000-7f73bb0dd000 rw-p 00000000 00:00 0 
7f73bb0dd000-7f73bb0e0000 ---p 00000000 00:00 0 
7f73bb0e0000-7f73bb1de000 rw-p 00000000 00:00 0                          [stack:11960]
7f73bb1de000-7f73bb294000 r--p 00000000 08:01 528123                     /usr/share/fonts/truetype/dejavu/DejaVuSans.ttf
7f73bb294000-7f73bb2a7000 r--p 00000000 08:01 1708917                    /usr/lib/jvm/java-8-oracle/jre/lib/fonts/LucidaBrightDemiBold.ttf
7f73bb2a7000-7f73bb2bb000 r--p 00000000 08:01 1708920                    /usr/lib/jvm/java-8-oracle/jre/lib/fonts/LucidaBrightItalic.ttf
7f73bb2bb000-7f73bb366000 r--p 00000000 08:01 1708916                    /usr/lib/jvm/java-8-oracle/jre/lib/fonts/LucidaSansRegular.ttf
7f73bb366000-7f73bb3a0000 r--p 00000000 08:01 1708918                    /usr/lib/jvm/java-8-oracle/jre/lib/fonts/LucidaTypewriterBold.ttf
7f73bb3a0000-7f73bb3ee000 r--p 00000000 08:01 1708923                    /usr/lib/jvm/java-8-oracle/jre/lib/fonts/LucidaSansDemiBold.ttf
7f73bb3ee000-7f73bb443000 r--p 00000000 08:01 1708919                    /usr/lib/jvm/java-8-oracle/jre/lib/fonts/LucidaBrightRegular.ttf
7f73bb443000-7f73bb47f000 r--p 00000000 08:01 1708922                    /usr/lib/jvm/java-8-oracle/jre/lib/fonts/LucidaTypewriterRegular.ttf
7f73bb47f000-7f73bb492000 r--p 00000000 08:01 1708924                    /usr/lib/jvm/java-8-oracle/jre/lib/fonts/LucidaBrightDemiItalic.ttf
7f73bb492000-7f73bb496000 r-xp 00000000 08:01 1708873                    /usr/lib/jvm/java-8-oracle/jre/lib/amd64/libjavafx_font_pango.so
7f73bb496000-7f73bb695000 ---p 00004000 08:01 1708873                    /usr/lib/jvm/java-8-oracle/jre/lib/amd64/libjavafx_font_pango.so
7f73bb695000-7f73bb696000 rw-p 00003000 08:01 1708873                    /usr/lib/jvm/java-8-oracle/jre/lib/amd64/libjavafx_font_pango.so
7f73bb696000-7f73bb6a1000 r--s 00000000 08:01 6422584                    /var/cache/fontconfig/945677eb7aeaf62f1d50efc3fb3ec7d8-le64.cache-4
7f73bb6a1000-7f73bb6a8000 r--s 00000000 08:01 6432375                    /var/cache/fontconfig/3047814df9a2f067bd2d96a2b9c36e5a-le64.cache-4
7f73bb6a8000-7f73bb6bb000 r--s 00000000 08:01 6432360                    /var/cache/fontconfig/d52a8644073d54c13679302ca1180695-le64.cache-4
7f73bb6bb000-7f73bb6c0000 r-xp 00000000 08:01 1708869                    /usr/lib/jvm/java-8-oracle/jre/lib/amd64/libjavafx_font_freetype.so
7f73bb6c0000-7f73bb8bf000 ---p 00005000 08:01 1708869                    /usr/lib/jvm/java-8-oracle/jre/lib/amd64/libjavafx_font_freetype.so
7f73bb8bf000-7f73bb8c0000 rw-p 00004000 08:01 1708869                    /usr/lib/jvm/java-8-oracle/jre/lib/amd64/libjavafx_font_freetype.so
7f73bb8c0000-7f73bb8c3000 r-xp 00000000 08:01 1708831                    /usr/lib/jvm/java-8-oracle/jre/lib/amd64/libjavafx_font.so
7f73bb8c3000-7f73bbac2000 ---p 00003000 08:01 1708831                    /usr/lib/jvm/java-8-oracle/jre/lib/amd64/libjavafx_font.so
7f73bbac2000-7f73bbac3000 rw-p 00002000 08:01 1708831                    /usr/lib/jvm/java-8-oracle/jre/lib/amd64/libjavafx_font.so
7f73bbac3000-7f73bbac6000 ---p 00000000 00:00 0 
7f73bbac6000-7f73bbbc4000 rw-p 00000000 00:00 0                          [stack:11956]
7f73bbbc4000-7f73bbbc7000 ---p 00000000 00:00 0 
7f73bbbc7000-7f73bbcc5000 rw-p 00000000 00:00 0                          [stack:11955]
7f73bbcc5000-7f73bbcee000 r-xp 00000000 08:01 1708881                    /usr/lib/jvm/java-8-oracle/jre/lib/amd64/libglass.so
7f73bbcee000-7f73bbeed000 ---p 00029000 08:01 1708881                    /usr/lib/jvm/java-8-oracle/jre/lib/amd64/libglass.so
7f73bbeed000-7f73bbef0000 rw-p 00028000 08:01 1708881                    /usr/lib/jvm/java-8-oracle/jre/lib/amd64/libglass.so
7f73bbef0000-7f73bbf30000 rw-s c0018000 00:05 14311                      /dev/nvidia1
7f73bbf30000-7f73bbfb0000 rw-s 67995000 00:05 14499                      /dev/nvidiactl
7f73bbfb0000-7f73bc0b0000 rw-s 00000000 00:04 34635796                   /SYSV00000000 (deleted)
7f73bc0b0000-7f73bc130000 rw-s 101ae9000 00:05 14499                     /dev/nvidiactl
7f73bc130000-7f73bc1e4000 rw-s 13ab8f000 00:05 14499                     /dev/nvidiactl
7f73bc1e4000-7f73bc1ea000 r-xp 00000000 08:01 7345962                    /usr/lib/x86_64-linux-gnu/libdatrie.so.1.3.1
7f73bc1ea000-7f73bc3ea000 ---p 00006000 08:01 7345962                    /usr/lib/x86_64-linux-gnu/libdatrie.so.1.3.1
7f73bc3ea000-7f73bc3eb000 r--p 00006000 08:01 7345962                    /usr/lib/x86_64-linux-gnu/libdatrie.so.1.3.1
7f73bc3eb000-7f73bc3ec000 rw-p 00007000 08:01 7345962                    /usr/lib/x86_64-linux-gnu/libdatrie.so.1.3.1
7f73bc3ec000-7f73bc3f1000 r-xp 00000000 08:01 7345770                    /usr/lib/x86_64-linux-gnu/libXdmcp.so.6.0.0
7f73bc3f1000-7f73bc5f0000 ---p 00005000 08:01 7345770                    /usr/lib/x86_64-linux-gnu/libXdmcp.so.6.0.0
7f73bc5f0000-7f73bc5f1000 rw-p 00004000 08:01 7345770                    /usr/lib/x86_64-linux-gnu/libXdmcp.so.6.0.0
7f73bc5f1000-7f73bc5f4000 r-xp 00000000 08:01 7345759                    /usr/lib/x86_64-linux-gnu/libXau.so.6.0.0
7f73bc5f4000-7f73bc7f3000 ---p 00003000 08:01 7345759                    /usr/lib/x86_64-linux-gnu/libXau.so.6.0.0
7f73bc7f3000-7f73bc7f4000 r--p 00002000 08:01 7345759                    /usr/lib/x86_64-linux-gnu/libXau.so.6.0.0
7f73bc7f4000-7f73bc7f5000 rw-p 00003000 08:01 7345759                    /usr/lib/x86_64-linux-gnu/libXau.so.6.0.0
7f73bc7f5000-7f73bc819000 r-xp 00000000 08:01 7345896                    /usr/lib/x86_64-linux-gnu/libgraphite2.so.3.0.1
7f73bc819000-7f73bca18000 ---p 00024000 08:01 7345896                    /usr/lib/x86_64-linux-gnu/libgraphite2.so.3.0.1
7f73bca18000-7f73bca1a000 r--p 00023000 08:01 7345896                    /usr/lib/x86_64-linux-gnu/libgraphite2.so.3.0.1
7f73bca1a000-7f73bca1b000 rw-p 00025000 08:01 7345896                    /usr/lib/x86_64-linux-gnu/libgraphite2.so.3.0.1
7f73bca1b000-7f73be3dd000 r-xp 00000000 08:01 7216242                    /usr/lib/libnvidia-glcore.so.340.96
7f73be3dd000-7f73be3fb000 rwxp 019c2000 08:01 7216242                    /usr/lib/libnvidia-glcore.so.340.96
7f73be3fb000-7f73be879000 r-xp 019e0000 08:01 7216242                    /usr/lib/libnvidia-glcore.so.340.96
7f73be879000-7f73bea78000 ---p 01e5e000 08:01 7216242                    /usr/lib/libnvidia-glcore.so.340.96
7f73bea78000-7f73bf612000 rw-p 01e5d000 08:01 7216242                    /usr/lib/libnvidia-glcore.so.340.96
7f73bf612000-7f73bf62f000 rw-p 00000000 00:00 0 
7f73bf62f000-7f73bf632000 r-xp 00000000 08:01 7216246                    /usr/lib/tls/libnvidia-tls.so.340.96
7f73bf632000-7f73bf831000 ---p 00003000 08:01 7216246                    /usr/lib/tls/libnvidia-tls.so.340.96
7f73bf831000-7f73bf832000 rw-p 00002000 08:01 7216246                    /usr/lib/tls/libnvidia-tls.so.340.96
7f73bf832000-7f73bf89e000 r-xp 00000000 08:01 2491427                    /lib/x86_64-linux-gnu/libpcre.so.3.13.1
7f73bf89e000-7f73bfa9e000 ---p 0006c000 08:01 2491427                    /lib/x86_64-linux-gnu/libpcre.so.3.13.1
7f73bfa9e000-7f73bfa9f000 r--p 0006c000 08:01 2491427                    /lib/x86_64-linux-gnu/libpcre.so.3.13.1
7f73bfa9f000-7f73bfaa0000 rw-p 0006d000 08:01 2491427                    /lib/x86_64-linux-gnu/libpcre.so.3.13.1
7f73bfaa0000-7f73bfaa7000 r-xp 00000000 08:01 7346053                    /usr/lib/x86_64-linux-gnu/libffi.so.6.0.2
7f73bfaa7000-7f73bfca6000 ---p 00007000 08:01 7346053                    /usr/lib/x86_64-linux-gnu/libffi.so.6.0.2
7f73bfca6000-7f73bfca7000 r--p 00006000 08:01 7346053                    /usr/lib/x86_64-linux-gnu/libffi.so.6.0.2
7f73bfca7000-7f73bfca8000 rw-p 00007000 08:01 7346053                    /usr/lib/x86_64-linux-gnu/libffi.so.6.0.2
7f73bfca8000-7f73bfcce000 r-xp 00000000 08:01 2490808                    /lib/x86_64-linux-gnu/libexpat.so.1.6.0
7f73bfcce000-7f73bfecd000 ---p 00026000 08:01 2490808                    /lib/x86_64-linux-gnu/libexpat.so.1.6.0
7f73bfecd000-7f73bfed0000 r--p 00025000 08:01 2490808                    /lib/x86_64-linux-gnu/libexpat.so.1.6.0
7f73bfed0000-7f73bfed1000 rw-p 00028000 08:01 2490808                    /lib/x86_64-linux-gnu/libexpat.so.1.6.0
7f73bfed1000-7f73bfed9000 r-xp 00000000 08:01 7346744                    /usr/lib/x86_64-linux-gnu/libthai.so.0.2.0
7f73bfed9000-7f73c00d8000 ---p 00008000 08:01 7346744                    /usr/lib/x86_64-linux-gnu/libthai.so.0.2.0
7f73c00d8000-7f73c00d9000 r--p 00007000 08:01 7346744                    /usr/lib/x86_64-linux-gnu/libthai.so.0.2.0
7f73c00d9000-7f73c00da000 rw-p 00008000 08:01 7346744                    /usr/lib/x86_64-linux-gnu/libthai.so.0.2.0
7f73c00da000-7f73c00fb000 r-xp 00000000 08:01 7346920                    /usr/lib/x86_64-linux-gnu/libxcb.so.1.1.0
7f73c00fb000-7f73c02fa000 ---p 00021000 08:01 7346920                    /usr/lib/x86_64-linux-gnu/libxcb.so.1.1.0
7f73c02fa000-7f73c02fb000 r--p 00020000 08:01 7346920                    /usr/lib/x86_64-linux-gnu/libxcb.so.1.1.0
7f73c02fb000-7f73c02fc000 rw-p 00021000 08:01 7346920                    /usr/lib/x86_64-linux-gnu/libxcb.so.1.1.0
7f73c02fc000-7f73c0305000 r-xp 00000000 08:01 7346904                    /usr/lib/x86_64-linux-gnu/libxcb-render.so.0.0.0
7f73c0305000-7f73c0504000 ---p 00009000 08:01 7346904                    /usr/lib/x86_64-linux-gnu/libxcb-render.so.0.0.0
7f73c0504000-7f73c0505000 r--p 00008000 08:01 7346904                    /usr/lib/x86_64-linux-gnu/libxcb-render.so.0.0.0
7f73c0505000-7f73c0506000 rw-p 00009000 08:01 7346904                    /usr/lib/x86_64-linux-gnu/libxcb-render.so.0.0.0
7f73c0506000-7f73c0508000 r-xp 00000000 08:01 7346908                    /usr/lib/x86_64-linux-gnu/libxcb-shm.so.0.0.0
7f73c0508000-7f73c0708000 ---p 00002000 08:01 7346908                    /usr/lib/x86_64-linux-gnu/libxcb-shm.so.0.0.0
7f73c0708000-7f73c0709000 r--p 00002000 08:01 7346908                    /usr/lib/x86_64-linux-gnu/libxcb-shm.so.0.0.0
7f73c0709000-7f73c070a000 rw-p 00003000 08:01 7346908                    /usr/lib/x86_64-linux-gnu/libxcb-shm.so.0.0.0
7f73c070a000-7f73c07af000 r-xp 00000000 08:01 7346543                    /usr/lib/x86_64-linux-gnu/libpixman-1.so.0.32.6
7f73c07af000-7f73c09ae000 ---p 000a5000 08:01 7346543                    /usr/lib/x86_64-linux-gnu/libpixman-1.so.0.32.6
7f73c09ae000-7f73c09b6000 r--p 000a4000 08:01 7346543                    /usr/lib/x86_64-linux-gnu/libpixman-1.so.0.32.6
7f73c09b6000-7f73c09b7000 rw-p 000ac000 08:01 7346543                    /usr/lib/x86_64-linux-gnu/libpixman-1.so.0.32.6
7f73c09b7000-7f73c09dd000 r-xp 00000000 08:01 2492063                    /lib/x86_64-linux-gnu/libpng12.so.0.50.0
7f73c09dd000-7f73c0bdc000 ---p 00026000 08:01 2492063                    /lib/x86_64-linux-gnu/libpng12.so.0.50.0
7f73c0bdc000-7f73c0bdd000 r--p 00025000 08:01 2492063                    /lib/x86_64-linux-gnu/libpng12.so.0.50.0
7f73c0bdd000-7f73c0bde000 rw-p 00026000 08:01 2492063                    /lib/x86_64-linux-gnu/libpng12.so.0.50.0
7f73c0bde000-7f73c0c33000 r-xp 00000000 08:01 7346275                    /usr/lib/x86_64-linux-gnu/libharfbuzz.so.0.935.0
7f73c0c33000-7f73c0e32000 ---p 00055000 08:01 7346275                    /usr/lib/x86_64-linux-gnu/libharfbuzz.so.0.935.0
7f73c0e32000-7f73c0e34000 r--p 00054000 08:01 7346275                    /usr/lib/x86_64-linux-gnu/libharfbuzz.so.0.935.0
7f73c0e34000-7f73c0e35000 rw-p 00056000 08:01 7346275                    /usr/lib/x86_64-linux-gnu/libharfbuzz.so.0.935.0
7f73c0e35000-7f73c0e49000 r-xp 00000000 08:01 2491464                    /lib/x86_64-linux-gnu/libresolv-2.19.so
7f73c0e49000-7f73c1048000 ---p 00014000 08:01 2491464                    /lib/x86_64-linux-gnu/libresolv-2.19.so
7f73c1048000-7f73c1049000 r--p 00013000 08:01 2491464                    /lib/x86_64-linux-gnu/libresolv-2.19.so
7f73c1049000-7f73c104a000 rw-p 00014000 08:01 2491464                    /lib/x86_64-linux-gnu/libresolv-2.19.so
7f73c104a000-7f73c104c000 rw-p 00000000 00:00 0 
7f73c104c000-7f73c106d000 r-xp 00000000 08:01 2492076                    /lib/x86_64-linux-gnu/libselinux.so.1
7f73c106d000-7f73c126d000 ---p 00021000 08:01 2492076                    /lib/x86_64-linux-gnu/libselinux.so.1
7f73c126d000-7f73c126e000 r--p 00021000 08:01 2492076                    /lib/x86_64-linux-gnu/libselinux.so.1
7f73c126e000-7f73c126f000 rw-p 00022000 08:01 2492076                    /lib/x86_64-linux-gnu/libselinux.so.1
7f73c126f000-7f73c1271000 rw-p 00000000 00:00 0 
7f73c1271000-7f73c128b000 r-xp 00000000 08:01 2492107                    /lib/x86_64-linux-gnu/libz.so.1.2.8
7f73c128b000-7f73c148a000 ---p 0001a000 08:01 2492107                    /lib/x86_64-linux-gnu/libz.so.1.2.8
7f73c148a000-7f73c148b000 r--p 00019000 08:01 2492107                    /lib/x86_64-linux-gnu/libz.so.1.2.8
7f73c148b000-7f73c148c000 rw-p 0001a000 08:01 2492107                    /lib/x86_64-linux-gnu/libz.so.1.2.8
7f73c148c000-7f73c149d000 r-xp 00000000 08:01 7345772                    /usr/lib/x86_64-linux-gnu/libXext.so.6.4.0
7f73c149d000-7f73c169c000 ---p 00011000 08:01 7345772                    /usr/lib/x86_64-linux-gnu/libXext.so.6.4.0
7f73c169c000-7f73c169d000 r--p 00010000 08:01 7345772                    /usr/lib/x86_64-linux-gnu/libXext.so.6.4.0
7f73c169d000-7f73c169e000 rw-p 00011000 08:01 7345772                    /usr/lib/x86_64-linux-gnu/libXext.so.6.4.0
7f73c169e000-7f73c16a8000 r-xp 00000000 08:01 7345766                    /usr/lib/x86_64-linux-gnu/libXcursor.so.1.0.2
7f73c16a8000-7f73c18a7000 ---p 0000a000 08:01 7345766                    /usr/lib/x86_64-linux-gnu/libXcursor.so.1.0.2
7f73c18a7000-7f73c18a8000 r--p 00009000 08:01 7345766                    /usr/lib/x86_64-linux-gnu/libXcursor.so.1.0.2
7f73c18a8000-7f73c18a9000 rw-p 0000a000 08:01 7345766                    /usr/lib/x86_64-linux-gnu/libXcursor.so.1.0.2
7f73c18a9000-7f73c18b2000 r-xp 00000000 08:01 7345790                    /usr/lib/x86_64-linux-gnu/libXrandr.so.2.2.0
7f73c18b2000-7f73c1ab1000 ---p 00009000 08:01 7345790                    /usr/lib/x86_64-linux-gnu/libXrandr.so.2.2.0
7f73c1ab1000-7f73c1ab2000 r--p 00008000 08:01 7345790                    /usr/lib/x86_64-linux-gnu/libXrandr.so.2.2.0
7f73c1ab2000-7f73c1ab3000 rw-p 00009000 08:01 7345790                    /usr/lib/x86_64-linux-gnu/libXrandr.so.2.2.0
7f73c1ab3000-7f73c1ac2000 r-xp 00000000 08:01 7345780                    /usr/lib/x86_64-linux-gnu/libXi.so.6.1.0
7f73c1ac2000-7f73c1cc1000 ---p 0000f000 08:01 7345780                    /usr/lib/x86_64-linux-gnu/libXi.so.6.1.0
7f73c1cc1000-7f73c1cc2000 r--p 0000e000 08:01 7345780                    /usr/lib/x86_64-linux-gnu/libXi.so.6.1.0
7f73c1cc2000-7f73c1cc3000 rw-p 0000f000 08:01 7345780                    /usr/lib/x86_64-linux-gnu/libXi.so.6.1.0
7f73c1cc3000-7f73c1cc5000 r-xp 00000000 08:01 7345782                    /usr/lib/x86_64-linux-gnu/libXinerama.so.1.0.0
7f73c1cc5000-7f73c1ec4000 ---p 00002000 08:01 7345782                    /usr/lib/x86_64-linux-gnu/libXinerama.so.1.0.0
7f73c1ec4000-7f73c1ec5000 r--p 00001000 08:01 7345782                    /usr/lib/x86_64-linux-gnu/libXinerama.so.1.0.0
7f73c1ec5000-7f73c1ec6000 rw-p 00002000 08:01 7345782                    /usr/lib/x86_64-linux-gnu/libXinerama.so.1.0.0
7f73c1ec6000-7f73c1ecf000 r-xp 00000000 08:01 7345792                    /usr/lib/x86_64-linux-gnu/libXrender.so.1.3.0
7f73c1ecf000-7f73c20ce000 ---p 00009000 08:01 7345792                    /usr/lib/x86_64-linux-gnu/libXrender.so.1.3.0
7f73c20ce000-7f73c20cf000 r--p 00008000 08:01 7345792                    /usr/lib/x86_64-linux-gnu/libXrender.so.1.3.0
7f73c20cf000-7f73c20d0000 rw-p 00009000 08:01 7345792                    /usr/lib/x86_64-linux-gnu/libXrender.so.1.3.0
7f73c20d0000-7f73c20d5000 r-xp 00000000 08:01 7345774                    /usr/lib/x86_64-linux-gnu/libXfixes.so.3.1.0
7f73c20d5000-7f73c22d4000 ---p 00005000 08:01 7345774                    /usr/lib/x86_64-linux-gnu/libXfixes.so.3.1.0
7f73c22d4000-7f73c22d5000 r--p 00004000 08:01 7345774                    /usr/lib/x86_64-linux-gnu/libXfixes.so.3.1.0
7f73c22d5000-7f73c22d6000 rw-p 00005000 08:01 7345774                    /usr/lib/x86_64-linux-gnu/libXfixes.so.3.1.0
7f73c22d6000-7f73c22d8000 r-xp 00000000 08:01 7345768                    /usr/lib/x86_64-linux-gnu/libXdamage.so.1.1.0
7f73c22d8000-7f73c24d7000 ---p 00002000 08:01 7345768                    /usr/lib/x86_64-linux-gnu/libXdamage.so.1.1.0
7f73c24d7000-7f73c24d8000 r--p 00001000 08:01 7345768                    /usr/lib/x86_64-linux-gnu/libXdamage.so.1.1.0
7f73c24d8000-7f73c24d9000 rw-p 00002000 08:01 7345768                    /usr/lib/x86_64-linux-gnu/libXdamage.so.1.1.0
7f73c24d9000-7f73c24db000 r-xp 00000000 08:01 7345764                    /usr/lib/x86_64-linux-gnu/libXcomposite.so.1.0.0
7f73c24db000-7f73c26da000 ---p 00002000 08:01 7345764                    /usr/lib/x86_64-linux-gnu/libXcomposite.so.1.0.0
7f73c26da000-7f73c26db000 r--p 00001000 08:01 7345764                    /usr/lib/x86_64-linux-gnu/libXcomposite.so.1.0.0
7f73c26db000-7f73c26dc000 rw-p 00002000 08:01 7345764                    /usr/lib/x86_64-linux-gnu/libXcomposite.so.1.0.0
7f73c26dc000-7f73c26f2000 r-xp 00000000 08:01 2491972                    /lib/x86_64-linux-gnu/libgcc_s.so.1
7f73c26f2000-7f73c28f1000 ---p 00016000 08:01 2491972                    /lib/x86_64-linux-gnu/libgcc_s.so.1
7f73c28f1000-7f73c28f2000 rw-p 00015000 08:01 2491972                    /lib/x86_64-linux-gnu/libgcc_s.so.1
7f73c28f2000-7f73c29de000 r-xp 00000000 08:01 7346722                    /usr/lib/x86_64-linux-gnu/libstdc++.so.6.0.20
7f73c29de000-7f73c2bde000 ---p 000ec000 08:01 7346722                    /usr/lib/x86_64-linux-gnu/libstdc++.so.6.0.20
7f73c2bde000-7f73c2be6000 r--p 000ec000 08:01 7346722                    /usr/lib/x86_64-linux-gnu/libstdc++.so.6.0.20
7f73c2be6000-7f73c2be8000 rw-p 000f4000 08:01 7346722                    /usr/lib/x86_64-linux-gnu/libstdc++.so.6.0.20
7f73c2be8000-7f73c2bfd000 rw-p 00000000 00:00 0 
7f73c2bfd000-7f73c2cc4000 r-xp 00000000 08:01 7216243                    /usr/lib/libGL.so.340.96
7f73c2cc4000-7f73c2cf3000 rwxp 000c7000 08:01 7216243                    /usr/lib/libGL.so.340.96
7f73c2cf3000-7f73c2d0f000 r-xp 000f6000 08:01 7216243                    /usr/lib/libGL.so.340.96
7f73c2d0f000-7f73c2f0e000 ---p 00112000 08:01 7216243                    /usr/lib/libGL.so.340.96
7f73c2f0e000-7f73c2f33000 rw-p 00111000 08:01 7216243                    /usr/lib/libGL.so.340.96
7f73c2f33000-7f73c2f49000 rw-p 00000000 00:00 0 
7f73c2f49000-7f73c2f4e000 r-xp 00000000 08:01 7345808                    /usr/lib/x86_64-linux-gnu/libXxf86vm.so.1.0.0
7f73c2f4e000-7f73c314d000 ---p 00005000 08:01 7345808                    /usr/lib/x86_64-linux-gnu/libXxf86vm.so.1.0.0
7f73c314d000-7f73c314e000 r--p 00004000 08:01 7345808                    /usr/lib/x86_64-linux-gnu/libXxf86vm.so.1.0.0
7f73c314e000-7f73c314f000 rw-p 00005000 08:01 7345808                    /usr/lib/x86_64-linux-gnu/libXxf86vm.so.1.0.0
7f73c314f000-7f73c328b000 r-xp 00000000 08:01 7345757                    /usr/lib/x86_64-linux-gnu/libX11.so.6.3.0
7f73c328b000-7f73c348a000 ---p 0013c000 08:01 7345757                    /usr/lib/x86_64-linux-gnu/libX11.so.6.3.0
7f73c348a000-7f73c348c000 r--p 0013b000 08:01 7345757                    /usr/lib/x86_64-linux-gnu/libX11.so.6.3.0
7f73c348c000-7f73c3491000 rw-p 0013d000 08:01 7345757                    /usr/lib/x86_64-linux-gnu/libX11.so.6.3.0
7f73c3491000-7f73c3492000 rw-p 00000000 00:00 0 
7f73c3492000-7f73c3497000 r-xp 00000000 08:01 7345798                    /usr/lib/x86_64-linux-gnu/libXtst.so.6.1.0
7f73c3497000-7f73c3696000 ---p 00005000 08:01 7345798                    /usr/lib/x86_64-linux-gnu/libXtst.so.6.1.0
7f73c3696000-7f73c3697000 r--p 00004000 08:01 7345798                    /usr/lib/x86_64-linux-gnu/libXtst.so.6.1.0
7f73c3697000-7f73c3698000 rw-p 00005000 08:01 7345798                    /usr/lib/x86_64-linux-gnu/libXtst.so.6.1.0
7f73c3698000-7f73c37a4000 r-xp 00000000 08:01 2491429                    /lib/x86_64-linux-gnu/libglib-2.0.so.0.4200.1
7f73c37a4000-7f73c39a4000 ---p 0010c000 08:01 2491429                    /lib/x86_64-linux-gnu/libglib-2.0.so.0.4200.1
7f73c39a4000-7f73c39a5000 r--p 0010c000 08:01 2491429                    /lib/x86_64-linux-gnu/libglib-2.0.so.0.4200.1
7f73c39a5000-7f73c39a6000 rw-p 0010d000 08:01 2491429                    /lib/x86_64-linux-gnu/libglib-2.0.so.0.4200.1
7f73c39a6000-7f73c39a7000 rw-p 00000000 00:00 0 
7f73c39a7000-7f73c39a8000 r-xp 00000000 08:01 7347508                    /usr/lib/x86_64-linux-gnu/libgthread-2.0.so.0.4200.1
7f73c39a8000-7f73c3ba7000 ---p 00001000 08:01 7347508                    /usr/lib/x86_64-linux-gnu/libgthread-2.0.so.0.4200.1
7f73c3ba7000-7f73c3ba8000 r--p 00000000 08:01 7347508                    /usr/lib/x86_64-linux-gnu/libgthread-2.0.so.0.4200.1
7f73c3ba8000-7f73c3ba9000 rw-p 00001000 08:01 7347508                    /usr/lib/x86_64-linux-gnu/libgthread-2.0.so.0.4200.1
7f73c3ba9000-7f73c3bac000 r-xp 00000000 08:01 7347500                    /usr/lib/x86_64-linux-gnu/libgmodule-2.0.so.0.4200.1
7f73c3bac000-7f73c3dab000 ---p 00003000 08:01 7347500                    /usr/lib/x86_64-linux-gnu/libgmodule-2.0.so.0.4200.1
7f73c3dab000-7f73c3dac000 r--p 00002000 08:01 7347500                    /usr/lib/x86_64-linux-gnu/libgmodule-2.0.so.0.4200.1
7f73c3dac000-7f73c3dad000 rw-p 00003000 08:01 7347500                    /usr/lib/x86_64-linux-gnu/libgmodule-2.0.so.0.4200.1
7f73c3dad000-7f73c3dfe000 r-xp 00000000 08:01 7347494                    /usr/lib/x86_64-linux-gnu/libgobject-2.0.so.0.4200.1
7f73c3dfe000-7f73c3ffe000 ---p 00051000 08:01 7347494                    /usr/lib/x86_64-linux-gnu/libgobject-2.0.so.0.4200.1
7f73c3ffe000-7f73c3fff000 r--p 00051000 08:01 7347494                    /usr/lib/x86_64-linux-gnu/libgobject-2.0.so.0.4200.1
7f73c3fff000-7f73c4000000 rw-p 00052000 08:01 7347494                    /usr/lib/x86_64-linux-gnu/libgobject-2.0.so.0.4200.1
7f73c4000000-7f73c4297000 rw-p 00000000 00:00 0 
7f73c4297000-7f73c8000000 ---p 00000000 00:00 0 
7f73c8000000-7f73c8993000 rw-p 00000000 00:00 0 
7f73c8993000-7f73cc000000 ---p 00000000 00:00 0 
7f73cc000000-7f73cc021000 rw-p 00000000 00:00 0 
7f73cc021000-7f73d0000000 ---p 00000000 00:00 0 
7f73d0000000-7f73d0021000 rw-p 00000000 00:00 0 
7f73d0021000-7f73d4000000 ---p 00000000 00:00 0 
7f73d4000000-7f73d4380000 rw-p 00000000 00:00 0 
7f73d4380000-7f73d8000000 ---p 00000000 00:00 0 
7f73d8000000-7f73d8021000 rw-p 00000000 00:00 0 
7f73d8021000-7f73dc000000 ---p 00000000 00:00 0 
7f73dc000000-7f73dc26d000 rw-p 00000000 00:00 0 
7f73dc26d000-7f73e0000000 ---p 00000000 00:00 0 
7f73e0000000-7f73e01ce000 rw-p 00000000 00:00 0 
7f73e01ce000-7f73e4000000 ---p 00000000 00:00 0 
7f73e4000000-7f73e4021000 rw-p 00000000 00:00 0 
7f73e4021000-7f73e8000000 ---p 00000000 00:00 0 
7f73e8000000-7f73e8021000 rw-p 00000000 00:00 0 
7f73e8021000-7f73ec000000 ---p 00000000 00:00 0 
7f73ec000000-7f73ec021000 rw-p 00000000 00:00 0 
7f73ec021000-7f73f0000000 ---p 00000000 00:00 0 
7f73f0000000-7f73f0021000 rw-p 00000000 00:00 0 
7f73f0021000-7f73f4000000 ---p 00000000 00:00 0 
7f73f4000000-7f73f4021000 rw-p 00000000 00:00 0 
7f73f4021000-7f73f8000000 ---p 00000000 00:00 0 
7f73f8000000-7f73f8021000 rw-p 00000000 00:00 0 
7f73f8021000-7f73fc000000 ---p 00000000 00:00 0 
7f73fc000000-7f73fc021000 rw-p 00000000 00:00 0 
7f73fc021000-7f7400000000 ---p 00000000 00:00 0 
7f7400000000-7f7400001000 r--s 00000000 08:01 6432413                    /var/cache/fontconfig/4794a0821666d79190d59a36cb4f44b5-le64.cache-4
7f7400001000-7f7400004000 r--s 00000000 08:01 6432370                    /var/cache/fontconfig/e49e89034d371f0f9de17aab02136486-le64.cache-4
7f7400004000-7f7400006000 r--s 00000000 08:01 6432369                    /var/cache/fontconfig/4b14b093aebc79c320de5e86ae1d3314-le64.cache-4
7f7400006000-7f7400010000 r--s 00000000 08:01 6432357                    /var/cache/fontconfig/3f7329c5293ffd510edef78f73874cfd-le64.cache-4
7f7400010000-7f740001b000 r--s 00000000 08:01 6422581                    /var/cache/fontconfig/d589a48862398ed80a3d6066f4f56f4c-le64.cache-4
7f740001b000-7f7400028000 r--s 00000000 08:01 6422593                    /var/cache/fontconfig/e13b20fdb08344e0e664864cc2ede53d-le64.cache-4
7f7400028000-7f740002a000 rw-p 00000000 00:00 0 
7f740002a000-7f740002c000 rw-s 00000000 08:01 1181683                    /tmp/.gl7K5MDF (deleted)
7f740002c000-7f7400033000 rw-s 50c14000 00:05 14499                      /dev/nvidiactl
7f7400033000-7f7400034000 rw-s c0015000 00:05 14311                      /dev/nvidia1
7f7400034000-7f7400035000 rw-s ac1b9000 00:05 14499                      /dev/nvidiactl
7f7400035000-7f7400039000 rw-s aaf9d000 00:05 14499                      /dev/nvidiactl
7f7400039000-7f740003a000 rw-s ecc06000 00:05 14500                      /dev/nvidia0
7f740003a000-7f740003b000 rw-s e8c06000 00:05 14311                      /dev/nvidia1
7f7400058000-7f740005b000 rw-p 00000000 00:00 0 
7f740005b000-7f740005c000 rw-s ec642000 00:05 14500                      /dev/nvidia0
7f740005c000-7f740005d000 rw-s e8642000 00:05 14311                      /dev/nvidia1
7f740005d000-7f740005e000 rw-s 13a39c000 00:05 14499                     /dev/nvidiactl
7f740005e000-7f740005f000 rw-s ec641000 00:05 14500                      /dev/nvidia0
7f740005f000-7f7400060000 rw-s e8641000 00:05 14311                      /dev/nvidia1
7f7400060000-7f7400061000 rw-s 13a39b000 00:05 14499                     /dev/nvidiactl
7f7400061000-7f7400062000 rw-s 1008ba000 00:05 14499                     /dev/nvidiactl
7f7400062000-7f7400063000 rw-s 10bd06000 00:05 14499                     /dev/nvidiactl
7f7400063000-7f740009e000 r-xp 00000000 08:01 7347493                    /usr/lib/x86_64-linux-gnu/libfontconfig.so.1.8.0
7f740009e000-7f740029d000 ---p 0003b000 08:01 7347493                    /usr/lib/x86_64-linux-gnu/libfontconfig.so.1.8.0
7f740029d000-7f740029f000 r--p 0003a000 08:01 7347493                    /usr/lib/x86_64-linux-gnu/libfontconfig.so.1.8.0
7f740029f000-7f74002a0000 rw-p 0003c000 08:01 7347493                    /usr/lib/x86_64-linux-gnu/libfontconfig.so.1.8.0
7f74002a0000-7f7400344000 r-xp 00000000 08:01 7346117                    /usr/lib/x86_64-linux-gnu/libfreetype.so.6.11.1
7f7400344000-7f7400543000 ---p 000a4000 08:01 7346117                    /usr/lib/x86_64-linux-gnu/libfreetype.so.6.11.1
7f7400543000-7f7400549000 r--p 000a3000 08:01 7346117                    /usr/lib/x86_64-linux-gnu/libfreetype.so.6.11.1
7f7400549000-7f740054a000 rw-p 000a9000 08:01 7346117                    /usr/lib/x86_64-linux-gnu/libfreetype.so.6.11.1
7f740054a000-7f7400595000 r-xp 00000000 08:01 7346516                    /usr/lib/x86_64-linux-gnu/libpango-1.0.so.0.3600.8
7f7400595000-7f7400795000 ---p 0004b000 08:01 7346516                    /usr/lib/x86_64-linux-gnu/libpango-1.0.so.0.3600.8
7f7400795000-7f7400797000 r--p 0004b000 08:01 7346516                    /usr/lib/x86_64-linux-gnu/libpango-1.0.so.0.3600.8
7f7400797000-7f7400798000 rw-p 0004d000 08:01 7346516                    /usr/lib/x86_64-linux-gnu/libpango-1.0.so.0.3600.8
7f7400798000-7f74008ad000 r-xp 00000000 08:01 7344323                    /usr/lib/x86_64-linux-gnu/libcairo.so.2.11400.0
7f74008ad000-7f7400aac000 ---p 00115000 08:01 7344323                    /usr/lib/x86_64-linux-gnu/libcairo.so.2.11400.0
7f7400aac000-7f7400aaf000 r--p 00114000 08:01 7344323                    /usr/lib/x86_64-linux-gnu/libcairo.so.2.11400.0
7f7400aaf000-7f7400ab0000 rw-p 00117000 08:01 7344323                    /usr/lib/x86_64-linux-gnu/libcairo.so.2.11400.0
7f7400ab0000-7f7400ab2000 rw-p 00000000 00:00 0 
7f7400ab2000-7f7400abe000 r-xp 00000000 08:01 7346518                    /usr/lib/x86_64-linux-gnu/libpangocairo-1.0.so.0.3600.8
7f7400abe000-7f7400cbd000 ---p 0000c000 08:01 7346518                    /usr/lib/x86_64-linux-gnu/libpangocairo-1.0.so.0.3600.8
7f7400cbd000-7f7400cbe000 r--p 0000b000 08:01 7346518                    /usr/lib/x86_64-linux-gnu/libpangocairo-1.0.so.0.3600.8
7f7400cbe000-7f7400cbf000 rw-p 0000c000 08:01 7346518                    /usr/lib/x86_64-linux-gnu/libpangocairo-1.0.so.0.3600.8
7f7400cbf000-7f7400ce0000 r-xp 00000000 08:01 7347770                    /usr/lib/x86_64-linux-gnu/libgdk_pixbuf-2.0.so.0.3100.1
7f7400ce0000-7f7400edf000 ---p 00021000 08:01 7347770                    /usr/lib/x86_64-linux-gnu/libgdk_pixbuf-2.0.so.0.3100.1
7f7400edf000-7f7400ee0000 r--p 00020000 08:01 7347770                    /usr/lib/x86_64-linux-gnu/libgdk_pixbuf-2.0.so.0.3100.1
7f7400ee0000-7f7400ee1000 rw-p 00021000 08:01 7347770                    /usr/lib/x86_64-linux-gnu/libgdk_pixbuf-2.0.so.0.3100.1
7f7400ee1000-7f7400ef5000 r-xp 00000000 08:01 7346520                    /usr/lib/x86_64-linux-gnu/libpangoft2-1.0.so.0.3600.8
7f7400ef5000-7f74010f5000 ---p 00014000 08:01 7346520                    /usr/lib/x86_64-linux-gnu/libpangoft2-1.0.so.0.3600.8
7f74010f5000-7f74010f6000 r--p 00014000 08:01 7346520                    /usr/lib/x86_64-linux-gnu/libpangoft2-1.0.so.0.3600.8
7f74010f6000-7f74010f7000 rw-p 00015000 08:01 7346520                    /usr/lib/x86_64-linux-gnu/libpangoft2-1.0.so.0.3600.8
7f74010f7000-7f7401269000 r-xp 00000000 08:01 7347516                    /usr/lib/x86_64-linux-gnu/libgio-2.0.so.0.4200.1
7f7401269000-7f7401469000 ---p 00172000 08:01 7347516                    /usr/lib/x86_64-linux-gnu/libgio-2.0.so.0.4200.1
7f7401469000-7f740146d000 r--p 00172000 08:01 7347516                    /usr/lib/x86_64-linux-gnu/libgio-2.0.so.0.4200.1
7f740146d000-7f740146f000 rw-p 00176000 08:01 7347516                    /usr/lib/x86_64-linux-gnu/libgio-2.0.so.0.4200.1
7f740146f000-7f7401471000 rw-p 00000000 00:00 0 
7f7401471000-7f7401494000 r-xp 00000000 08:01 7345848                    /usr/lib/x86_64-linux-gnu/libatk-1.0.so.0.21409.1
7f7401494000-7f7401693000 ---p 00023000 08:01 7345848                    /usr/lib/x86_64-linux-gnu/libatk-1.0.so.0.21409.1
7f7401693000-7f7401697000 r--p 00022000 08:01 7345848                    /usr/lib/x86_64-linux-gnu/libatk-1.0.so.0.21409.1
7f7401697000-7f7401698000 rw-p 00026000 08:01 7345848                    /usr/lib/x86_64-linux-gnu/libatk-1.0.so.0.21409.1
7f7401698000-7f7401748000 r-xp 00000000 08:01 7346185                    /usr/lib/x86_64-linux-gnu/libgdk-x11-2.0.so.0.2400.25
7f7401748000-7f7401948000 ---p 000b0000 08:01 7346185                    /usr/lib/x86_64-linux-gnu/libgdk-x11-2.0.so.0.2400.25
7f7401948000-7f740194c000 r--p 000b0000 08:01 7346185                    /usr/lib/x86_64-linux-gnu/libgdk-x11-2.0.so.0.2400.25
7f740194c000-7f740194e000 rw-p 000b4000 08:01 7346185                    /usr/lib/x86_64-linux-gnu/libgdk-x11-2.0.so.0.2400.25
7f740194e000-7f7401d8e000 r-xp 00000000 08:01 7346258                    /usr/lib/x86_64-linux-gnu/libgtk-x11-2.0.so.0.2400.25
7f7401d8e000-7f7401f8e000 ---p 00440000 08:01 7346258                    /usr/lib/x86_64-linux-gnu/libgtk-x11-2.0.so.0.2400.25
7f7401f8e000-7f7401f95000 r--p 00440000 08:01 7346258                    /usr/lib/x86_64-linux-gnu/libgtk-x11-2.0.so.0.2400.25
7f7401f95000-7f7401f99000 rw-p 00447000 08:01 7346258                    /usr/lib/x86_64-linux-gnu/libgtk-x11-2.0.so.0.2400.25
7f7401f99000-7f7401f9c000 rw-p 00000000 00:00 0 
7f7401f9c000-7f7401fa8000 r-xp 00000000 08:01 1708848                    /usr/lib/jvm/java-8-oracle/jre/lib/amd64/libprism_es2.so
7f7401fa8000-7f74021a7000 ---p 0000c000 08:01 1708848                    /usr/lib/jvm/java-8-oracle/jre/lib/amd64/libprism_es2.so
7f74021a7000-7f74021a8000 rw-p 0000b000 08:01 1708848                    /usr/lib/jvm/java-8-oracle/jre/lib/amd64/libprism_es2.so
7f74021a8000-7f74021ab000 ---p 00000000 00:00 0 
7f74021ab000-7f74022a9000 rw-p 00000000 00:00 0                          [stack:11954]
7f74022a9000-7f74022ac000 ---p 00000000 00:00 0 
7f74022ac000-7f74026ab000 rw-p 00000000 00:00 0                          [stack:11953]
7f74026ab000-7f74026c1000 r-xp 00000000 08:01 1708836                    /usr/lib/jvm/java-8-oracle/jre/lib/amd64/libnet.so
7f74026c1000-7f74028c1000 ---p 00016000 08:01 1708836                    /usr/lib/jvm/java-8-oracle/jre/lib/amd64/libnet.so
7f74028c1000-7f74028c2000 rw-p 00016000 08:01 1708836                    /usr/lib/jvm/java-8-oracle/jre/lib/amd64/libnet.so
7f74028c2000-7f7402957000 r--s 01109000 08:01 1708906                    /usr/lib/jvm/java-8-oracle/jre/lib/ext/jfxrt.jar
7f7402957000-7f740295a000 ---p 00000000 00:00 0 
7f740295a000-7f7402a58000 rw-p 00000000 00:00 0                          [stack:11951]
7f7402a58000-7f7402a59000 r-xp 00000000 08:01 3151368                    /home/kristoffer/idea-IU-163.11103.6/bin/libbreakgen64.so
7f7402a59000-7f7402c58000 ---p 00001000 08:01 3151368                    /home/kristoffer/idea-IU-163.11103.6/bin/libbreakgen64.so
7f7402c58000-7f7402c59000 r--p 00000000 08:01 3151368                    /home/kristoffer/idea-IU-163.11103.6/bin/libbreakgen64.so
7f7402c59000-7f7402c5a000 rw-p 00001000 08:01 3151368                    /home/kristoffer/idea-IU-163.11103.6/bin/libbreakgen64.so
7f7402c5a000-7f7402cd4000 r--s 010f6000 08:01 7355178                    /usr/lib/jvm/java-8-oracle/lib/tools.jar
7f7402cd4000-7f7402d03000 r--s 00220000 08:01 7355180                    /usr/lib/jvm/java-8-oracle/lib/sa-jdi.jar
7f7402d03000-7f7402d04000 ---p 00000000 00:00 0 
7f7402d04000-7f7402e04000 rw-p 00000000 00:00 0                          [stack:11950]
7f7402e04000-7f7402e07000 ---p 00000000 00:00 0 
7f7402e07000-7f7402f05000 rw-p 00000000 00:00 0                          [stack:11949]
7f7402f05000-7f7402f08000 ---p 00000000 00:00 0 
7f7402f08000-7f7403006000 rw-p 00000000 00:00 0                          [stack:11948]
7f7403006000-7f7403009000 ---p 00000000 00:00 0 
7f7403009000-7f7403107000 rw-p 00000000 00:00 0                          [stack:11947]
7f7403107000-7f740310a000 ---p 00000000 00:00 0 
7f740310a000-7f7403208000 rw-p 00000000 00:00 0                          [stack:11946]
7f7403208000-7f740320b000 ---p 00000000 00:00 0 
7f740320b000-7f7403309000 rw-p 00000000 00:00 0                          [stack:11945]
7f7403309000-7f7403492000 r--p 00000000 08:01 7210273                    /usr/lib/locale/locale-archive
7f7403492000-7f7403495000 ---p 00000000 00:00 0 
7f7403495000-7f7403593000 rw-p 00000000 00:00 0                          [stack:11938]
7f7403593000-7f7403596000 ---p 00000000 00:00 0 
7f7403596000-7f7403694000 rw-p 00000000 00:00 0                          [stack:11937]
7f7403694000-7f7403695000 ---p 00000000 00:00 0 
7f7403695000-7f7404000000 rw-p 00000000 00:00 0                          [stack:11936]
7f7404000000-7f7404021000 rw-p 00000000 00:00 0 
7f7404021000-7f7408000000 ---p 00000000 00:00 0 
7f7408000000-7f7408627000 rw-p 00000000 00:00 0 
7f7408627000-7f7408800000 r--s 03d3e000 08:01 1708783                    /usr/lib/jvm/java-8-oracle/jre/lib/rt.jar
7f7408800000-7f7409000000 rw-p 00000000 00:00 0 
7f7409000000-7f7409520000 rwxp 00000000 00:00 0 
7f7409520000-7f7418000000 ---p 00000000 00:00 0 
7f7418000000-7f7418214000 rw-p 00000000 00:00 0 
7f7418214000-7f741c000000 ---p 00000000 00:00 0 
7f741c000000-7f741c001000 rw-s ec060000 00:05 14500                      /dev/nvidia0
7f741c001000-7f741c002000 rw-s e8060000 00:05 14311                      /dev/nvidia1
7f741c002000-7f741c004000 r--s 00019000 08:01 3151279                    /home/kristoffer/idea-IU-163.11103.6/lib/idea_rt.jar
7f741c004000-7f741c00a000 r--s 0005e000 08:01 7355182                    /usr/lib/jvm/java-8-oracle/lib/jconsole.jar
7f741c00a000-7f741c010000 r--s 00022000 08:01 7355181                    /usr/lib/jvm/java-8-oracle/lib/dt.jar
7f741c010000-7f741e298000 rw-p 00000000 00:00 0 
7f741e298000-7f741e299000 ---p 00000000 00:00 0 
7f741e299000-7f741e399000 rw-p 00000000 00:00 0                          [stack:11932]
7f741e399000-7f741e39a000 ---p 00000000 00:00 0 
7f741e39a000-7f741e49a000 rw-p 00000000 00:00 0                          [stack:11931]
7f741e49a000-7f741e49b000 ---p 00000000 00:00 0 
7f741e49b000-7f741e59b000 rw-p 00000000 00:00 0                          [stack:11930]
7f741e59b000-7f741e59c000 ---p 00000000 00:00 0 
7f741e59c000-7f741e6b1000 rw-p 00000000 00:00 0                          [stack:11929]
7f741e6b1000-7f741e7e7000 ---p 00000000 00:00 0 
7f741e7e7000-7f741e7fc000 rw-p 00000000 00:00 0 
7f741e7fc000-7f741e931000 ---p 00000000 00:00 0 
7f741e931000-7f741e93c000 rw-p 00000000 00:00 0 
7f741e93c000-7f741e9d7000 ---p 00000000 00:00 0 
7f741e9d7000-7f741e9ed000 rw-p 00000000 00:00 0 
7f741e9ed000-7f741ed98000 ---p 00000000 00:00 0 
7f741ed98000-7f741edb2000 r-xp 00000000 08:01 1708859                    /usr/lib/jvm/java-8-oracle/jre/lib/amd64/libzip.so
7f741edb2000-7f741efb2000 ---p 0001a000 08:01 1708859                    /usr/lib/jvm/java-8-oracle/jre/lib/amd64/libzip.so
7f741efb2000-7f741efb3000 rw-p 0001a000 08:01 1708859                    /usr/lib/jvm/java-8-oracle/jre/lib/amd64/libzip.so
7f741efb3000-7f741efbe000 r-xp 00000000 08:01 2491457                    /lib/x86_64-linux-gnu/libnss_files-2.19.so
7f741efbe000-7f741f1bd000 ---p 0000b000 08:01 2491457                    /lib/x86_64-linux-gnu/libnss_files-2.19.so
7f741f1bd000-7f741f1be000 r--p 0000a000 08:01 2491457                    /lib/x86_64-linux-gnu/libnss_files-2.19.so
7f741f1be000-7f741f1bf000 rw-p 0000b000 08:01 2491457                    /lib/x86_64-linux-gnu/libnss_files-2.19.so
7f741f1bf000-7f741f1c9000 r-xp 00000000 08:01 2491459                    /lib/x86_64-linux-gnu/libnss_nis-2.19.so
7f741f1c9000-7f741f3c8000 ---p 0000a000 08:01 2491459                    /lib/x86_64-linux-gnu/libnss_nis-2.19.so
7f741f3c8000-7f741f3c9000 r--p 00009000 08:01 2491459                    /lib/x86_64-linux-gnu/libnss_nis-2.19.so
7f741f3c9000-7f741f3ca000 rw-p 0000a000 08:01 2491459                    /lib/x86_64-linux-gnu/libnss_nis-2.19.so
7f741f3ca000-7f741f3df000 r-xp 00000000 08:01 2491454                    /lib/x86_64-linux-gnu/libnsl-2.19.so
7f741f3df000-7f741f5de000 ---p 00015000 08:01 2491454                    /lib/x86_64-linux-gnu/libnsl-2.19.so
7f741f5de000-7f741f5df000 r--p 00014000 08:01 2491454                    /lib/x86_64-linux-gnu/libnsl-2.19.so
7f741f5df000-7f741f5e0000 rw-p 00015000 08:01 2491454                    /lib/x86_64-linux-gnu/libnsl-2.19.so
7f741f5e0000-7f741f5e2000 rw-p 00000000 00:00 0 
7f741f5e2000-7f741f5e9000 r-xp 00000000 08:01 2491455                    /lib/x86_64-linux-gnu/libnss_compat-2.19.so
7f741f5e9000-7f741f7e8000 ---p 00007000 08:01 2491455                    /lib/x86_64-linux-gnu/libnss_compat-2.19.so
7f741f7e8000-7f741f7e9000 r--p 00006000 08:01 2491455                    /lib/x86_64-linux-gnu/libnss_compat-2.19.so
7f741f7e9000-7f741f7ea000 rw-p 00007000 08:01 2491455                    /lib/x86_64-linux-gnu/libnss_compat-2.19.so
7f741f7ea000-7f741f815000 r-xp 00000000 08:01 1708886                    /usr/lib/jvm/java-8-oracle/jre/lib/amd64/libjava.so
7f741f815000-7f741fa14000 ---p 0002b000 08:01 1708886                    /usr/lib/jvm/java-8-oracle/jre/lib/amd64/libjava.so
7f741fa14000-7f741fa16000 rw-p 0002a000 08:01 1708886                    /usr/lib/jvm/java-8-oracle/jre/lib/amd64/libjava.so
7f741fa16000-7f741fa23000 r-xp 00000000 08:01 1708837                    /usr/lib/jvm/java-8-oracle/jre/lib/amd64/libverify.so
7f741fa23000-7f741fc22000 ---p 0000d000 08:01 1708837                    /usr/lib/jvm/java-8-oracle/jre/lib/amd64/libverify.so
7f741fc22000-7f741fc24000 rw-p 0000c000 08:01 1708837                    /usr/lib/jvm/java-8-oracle/jre/lib/amd64/libverify.so
7f741fc24000-7f741fc2b000 r-xp 00000000 08:01 2491467                    /lib/x86_64-linux-gnu/librt-2.19.so
7f741fc2b000-7f741fe2a000 ---p 00007000 08:01 2491467                    /lib/x86_64-linux-gnu/librt-2.19.so
7f741fe2a000-7f741fe2b000 r--p 00006000 08:01 2491467                    /lib/x86_64-linux-gnu/librt-2.19.so
7f741fe2b000-7f741fe2c000 rw-p 00007000 08:01 2491467                    /lib/x86_64-linux-gnu/librt-2.19.so
7f741fe2c000-7f741ff2c000 r-xp 00000000 08:01 2491452                    /lib/x86_64-linux-gnu/libm-2.19.so
7f741ff2c000-7f742012b000 ---p 00100000 08:01 2491452                    /lib/x86_64-linux-gnu/libm-2.19.so
7f742012b000-7f742012c000 r--p 000ff000 08:01 2491452                    /lib/x86_64-linux-gnu/libm-2.19.so
7f742012c000-7f742012d000 rw-p 00100000 08:01 2491452                    /lib/x86_64-linux-gnu/libm-2.19.so
7f742012d000-7f7420dfb000 r-xp 00000000 08:01 1708890                    /usr/lib/jvm/java-8-oracle/jre/lib/amd64/server/libjvm.so
7f7420dfb000-7f7420ffb000 ---p 00cce000 08:01 1708890                    /usr/lib/jvm/java-8-oracle/jre/lib/amd64/server/libjvm.so
7f7420ffb000-7f74210d4000 rw-p 00cce000 08:01 1708890                    /usr/lib/jvm/java-8-oracle/jre/lib/amd64/server/libjvm.so
7f74210d4000-7f742111f000 rw-p 00000000 00:00 0 
7f742111f000-7f74212c0000 r-xp 00000000 08:01 2491447                    /lib/x86_64-linux-gnu/libc-2.19.so
7f74212c0000-7f74214c0000 ---p 001a1000 08:01 2491447                    /lib/x86_64-linux-gnu/libc-2.19.so
7f74214c0000-7f74214c4000 r--p 001a1000 08:01 2491447                    /lib/x86_64-linux-gnu/libc-2.19.so
7f74214c4000-7f74214c6000 rw-p 001a5000 08:01 2491447                    /lib/x86_64-linux-gnu/libc-2.19.so
7f74214c6000-7f74214ca000 rw-p 00000000 00:00 0 
7f74214ca000-7f74214cd000 r-xp 00000000 08:01 2491451                    /lib/x86_64-linux-gnu/libdl-2.19.so
7f74214cd000-7f74216cc000 ---p 00003000 08:01 2491451                    /lib/x86_64-linux-gnu/libdl-2.19.so
7f74216cc000-7f74216cd000 r--p 00002000 08:01 2491451                    /lib/x86_64-linux-gnu/libdl-2.19.so
7f74216cd000-7f74216ce000 rw-p 00003000 08:01 2491451                    /lib/x86_64-linux-gnu/libdl-2.19.so
7f74216ce000-7f74216e3000 r-xp 00000000 08:01 1707887                    /usr/lib/jvm/java-8-oracle/lib/amd64/jli/libjli.so
7f74216e3000-7f74218e3000 ---p 00015000 08:01 1707887                    /usr/lib/jvm/java-8-oracle/lib/amd64/jli/libjli.so
7f74218e3000-7f74218e4000 rw-p 00015000 08:01 1707887                    /usr/lib/jvm/java-8-oracle/lib/amd64/jli/libjli.so
7f74218e4000-7f74218fc000 r-xp 00000000 08:01 2491440                    /lib/x86_64-linux-gnu/libpthread-2.19.so
7f74218fc000-7f7421afb000 ---p 00018000 08:01 2491440                    /lib/x86_64-linux-gnu/libpthread-2.19.so
7f7421afb000-7f7421afc000 r--p 00017000 08:01 2491440                    /lib/x86_64-linux-gnu/libpthread-2.19.so
7f7421afc000-7f7421afd000 rw-p 00018000 08:01 2491440                    /lib/x86_64-linux-gnu/libpthread-2.19.so
7f7421afd000-7f7421b01000 rw-p 00000000 00:00 0 
7f7421b01000-7f7421b21000 r-xp 00000000 08:01 2491443                    /lib/x86_64-linux-gnu/ld-2.19.so
7f7421b21000-7f7421bf3000 rw-p 00000000 00:00 0 
7f7421bf3000-7f7421bf6000 ---p 00000000 00:00 0 
7f7421bf6000-7f7421cf8000 rw-p 00000000 00:00 0                          [stack:11928]
7f7421cf8000-7f7421cfa000 r--s 00000000 08:01 7354658                    /usr/lib/jvm/java-8-oracle/lib/packager.jar
7f7421cfa000-7f7421cfb000 r--s 00008000 08:01 7354657                    /usr/lib/jvm/java-8-oracle/lib/javafx-mx.jar
7f7421cfb000-7f7421d01000 r--s 00126000 08:01 7355179                    /usr/lib/jvm/java-8-oracle/lib/ant-javafx.jar
7f7421d01000-7f7421d15000 rw-p 00000000 00:00 0 
7f7421d15000-7f7421d1d000 rw-s 00000000 08:01 1711189                    /tmp/hsperfdata_kristoffer/11922
7f7421d1d000-7f7421d1e000 rw-p 00000000 00:00 0 
7f7421d1e000-7f7421d1f000 r--p 00000000 00:00 0 
7f7421d1f000-7f7421d21000 rw-p 00000000 00:00 0 
7f7421d21000-7f7421d22000 r--p 00020000 08:01 2491443                    /lib/x86_64-linux-gnu/ld-2.19.so
7f7421d22000-7f7421d23000 rw-p 00021000 08:01 2491443                    /lib/x86_64-linux-gnu/ld-2.19.so
7f7421d23000-7f7421d24000 rw-p 00000000 00:00 0 
7fffcd797000-7fffcd7b8000 rw-p 00000000 00:00 0                          [stack]
7fffcd7b8000-7fffcd7ba000 r-xp 00000000 00:00 0                          [vdso]
7fffcd7ba000-7fffcd7bc000 r--p 00000000 00:00 0                          [vvar]
ffffffffff600000-ffffffffff601000 r-xp 00000000 00:00 0                  [vsyscall]

VM Arguments:
jvm_args: -Didea.launcher.port=7537 -Didea.launcher.bin.path=/home/kristoffer/idea-IU-163.11103.6/bin -Dfile.encoding=UTF-8 
java_command: com.intellij.rt.execution.application.AppMain main.Main
java_class_path (initial): /usr/lib/jvm/java-8-oracle/lib/ant-javafx.jar:/usr/lib/jvm/java-8-oracle/lib/dt.jar:/usr/lib/jvm/java-8-oracle/lib/javafx-mx.jar:/usr/lib/jvm/java-8-oracle/lib/jconsole.jar:/usr/lib/jvm/java-8-oracle/lib/packager.jar:/usr/lib/jvm/java-8-oracle/lib/sa-jdi.jar:/usr/lib/jvm/java-8-oracle/lib/tools.jar:/home/kristoffer/IdeaProjects/Anthill/out/production/Anthill:/home/kristoffer/idea-IU-163.11103.6/lib/idea_rt.jar
Launcher Type: SUN_STANDARD

Environment Variables:
JAVA_HOME=/usr/lib/jvm/java-8-oracle
PATH=/usr/local/bin:/usr/bin:/bin:/usr/local/games:/usr/games:/usr/lib/jvm/java-8-oracle/bin:/usr/lib/jvm/java-8-oracle/db/bin:/usr/lib/jvm/java-8-oracle/jre/bin
LD_LIBRARY_PATH=/usr/lib/x86_64-linux-gnu/
SHELL=/bin/bash
DISPLAY=:0

Signal Handlers:
SIGSEGV: [libjvm.so+0xac78c0], sa_mask[0]=11111111011111111101111111111110, sa_flags=SA_RESTART|SA_SIGINFO
SIGBUS: [libjvm.so+0xac78c0], sa_mask[0]=11111111011111111101111111111110, sa_flags=SA_RESTART|SA_SIGINFO
SIGFPE: [libjvm.so+0x920ac0], sa_mask[0]=11111111011111111101111111111110, sa_flags=SA_RESTART|SA_SIGINFO
SIGPIPE: SIG_IGN, sa_mask[0]=00000000000010000000000000000000, sa_flags=SA_RESTART
SIGXFSZ: [libjvm.so+0x920ac0], sa_mask[0]=11111111011111111101111111111110, sa_flags=SA_RESTART|SA_SIGINFO
SIGILL: [libjvm.so+0x920ac0], sa_mask[0]=11111111011111111101111111111110, sa_flags=SA_RESTART|SA_SIGINFO
SIGUSR1: SIG_DFL, sa_mask[0]=00000000000000000000000000000000, sa_flags=none
SIGUSR2: [libjvm.so+0x922300], sa_mask[0]=00100000000000000000000000000000, sa_flags=SA_RESTART|SA_SIGINFO
SIGHUP: [libjvm.so+0x923700], sa_mask[0]=11111111011111111101111111111110, sa_flags=SA_RESTART|SA_SIGINFO
SIGINT: [libjvm.so+0x923700], sa_mask[0]=11111111011111111101111111111110, sa_flags=SA_RESTART|SA_SIGINFO
SIGTERM: [libjvm.so+0x923700], sa_mask[0]=11111111011111111101111111111110, sa_flags=SA_RESTART|SA_SIGINFO
SIGQUIT: [libjvm.so+0x923700], sa_mask[0]=11111111011111111101111111111110, sa_flags=SA_RESTART|SA_SIGINFO


---------------  S Y S T E M  ---------------

OS:PRETTY_NAME="Debian GNU/Linux 8 (jessie)"
NAME="Debian GNU/Linux"
VERSION_ID="8"
VERSION="8 (jessie)"
ID=debian
HOME_URL="http://www.debian.org/"
SUPPORT_URL="http://www.debian.org/support"
BUG_REPORT_URL="https://bugs.debian.org/"

uname:Linux 3.16.0-4-amd64 #1 SMP Debian 3.16.36-1+deb8u2 (2016-10-19) x86_64
libc:glibc 2.19 NPTL 2.19 
rlimit: STACK 8192k, CORE 0k, NPROC 15763, NOFILE 65536, AS infinity
load average:0.84 0.86 0.85

/proc/meminfo:
MemTotal:        4059720 kB
MemFree:          406904 kB
MemAvailable:    1042128 kB
Buffers:           13592 kB
Cached:           791612 kB
SwapCached:        10836 kB
Active:          2347820 kB
Inactive:        1014672 kB
Active(anon):    1828816 kB
Inactive(anon):   776868 kB
Active(file):     519004 kB
Inactive(file):   237804 kB
Unevictable:           0 kB
Mlocked:               0 kB
SwapTotal:       5105660 kB
SwapFree:        4766812 kB
Dirty:             10548 kB
Writeback:             0 kB
AnonPages:       2547772 kB
Mapped:           335364 kB
Shmem:             48368 kB
Slab:             136632 kB
SReclaimable:      94704 kB
SUnreclaim:        41928 kB
KernelStack:       10528 kB
PageTables:        50272 kB
NFS_Unstable:          0 kB
Bounce:                0 kB
WritebackTmp:          0 kB
CommitLimit:     7135520 kB
Committed_AS:   13226656 kB
VmallocTotal:   34359738367 kB
VmallocUsed:      116348 kB
VmallocChunk:   34359618044 kB
HardwareCorrupted:     0 kB
AnonHugePages:         0 kB
HugePages_Total:       0
HugePages_Free:        0
HugePages_Rsvd:        0
HugePages_Surp:        0
Hugepagesize:       2048 kB
DirectMap4k:      369600 kB
DirectMap2M:     3823616 kB


CPU:total 4 (4 cores per cpu, 1 threads per core) family 6 model 23 stepping 7, cmov, cx8, fxsr, mmx, sse, sse2, sse3, ssse3, sse4.1, tsc

/proc/cpuinfo:
processor	: 0
vendor_id	: GenuineIntel
cpu family	: 6
model		: 23
model name	: Intel(R) Core(TM)2 Quad  CPU   Q9450  @ 2.66GHz
stepping	: 7
microcode	: 0x705
cpu MHz		: 2666.817
cache size	: 6144 KB
physical id	: 0
siblings	: 4
core id		: 0
cpu cores	: 4
apicid		: 0
initial apicid	: 0
fpu		: yes
fpu_exception	: yes
cpuid level	: 10
wp		: yes
flags		: fpu vme de pse tsc msr pae mce cx8 apic sep mtrr pge mca cmov pat pse36 clflush dts acpi mmx fxsr sse sse2 ss ht tm pbe syscall nx lm constant_tsc arch_perfmon pebs bts rep_good nopl aperfmperf pni dtes64 monitor ds_cpl vmx smx est tm2 ssse3 cx16 xtpr pdcm sse4_1 lahf_lm dtherm tpr_shadow vnmi flexpriority
bogomips	: 5333.63
clflush size	: 64
cache_alignment	: 64
address sizes	: 36 bits physical, 48 bits virtual
power management:

processor	: 1
vendor_id	: GenuineIntel
cpu family	: 6
model		: 23
model name	: Intel(R) Core(TM)2 Quad  CPU   Q9450  @ 2.66GHz
stepping	: 7
microcode	: 0x705
cpu MHz		: 2666.817
cache size	: 6144 KB
physical id	: 0
siblings	: 4
core id		: 3
cpu cores	: 4
apicid		: 3
initial apicid	: 3
fpu		: yes
fpu_exception	: yes
cpuid level	: 10
wp		: yes
flags		: fpu vme de pse tsc msr pae mce cx8 apic sep mtrr pge mca cmov pat pse36 clflush dts acpi mmx fxsr sse sse2 ss ht tm pbe syscall nx lm constant_tsc arch_perfmon pebs bts rep_good nopl aperfmperf pni dtes64 monitor ds_cpl vmx smx est tm2 ssse3 cx16 xtpr pdcm sse4_1 lahf_lm dtherm tpr_shadow vnmi flexpriority
bogomips	: 5333.63
clflush size	: 64
cache_alignment	: 64
address sizes	: 36 bits physical, 48 bits virtual
power management:

processor	: 2
vendor_id	: GenuineIntel
cpu family	: 6
model		: 23
model name	: Intel(R) Core(TM)2 Quad  CPU   Q9450  @ 2.66GHz
stepping	: 7
microcode	: 0x705
cpu MHz		: 2666.817
cache size	: 6144 KB
physical id	: 0
siblings	: 4
core id		: 1
cpu cores	: 4
apicid		: 1
initial apicid	: 1
fpu		: yes
fpu_exception	: yes
cpuid level	: 10
wp		: yes
flags		: fpu vme de pse tsc msr pae mce cx8 apic sep mtrr pge mca cmov pat pse36 clflush dts acpi mmx fxsr sse sse2 ss ht tm pbe syscall nx lm constant_tsc arch_perfmon pebs bts rep_good nopl aperfmperf pni dtes64 monitor ds_cpl vmx smx est tm2 ssse3 cx16 xtpr pdcm sse4_1 lahf_lm dtherm tpr_shadow vnmi flexpriority
bogomips	: 5333.63
clflush size	: 64
cache_alignment	: 64
address sizes	: 36 bits physical, 48 bits virtual
power management:

processor	: 3
vendor_id	: GenuineIntel
cpu family	: 6
model		: 23
model name	: Intel(R) Core(TM)2 Quad  CPU   Q9450  @ 2.66GHz
stepping	: 7
microcode	: 0x705
cpu MHz		: 2666.817
cache size	: 6144 KB
physical id	: 0
siblings	: 4
core id		: 2
cpu cores	: 4
apicid		: 2
initial apicid	: 2
fpu		: yes
fpu_exception	: yes
cpuid level	: 10
wp		: yes
flags		: fpu vme de pse tsc msr pae mce cx8 apic sep mtrr pge mca cmov pat pse36 clflush dts acpi mmx fxsr sse sse2 ss ht tm pbe syscall nx lm constant_tsc arch_perfmon pebs bts rep_good nopl aperfmperf pni dtes64 monitor ds_cpl vmx smx est tm2 ssse3 cx16 xtpr pdcm sse4_1 lahf_lm dtherm tpr_shadow vnmi flexpriority
bogomips	: 5333.63
clflush size	: 64
cache_alignment	: 64
address sizes	: 36 bits physical, 48 bits virtual
power management:



Memory: 4k page, physical 4059720k(406904k free), swap 5105660k(4766812k free)

vm_info: Java HotSpot(TM) 64-Bit Server VM (25.121-b13) for linux-amd64 JRE (1.8.0_121-b13), built on Dec 12 2016 16:36:53 by "java_re" with gcc 4.3.0 20080428 (Red Hat 4.3.0-8)

time: Sun Jan 29 13:48:44 2017
elapsed time: 9 seconds (0d 0h 0m 9s)

