#
# A fatal error has been detected by the Java Runtime Environment:
#
#  SIGSEGV (0xb) at pc=0x00007f4db6005060, pid=14035, tid=0x00007f4da67f5700
#
# JRE version: Java(TM) SE Runtime Environment (8.0_121-b13) (build 1.8.0_121-b13)
# Java VM: Java HotSpot(TM) 64-Bit Server VM (25.121-b13 mixed mode linux-amd64 compressed oops)
# Problematic frame:
# C  0x00007f4db6005060
#
# Failed to write core dump. Core dumps have been disabled. To enable core dumping, try "ulimit -c unlimited" before starting Java again
#
# If you would like to submit a bug report, please visit:
#   http://bugreport.java.com/bugreport/crash.jsp
#

---------------  T H R E A D  ---------------

Current thread (0x00007f4db00a2000):  JavaThread "JavaFX Application Thread" [_thread_in_Java, id=14070, stack(0x00007f4da66f5000,0x00007f4da67f6000)]

siginfo: si_signo: 11 (SIGSEGV), si_code: 2 (SEGV_ACCERR), si_addr: 0x00007f4db6005060

Registers:
RAX=0x00007f4e088eed70, RBX=0x00007f4e088eed70, RCX=0x0000000000000011, RDX=0x0000000000000009
RSP=0x00007f4da67f2ff8, RBP=0x00007f4da67f3068, RSI=0x00000000ebedc508, RDI=0x00000000000004f4
R8 =0x0000000000000011, R9 =0x0000000000000001, R10=0x00007f4e0bd31800, R11=0x00007f4df521b920
R12=0x0000000000000000, R13=0x00007f4da67f3010, R14=0x0000000000000000, R15=0x00007f4db00a2000
RIP=0x00007f4db6005060, EFLAGS=0x0000000000010206, CSGSFS=0x0000000000000033, ERR=0x0000000000000014
  TRAPNO=0x000000000000000e

Top of Stack: (sp=0x00007f4da67f2ff8)
0x00007f4da67f2ff8:   00007f4df5007d80 00007f4df50077d0
0x00007f4da67f3008:   00007f4df5007d80 0000000000000011
0x00007f4da67f3018:   0000000000000009 00000000ebedc508
0x00007f4da67f3028:   00007f4da67f3028 00007f4e08babcc9
0x00007f4da67f3038:   00007f4da67f30a8 00007f4e08bac3a0
0x00007f4da67f3048:   0000000000000000 00007f4e08babe70
0x00007f4da67f3058:   00007f4da67f3010 00007f4da67f30a0
0x00007f4da67f3068:   00007f4da67f30f8 00007f4df5007ffd
0x00007f4da67f3078:   0000000000000010 000000000000000a
0x00007f4da67f3088:   0000000000000011 0000000000000009
0x00007f4da67f3098:   00000000ebf4ea20 00000000ebedc508
0x00007f4da67f30a8:   00000000ebf4c4e8 00000000ebf4c4e8
0x00007f4da67f30b8:   00007f4da67f30b8 00007f4e088ec4e4
0x00007f4da67f30c8:   00007f4da67f3110 00007f4e088ed640
0x00007f4da67f30d8:   0000000000000000 00007f4e088ec5e0
0x00007f4da67f30e8:   00007f4da67f30a0 00007f4da67f3110
0x00007f4da67f30f8:   00007f4da67f3168 00007f4df5007ffd
0x00007f4da67f3108:   0000000000000000 00000000ebed88e8
0x00007f4da67f3118:   00000000ebed88e8 00000000ebdb5b18
0x00007f4da67f3128:   00007f4da67f3128 00007f4e088e9312
0x00007f4da67f3138:   00007f4da67f3208 00007f4e088e9ce0
0x00007f4da67f3148:   0000000000000000 00007f4e088e9868
0x00007f4da67f3158:   00007f4da67f3110 00007f4da67f3200
0x00007f4da67f3168:   00007f4da67f3250 00007f4df5007ffd
0x00007f4da67f3178:   0000000000000000 0000000000000000
0x00007f4da67f3188:   0000000000000000 0000000000000000
0x00007f4da67f3198:   0000000000000000 0000000000000000
0x00007f4da67f31a8:   0000000000000000 0000000000000000
0x00007f4da67f31b8:   0000000000000000 0000000000000000
0x00007f4da67f31c8:   0000000000000000 0000000000000000
0x00007f4da67f31d8:   0000000000000000 0000000000000000
0x00007f4da67f31e8:   0000000000000000 0000000000000000 

Instructions: (pc=0x00007f4db6005060)
0x00007f4db6005040:   
[error occurred during error reporting (printing registers, top of stack, instructions near pc), id 0xb]

Register to memory mapping:

RAX={method} {0x00007f4e088eed70} 'getCellXY' '(II)Lmain/Element/Cell;' in 'main/Mapping/Map'
RBX={method} {0x00007f4e088eed70} 'getCellXY' '(II)Lmain/Element/Cell;' in 'main/Mapping/Map'
RCX=0x0000000000000011 is an unknown value
RDX=0x0000000000000009 is an unknown value
RSP=0x00007f4da67f2ff8 is pointing into the stack for thread: 0x00007f4db00a2000
RBP=0x00007f4da67f3068 is pointing into the stack for thread: 0x00007f4db00a2000
RSI=0x00000000ebedc508 is an oop
main.Mapping.Map 
 - klass: 'main/Mapping/Map'
RDI=0x00000000000004f4 is an unknown value
R8 =0x0000000000000011 is an unknown value
R9 =0x0000000000000001 is an unknown value
R10=0x00007f4e0bd31800: <offset 0xfc7800> in /usr/lib/jvm/java-8-oracle/jre/lib/amd64/server/libjvm.so at 0x00007f4e0ad6a000
R11=0x00007f4df521b920 is at entry_point+32 in (nmethod*)0x00007f4df521b790
R12=0x0000000000000000 is an unknown value
R13=0x00007f4da67f3010 is pointing into the stack for thread: 0x00007f4db00a2000
R14=0x0000000000000000 is an unknown value
R15=0x00007f4db00a2000 is a thread


Stack: [0x00007f4da66f5000,0x00007f4da67f6000],  sp=0x00007f4da67f2ff8,  free space=1015k
Native frames: (J=compiled Java code, j=interpreted, Vv=VM code, C=native code)
C  0x00007f4db6005060
j  main.Anthill.Colony.<init>()V+148
j  main.View.ColonyDisplay.start(Ljavafx/stage/Stage;)V+10
j  com.sun.javafx.application.LauncherImpl.lambda$launchApplication1$162(Ljava/util/concurrent/atomic/AtomicBoolean;Ljavafx/application/Application;)V+20
j  com.sun.javafx.application.LauncherImpl$$Lambda$59.run()V+8
j  com.sun.javafx.application.PlatformImpl.lambda$runAndWait$175(Ljava/lang/Runnable;Ljava/util/concurrent/CountDownLatch;)V+1
j  com.sun.javafx.application.PlatformImpl$$Lambda$52.run()V+8
j  com.sun.javafx.application.PlatformImpl.lambda$null$173(Ljava/lang/Runnable;)Ljava/lang/Void;+1
j  com.sun.javafx.application.PlatformImpl$$Lambda$55.run()Ljava/lang/Object;+4
v  ~StubRoutines::call_stub
V  [libjvm.so+0x690dd6]  JavaCalls::call_helper(JavaValue*, methodHandle*, JavaCallArguments*, Thread*)+0x1056
V  [libjvm.so+0x72a09c]  JVM_DoPrivileged+0x27c
j  java.security.AccessController.doPrivileged(Ljava/security/PrivilegedAction;Ljava/security/AccessControlContext;)Ljava/lang/Object;+0
j  com.sun.javafx.application.PlatformImpl.lambda$runLater$174(Ljava/lang/Runnable;Ljava/security/AccessControlContext;)V+7
j  com.sun.javafx.application.PlatformImpl$$Lambda$53.run()V+8
j  com.sun.glass.ui.InvokeLaterDispatcher$Future.run()V+4
v  ~StubRoutines::call_stub
V  [libjvm.so+0x690dd6]  JavaCalls::call_helper(JavaValue*, methodHandle*, JavaCallArguments*, Thread*)+0x1056
V  [libjvm.so+0x6d2ccb]  jni_invoke_nonstatic(JNIEnv_*, JavaValue*, _jobject*, JNICallType, _jmethodID*, JNI_ArgumentPusher*, Thread*)+0x40b
V  [libjvm.so+0x6d709f]  jni_CallVoidMethodV+0x10f
C  [libglass.so+0x13e51]  JNIEnv_::CallVoidMethod(_jobject*, _jmethodID*, ...)+0x81
C  [libglass.so+0x2049b]  call_runnable(void*)+0x2b
C  [libgdk-x11-2.0.so.0+0x1dd97]


---------------  P R O C E S S  ---------------

Java Threads: ( => current thread )
=>0x00007f4db00a2000 JavaThread "JavaFX Application Thread" [_thread_in_Java, id=14070, stack(0x00007f4da66f5000,0x00007f4da67f6000)]
  0x00007f4db009d800 JavaThread "Thread-2" daemon [_thread_blocked, id=14069, stack(0x00007f4da67f6000,0x00007f4da68f7000)]
  0x00007f4db004c800 JavaThread "QuantumRenderer-0" daemon [_thread_blocked, id=14067, stack(0x00007f4de4dbe000,0x00007f4de4ebf000)]
  0x00007f4e04205000 JavaThread "JavaFX-Launcher" [_thread_blocked, id=14066, stack(0x00007f4de4ebf000,0x00007f4de4fc0000)]
  0x00007f4e0414d000 JavaThread "Monitor Ctrl-Break" daemon [_thread_in_native, id=14065, stack(0x00007f4de556d000,0x00007f4de566e000)]
  0x00007f4e040d2800 JavaThread "Service Thread" daemon [_thread_blocked, id=14061, stack(0x00007f4de5971000,0x00007f4de5a72000)]
  0x00007f4e040bd800 JavaThread "C1 CompilerThread2" daemon [_thread_blocked, id=14058, stack(0x00007f4de5a72000,0x00007f4de5b73000)]
  0x00007f4e040bb800 JavaThread "C2 CompilerThread1" daemon [_thread_blocked, id=14055, stack(0x00007f4de5b73000,0x00007f4de5c74000)]
  0x00007f4e040b8800 JavaThread "C2 CompilerThread0" daemon [_thread_blocked, id=14054, stack(0x00007f4de5c74000,0x00007f4de5d75000)]
  0x00007f4e040b7000 JavaThread "Signal Dispatcher" daemon [_thread_blocked, id=14053, stack(0x00007f4de5d75000,0x00007f4de5e76000)]
  0x00007f4e04084000 JavaThread "Finalizer" daemon [_thread_blocked, id=14052, stack(0x00007f4de5fff000,0x00007f4de6100000)]
  0x00007f4e0407f800 JavaThread "Reference Handler" daemon [_thread_blocked, id=14050, stack(0x00007f4df40d0000,0x00007f4df41d1000)]
  0x00007f4e0400a000 JavaThread "main" [_thread_blocked, id=14037, stack(0x00007f4e0c830000,0x00007f4e0c931000)]

Other Threads:
  0x00007f4e04077800 VMThread [stack: 0x00007f4df41d1000,0x00007f4df42d2000] [id=14048]
  0x00007f4e040d5800 WatcherThread [stack: 0x00007f4de5870000,0x00007f4de5971000] [id=14064]

VM state:not at safepoint (normal execution)

VM Mutex/Monitor currently owned by a thread: None

Heap:
 PSYoungGen      total 18432K, used 10309K [0x00000000eb580000, 0x00000000eca00000, 0x0000000100000000)
  eden space 15872K, 64% used [0x00000000eb580000,0x00000000ebf91540,0x00000000ec500000)
  from space 2560K, 0% used [0x00000000ec780000,0x00000000ec780000,0x00000000eca00000)
  to   space 2560K, 0% used [0x00000000ec500000,0x00000000ec500000,0x00000000ec780000)
 ParOldGen       total 42496K, used 0K [0x00000000c2000000, 0x00000000c4980000, 0x00000000eb580000)
  object space 42496K, 0% used [0x00000000c2000000,0x00000000c2000000,0x00000000c4980000)
 Metaspace       used 7734K, capacity 8056K, committed 8320K, reserved 1056768K
  class space    used 958K, capacity 1068K, committed 1152K, reserved 1048576K

Card table byte_map: [0x00007f4e09424000,0x00007f4e09615000] byte_map_base: 0x00007f4e08e14000

Marking Bits: (ParMarkBitMap*) 0x00007f4e0bd2ec80
 Begin Bits: [0x00007f4de6100000, 0x00007f4de7080000)
 End Bits:   [0x00007f4de7080000, 0x00007f4de8000000)

Polling page: 0x00007f4e0c95b000

CodeCache: size=245760Kb used=2178Kb max_used=2178Kb free=243581Kb
 bounds [0x00007f4df5000000, 0x00007f4df5270000, 0x00007f4e04000000]
 total_blobs=920 nmethods=507 adapters=329
 compilation: enabled

Compilation events (10 events):
Event: 0.748 Thread 0x00007f4e040bd800 nmethod 502 0x00007f4df521b790 code [0x00007f4df521b900, 0x00007f4df521ba90]
Event: 0.748 Thread 0x00007f4e040bd800  503       3       main.Graph.Graph::isInRange (28 bytes)
Event: 0.748 Thread 0x00007f4e040bd800 nmethod 503 0x00007f4df521f0d0 code [0x00007f4df521f240, 0x00007f4df521f4d0]
Event: 0.748 Thread 0x00007f4e040bd800  504       3       main.Graph.Node::link (21 bytes)
Event: 0.748 Thread 0x00007f4e040bd800 nmethod 504 0x00007f4df521f590 code [0x00007f4df521f720, 0x00007f4df521fa88]
Event: 0.748 Thread 0x00007f4e040bd800  505       3       main.Graph.Edge::<init> (20 bytes)
Event: 0.748 Thread 0x00007f4e040bd800 nmethod 505 0x00007f4df521fc10 code [0x00007f4df521fd80, 0x00007f4df521ff70]
Event: 0.748 Thread 0x00007f4e040bd800  506       1       main.Mapping.Map::getCellXY (9 bytes)
Event: 0.748 Thread 0x00007f4e040bd800 nmethod 506 0x00007f4df5220050 code [0x00007f4df52201c0, 0x00007f4df5220310]
Event: 0.748 Thread 0x00007f4e040bd800  498       3       java.util.Arrays::copyOf (46 bytes)

GC Heap History (0 events):
No events

Deoptimization events (1 events):
Event: 0.676 Thread 0x00007f4db00a2000 Uncommon trap: reason=unstable_if action=reinterpret pc=0x00007f4df5195274 method=java.lang.String.replace(CC)Ljava/lang/String; @ 2

Internal exceptions (9 events):
Event: 0.036 Thread 0x00007f4e0400a000 Exception <a 'java/lang/NoSuchMethodError': Method sun.misc.Unsafe.defineClass(Ljava/lang/String;[BII)Ljava/lang/Class; name or signature does not match> (0x00000000eb587ca8) thrown at [/HUDSON3/workspace/8-2-build-linux-amd64/jdk8u121/8372/hotspot/src/sh
Event: 0.036 Thread 0x00007f4e0400a000 Exception <a 'java/lang/NoSuchMethodError': Method sun.misc.Unsafe.prefetchRead(Ljava/lang/Object;J)V name or signature does not match> (0x00000000eb587f90) thrown at [/HUDSON3/workspace/8-2-build-linux-amd64/jdk8u121/8372/hotspot/src/share/vm/prims/jni.c
Event: 0.201 Thread 0x00007f4e0400a000 Exception <a 'java/lang/NoSuchFieldError': method resolution failed> (0x00000000eb7ad370) thrown at [/HUDSON3/workspace/8-2-build-linux-amd64/jdk8u121/8372/hotspot/src/share/vm/prims/methodHandles.cpp, line 1146]
Event: 0.205 Thread 0x00007f4e0400a000 Exception <a 'java/lang/NoSuchFieldError': method resolution failed> (0x00000000eb7ba6f0) thrown at [/HUDSON3/workspace/8-2-build-linux-amd64/jdk8u121/8372/hotspot/src/share/vm/prims/methodHandles.cpp, line 1146]
Event: 0.273 Thread 0x00007f4e04205000 Exception <a 'java/security/PrivilegedActionException'> (0x00000000eb863870) thrown at [/HUDSON3/workspace/8-2-build-linux-amd64/jdk8u121/8372/hotspot/src/share/vm/prims/jvm.cpp, line 1390]
Event: 0.273 Thread 0x00007f4e04205000 Exception <a 'java/security/PrivilegedActionException'> (0x00000000eb863a80) thrown at [/HUDSON3/workspace/8-2-build-linux-amd64/jdk8u121/8372/hotspot/src/share/vm/prims/jvm.cpp, line 1390]
Event: 0.273 Thread 0x00007f4e04205000 Exception <a 'java/security/PrivilegedActionException'> (0x00000000eb865ee8) thrown at [/HUDSON3/workspace/8-2-build-linux-amd64/jdk8u121/8372/hotspot/src/share/vm/prims/jvm.cpp, line 1390]
Event: 0.273 Thread 0x00007f4e04205000 Exception <a 'java/security/PrivilegedActionException'> (0x00000000eb8660f8) thrown at [/HUDSON3/workspace/8-2-build-linux-amd64/jdk8u121/8372/hotspot/src/share/vm/prims/jvm.cpp, line 1390]
Event: 0.274 Thread 0x00007f4e04205000 Exception <a 'java/lang/NullPointerException'> (0x00000000eb8666d0) thrown at [/HUDSON3/workspace/8-2-build-linux-amd64/jdk8u121/8372/hotspot/src/share/vm/interpreter/linkResolver.cpp, line 1178]

Events (10 events):
Event: 0.744 loading class main/Ant/Mind
Event: 0.744 loading class main/Ant/Mind done
Event: 0.744 loading class main/Ant/BasicSensor
Event: 0.744 loading class main/Ant/BasicSensor done
Event: 0.745 loading class main/Graph/Graph
Event: 0.745 loading class main/Graph/Graph done
Event: 0.745 loading class main/Graph/Node
Event: 0.745 loading class main/Graph/Node done
Event: 0.746 loading class main/Graph/Edge
Event: 0.746 loading class main/Graph/Edge done


Dynamic libraries:
00400000-00401000 r-xp 00000000 08:01 1708709                            /usr/lib/jvm/java-8-oracle/bin/java
00600000-00601000 rw-p 00000000 08:01 1708709                            /usr/lib/jvm/java-8-oracle/bin/java
019e0000-01a01000 rw-p 00000000 00:00 0                                  [heap]
41b3b000-41bd7000 rw-p 00000000 00:00 0 
41c25000-41c27000 r-xs 00000000 08:01 1181829                            /tmp/.gllaxwsv (deleted)
c2000000-c4980000 rw-p 00000000 00:00 0 
c4980000-eb580000 ---p 00000000 00:00 0 
eb580000-eca00000 rw-p 00000000 00:00 0 
eca00000-100000000 ---p 00000000 00:00 0 
100000000-100120000 rw-p 00000000 00:00 0 
100120000-140000000 ---p 00000000 00:00 0 
7f4d98000000-7f4d98322000 rw-p 00000000 00:00 0 
7f4d98322000-7f4d9c000000 ---p 00000000 00:00 0 
7f4da0000000-7f4da0021000 rw-p 00000000 00:00 0 
7f4da0021000-7f4da4000000 ---p 00000000 00:00 0 
7f4da66f5000-7f4da66f8000 ---p 00000000 00:00 0 
7f4da66f8000-7f4da67f6000 rw-p 00000000 00:00 0                          [stack:14070]
7f4da67f6000-7f4da67f9000 ---p 00000000 00:00 0 
7f4da67f9000-7f4da68f7000 rw-p 00000000 00:00 0                          [stack:14069]
7f4da68f7000-7f4da6920000 r-xp 00000000 08:01 1708881                    /usr/lib/jvm/java-8-oracle/jre/lib/amd64/libglass.so
7f4da6920000-7f4da6b1f000 ---p 00029000 08:01 1708881                    /usr/lib/jvm/java-8-oracle/jre/lib/amd64/libglass.so
7f4da6b1f000-7f4da6b22000 rw-p 00028000 08:01 1708881                    /usr/lib/jvm/java-8-oracle/jre/lib/amd64/libglass.so
7f4da6b22000-7f4da6ba2000 rw-s 042e4000 00:05 13711                      /dev/nvidiactl
7f4da6ba2000-7f4da6ca2000 rw-s 9eeb0000 00:05 13711                      /dev/nvidiactl
7f4da6ca2000-7f4da6d22000 rw-s 0459e000 00:05 13711                      /dev/nvidiactl
7f4da6d22000-7f4da6dd6000 rw-s 962a9000 00:05 13711                      /dev/nvidiactl
7f4da6dd6000-7f4da6ddc000 r-xp 00000000 08:01 7345962                    /usr/lib/x86_64-linux-gnu/libdatrie.so.1.3.1
7f4da6ddc000-7f4da6fdc000 ---p 00006000 08:01 7345962                    /usr/lib/x86_64-linux-gnu/libdatrie.so.1.3.1
7f4da6fdc000-7f4da6fdd000 r--p 00006000 08:01 7345962                    /usr/lib/x86_64-linux-gnu/libdatrie.so.1.3.1
7f4da6fdd000-7f4da6fde000 rw-p 00007000 08:01 7345962                    /usr/lib/x86_64-linux-gnu/libdatrie.so.1.3.1
7f4da6fde000-7f4da6fe3000 r-xp 00000000 08:01 7345770                    /usr/lib/x86_64-linux-gnu/libXdmcp.so.6.0.0
7f4da6fe3000-7f4da71e2000 ---p 00005000 08:01 7345770                    /usr/lib/x86_64-linux-gnu/libXdmcp.so.6.0.0
7f4da71e2000-7f4da71e3000 rw-p 00004000 08:01 7345770                    /usr/lib/x86_64-linux-gnu/libXdmcp.so.6.0.0
7f4da71e3000-7f4da71e6000 r-xp 00000000 08:01 7345759                    /usr/lib/x86_64-linux-gnu/libXau.so.6.0.0
7f4da71e6000-7f4da73e5000 ---p 00003000 08:01 7345759                    /usr/lib/x86_64-linux-gnu/libXau.so.6.0.0
7f4da73e5000-7f4da73e6000 r--p 00002000 08:01 7345759                    /usr/lib/x86_64-linux-gnu/libXau.so.6.0.0
7f4da73e6000-7f4da73e7000 rw-p 00003000 08:01 7345759                    /usr/lib/x86_64-linux-gnu/libXau.so.6.0.0
7f4da73e7000-7f4da740b000 r-xp 00000000 08:01 7345896                    /usr/lib/x86_64-linux-gnu/libgraphite2.so.3.0.1
7f4da740b000-7f4da760a000 ---p 00024000 08:01 7345896                    /usr/lib/x86_64-linux-gnu/libgraphite2.so.3.0.1
7f4da760a000-7f4da760c000 r--p 00023000 08:01 7345896                    /usr/lib/x86_64-linux-gnu/libgraphite2.so.3.0.1
7f4da760c000-7f4da760d000 rw-p 00025000 08:01 7345896                    /usr/lib/x86_64-linux-gnu/libgraphite2.so.3.0.1
7f4da760d000-7f4da8fcf000 r-xp 00000000 08:01 7216242                    /usr/lib/libnvidia-glcore.so.340.96
7f4da8fcf000-7f4da8fed000 rwxp 019c2000 08:01 7216242                    /usr/lib/libnvidia-glcore.so.340.96
7f4da8fed000-7f4da946b000 r-xp 019e0000 08:01 7216242                    /usr/lib/libnvidia-glcore.so.340.96
7f4da946b000-7f4da966a000 ---p 01e5e000 08:01 7216242                    /usr/lib/libnvidia-glcore.so.340.96
7f4da966a000-7f4daa204000 rw-p 01e5d000 08:01 7216242                    /usr/lib/libnvidia-glcore.so.340.96
7f4daa204000-7f4daa221000 rw-p 00000000 00:00 0 
7f4daa221000-7f4daa224000 r-xp 00000000 08:01 7216246                    /usr/lib/tls/libnvidia-tls.so.340.96
7f4daa224000-7f4daa423000 ---p 00003000 08:01 7216246                    /usr/lib/tls/libnvidia-tls.so.340.96
7f4daa423000-7f4daa424000 rw-p 00002000 08:01 7216246                    /usr/lib/tls/libnvidia-tls.so.340.96
7f4daa424000-7f4daa490000 r-xp 00000000 08:01 2491427                    /lib/x86_64-linux-gnu/libpcre.so.3.13.1
7f4daa490000-7f4daa690000 ---p 0006c000 08:01 2491427                    /lib/x86_64-linux-gnu/libpcre.so.3.13.1
7f4daa690000-7f4daa691000 r--p 0006c000 08:01 2491427                    /lib/x86_64-linux-gnu/libpcre.so.3.13.1
7f4daa691000-7f4daa692000 rw-p 0006d000 08:01 2491427                    /lib/x86_64-linux-gnu/libpcre.so.3.13.1
7f4daa692000-7f4daa699000 r-xp 00000000 08:01 7346053                    /usr/lib/x86_64-linux-gnu/libffi.so.6.0.2
7f4daa699000-7f4daa898000 ---p 00007000 08:01 7346053                    /usr/lib/x86_64-linux-gnu/libffi.so.6.0.2
7f4daa898000-7f4daa899000 r--p 00006000 08:01 7346053                    /usr/lib/x86_64-linux-gnu/libffi.so.6.0.2
7f4daa899000-7f4daa89a000 rw-p 00007000 08:01 7346053                    /usr/lib/x86_64-linux-gnu/libffi.so.6.0.2
7f4daa89a000-7f4daa8c0000 r-xp 00000000 08:01 2490808                    /lib/x86_64-linux-gnu/libexpat.so.1.6.0
7f4daa8c0000-7f4daaabf000 ---p 00026000 08:01 2490808                    /lib/x86_64-linux-gnu/libexpat.so.1.6.0
7f4daaabf000-7f4daaac2000 r--p 00025000 08:01 2490808                    /lib/x86_64-linux-gnu/libexpat.so.1.6.0
7f4daaac2000-7f4daaac3000 rw-p 00028000 08:01 2490808                    /lib/x86_64-linux-gnu/libexpat.so.1.6.0
7f4daaac3000-7f4daaacb000 r-xp 00000000 08:01 7346744                    /usr/lib/x86_64-linux-gnu/libthai.so.0.2.0
7f4daaacb000-7f4daacca000 ---p 00008000 08:01 7346744                    /usr/lib/x86_64-linux-gnu/libthai.so.0.2.0
7f4daacca000-7f4daaccb000 r--p 00007000 08:01 7346744                    /usr/lib/x86_64-linux-gnu/libthai.so.0.2.0
7f4daaccb000-7f4daaccc000 rw-p 00008000 08:01 7346744                    /usr/lib/x86_64-linux-gnu/libthai.so.0.2.0
7f4daaccc000-7f4daaced000 r-xp 00000000 08:01 7346920                    /usr/lib/x86_64-linux-gnu/libxcb.so.1.1.0
7f4daaced000-7f4daaeec000 ---p 00021000 08:01 7346920                    /usr/lib/x86_64-linux-gnu/libxcb.so.1.1.0
7f4daaeec000-7f4daaeed000 r--p 00020000 08:01 7346920                    /usr/lib/x86_64-linux-gnu/libxcb.so.1.1.0
7f4daaeed000-7f4daaeee000 rw-p 00021000 08:01 7346920                    /usr/lib/x86_64-linux-gnu/libxcb.so.1.1.0
7f4daaeee000-7f4daaef7000 r-xp 00000000 08:01 7346904                    /usr/lib/x86_64-linux-gnu/libxcb-render.so.0.0.0
7f4daaef7000-7f4dab0f6000 ---p 00009000 08:01 7346904                    /usr/lib/x86_64-linux-gnu/libxcb-render.so.0.0.0
7f4dab0f6000-7f4dab0f7000 r--p 00008000 08:01 7346904                    /usr/lib/x86_64-linux-gnu/libxcb-render.so.0.0.0
7f4dab0f7000-7f4dab0f8000 rw-p 00009000 08:01 7346904                    /usr/lib/x86_64-linux-gnu/libxcb-render.so.0.0.0
7f4dab0f8000-7f4dab0fa000 r-xp 00000000 08:01 7346908                    /usr/lib/x86_64-linux-gnu/libxcb-shm.so.0.0.0
7f4dab0fa000-7f4dab2fa000 ---p 00002000 08:01 7346908                    /usr/lib/x86_64-linux-gnu/libxcb-shm.so.0.0.0
7f4dab2fa000-7f4dab2fb000 r--p 00002000 08:01 7346908                    /usr/lib/x86_64-linux-gnu/libxcb-shm.so.0.0.0
7f4dab2fb000-7f4dab2fc000 rw-p 00003000 08:01 7346908                    /usr/lib/x86_64-linux-gnu/libxcb-shm.so.0.0.0
7f4dab2fc000-7f4dab3a1000 r-xp 00000000 08:01 7346543                    /usr/lib/x86_64-linux-gnu/libpixman-1.so.0.32.6
7f4dab3a1000-7f4dab5a0000 ---p 000a5000 08:01 7346543                    /usr/lib/x86_64-linux-gnu/libpixman-1.so.0.32.6
7f4dab5a0000-7f4dab5a8000 r--p 000a4000 08:01 7346543                    /usr/lib/x86_64-linux-gnu/libpixman-1.so.0.32.6
7f4dab5a8000-7f4dab5a9000 rw-p 000ac000 08:01 7346543                    /usr/lib/x86_64-linux-gnu/libpixman-1.so.0.32.6
7f4dab5a9000-7f4dab5cf000 r-xp 00000000 08:01 2492063                    /lib/x86_64-linux-gnu/libpng12.so.0.50.0
7f4dab5cf000-7f4dab7ce000 ---p 00026000 08:01 2492063                    /lib/x86_64-linux-gnu/libpng12.so.0.50.0
7f4dab7ce000-7f4dab7cf000 r--p 00025000 08:01 2492063                    /lib/x86_64-linux-gnu/libpng12.so.0.50.0
7f4dab7cf000-7f4dab7d0000 rw-p 00026000 08:01 2492063                    /lib/x86_64-linux-gnu/libpng12.so.0.50.0
7f4dab7d0000-7f4dab825000 r-xp 00000000 08:01 7346275                    /usr/lib/x86_64-linux-gnu/libharfbuzz.so.0.935.0
7f4dab825000-7f4daba24000 ---p 00055000 08:01 7346275                    /usr/lib/x86_64-linux-gnu/libharfbuzz.so.0.935.0
7f4daba24000-7f4daba26000 r--p 00054000 08:01 7346275                    /usr/lib/x86_64-linux-gnu/libharfbuzz.so.0.935.0
7f4daba26000-7f4daba27000 rw-p 00056000 08:01 7346275                    /usr/lib/x86_64-linux-gnu/libharfbuzz.so.0.935.0
7f4daba27000-7f4daba3b000 r-xp 00000000 08:01 2491464                    /lib/x86_64-linux-gnu/libresolv-2.19.so
7f4daba3b000-7f4dabc3a000 ---p 00014000 08:01 2491464                    /lib/x86_64-linux-gnu/libresolv-2.19.so
7f4dabc3a000-7f4dabc3b000 r--p 00013000 08:01 2491464                    /lib/x86_64-linux-gnu/libresolv-2.19.so
7f4dabc3b000-7f4dabc3c000 rw-p 00014000 08:01 2491464                    /lib/x86_64-linux-gnu/libresolv-2.19.so
7f4dabc3c000-7f4dabc3e000 rw-p 00000000 00:00 0 
7f4dabc3e000-7f4dabc5f000 r-xp 00000000 08:01 2492076                    /lib/x86_64-linux-gnu/libselinux.so.1
7f4dabc5f000-7f4dabe5f000 ---p 00021000 08:01 2492076                    /lib/x86_64-linux-gnu/libselinux.so.1
7f4dabe5f000-7f4dabe60000 r--p 00021000 08:01 2492076                    /lib/x86_64-linux-gnu/libselinux.so.1
7f4dabe60000-7f4dabe61000 rw-p 00022000 08:01 2492076                    /lib/x86_64-linux-gnu/libselinux.so.1
7f4dabe61000-7f4dabe63000 rw-p 00000000 00:00 0 
7f4dabe63000-7f4dabe7d000 r-xp 00000000 08:01 2492107                    /lib/x86_64-linux-gnu/libz.so.1.2.8
7f4dabe7d000-7f4dac07c000 ---p 0001a000 08:01 2492107                    /lib/x86_64-linux-gnu/libz.so.1.2.8
7f4dac07c000-7f4dac07d000 r--p 00019000 08:01 2492107                    /lib/x86_64-linux-gnu/libz.so.1.2.8
7f4dac07d000-7f4dac07e000 rw-p 0001a000 08:01 2492107                    /lib/x86_64-linux-gnu/libz.so.1.2.8
7f4dac07e000-7f4dac08f000 r-xp 00000000 08:01 7345772                    /usr/lib/x86_64-linux-gnu/libXext.so.6.4.0
7f4dac08f000-7f4dac28e000 ---p 00011000 08:01 7345772                    /usr/lib/x86_64-linux-gnu/libXext.so.6.4.0
7f4dac28e000-7f4dac28f000 r--p 00010000 08:01 7345772                    /usr/lib/x86_64-linux-gnu/libXext.so.6.4.0
7f4dac28f000-7f4dac290000 rw-p 00011000 08:01 7345772                    /usr/lib/x86_64-linux-gnu/libXext.so.6.4.0
7f4dac290000-7f4dac29a000 r-xp 00000000 08:01 7345766                    /usr/lib/x86_64-linux-gnu/libXcursor.so.1.0.2
7f4dac29a000-7f4dac499000 ---p 0000a000 08:01 7345766                    /usr/lib/x86_64-linux-gnu/libXcursor.so.1.0.2
7f4dac499000-7f4dac49a000 r--p 00009000 08:01 7345766                    /usr/lib/x86_64-linux-gnu/libXcursor.so.1.0.2
7f4dac49a000-7f4dac49b000 rw-p 0000a000 08:01 7345766                    /usr/lib/x86_64-linux-gnu/libXcursor.so.1.0.2
7f4dac49b000-7f4dac4a4000 r-xp 00000000 08:01 7345790                    /usr/lib/x86_64-linux-gnu/libXrandr.so.2.2.0
7f4dac4a4000-7f4dac6a3000 ---p 00009000 08:01 7345790                    /usr/lib/x86_64-linux-gnu/libXrandr.so.2.2.0
7f4dac6a3000-7f4dac6a4000 r--p 00008000 08:01 7345790                    /usr/lib/x86_64-linux-gnu/libXrandr.so.2.2.0
7f4dac6a4000-7f4dac6a5000 rw-p 00009000 08:01 7345790                    /usr/lib/x86_64-linux-gnu/libXrandr.so.2.2.0
7f4dac6a5000-7f4dac6b4000 r-xp 00000000 08:01 7345780                    /usr/lib/x86_64-linux-gnu/libXi.so.6.1.0
7f4dac6b4000-7f4dac8b3000 ---p 0000f000 08:01 7345780                    /usr/lib/x86_64-linux-gnu/libXi.so.6.1.0
7f4dac8b3000-7f4dac8b4000 r--p 0000e000 08:01 7345780                    /usr/lib/x86_64-linux-gnu/libXi.so.6.1.0
7f4dac8b4000-7f4dac8b5000 rw-p 0000f000 08:01 7345780                    /usr/lib/x86_64-linux-gnu/libXi.so.6.1.0
7f4dac8b5000-7f4dac8b7000 r-xp 00000000 08:01 7345782                    /usr/lib/x86_64-linux-gnu/libXinerama.so.1.0.0
7f4dac8b7000-7f4dacab6000 ---p 00002000 08:01 7345782                    /usr/lib/x86_64-linux-gnu/libXinerama.so.1.0.0
7f4dacab6000-7f4dacab7000 r--p 00001000 08:01 7345782                    /usr/lib/x86_64-linux-gnu/libXinerama.so.1.0.0
7f4dacab7000-7f4dacab8000 rw-p 00002000 08:01 7345782                    /usr/lib/x86_64-linux-gnu/libXinerama.so.1.0.0
7f4dacab8000-7f4dacac1000 r-xp 00000000 08:01 7345792                    /usr/lib/x86_64-linux-gnu/libXrender.so.1.3.0
7f4dacac1000-7f4daccc0000 ---p 00009000 08:01 7345792                    /usr/lib/x86_64-linux-gnu/libXrender.so.1.3.0
7f4daccc0000-7f4daccc1000 r--p 00008000 08:01 7345792                    /usr/lib/x86_64-linux-gnu/libXrender.so.1.3.0
7f4daccc1000-7f4daccc2000 rw-p 00009000 08:01 7345792                    /usr/lib/x86_64-linux-gnu/libXrender.so.1.3.0
7f4daccc2000-7f4daccc7000 r-xp 00000000 08:01 7345774                    /usr/lib/x86_64-linux-gnu/libXfixes.so.3.1.0
7f4daccc7000-7f4dacec6000 ---p 00005000 08:01 7345774                    /usr/lib/x86_64-linux-gnu/libXfixes.so.3.1.0
7f4dacec6000-7f4dacec7000 r--p 00004000 08:01 7345774                    /usr/lib/x86_64-linux-gnu/libXfixes.so.3.1.0
7f4dacec7000-7f4dacec8000 rw-p 00005000 08:01 7345774                    /usr/lib/x86_64-linux-gnu/libXfixes.so.3.1.0
7f4dacec8000-7f4daceca000 r-xp 00000000 08:01 7345768                    /usr/lib/x86_64-linux-gnu/libXdamage.so.1.1.0
7f4daceca000-7f4dad0c9000 ---p 00002000 08:01 7345768                    /usr/lib/x86_64-linux-gnu/libXdamage.so.1.1.0
7f4dad0c9000-7f4dad0ca000 r--p 00001000 08:01 7345768                    /usr/lib/x86_64-linux-gnu/libXdamage.so.1.1.0
7f4dad0ca000-7f4dad0cb000 rw-p 00002000 08:01 7345768                    /usr/lib/x86_64-linux-gnu/libXdamage.so.1.1.0
7f4dad0cb000-7f4dad0cd000 r-xp 00000000 08:01 7345764                    /usr/lib/x86_64-linux-gnu/libXcomposite.so.1.0.0
7f4dad0cd000-7f4dad2cc000 ---p 00002000 08:01 7345764                    /usr/lib/x86_64-linux-gnu/libXcomposite.so.1.0.0
7f4dad2cc000-7f4dad2cd000 r--p 00001000 08:01 7345764                    /usr/lib/x86_64-linux-gnu/libXcomposite.so.1.0.0
7f4dad2cd000-7f4dad2ce000 rw-p 00002000 08:01 7345764                    /usr/lib/x86_64-linux-gnu/libXcomposite.so.1.0.0
7f4dad2ce000-7f4dad2e4000 r-xp 00000000 08:01 2491972                    /lib/x86_64-linux-gnu/libgcc_s.so.1
7f4dad2e4000-7f4dad4e3000 ---p 00016000 08:01 2491972                    /lib/x86_64-linux-gnu/libgcc_s.so.1
7f4dad4e3000-7f4dad4e4000 rw-p 00015000 08:01 2491972                    /lib/x86_64-linux-gnu/libgcc_s.so.1
7f4dad4e4000-7f4dad5d0000 r-xp 00000000 08:01 7346722                    /usr/lib/x86_64-linux-gnu/libstdc++.so.6.0.20
7f4dad5d0000-7f4dad7d0000 ---p 000ec000 08:01 7346722                    /usr/lib/x86_64-linux-gnu/libstdc++.so.6.0.20
7f4dad7d0000-7f4dad7d8000 r--p 000ec000 08:01 7346722                    /usr/lib/x86_64-linux-gnu/libstdc++.so.6.0.20
7f4dad7d8000-7f4dad7da000 rw-p 000f4000 08:01 7346722                    /usr/lib/x86_64-linux-gnu/libstdc++.so.6.0.20
7f4dad7da000-7f4dad7ef000 rw-p 00000000 00:00 0 
7f4dad7ef000-7f4dad8b6000 r-xp 00000000 08:01 7216243                    /usr/lib/libGL.so.340.96
7f4dad8b6000-7f4dad8e5000 rwxp 000c7000 08:01 7216243                    /usr/lib/libGL.so.340.96
7f4dad8e5000-7f4dad901000 r-xp 000f6000 08:01 7216243                    /usr/lib/libGL.so.340.96
7f4dad901000-7f4dadb00000 ---p 00112000 08:01 7216243                    /usr/lib/libGL.so.340.96
7f4dadb00000-7f4dadb25000 rw-p 00111000 08:01 7216243                    /usr/lib/libGL.so.340.96
7f4dadb25000-7f4dadb3b000 rw-p 00000000 00:00 0 
7f4dadb3b000-7f4dadb40000 r-xp 00000000 08:01 7345808                    /usr/lib/x86_64-linux-gnu/libXxf86vm.so.1.0.0
7f4dadb40000-7f4dadd3f000 ---p 00005000 08:01 7345808                    /usr/lib/x86_64-linux-gnu/libXxf86vm.so.1.0.0
7f4dadd3f000-7f4dadd40000 r--p 00004000 08:01 7345808                    /usr/lib/x86_64-linux-gnu/libXxf86vm.so.1.0.0
7f4dadd40000-7f4dadd41000 rw-p 00005000 08:01 7345808                    /usr/lib/x86_64-linux-gnu/libXxf86vm.so.1.0.0
7f4dadd41000-7f4dade7d000 r-xp 00000000 08:01 7345757                    /usr/lib/x86_64-linux-gnu/libX11.so.6.3.0
7f4dade7d000-7f4dae07c000 ---p 0013c000 08:01 7345757                    /usr/lib/x86_64-linux-gnu/libX11.so.6.3.0
7f4dae07c000-7f4dae07e000 r--p 0013b000 08:01 7345757                    /usr/lib/x86_64-linux-gnu/libX11.so.6.3.0
7f4dae07e000-7f4dae083000 rw-p 0013d000 08:01 7345757                    /usr/lib/x86_64-linux-gnu/libX11.so.6.3.0
7f4dae083000-7f4dae084000 rw-p 00000000 00:00 0 
7f4dae084000-7f4dae089000 r-xp 00000000 08:01 7345798                    /usr/lib/x86_64-linux-gnu/libXtst.so.6.1.0
7f4dae089000-7f4dae288000 ---p 00005000 08:01 7345798                    /usr/lib/x86_64-linux-gnu/libXtst.so.6.1.0
7f4dae288000-7f4dae289000 r--p 00004000 08:01 7345798                    /usr/lib/x86_64-linux-gnu/libXtst.so.6.1.0
7f4dae289000-7f4dae28a000 rw-p 00005000 08:01 7345798                    /usr/lib/x86_64-linux-gnu/libXtst.so.6.1.0
7f4dae28a000-7f4dae396000 r-xp 00000000 08:01 2491429                    /lib/x86_64-linux-gnu/libglib-2.0.so.0.4200.1
7f4dae396000-7f4dae596000 ---p 0010c000 08:01 2491429                    /lib/x86_64-linux-gnu/libglib-2.0.so.0.4200.1
7f4dae596000-7f4dae597000 r--p 0010c000 08:01 2491429                    /lib/x86_64-linux-gnu/libglib-2.0.so.0.4200.1
7f4dae597000-7f4dae598000 rw-p 0010d000 08:01 2491429                    /lib/x86_64-linux-gnu/libglib-2.0.so.0.4200.1
7f4dae598000-7f4dae599000 rw-p 00000000 00:00 0 
7f4dae599000-7f4dae59a000 r-xp 00000000 08:01 7347508                    /usr/lib/x86_64-linux-gnu/libgthread-2.0.so.0.4200.1
7f4dae59a000-7f4dae799000 ---p 00001000 08:01 7347508                    /usr/lib/x86_64-linux-gnu/libgthread-2.0.so.0.4200.1
7f4dae799000-7f4dae79a000 r--p 00000000 08:01 7347508                    /usr/lib/x86_64-linux-gnu/libgthread-2.0.so.0.4200.1
7f4dae79a000-7f4dae79b000 rw-p 00001000 08:01 7347508                    /usr/lib/x86_64-linux-gnu/libgthread-2.0.so.0.4200.1
7f4dae79b000-7f4dae79e000 r-xp 00000000 08:01 7347500                    /usr/lib/x86_64-linux-gnu/libgmodule-2.0.so.0.4200.1
7f4dae79e000-7f4dae99d000 ---p 00003000 08:01 7347500                    /usr/lib/x86_64-linux-gnu/libgmodule-2.0.so.0.4200.1
7f4dae99d000-7f4dae99e000 r--p 00002000 08:01 7347500                    /usr/lib/x86_64-linux-gnu/libgmodule-2.0.so.0.4200.1
7f4dae99e000-7f4dae99f000 rw-p 00003000 08:01 7347500                    /usr/lib/x86_64-linux-gnu/libgmodule-2.0.so.0.4200.1
7f4dae99f000-7f4dae9f0000 r-xp 00000000 08:01 7347494                    /usr/lib/x86_64-linux-gnu/libgobject-2.0.so.0.4200.1
7f4dae9f0000-7f4daebf0000 ---p 00051000 08:01 7347494                    /usr/lib/x86_64-linux-gnu/libgobject-2.0.so.0.4200.1
7f4daebf0000-7f4daebf1000 r--p 00051000 08:01 7347494                    /usr/lib/x86_64-linux-gnu/libgobject-2.0.so.0.4200.1
7f4daebf1000-7f4daebf2000 rw-p 00052000 08:01 7347494                    /usr/lib/x86_64-linux-gnu/libgobject-2.0.so.0.4200.1
7f4daebf2000-7f4daec2d000 r-xp 00000000 08:01 7347493                    /usr/lib/x86_64-linux-gnu/libfontconfig.so.1.8.0
7f4daec2d000-7f4daee2c000 ---p 0003b000 08:01 7347493                    /usr/lib/x86_64-linux-gnu/libfontconfig.so.1.8.0
7f4daee2c000-7f4daee2e000 r--p 0003a000 08:01 7347493                    /usr/lib/x86_64-linux-gnu/libfontconfig.so.1.8.0
7f4daee2e000-7f4daee2f000 rw-p 0003c000 08:01 7347493                    /usr/lib/x86_64-linux-gnu/libfontconfig.so.1.8.0
7f4daee2f000-7f4daeed3000 r-xp 00000000 08:01 7346117                    /usr/lib/x86_64-linux-gnu/libfreetype.so.6.11.1
7f4daeed3000-7f4daf0d2000 ---p 000a4000 08:01 7346117                    /usr/lib/x86_64-linux-gnu/libfreetype.so.6.11.1
7f4daf0d2000-7f4daf0d8000 r--p 000a3000 08:01 7346117                    /usr/lib/x86_64-linux-gnu/libfreetype.so.6.11.1
7f4daf0d8000-7f4daf0d9000 rw-p 000a9000 08:01 7346117                    /usr/lib/x86_64-linux-gnu/libfreetype.so.6.11.1
7f4daf0d9000-7f4daf124000 r-xp 00000000 08:01 7346516                    /usr/lib/x86_64-linux-gnu/libpango-1.0.so.0.3600.8
7f4daf124000-7f4daf324000 ---p 0004b000 08:01 7346516                    /usr/lib/x86_64-linux-gnu/libpango-1.0.so.0.3600.8
7f4daf324000-7f4daf326000 r--p 0004b000 08:01 7346516                    /usr/lib/x86_64-linux-gnu/libpango-1.0.so.0.3600.8
7f4daf326000-7f4daf327000 rw-p 0004d000 08:01 7346516                    /usr/lib/x86_64-linux-gnu/libpango-1.0.so.0.3600.8
7f4daf327000-7f4daf43c000 r-xp 00000000 08:01 7344323                    /usr/lib/x86_64-linux-gnu/libcairo.so.2.11400.0
7f4daf43c000-7f4daf63b000 ---p 00115000 08:01 7344323                    /usr/lib/x86_64-linux-gnu/libcairo.so.2.11400.0
7f4daf63b000-7f4daf63e000 r--p 00114000 08:01 7344323                    /usr/lib/x86_64-linux-gnu/libcairo.so.2.11400.0
7f4daf63e000-7f4daf63f000 rw-p 00117000 08:01 7344323                    /usr/lib/x86_64-linux-gnu/libcairo.so.2.11400.0
7f4daf63f000-7f4daf641000 rw-p 00000000 00:00 0 
7f4daf641000-7f4daf64d000 r-xp 00000000 08:01 7346518                    /usr/lib/x86_64-linux-gnu/libpangocairo-1.0.so.0.3600.8
7f4daf64d000-7f4daf84c000 ---p 0000c000 08:01 7346518                    /usr/lib/x86_64-linux-gnu/libpangocairo-1.0.so.0.3600.8
7f4daf84c000-7f4daf84d000 r--p 0000b000 08:01 7346518                    /usr/lib/x86_64-linux-gnu/libpangocairo-1.0.so.0.3600.8
7f4daf84d000-7f4daf84e000 rw-p 0000c000 08:01 7346518                    /usr/lib/x86_64-linux-gnu/libpangocairo-1.0.so.0.3600.8
7f4daf84e000-7f4daf86f000 r-xp 00000000 08:01 7347770                    /usr/lib/x86_64-linux-gnu/libgdk_pixbuf-2.0.so.0.3100.1
7f4daf86f000-7f4dafa6e000 ---p 00021000 08:01 7347770                    /usr/lib/x86_64-linux-gnu/libgdk_pixbuf-2.0.so.0.3100.1
7f4dafa6e000-7f4dafa6f000 r--p 00020000 08:01 7347770                    /usr/lib/x86_64-linux-gnu/libgdk_pixbuf-2.0.so.0.3100.1
7f4dafa6f000-7f4dafa70000 rw-p 00021000 08:01 7347770                    /usr/lib/x86_64-linux-gnu/libgdk_pixbuf-2.0.so.0.3100.1
7f4dafa70000-7f4dafa84000 r-xp 00000000 08:01 7346520                    /usr/lib/x86_64-linux-gnu/libpangoft2-1.0.so.0.3600.8
7f4dafa84000-7f4dafc84000 ---p 00014000 08:01 7346520                    /usr/lib/x86_64-linux-gnu/libpangoft2-1.0.so.0.3600.8
7f4dafc84000-7f4dafc85000 r--p 00014000 08:01 7346520                    /usr/lib/x86_64-linux-gnu/libpangoft2-1.0.so.0.3600.8
7f4dafc85000-7f4dafc86000 rw-p 00015000 08:01 7346520                    /usr/lib/x86_64-linux-gnu/libpangoft2-1.0.so.0.3600.8
7f4dafc86000-7f4dafdf8000 r-xp 00000000 08:01 7347516                    /usr/lib/x86_64-linux-gnu/libgio-2.0.so.0.4200.1
7f4dafdf8000-7f4dafff8000 ---p 00172000 08:01 7347516                    /usr/lib/x86_64-linux-gnu/libgio-2.0.so.0.4200.1
7f4dafff8000-7f4dafffc000 r--p 00172000 08:01 7347516                    /usr/lib/x86_64-linux-gnu/libgio-2.0.so.0.4200.1
7f4dafffc000-7f4dafffe000 rw-p 00176000 08:01 7347516                    /usr/lib/x86_64-linux-gnu/libgio-2.0.so.0.4200.1
7f4dafffe000-7f4db0000000 rw-p 00000000 00:00 0 
7f4db0000000-7f4db028c000 rw-p 00000000 00:00 0 
7f4db028c000-7f4db4000000 ---p 00000000 00:00 0 
7f4db4000000-7f4db465e000 rw-p 00000000 00:00 0 
7f4db465e000-7f4db8000000 ---p 00000000 00:00 0 
7f4db8000000-7f4db8021000 rw-p 00000000 00:00 0 
7f4db8021000-7f4dbc000000 ---p 00000000 00:00 0 
7f4dbc000000-7f4dbc021000 rw-p 00000000 00:00 0 
7f4dbc021000-7f4dc0000000 ---p 00000000 00:00 0 
7f4dc0000000-7f4dc01d7000 rw-p 00000000 00:00 0 
7f4dc01d7000-7f4dc4000000 ---p 00000000 00:00 0 
7f4dc4000000-7f4dc4021000 rw-p 00000000 00:00 0 
7f4dc4021000-7f4dc8000000 ---p 00000000 00:00 0 
7f4dc8000000-7f4dc815d000 rw-p 00000000 00:00 0 
7f4dc815d000-7f4dcc000000 ---p 00000000 00:00 0 
7f4dcc000000-7f4dcc028000 rw-p 00000000 00:00 0 
7f4dcc028000-7f4dd0000000 ---p 00000000 00:00 0 
7f4dd0000000-7f4dd0021000 rw-p 00000000 00:00 0 
7f4dd0021000-7f4dd4000000 ---p 00000000 00:00 0 
7f4dd4000000-7f4dd4021000 rw-p 00000000 00:00 0 
7f4dd4021000-7f4dd8000000 ---p 00000000 00:00 0 
7f4dd8000000-7f4dd8021000 rw-p 00000000 00:00 0 
7f4dd8021000-7f4ddc000000 ---p 00000000 00:00 0 
7f4ddc000000-7f4ddc021000 rw-p 00000000 00:00 0 
7f4ddc021000-7f4de0000000 ---p 00000000 00:00 0 
7f4de0000000-7f4de0021000 rw-p 00000000 00:00 0 
7f4de0021000-7f4de4000000 ---p 00000000 00:00 0 
7f4de4027000-7f4de4067000 rw-s c009e000 00:05 8913                       /dev/nvidia1
7f4de4067000-7f4de4087000 rw-s 03ba4000 00:05 13711                      /dev/nvidiactl
7f4de4087000-7f4de40aa000 r-xp 00000000 08:01 7345848                    /usr/lib/x86_64-linux-gnu/libatk-1.0.so.0.21409.1
7f4de40aa000-7f4de42a9000 ---p 00023000 08:01 7345848                    /usr/lib/x86_64-linux-gnu/libatk-1.0.so.0.21409.1
7f4de42a9000-7f4de42ad000 r--p 00022000 08:01 7345848                    /usr/lib/x86_64-linux-gnu/libatk-1.0.so.0.21409.1
7f4de42ad000-7f4de42ae000 rw-p 00026000 08:01 7345848                    /usr/lib/x86_64-linux-gnu/libatk-1.0.so.0.21409.1
7f4de42ae000-7f4de435e000 r-xp 00000000 08:01 7346185                    /usr/lib/x86_64-linux-gnu/libgdk-x11-2.0.so.0.2400.25
7f4de435e000-7f4de455e000 ---p 000b0000 08:01 7346185                    /usr/lib/x86_64-linux-gnu/libgdk-x11-2.0.so.0.2400.25
7f4de455e000-7f4de4562000 r--p 000b0000 08:01 7346185                    /usr/lib/x86_64-linux-gnu/libgdk-x11-2.0.so.0.2400.25
7f4de4562000-7f4de4564000 rw-p 000b4000 08:01 7346185                    /usr/lib/x86_64-linux-gnu/libgdk-x11-2.0.so.0.2400.25
7f4de4564000-7f4de49a4000 r-xp 00000000 08:01 7346258                    /usr/lib/x86_64-linux-gnu/libgtk-x11-2.0.so.0.2400.25
7f4de49a4000-7f4de4ba4000 ---p 00440000 08:01 7346258                    /usr/lib/x86_64-linux-gnu/libgtk-x11-2.0.so.0.2400.25
7f4de4ba4000-7f4de4bab000 r--p 00440000 08:01 7346258                    /usr/lib/x86_64-linux-gnu/libgtk-x11-2.0.so.0.2400.25
7f4de4bab000-7f4de4baf000 rw-p 00447000 08:01 7346258                    /usr/lib/x86_64-linux-gnu/libgtk-x11-2.0.so.0.2400.25
7f4de4baf000-7f4de4bb2000 rw-p 00000000 00:00 0 
7f4de4bb2000-7f4de4bbe000 r-xp 00000000 08:01 1708848                    /usr/lib/jvm/java-8-oracle/jre/lib/amd64/libprism_es2.so
7f4de4bbe000-7f4de4dbd000 ---p 0000c000 08:01 1708848                    /usr/lib/jvm/java-8-oracle/jre/lib/amd64/libprism_es2.so
7f4de4dbd000-7f4de4dbe000 rw-p 0000b000 08:01 1708848                    /usr/lib/jvm/java-8-oracle/jre/lib/amd64/libprism_es2.so
7f4de4dbe000-7f4de4dc1000 ---p 00000000 00:00 0 
7f4de4dc1000-7f4de4ebf000 rw-p 00000000 00:00 0                          [stack:14067]
7f4de4ebf000-7f4de4ec2000 ---p 00000000 00:00 0 
7f4de4ec2000-7f4de4fc0000 rw-p 00000000 00:00 0                          [stack:14066]
7f4de4fc0000-7f4de5055000 r--s 01109000 08:01 1708906                    /usr/lib/jvm/java-8-oracle/jre/lib/ext/jfxrt.jar
7f4de5055000-7f4de5356000 rw-p 00000000 00:00 0 
7f4de5356000-7f4de536c000 r-xp 00000000 08:01 1708836                    /usr/lib/jvm/java-8-oracle/jre/lib/amd64/libnet.so
7f4de536c000-7f4de556c000 ---p 00016000 08:01 1708836                    /usr/lib/jvm/java-8-oracle/jre/lib/amd64/libnet.so
7f4de556c000-7f4de556d000 rw-p 00016000 08:01 1708836                    /usr/lib/jvm/java-8-oracle/jre/lib/amd64/libnet.so
7f4de556d000-7f4de5570000 ---p 00000000 00:00 0 
7f4de5570000-7f4de566e000 rw-p 00000000 00:00 0                          [stack:14065]
7f4de566e000-7f4de566f000 r-xp 00000000 08:01 3151368                    /home/kristoffer/idea-IU-163.11103.6/bin/libbreakgen64.so
7f4de566f000-7f4de586e000 ---p 00001000 08:01 3151368                    /home/kristoffer/idea-IU-163.11103.6/bin/libbreakgen64.so
7f4de586e000-7f4de586f000 r--p 00000000 08:01 3151368                    /home/kristoffer/idea-IU-163.11103.6/bin/libbreakgen64.so
7f4de586f000-7f4de5870000 rw-p 00001000 08:01 3151368                    /home/kristoffer/idea-IU-163.11103.6/bin/libbreakgen64.so
7f4de5870000-7f4de5871000 ---p 00000000 00:00 0 
7f4de5871000-7f4de5971000 rw-p 00000000 00:00 0                          [stack:14064]
7f4de5971000-7f4de5974000 ---p 00000000 00:00 0 
7f4de5974000-7f4de5a72000 rw-p 00000000 00:00 0                          [stack:14061]
7f4de5a72000-7f4de5a75000 ---p 00000000 00:00 0 
7f4de5a75000-7f4de5b73000 rw-p 00000000 00:00 0                          [stack:14058]
7f4de5b73000-7f4de5b76000 ---p 00000000 00:00 0 
7f4de5b76000-7f4de5c74000 rw-p 00000000 00:00 0                          [stack:14055]
7f4de5c74000-7f4de5c77000 ---p 00000000 00:00 0 
7f4de5c77000-7f4de5d75000 rw-p 00000000 00:00 0                          [stack:14054]
7f4de5d75000-7f4de5d78000 ---p 00000000 00:00 0 
7f4de5d78000-7f4de5e76000 rw-p 00000000 00:00 0                          [stack:14053]
7f4de5e76000-7f4de5fff000 r--p 00000000 08:01 7210273                    /usr/lib/locale/locale-archive
7f4de5fff000-7f4de6002000 ---p 00000000 00:00 0 
7f4de6002000-7f4de8000000 rw-p 00000000 00:00 0                          [stack:14052]
7f4de8000000-7f4de8021000 rw-p 00000000 00:00 0 
7f4de8021000-7f4dec000000 ---p 00000000 00:00 0 
7f4dec000000-7f4dec021000 rw-p 00000000 00:00 0 
7f4dec021000-7f4df0000000 ---p 00000000 00:00 0 
7f4df0000000-7f4df0021000 rw-p 00000000 00:00 0 
7f4df0021000-7f4df4000000 ---p 00000000 00:00 0 
7f4df4009000-7f4df400e000 rw-p 00000000 00:00 0 
7f4df400e000-7f4df4010000 rw-s 00000000 08:01 1181829                    /tmp/.gllaxwsv (deleted)
7f4df4010000-7f4df4017000 rw-s 9eea4000 00:05 13711                      /dev/nvidiactl
7f4df4017000-7f4df4018000 rw-s c009b000 00:05 8913                       /dev/nvidia1
7f4df4018000-7f4df4019000 rw-s 9eea3000 00:05 13711                      /dev/nvidiactl
7f4df4019000-7f4df401d000 rw-s 0391f000 00:05 13711                      /dev/nvidiactl
7f4df401d000-7f4df401e000 rw-s ecc0a000 00:05 13947                      /dev/nvidia0
7f4df401e000-7f4df401f000 rw-s e8c0a000 00:05 8913                       /dev/nvidia1
7f4df401f000-7f4df4020000 rw-s ec642000 00:05 13947                      /dev/nvidia0
7f4df4020000-7f4df4021000 rw-s e8642000 00:05 8913                       /dev/nvidia1
7f4df4021000-7f4df4022000 rw-s b63da000 00:05 13711                      /dev/nvidiactl
7f4df4022000-7f4df4023000 rw-s ec641000 00:05 13947                      /dev/nvidia0
7f4df4023000-7f4df4024000 rw-s e8641000 00:05 8913                       /dev/nvidia1
7f4df4024000-7f4df4025000 rw-s 5f3b1000 00:05 13711                      /dev/nvidiactl
7f4df4025000-7f4df4026000 rw-s 03ba3000 00:05 13711                      /dev/nvidiactl
7f4df4026000-7f4df4027000 rw-s 03ba0000 00:05 13711                      /dev/nvidiactl
7f4df4027000-7f4df40a1000 r--s 010f6000 08:01 7355178                    /usr/lib/jvm/java-8-oracle/lib/tools.jar
7f4df40a1000-7f4df40d0000 r--s 00220000 08:01 7355180                    /usr/lib/jvm/java-8-oracle/lib/sa-jdi.jar
7f4df40d0000-7f4df40d3000 ---p 00000000 00:00 0 
7f4df40d3000-7f4df41d1000 rw-p 00000000 00:00 0                          [stack:14050]
7f4df41d1000-7f4df41d2000 ---p 00000000 00:00 0 
7f4df41d2000-7f4df5000000 rw-p 00000000 00:00 0                          [stack:14048]
7f4df5000000-7f4df5270000 rwxp 00000000 00:00 0 
7f4df5270000-7f4e04000000 ---p 00000000 00:00 0 
7f4e04000000-7f4e04207000 rw-p 00000000 00:00 0 
7f4e04207000-7f4e08000000 ---p 00000000 00:00 0 
7f4e08000000-7f4e08001000 rw-s ec060000 00:05 13947                      /dev/nvidia0
7f4e08001000-7f4e08002000 rw-s e8060000 00:05 8913                       /dev/nvidia1
7f4e08002000-7f4e08004000 r--s 00019000 08:01 3151279                    /home/kristoffer/idea-IU-163.11103.6/lib/idea_rt.jar
7f4e08004000-7f4e0800a000 r--s 0005e000 08:01 7355182                    /usr/lib/jvm/java-8-oracle/lib/jconsole.jar
7f4e0800a000-7f4e08010000 r--s 00022000 08:01 7355181                    /usr/lib/jvm/java-8-oracle/lib/dt.jar
7f4e08010000-7f4e08296000 rw-p 00000000 00:00 0 
7f4e08296000-7f4e0846f000 r--s 03d3e000 08:01 1708783                    /usr/lib/jvm/java-8-oracle/jre/lib/rt.jar
7f4e0846f000-7f4e08be5000 rw-p 00000000 00:00 0 
7f4e08be5000-7f4e08ce5000 ---p 00000000 00:00 0 
7f4e08ce5000-7f4e08ed5000 rw-p 00000000 00:00 0 
7f4e08ed5000-7f4e08ed6000 ---p 00000000 00:00 0 
7f4e08ed6000-7f4e08fd6000 rw-p 00000000 00:00 0                          [stack:14041]
7f4e08fd6000-7f4e08fd7000 ---p 00000000 00:00 0 
7f4e08fd7000-7f4e090d7000 rw-p 00000000 00:00 0                          [stack:14040]
7f4e090d7000-7f4e090d8000 ---p 00000000 00:00 0 
7f4e090d8000-7f4e091d8000 rw-p 00000000 00:00 0                          [stack:14039]
7f4e091d8000-7f4e091d9000 ---p 00000000 00:00 0 
7f4e091d9000-7f4e092ee000 rw-p 00000000 00:00 0                          [stack:14038]
7f4e092ee000-7f4e09424000 ---p 00000000 00:00 0 
7f4e09424000-7f4e09439000 rw-p 00000000 00:00 0 
7f4e09439000-7f4e0956e000 ---p 00000000 00:00 0 
7f4e0956e000-7f4e09579000 rw-p 00000000 00:00 0 
7f4e09579000-7f4e09614000 ---p 00000000 00:00 0 
7f4e09614000-7f4e0961f000 rw-p 00000000 00:00 0 
7f4e0961f000-7f4e099d5000 ---p 00000000 00:00 0 
7f4e099d5000-7f4e099ef000 r-xp 00000000 08:01 1708859                    /usr/lib/jvm/java-8-oracle/jre/lib/amd64/libzip.so
7f4e099ef000-7f4e09bef000 ---p 0001a000 08:01 1708859                    /usr/lib/jvm/java-8-oracle/jre/lib/amd64/libzip.so
7f4e09bef000-7f4e09bf0000 rw-p 0001a000 08:01 1708859                    /usr/lib/jvm/java-8-oracle/jre/lib/amd64/libzip.so
7f4e09bf0000-7f4e09bfb000 r-xp 00000000 08:01 2491457                    /lib/x86_64-linux-gnu/libnss_files-2.19.so
7f4e09bfb000-7f4e09dfa000 ---p 0000b000 08:01 2491457                    /lib/x86_64-linux-gnu/libnss_files-2.19.so
7f4e09dfa000-7f4e09dfb000 r--p 0000a000 08:01 2491457                    /lib/x86_64-linux-gnu/libnss_files-2.19.so
7f4e09dfb000-7f4e09dfc000 rw-p 0000b000 08:01 2491457                    /lib/x86_64-linux-gnu/libnss_files-2.19.so
7f4e09dfc000-7f4e09e06000 r-xp 00000000 08:01 2491459                    /lib/x86_64-linux-gnu/libnss_nis-2.19.so
7f4e09e06000-7f4e0a005000 ---p 0000a000 08:01 2491459                    /lib/x86_64-linux-gnu/libnss_nis-2.19.so
7f4e0a005000-7f4e0a006000 r--p 00009000 08:01 2491459                    /lib/x86_64-linux-gnu/libnss_nis-2.19.so
7f4e0a006000-7f4e0a007000 rw-p 0000a000 08:01 2491459                    /lib/x86_64-linux-gnu/libnss_nis-2.19.so
7f4e0a007000-7f4e0a01c000 r-xp 00000000 08:01 2491454                    /lib/x86_64-linux-gnu/libnsl-2.19.so
7f4e0a01c000-7f4e0a21b000 ---p 00015000 08:01 2491454                    /lib/x86_64-linux-gnu/libnsl-2.19.so
7f4e0a21b000-7f4e0a21c000 r--p 00014000 08:01 2491454                    /lib/x86_64-linux-gnu/libnsl-2.19.so
7f4e0a21c000-7f4e0a21d000 rw-p 00015000 08:01 2491454                    /lib/x86_64-linux-gnu/libnsl-2.19.so
7f4e0a21d000-7f4e0a21f000 rw-p 00000000 00:00 0 
7f4e0a21f000-7f4e0a226000 r-xp 00000000 08:01 2491455                    /lib/x86_64-linux-gnu/libnss_compat-2.19.so
7f4e0a226000-7f4e0a425000 ---p 00007000 08:01 2491455                    /lib/x86_64-linux-gnu/libnss_compat-2.19.so
7f4e0a425000-7f4e0a426000 r--p 00006000 08:01 2491455                    /lib/x86_64-linux-gnu/libnss_compat-2.19.so
7f4e0a426000-7f4e0a427000 rw-p 00007000 08:01 2491455                    /lib/x86_64-linux-gnu/libnss_compat-2.19.so
7f4e0a427000-7f4e0a452000 r-xp 00000000 08:01 1708886                    /usr/lib/jvm/java-8-oracle/jre/lib/amd64/libjava.so
7f4e0a452000-7f4e0a651000 ---p 0002b000 08:01 1708886                    /usr/lib/jvm/java-8-oracle/jre/lib/amd64/libjava.so
7f4e0a651000-7f4e0a653000 rw-p 0002a000 08:01 1708886                    /usr/lib/jvm/java-8-oracle/jre/lib/amd64/libjava.so
7f4e0a653000-7f4e0a660000 r-xp 00000000 08:01 1708837                    /usr/lib/jvm/java-8-oracle/jre/lib/amd64/libverify.so
7f4e0a660000-7f4e0a85f000 ---p 0000d000 08:01 1708837                    /usr/lib/jvm/java-8-oracle/jre/lib/amd64/libverify.so
7f4e0a85f000-7f4e0a861000 rw-p 0000c000 08:01 1708837                    /usr/lib/jvm/java-8-oracle/jre/lib/amd64/libverify.so
7f4e0a861000-7f4e0a868000 r-xp 00000000 08:01 2491467                    /lib/x86_64-linux-gnu/librt-2.19.so
7f4e0a868000-7f4e0aa67000 ---p 00007000 08:01 2491467                    /lib/x86_64-linux-gnu/librt-2.19.so
7f4e0aa67000-7f4e0aa68000 r--p 00006000 08:01 2491467                    /lib/x86_64-linux-gnu/librt-2.19.so
7f4e0aa68000-7f4e0aa69000 rw-p 00007000 08:01 2491467                    /lib/x86_64-linux-gnu/librt-2.19.so
7f4e0aa69000-7f4e0ab69000 r-xp 00000000 08:01 2491452                    /lib/x86_64-linux-gnu/libm-2.19.so
7f4e0ab69000-7f4e0ad68000 ---p 00100000 08:01 2491452                    /lib/x86_64-linux-gnu/libm-2.19.so
7f4e0ad68000-7f4e0ad69000 r--p 000ff000 08:01 2491452                    /lib/x86_64-linux-gnu/libm-2.19.so
7f4e0ad69000-7f4e0ad6a000 rw-p 00100000 08:01 2491452                    /lib/x86_64-linux-gnu/libm-2.19.so
7f4e0ad6a000-7f4e0ba38000 r-xp 00000000 08:01 1708890                    /usr/lib/jvm/java-8-oracle/jre/lib/amd64/server/libjvm.so
7f4e0ba38000-7f4e0bc38000 ---p 00cce000 08:01 1708890                    /usr/lib/jvm/java-8-oracle/jre/lib/amd64/server/libjvm.so
7f4e0bc38000-7f4e0bd11000 rw-p 00cce000 08:01 1708890                    /usr/lib/jvm/java-8-oracle/jre/lib/amd64/server/libjvm.so
7f4e0bd11000-7f4e0bd5c000 rw-p 00000000 00:00 0 
7f4e0bd5c000-7f4e0befd000 r-xp 00000000 08:01 2491447                    /lib/x86_64-linux-gnu/libc-2.19.so
7f4e0befd000-7f4e0c0fd000 ---p 001a1000 08:01 2491447                    /lib/x86_64-linux-gnu/libc-2.19.so
7f4e0c0fd000-7f4e0c101000 r--p 001a1000 08:01 2491447                    /lib/x86_64-linux-gnu/libc-2.19.so
7f4e0c101000-7f4e0c103000 rw-p 001a5000 08:01 2491447                    /lib/x86_64-linux-gnu/libc-2.19.so
7f4e0c103000-7f4e0c107000 rw-p 00000000 00:00 0 
7f4e0c107000-7f4e0c10a000 r-xp 00000000 08:01 2491451                    /lib/x86_64-linux-gnu/libdl-2.19.so
7f4e0c10a000-7f4e0c309000 ---p 00003000 08:01 2491451                    /lib/x86_64-linux-gnu/libdl-2.19.so
7f4e0c309000-7f4e0c30a000 r--p 00002000 08:01 2491451                    /lib/x86_64-linux-gnu/libdl-2.19.so
7f4e0c30a000-7f4e0c30b000 rw-p 00003000 08:01 2491451                    /lib/x86_64-linux-gnu/libdl-2.19.so
7f4e0c30b000-7f4e0c320000 r-xp 00000000 08:01 1707887                    /usr/lib/jvm/java-8-oracle/lib/amd64/jli/libjli.so
7f4e0c320000-7f4e0c520000 ---p 00015000 08:01 1707887                    /usr/lib/jvm/java-8-oracle/lib/amd64/jli/libjli.so
7f4e0c520000-7f4e0c521000 rw-p 00015000 08:01 1707887                    /usr/lib/jvm/java-8-oracle/lib/amd64/jli/libjli.so
7f4e0c521000-7f4e0c539000 r-xp 00000000 08:01 2491440                    /lib/x86_64-linux-gnu/libpthread-2.19.so
7f4e0c539000-7f4e0c738000 ---p 00018000 08:01 2491440                    /lib/x86_64-linux-gnu/libpthread-2.19.so
7f4e0c738000-7f4e0c739000 r--p 00017000 08:01 2491440                    /lib/x86_64-linux-gnu/libpthread-2.19.so
7f4e0c739000-7f4e0c73a000 rw-p 00018000 08:01 2491440                    /lib/x86_64-linux-gnu/libpthread-2.19.so
7f4e0c73a000-7f4e0c73e000 rw-p 00000000 00:00 0 
7f4e0c73e000-7f4e0c75e000 r-xp 00000000 08:01 2491443                    /lib/x86_64-linux-gnu/ld-2.19.so
7f4e0c75e000-7f4e0c830000 rw-p 00000000 00:00 0 
7f4e0c830000-7f4e0c833000 ---p 00000000 00:00 0 
7f4e0c833000-7f4e0c935000 rw-p 00000000 00:00 0                          [stack:14037]
7f4e0c935000-7f4e0c937000 r--s 00000000 08:01 7354658                    /usr/lib/jvm/java-8-oracle/lib/packager.jar
7f4e0c937000-7f4e0c938000 r--s 00008000 08:01 7354657                    /usr/lib/jvm/java-8-oracle/lib/javafx-mx.jar
7f4e0c938000-7f4e0c93e000 r--s 00126000 08:01 7355179                    /usr/lib/jvm/java-8-oracle/lib/ant-javafx.jar
7f4e0c93e000-7f4e0c952000 rw-p 00000000 00:00 0 
7f4e0c952000-7f4e0c95a000 rw-s 00000000 08:01 1711180                    /tmp/hsperfdata_kristoffer/14035
7f4e0c95a000-7f4e0c95b000 rw-p 00000000 00:00 0 
7f4e0c95b000-7f4e0c95c000 r--p 00000000 00:00 0 
7f4e0c95c000-7f4e0c95e000 rw-p 00000000 00:00 0 
7f4e0c95e000-7f4e0c95f000 r--p 00020000 08:01 2491443                    /lib/x86_64-linux-gnu/ld-2.19.so
7f4e0c95f000-7f4e0c960000 rw-p 00021000 08:01 2491443                    /lib/x86_64-linux-gnu/ld-2.19.so
7f4e0c960000-7f4e0c961000 rw-p 00000000 00:00 0 
7ffc115cc000-7ffc115ed000 rw-p 00000000 00:00 0                          [stack]
7ffc115f4000-7ffc115f6000 r-xp 00000000 00:00 0                          [vdso]
7ffc115f6000-7ffc115f8000 r--p 00000000 00:00 0                          [vvar]
ffffffffff600000-ffffffffff601000 r-xp 00000000 00:00 0                  [vsyscall]

VM Arguments:
jvm_args: -Didea.launcher.port=7537 -Didea.launcher.bin.path=/home/kristoffer/idea-IU-163.11103.6/bin -Dfile.encoding=UTF-8 
java_command: com.intellij.rt.execution.application.AppMain main.Main
java_class_path (initial): /usr/lib/jvm/java-8-oracle/lib/ant-javafx.jar:/usr/lib/jvm/java-8-oracle/lib/dt.jar:/usr/lib/jvm/java-8-oracle/lib/javafx-mx.jar:/usr/lib/jvm/java-8-oracle/lib/jconsole.jar:/usr/lib/jvm/java-8-oracle/lib/packager.jar:/usr/lib/jvm/java-8-oracle/lib/sa-jdi.jar:/usr/lib/jvm/java-8-oracle/lib/tools.jar:/home/kristoffer/IdeaProjects/Anthill/out/production/Anthill:/home/kristoffer/idea-IU-163.11103.6/lib/idea_rt.jar
Launcher Type: SUN_STANDARD

Environment Variables:
JAVA_HOME=/usr/lib/jvm/java-8-oracle
PATH=/usr/local/bin:/usr/bin:/bin:/usr/local/games:/usr/games:/usr/lib/jvm/java-8-oracle/bin:/usr/lib/jvm/java-8-oracle/db/bin:/usr/lib/jvm/java-8-oracle/jre/bin
LD_LIBRARY_PATH=/usr/lib/x86_64-linux-gnu/
SHELL=/bin/bash
DISPLAY=:0

Signal Handlers:
SIGSEGV: [libjvm.so+0xac78c0], sa_mask[0]=11111111011111111101111111111110, sa_flags=SA_RESTART|SA_SIGINFO
SIGBUS: [libjvm.so+0xac78c0], sa_mask[0]=11111111011111111101111111111110, sa_flags=SA_RESTART|SA_SIGINFO
SIGFPE: [libjvm.so+0x920ac0], sa_mask[0]=11111111011111111101111111111110, sa_flags=SA_RESTART|SA_SIGINFO
SIGPIPE: SIG_IGN, sa_mask[0]=00000000000010000000000000000000, sa_flags=SA_RESTART
SIGXFSZ: [libjvm.so+0x920ac0], sa_mask[0]=11111111011111111101111111111110, sa_flags=SA_RESTART|SA_SIGINFO
SIGILL: [libjvm.so+0x920ac0], sa_mask[0]=11111111011111111101111111111110, sa_flags=SA_RESTART|SA_SIGINFO
SIGUSR1: SIG_DFL, sa_mask[0]=00000000000000000000000000000000, sa_flags=none
SIGUSR2: [libjvm.so+0x922300], sa_mask[0]=00100000000000000000000000000000, sa_flags=SA_RESTART|SA_SIGINFO
SIGHUP: [libjvm.so+0x923700], sa_mask[0]=11111111011111111101111111111110, sa_flags=SA_RESTART|SA_SIGINFO
SIGINT: [libjvm.so+0x923700], sa_mask[0]=11111111011111111101111111111110, sa_flags=SA_RESTART|SA_SIGINFO
SIGTERM: [libjvm.so+0x923700], sa_mask[0]=11111111011111111101111111111110, sa_flags=SA_RESTART|SA_SIGINFO
SIGQUIT: [libjvm.so+0x923700], sa_mask[0]=11111111011111111101111111111110, sa_flags=SA_RESTART|SA_SIGINFO


---------------  S Y S T E M  ---------------

OS:PRETTY_NAME="Debian GNU/Linux 8 (jessie)"
NAME="Debian GNU/Linux"
VERSION_ID="8"
VERSION="8 (jessie)"
ID=debian
HOME_URL="http://www.debian.org/"
SUPPORT_URL="http://www.debian.org/support"
BUG_REPORT_URL="https://bugs.debian.org/"

uname:Linux 3.16.0-4-amd64 #1 SMP Debian 3.16.36-1+deb8u2 (2016-10-19) x86_64
libc:glibc 2.19 NPTL 2.19 
rlimit: STACK 8192k, CORE 0k, NPROC 15763, NOFILE 65536, AS infinity
load average:0.89 0.85 0.80

/proc/meminfo:
MemTotal:        4059720 kB
MemFree:          192672 kB
MemAvailable:     775024 kB
Buffers:            9916 kB
Cached:           675744 kB
SwapCached:        16212 kB
Active:          2463500 kB
Inactive:         973716 kB
Active(anon):    2049248 kB
Inactive(anon):   773440 kB
Active(file):     414252 kB
Inactive(file):   200276 kB
Unevictable:           0 kB
Mlocked:               0 kB
SwapTotal:       5105660 kB
SwapFree:        4524352 kB
Dirty:              7580 kB
Writeback:             0 kB
AnonPages:       2738436 kB
Mapped:           313956 kB
Shmem:             70948 kB
Slab:             264584 kB
SReclaimable:     221228 kB
SUnreclaim:        43356 kB
KernelStack:       11600 kB
PageTables:        59372 kB
NFS_Unstable:          0 kB
Bounce:                0 kB
WritebackTmp:          0 kB
CommitLimit:     7135520 kB
Committed_AS:   15767716 kB
VmallocTotal:   34359738367 kB
VmallocUsed:      116380 kB
VmallocChunk:   34359598588 kB
HardwareCorrupted:     0 kB
AnonHugePages:         0 kB
HugePages_Total:       0
HugePages_Free:        0
HugePages_Rsvd:        0
HugePages_Surp:        0
Hugepagesize:       2048 kB
DirectMap4k:     1162176 kB
DirectMap2M:     3031040 kB


CPU:total 4 (4 cores per cpu, 1 threads per core) family 6 model 23 stepping 7, cmov, cx8, fxsr, mmx, sse, sse2, sse3, ssse3, sse4.1, tsc

/proc/cpuinfo:
processor	: 0
vendor_id	: GenuineIntel
cpu family	: 6
model		: 23
model name	: Intel(R) Core(TM)2 Quad  CPU   Q9450  @ 2.66GHz
stepping	: 7
microcode	: 0x705
cpu MHz		: 2666.820
cache size	: 6144 KB
physical id	: 0
siblings	: 4
core id		: 0
cpu cores	: 4
apicid		: 0
initial apicid	: 0
fpu		: yes
fpu_exception	: yes
cpuid level	: 10
wp		: yes
flags		: fpu vme de pse tsc msr pae mce cx8 apic sep mtrr pge mca cmov pat pse36 clflush dts acpi mmx fxsr sse sse2 ss ht tm pbe syscall nx lm constant_tsc arch_perfmon pebs bts rep_good nopl aperfmperf pni dtes64 monitor ds_cpl vmx smx est tm2 ssse3 cx16 xtpr pdcm sse4_1 lahf_lm dtherm tpr_shadow vnmi flexpriority
bogomips	: 5333.64
clflush size	: 64
cache_alignment	: 64
address sizes	: 36 bits physical, 48 bits virtual
power management:

processor	: 1
vendor_id	: GenuineIntel
cpu family	: 6
model		: 23
model name	: Intel(R) Core(TM)2 Quad  CPU   Q9450  @ 2.66GHz
stepping	: 7
microcode	: 0x705
cpu MHz		: 2666.820
cache size	: 6144 KB
physical id	: 0
siblings	: 4
core id		: 3
cpu cores	: 4
apicid		: 3
initial apicid	: 3
fpu		: yes
fpu_exception	: yes
cpuid level	: 10
wp		: yes
flags		: fpu vme de pse tsc msr pae mce cx8 apic sep mtrr pge mca cmov pat pse36 clflush dts acpi mmx fxsr sse sse2 ss ht tm pbe syscall nx lm constant_tsc arch_perfmon pebs bts rep_good nopl aperfmperf pni dtes64 monitor ds_cpl vmx smx est tm2 ssse3 cx16 xtpr pdcm sse4_1 lahf_lm dtherm tpr_shadow vnmi flexpriority
bogomips	: 5333.64
clflush size	: 64
cache_alignment	: 64
address sizes	: 36 bits physical, 48 bits virtual
power management:

processor	: 2
vendor_id	: GenuineIntel
cpu family	: 6
model		: 23
model name	: Intel(R) Core(TM)2 Quad  CPU   Q9450  @ 2.66GHz
stepping	: 7
microcode	: 0x705
cpu MHz		: 2666.820
cache size	: 6144 KB
physical id	: 0
siblings	: 4
core id		: 1
cpu cores	: 4
apicid		: 1
initial apicid	: 1
fpu		: yes
fpu_exception	: yes
cpuid level	: 10
wp		: yes
flags		: fpu vme de pse tsc msr pae mce cx8 apic sep mtrr pge mca cmov pat pse36 clflush dts acpi mmx fxsr sse sse2 ss ht tm pbe syscall nx lm constant_tsc arch_perfmon pebs bts rep_good nopl aperfmperf pni dtes64 monitor ds_cpl vmx smx est tm2 ssse3 cx16 xtpr pdcm sse4_1 lahf_lm dtherm tpr_shadow vnmi flexpriority
bogomips	: 5333.64
clflush size	: 64
cache_alignment	: 64
address sizes	: 36 bits physical, 48 bits virtual
power management:

processor	: 3
vendor_id	: GenuineIntel
cpu family	: 6
model		: 23
model name	: Intel(R) Core(TM)2 Quad  CPU   Q9450  @ 2.66GHz
stepping	: 7
microcode	: 0x705
cpu MHz		: 2666.820
cache size	: 6144 KB
physical id	: 0
siblings	: 4
core id		: 2
cpu cores	: 4
apicid		: 2
initial apicid	: 2
fpu		: yes
fpu_exception	: yes
cpuid level	: 10
wp		: yes
flags		: fpu vme de pse tsc msr pae mce cx8 apic sep mtrr pge mca cmov pat pse36 clflush dts acpi mmx fxsr sse sse2 ss ht tm pbe syscall nx lm constant_tsc arch_perfmon pebs bts rep_good nopl aperfmperf pni dtes64 monitor ds_cpl vmx smx est tm2 ssse3 cx16 xtpr pdcm sse4_1 lahf_lm dtherm tpr_shadow vnmi flexpriority
bogomips	: 5333.64
clflush size	: 64
cache_alignment	: 64
address sizes	: 36 bits physical, 48 bits virtual
power management:



Memory: 4k page, physical 4059720k(192424k free), swap 5105660k(4524352k free)

vm_info: Java HotSpot(TM) 64-Bit Server VM (25.121-b13) for linux-amd64 JRE (1.8.0_121-b13), built on Dec 12 2016 16:36:53 by "java_re" with gcc 4.3.0 20080428 (Red Hat 4.3.0-8)

time: Sat Jan 28 14:39:13 2017
elapsed time: 0 seconds (0d 0h 0m 0s)

