#
# A fatal error has been detected by the Java Runtime Environment:
#
#  SIGSEGV (0xb) at pc=0x00007f5e16005060, pid=12552, tid=0x00007f5e6dc4a700
#
# JRE version: Java(TM) SE Runtime Environment (8.0_121-b13) (build 1.8.0_121-b13)
# Java VM: Java HotSpot(TM) 64-Bit Server VM (25.121-b13 mixed mode linux-amd64 compressed oops)
# Problematic frame:
# C  0x00007f5e16005060
#
# Failed to write core dump. Core dumps have been disabled. To enable core dumping, try "ulimit -c unlimited" before starting Java again
#
# If you would like to submit a bug report, please visit:
#   http://bugreport.java.com/bugreport/crash.jsp
#

---------------  T H R E A D  ---------------

Current thread (0x00007f5e6400a000):  JavaThread "main" [_thread_in_Java, id=12554, stack(0x00007f5e6db4a000,0x00007f5e6dc4b000)]

siginfo: si_signo: 11 (SIGSEGV), si_code: 1 (SEGV_MAPERR), si_addr: 0x00007f5e16005060

Registers:
RAX=0x00007f5e54800480, RBX=0x00007f5e54800480, RCX=0x00000000eb608dc0, RDX=0x00007f5e55007ffd
RSP=0x00007f5e6dc47af8, RBP=0x00007f5e6dc47b50, RSI=0x00000000eb608dc0, RDI=0x00007f5e55007b10
R8 =0x00007f5e6d044c60, R9 =0x00007f5e6dc475f0, R10=0x00007f5e6d04b800, R11=0x00007f5e55109120
R12=0x0000000000000000, R13=0x00007f5e6dc47b08, R14=0x00007f5e6dc47bc8, R15=0x00007f5e6400a000
RIP=0x00007f5e16005060, EFLAGS=0x0000000000010206, CSGSFS=0x0000000000000033, ERR=0x0000000000000014
  TRAPNO=0x000000000000000e

Top of Stack: (sp=0x00007f5e6dc47af8)
0x00007f5e6dc47af8:   00007f5e55007ffd 00007f5e55007ffd
0x00007f5e6dc47b08:   00000000eb608dc0 00007f5e6dc47b10
0x00007f5e6dc47b18:   00007f5e5488b951 00007f5e6dc47bc8
0x00007f5e6dc47b28:   00007f5e549a0768 0000000000000000
0x00007f5e6dc47b38:   00007f5e5488bbe0 00007f5e6dc47b08
0x00007f5e6dc47b48:   00007f5e6dc47bb0 00007f5e6dc47c10
0x00007f5e6dc47b58:   00007f5e55007ffd 0000000000000000
0x00007f5e6dc47b68:   0000000000000000 0000000000000000
0x00007f5e6dc47b78:   0000000000000000 0000000000000000
0x00007f5e6dc47b88:   0000000000000000 0000000000000000
0x00007f5e6dc47b98:   0000000000000000 0000000000000000
0x00007f5e6dc47ba8:   0000000000000000 0000000000000000
0x00007f5e6dc47bb8:   00000000eb5957c8 00000000eb5d0400
0x00007f5e6dc47bc8:   00000000eb608dc0 00007f5e6dc47bd0
0x00007f5e6dc47bd8:   00007f5e5488b8b4 00007f5e6dc47c30
0x00007f5e6dc47be8:   00007f5e549a0768 0000000000000000
0x00007f5e6dc47bf8:   00007f5e5488b8c8 00007f5e6dc47bb0
0x00007f5e6dc47c08:   00007f5e6dc47c20 00007f5e6dc47c80
0x00007f5e6dc47c18:   00007f5e55007ffd 00000000eb5957c8
0x00007f5e6dc47c28:   00000000eb5d0400 00000000eb608dc0
0x00007f5e6dc47c38:   00000000eb608dc0 00007f5e6dc47c40
0x00007f5e6dc47c48:   00007f5e54a2c2e2 00007f5e6dc47cb8
0x00007f5e6dc47c58:   00007f5e54a2c430 0000000000000000
0x00007f5e6dc47c68:   00007f5e54a2c3b0 00007f5e6dc47c20
0x00007f5e6dc47c78:   00007f5e6dc47ca8 00007f5e6dc47d00
0x00007f5e6dc47c88:   00007f5e55007d80 0000000000000000
0x00007f5e6dc47c98:   0000000000000000 0000000000000000
0x00007f5e6dc47ca8:   0000000000000000 00000000eb608360
0x00007f5e6dc47cb8:   00000000eb5e8718 00007f5e6dc47cc0
0x00007f5e6dc47cc8:   00007f5e549ce60e 00007f5e6dc47d40
0x00007f5e6dc47cd8:   00007f5e549cfbf8 0000000000000000
0x00007f5e6dc47ce8:   00007f5e549ce638 00007f5e6dc47ca8 

Instructions: (pc=0x00007f5e16005060)
0x00007f5e16005040:   
[error occurred during error reporting (printing registers, top of stack, instructions near pc), id 0xb]

Register to memory mapping:

RAX={method} {0x00007f5e54800480} '<init>' '()V' in 'java/lang/Object'
RBX={method} {0x00007f5e54800480} '<init>' '()V' in 'java/lang/Object'
RCX=0x00000000eb608dc0 is an oop
java.net.URL 
 - klass: 'java/net/URL'
RDX=0x00007f5e55007ffd is at code_begin+2301 in an Interpreter codelet
invoke return entry points  [0x00007f5e55007700, 0x00007f5e550080e0]  2528 bytes
RSP=0x00007f5e6dc47af8 is pointing into the stack for thread: 0x00007f5e6400a000
RBP=0x00007f5e6dc47b50 is pointing into the stack for thread: 0x00007f5e6400a000
RSI=0x00000000eb608dc0 is an oop
java.net.URL 
 - klass: 'java/net/URL'
RDI=0x00007f5e55007b10 is at code_begin+1040 in an Interpreter codelet
invoke return entry points  [0x00007f5e55007700, 0x00007f5e550080e0]  2528 bytes
R8 =0x00007f5e6d044c60: <offset 0xfc0c60> in /usr/lib/jvm/java-8-oracle/jre/lib/amd64/server/libjvm.so at 0x00007f5e6c084000
R9 =0x00007f5e6dc475f0 is pointing into the stack for thread: 0x00007f5e6400a000
R10=0x00007f5e6d04b800: <offset 0xfc7800> in /usr/lib/jvm/java-8-oracle/jre/lib/amd64/server/libjvm.so at 0x00007f5e6c084000
R11=0x00007f5e55109120 is at entry_point+32 in (nmethod*)0x00007f5e55108f90
R12=0x0000000000000000 is an unknown value
R13=0x00007f5e6dc47b08 is pointing into the stack for thread: 0x00007f5e6400a000
R14=0x00007f5e6dc47bc8 is pointing into the stack for thread: 0x00007f5e6400a000
R15=0x00007f5e6400a000 is a thread


Stack: [0x00007f5e6db4a000,0x00007f5e6dc4b000],  sp=0x00007f5e6dc47af8,  free space=1014k
Native frames: (J=compiled Java code, j=interpreted, Vv=VM code, C=native code)
C  0x00007f5e16005060
j  java.net.URL.<init>(Ljava/net/URL;Ljava/lang/String;)V+4
j  sun.misc.URLClassPath$FileLoader.getResource(Ljava/lang/String;Z)Lsun/misc/Resource;+10
j  sun.misc.URLClassPath.getResource(Ljava/lang/String;Z)Lsun/misc/Resource;+62
j  java.net.URLClassLoader$1.run()Ljava/lang/Class;+26
j  java.net.URLClassLoader$1.run()Ljava/lang/Object;+1
v  ~StubRoutines::call_stub
V  [libjvm.so+0x690dd6]  JavaCalls::call_helper(JavaValue*, methodHandle*, JavaCallArguments*, Thread*)+0x1056
V  [libjvm.so+0x72a09c]  JVM_DoPrivileged+0x27c
j  java.security.AccessController.doPrivileged(Ljava/security/PrivilegedExceptionAction;Ljava/security/AccessControlContext;)Ljava/lang/Object;+0
j  java.net.URLClassLoader.findClass(Ljava/lang/String;)Ljava/lang/Class;+13
j  java.lang.ClassLoader.loadClass(Ljava/lang/String;Z)Ljava/lang/Class;+70
j  sun.misc.Launcher$AppClassLoader.loadClass(Ljava/lang/String;Z)Ljava/lang/Class;+81
j  java.lang.ClassLoader.loadClass(Ljava/lang/String;)Ljava/lang/Class;+3
v  ~StubRoutines::call_stub
V  [libjvm.so+0x690dd6]  JavaCalls::call_helper(JavaValue*, methodHandle*, JavaCallArguments*, Thread*)+0x1056
V  [libjvm.so+0x6912e1]  JavaCalls::call_virtual(JavaValue*, KlassHandle, Symbol*, Symbol*, JavaCallArguments*, Thread*)+0x321
V  [libjvm.so+0x691736]  JavaCalls::call_virtual(JavaValue*, Handle, KlassHandle, Symbol*, Symbol*, Handle, Thread*)+0x56
V  [libjvm.so+0xa3c7a0]  SystemDictionary::load_instance_class(Symbol*, Handle, Thread*)+0x3f0
V  [libjvm.so+0xa3b6ec]  SystemDictionary::resolve_instance_class_or_null(Symbol*, Handle, Handle, Thread*)+0x78c
V  [libjvm.so+0xa3cbc3]  SystemDictionary::resolve_or_fail(Symbol*, Handle, Handle, bool, Thread*)+0x33
V  [libjvm.so+0x4f3728]  ConstantPool::klass_at_impl(constantPoolHandle, int, Thread*)+0x158
V  [libjvm.so+0x685331]  InterpreterRuntime::_new(JavaThread*, ConstantPool*, int)+0x71
j  com.intellij.rt.execution.application.AppMain.main([Ljava/lang/String;)V+19
v  ~StubRoutines::call_stub
V  [libjvm.so+0x690dd6]  JavaCalls::call_helper(JavaValue*, methodHandle*, JavaCallArguments*, Thread*)+0x1056
V  [libjvm.so+0x6d21e2]  jni_invoke_static(JNIEnv_*, JavaValue*, _jobject*, JNICallType, _jmethodID*, JNI_ArgumentPusher*, Thread*)+0x362
V  [libjvm.so+0x6eea4a]  jni_CallStaticVoidMethod+0x17a
C  [libjli.so+0x7bdf]  JavaMain+0x81f
C  [libpthread.so.0+0x80a4]  start_thread+0xc4


---------------  P R O C E S S  ---------------

Java Threads: ( => current thread )
  0x00007f5e640c0800 JavaThread "Service Thread" daemon [_thread_blocked, id=12580, stack(0x00007f5e4ed66000,0x00007f5e4ee67000)]
  0x00007f5e640bd800 JavaThread "C1 CompilerThread2" daemon [_thread_blocked, id=12579, stack(0x00007f5e4ee67000,0x00007f5e4ef68000)]
  0x00007f5e640bb800 JavaThread "C2 CompilerThread1" daemon [_thread_blocked, id=12577, stack(0x00007f5e4ef68000,0x00007f5e4f069000)]
  0x00007f5e640b8800 JavaThread "C2 CompilerThread0" daemon [_thread_blocked, id=12576, stack(0x00007f5e4f069000,0x00007f5e4f16a000)]
  0x00007f5e640b7000 JavaThread "Signal Dispatcher" daemon [_thread_blocked, id=12575, stack(0x00007f5e4f16a000,0x00007f5e4f26b000)]
  0x00007f5e64084000 JavaThread "Finalizer" daemon [_thread_blocked, id=12569, stack(0x00007f5e4f3f4000,0x00007f5e4f4f5000)]
  0x00007f5e6407f800 JavaThread "Reference Handler" daemon [_thread_blocked, id=12568, stack(0x00007f5e4f4f5000,0x00007f5e4f5f6000)]
=>0x00007f5e6400a000 JavaThread "main" [_thread_in_Java, id=12554, stack(0x00007f5e6db4a000,0x00007f5e6dc4b000)]

Other Threads:
  0x00007f5e64077800 VMThread [stack: 0x00007f5e4f5f6000,0x00007f5e4f6f7000] [id=12565]
  0x00007f5e640c3000 WatcherThread [stack: 0x00007f5e4ec65000,0x00007f5e4ed66000] [id=12581]

VM state:not at safepoint (normal execution)

VM Mutex/Monitor currently owned by a thread: None

Heap:
 PSYoungGen      total 18432K, used 952K [0x00000000eb580000, 0x00000000eca00000, 0x0000000100000000)
  eden space 15872K, 6% used [0x00000000eb580000,0x00000000eb66e1b8,0x00000000ec500000)
  from space 2560K, 0% used [0x00000000ec780000,0x00000000ec780000,0x00000000eca00000)
  to   space 2560K, 0% used [0x00000000ec500000,0x00000000ec500000,0x00000000ec780000)
 ParOldGen       total 42496K, used 0K [0x00000000c2000000, 0x00000000c4980000, 0x00000000eb580000)
  object space 42496K, 0% used [0x00000000c2000000,0x00000000c2000000,0x00000000c4980000)
 Metaspace       used 2932K, capacity 4490K, committed 4864K, reserved 1056768K
  class space    used 322K, capacity 386K, committed 512K, reserved 1048576K

Card table byte_map: [0x00007f5e6a73e000,0x00007f5e6a92f000] byte_map_base: 0x00007f5e6a12e000

Marking Bits: (ParMarkBitMap*) 0x00007f5e6d048c80
 Begin Bits: [0x00007f5e682ef000, 0x00007f5e6926f000)
 End Bits:   [0x00007f5e6926f000, 0x00007f5e6a1ef000)

Polling page: 0x00007f5e6dc75000

CodeCache: size=245760Kb used=1098Kb max_used=1098Kb free=244661Kb
 bounds [0x00007f5e55000000, 0x00007f5e55270000, 0x00007f5e64000000]
 total_blobs=252 nmethods=22 adapters=147
 compilation: enabled

Compilation events (10 events):
Event: 0.108 Thread 0x00007f5e640bd800 nmethod 16 0x00007f5e5510e790 code [0x00007f5e5510e920, 0x00007f5e5510edb0]
Event: 0.112 Thread 0x00007f5e640bd800   17       3       java.lang.CharacterData::of (120 bytes)
Event: 0.113 Thread 0x00007f5e640bd800 nmethod 17 0x00007f5e5510ee90 code [0x00007f5e5510f040, 0x00007f5e5510f5b0]
Event: 0.113 Thread 0x00007f5e640bd800   18       3       java.lang.CharacterDataLatin1::getProperties (11 bytes)
Event: 0.113 Thread 0x00007f5e640bd800 nmethod 18 0x00007f5e5510f810 code [0x00007f5e5510f980, 0x00007f5e5510fb10]
Event: 0.115 Thread 0x00007f5e640bd800   19       3       java.util.Arrays::copyOfRange (63 bytes)
Event: 0.116 Thread 0x00007f5e640bd800 nmethod 19 0x00007f5e5510fc10 code [0x00007f5e5510fe20, 0x00007f5e55110938]
Event: 0.127 Thread 0x00007f5e640bd800   22       1       java.lang.Object::<init> (1 bytes)
Event: 0.127 Thread 0x00007f5e640bd800 nmethod 22 0x00007f5e55111090 code [0x00007f5e551111e0, 0x00007f5e551112f0]
Event: 0.127 Thread 0x00007f5e640bd800   21       3       sun.nio.cs.UTF_8$Encoder::encode (359 bytes)

GC Heap History (0 events):
No events

Deoptimization events (0 events):
No events

Internal exceptions (2 events):
Event: 0.041 Thread 0x00007f5e6400a000 Exception <a 'java/lang/NoSuchMethodError': Method sun.misc.Unsafe.defineClass(Ljava/lang/String;[BII)Ljava/lang/Class; name or signature does not match> (0x00000000eb587ca8) thrown at [/HUDSON3/workspace/8-2-build-linux-amd64/jdk8u121/8372/hotspot/src/sh
Event: 0.041 Thread 0x00007f5e6400a000 Exception <a 'java/lang/NoSuchMethodError': Method sun.misc.Unsafe.prefetchRead(Ljava/lang/Object;J)V name or signature does not match> (0x00000000eb587f90) thrown at [/HUDSON3/workspace/8-2-build-linux-amd64/jdk8u121/8372/hotspot/src/share/vm/prims/jni.c

Events (10 events):
Event: 0.125 loading class java/lang/SecurityException
Event: 0.125 loading class java/lang/SecurityException done
Event: 0.125 loading class java/lang/UnsatisfiedLinkError
Event: 0.125 loading class java/lang/UnsatisfiedLinkError done
Event: 0.125 loading class java/util/concurrent/ConcurrentHashMap$ForwardingNode
Event: 0.125 loading class java/util/concurrent/ConcurrentHashMap$ForwardingNode done
Event: 0.126 loading class java/lang/Void
Event: 0.126 loading class java/lang/Void done
Event: 0.127 loading class com/intellij/rt/execution/application/AppMain$1
Event: 0.127 loading class com/intellij/rt/execution/application/AppMain$1 done


Dynamic libraries:
00400000-00401000 r-xp 00000000 08:01 1708709                            /usr/lib/jvm/java-8-oracle/bin/java
00600000-00601000 rw-p 00000000 08:01 1708709                            /usr/lib/jvm/java-8-oracle/bin/java
01bad000-01bce000 rw-p 00000000 00:00 0                                  [heap]
c2000000-c4980000 rw-p 00000000 00:00 0 
c4980000-eb580000 ---p 00000000 00:00 0 
eb580000-eca00000 rw-p 00000000 00:00 0 
eca00000-100000000 ---p 00000000 00:00 0 
100000000-100080000 rw-p 00000000 00:00 0 
100080000-140000000 ---p 00000000 00:00 0 
7f5e18000000-7f5e18021000 rw-p 00000000 00:00 0 
7f5e18021000-7f5e1c000000 ---p 00000000 00:00 0 
7f5e20000000-7f5e2003d000 rw-p 00000000 00:00 0 
7f5e2003d000-7f5e24000000 ---p 00000000 00:00 0 
7f5e24000000-7f5e24021000 rw-p 00000000 00:00 0 
7f5e24021000-7f5e28000000 ---p 00000000 00:00 0 
7f5e28000000-7f5e2804e000 rw-p 00000000 00:00 0 
7f5e2804e000-7f5e2c000000 ---p 00000000 00:00 0 
7f5e2c000000-7f5e2c021000 rw-p 00000000 00:00 0 
7f5e2c021000-7f5e30000000 ---p 00000000 00:00 0 
7f5e30000000-7f5e30021000 rw-p 00000000 00:00 0 
7f5e30021000-7f5e34000000 ---p 00000000 00:00 0 
7f5e34000000-7f5e34021000 rw-p 00000000 00:00 0 
7f5e34021000-7f5e38000000 ---p 00000000 00:00 0 
7f5e38000000-7f5e38021000 rw-p 00000000 00:00 0 
7f5e38021000-7f5e3c000000 ---p 00000000 00:00 0 
7f5e3c000000-7f5e3c021000 rw-p 00000000 00:00 0 
7f5e3c021000-7f5e40000000 ---p 00000000 00:00 0 
7f5e40000000-7f5e40021000 rw-p 00000000 00:00 0 
7f5e40021000-7f5e44000000 ---p 00000000 00:00 0 
7f5e44000000-7f5e44021000 rw-p 00000000 00:00 0 
7f5e44021000-7f5e48000000 ---p 00000000 00:00 0 
7f5e48000000-7f5e48021000 rw-p 00000000 00:00 0 
7f5e48021000-7f5e4c000000 ---p 00000000 00:00 0 
7f5e4e727000-7f5e4e9ae000 rw-p 00000000 00:00 0 
7f5e4e9ae000-7f5e4e9af000 r-xp 00000000 08:01 3151368                    /home/kristoffer/idea-IU-163.11103.6/bin/libbreakgen64.so
7f5e4e9af000-7f5e4ebae000 ---p 00001000 08:01 3151368                    /home/kristoffer/idea-IU-163.11103.6/bin/libbreakgen64.so
7f5e4ebae000-7f5e4ebaf000 r--p 00000000 08:01 3151368                    /home/kristoffer/idea-IU-163.11103.6/bin/libbreakgen64.so
7f5e4ebaf000-7f5e4ebb0000 rw-p 00001000 08:01 3151368                    /home/kristoffer/idea-IU-163.11103.6/bin/libbreakgen64.so
7f5e4ebb0000-7f5e4ec2a000 r--s 010f6000 08:01 7355178                    /usr/lib/jvm/java-8-oracle/lib/tools.jar
7f5e4ec2a000-7f5e4ec59000 r--s 00220000 08:01 7355180                    /usr/lib/jvm/java-8-oracle/lib/sa-jdi.jar
7f5e4ec59000-7f5e4ec5f000 r--s 0005e000 08:01 7355182                    /usr/lib/jvm/java-8-oracle/lib/jconsole.jar
7f5e4ec5f000-7f5e4ec65000 r--s 00022000 08:01 7355181                    /usr/lib/jvm/java-8-oracle/lib/dt.jar
7f5e4ec65000-7f5e4ec66000 ---p 00000000 00:00 0 
7f5e4ec66000-7f5e4ed66000 rw-p 00000000 00:00 0                          [stack:12581]
7f5e4ed66000-7f5e4ed69000 ---p 00000000 00:00 0 
7f5e4ed69000-7f5e4ee67000 rw-p 00000000 00:00 0                          [stack:12580]
7f5e4ee67000-7f5e4ee6a000 ---p 00000000 00:00 0 
7f5e4ee6a000-7f5e4ef68000 rw-p 00000000 00:00 0                          [stack:12579]
7f5e4ef68000-7f5e4ef6b000 ---p 00000000 00:00 0 
7f5e4ef6b000-7f5e4f069000 rw-p 00000000 00:00 0                          [stack:12577]
7f5e4f069000-7f5e4f06c000 ---p 00000000 00:00 0 
7f5e4f06c000-7f5e4f16a000 rw-p 00000000 00:00 0                          [stack:12576]
7f5e4f16a000-7f5e4f16d000 ---p 00000000 00:00 0 
7f5e4f16d000-7f5e4f26b000 rw-p 00000000 00:00 0                          [stack:12575]
7f5e4f26b000-7f5e4f3f4000 r--p 00000000 08:01 7210273                    /usr/lib/locale/locale-archive
7f5e4f3f4000-7f5e4f3f7000 ---p 00000000 00:00 0 
7f5e4f3f7000-7f5e4f4f5000 rw-p 00000000 00:00 0                          [stack:12569]
7f5e4f4f5000-7f5e4f4f8000 ---p 00000000 00:00 0 
7f5e4f4f8000-7f5e4f5f6000 rw-p 00000000 00:00 0                          [stack:12568]
7f5e4f5f6000-7f5e4f5f7000 ---p 00000000 00:00 0 
7f5e4f5f7000-7f5e50000000 rw-p 00000000 00:00 0                          [stack:12565]
7f5e50000000-7f5e50021000 rw-p 00000000 00:00 0 
7f5e50021000-7f5e54000000 ---p 00000000 00:00 0 
7f5e54000000-7f5e54627000 rw-p 00000000 00:00 0 
7f5e54627000-7f5e54800000 r--s 03d3e000 08:01 1708783                    /usr/lib/jvm/java-8-oracle/jre/lib/rt.jar
7f5e54800000-7f5e54c40000 rw-p 00000000 00:00 0 
7f5e54c40000-7f5e55000000 ---p 00000000 00:00 0 
7f5e55000000-7f5e55270000 rwxp 00000000 00:00 0 
7f5e55270000-7f5e64000000 ---p 00000000 00:00 0 
7f5e64000000-7f5e64162000 rw-p 00000000 00:00 0 
7f5e64162000-7f5e68000000 ---p 00000000 00:00 0 
7f5e68000000-7f5e68003000 rw-p 00000000 00:00 0 
7f5e68003000-7f5e68005000 r--s 00019000 08:01 3151279                    /home/kristoffer/idea-IU-163.11103.6/lib/idea_rt.jar
7f5e68005000-7f5e6a1ef000 rw-p 00000000 00:00 0 
7f5e6a1ef000-7f5e6a1f0000 ---p 00000000 00:00 0 
7f5e6a1f0000-7f5e6a2f0000 rw-p 00000000 00:00 0                          [stack:12559]
7f5e6a2f0000-7f5e6a2f1000 ---p 00000000 00:00 0 
7f5e6a2f1000-7f5e6a3f1000 rw-p 00000000 00:00 0                          [stack:12558]
7f5e6a3f1000-7f5e6a3f2000 ---p 00000000 00:00 0 
7f5e6a3f2000-7f5e6a4f2000 rw-p 00000000 00:00 0                          [stack:12557]
7f5e6a4f2000-7f5e6a4f3000 ---p 00000000 00:00 0 
7f5e6a4f3000-7f5e6a608000 rw-p 00000000 00:00 0                          [stack:12556]
7f5e6a608000-7f5e6a73e000 ---p 00000000 00:00 0 
7f5e6a73e000-7f5e6a753000 rw-p 00000000 00:00 0 
7f5e6a753000-7f5e6a888000 ---p 00000000 00:00 0 
7f5e6a888000-7f5e6a893000 rw-p 00000000 00:00 0 
7f5e6a893000-7f5e6a92e000 ---p 00000000 00:00 0 
7f5e6a92e000-7f5e6a939000 rw-p 00000000 00:00 0 
7f5e6a939000-7f5e6acef000 ---p 00000000 00:00 0 
7f5e6acef000-7f5e6ad09000 r-xp 00000000 08:01 1708859                    /usr/lib/jvm/java-8-oracle/jre/lib/amd64/libzip.so
7f5e6ad09000-7f5e6af09000 ---p 0001a000 08:01 1708859                    /usr/lib/jvm/java-8-oracle/jre/lib/amd64/libzip.so
7f5e6af09000-7f5e6af0a000 rw-p 0001a000 08:01 1708859                    /usr/lib/jvm/java-8-oracle/jre/lib/amd64/libzip.so
7f5e6af0a000-7f5e6af15000 r-xp 00000000 08:01 2491457                    /lib/x86_64-linux-gnu/libnss_files-2.19.so
7f5e6af15000-7f5e6b114000 ---p 0000b000 08:01 2491457                    /lib/x86_64-linux-gnu/libnss_files-2.19.so
7f5e6b114000-7f5e6b115000 r--p 0000a000 08:01 2491457                    /lib/x86_64-linux-gnu/libnss_files-2.19.so
7f5e6b115000-7f5e6b116000 rw-p 0000b000 08:01 2491457                    /lib/x86_64-linux-gnu/libnss_files-2.19.so
7f5e6b116000-7f5e6b120000 r-xp 00000000 08:01 2491459                    /lib/x86_64-linux-gnu/libnss_nis-2.19.so
7f5e6b120000-7f5e6b31f000 ---p 0000a000 08:01 2491459                    /lib/x86_64-linux-gnu/libnss_nis-2.19.so
7f5e6b31f000-7f5e6b320000 r--p 00009000 08:01 2491459                    /lib/x86_64-linux-gnu/libnss_nis-2.19.so
7f5e6b320000-7f5e6b321000 rw-p 0000a000 08:01 2491459                    /lib/x86_64-linux-gnu/libnss_nis-2.19.so
7f5e6b321000-7f5e6b336000 r-xp 00000000 08:01 2491454                    /lib/x86_64-linux-gnu/libnsl-2.19.so
7f5e6b336000-7f5e6b535000 ---p 00015000 08:01 2491454                    /lib/x86_64-linux-gnu/libnsl-2.19.so
7f5e6b535000-7f5e6b536000 r--p 00014000 08:01 2491454                    /lib/x86_64-linux-gnu/libnsl-2.19.so
7f5e6b536000-7f5e6b537000 rw-p 00015000 08:01 2491454                    /lib/x86_64-linux-gnu/libnsl-2.19.so
7f5e6b537000-7f5e6b539000 rw-p 00000000 00:00 0 
7f5e6b539000-7f5e6b540000 r-xp 00000000 08:01 2491455                    /lib/x86_64-linux-gnu/libnss_compat-2.19.so
7f5e6b540000-7f5e6b73f000 ---p 00007000 08:01 2491455                    /lib/x86_64-linux-gnu/libnss_compat-2.19.so
7f5e6b73f000-7f5e6b740000 r--p 00006000 08:01 2491455                    /lib/x86_64-linux-gnu/libnss_compat-2.19.so
7f5e6b740000-7f5e6b741000 rw-p 00007000 08:01 2491455                    /lib/x86_64-linux-gnu/libnss_compat-2.19.so
7f5e6b741000-7f5e6b76c000 r-xp 00000000 08:01 1708886                    /usr/lib/jvm/java-8-oracle/jre/lib/amd64/libjava.so
7f5e6b76c000-7f5e6b96b000 ---p 0002b000 08:01 1708886                    /usr/lib/jvm/java-8-oracle/jre/lib/amd64/libjava.so
7f5e6b96b000-7f5e6b96d000 rw-p 0002a000 08:01 1708886                    /usr/lib/jvm/java-8-oracle/jre/lib/amd64/libjava.so
7f5e6b96d000-7f5e6b97a000 r-xp 00000000 08:01 1708837                    /usr/lib/jvm/java-8-oracle/jre/lib/amd64/libverify.so
7f5e6b97a000-7f5e6bb79000 ---p 0000d000 08:01 1708837                    /usr/lib/jvm/java-8-oracle/jre/lib/amd64/libverify.so
7f5e6bb79000-7f5e6bb7b000 rw-p 0000c000 08:01 1708837                    /usr/lib/jvm/java-8-oracle/jre/lib/amd64/libverify.so
7f5e6bb7b000-7f5e6bb82000 r-xp 00000000 08:01 2491467                    /lib/x86_64-linux-gnu/librt-2.19.so
7f5e6bb82000-7f5e6bd81000 ---p 00007000 08:01 2491467                    /lib/x86_64-linux-gnu/librt-2.19.so
7f5e6bd81000-7f5e6bd82000 r--p 00006000 08:01 2491467                    /lib/x86_64-linux-gnu/librt-2.19.so
7f5e6bd82000-7f5e6bd83000 rw-p 00007000 08:01 2491467                    /lib/x86_64-linux-gnu/librt-2.19.so
7f5e6bd83000-7f5e6be83000 r-xp 00000000 08:01 2491452                    /lib/x86_64-linux-gnu/libm-2.19.so
7f5e6be83000-7f5e6c082000 ---p 00100000 08:01 2491452                    /lib/x86_64-linux-gnu/libm-2.19.so
7f5e6c082000-7f5e6c083000 r--p 000ff000 08:01 2491452                    /lib/x86_64-linux-gnu/libm-2.19.so
7f5e6c083000-7f5e6c084000 rw-p 00100000 08:01 2491452                    /lib/x86_64-linux-gnu/libm-2.19.so
7f5e6c084000-7f5e6cd52000 r-xp 00000000 08:01 1708890                    /usr/lib/jvm/java-8-oracle/jre/lib/amd64/server/libjvm.so
7f5e6cd52000-7f5e6cf52000 ---p 00cce000 08:01 1708890                    /usr/lib/jvm/java-8-oracle/jre/lib/amd64/server/libjvm.so
7f5e6cf52000-7f5e6d02b000 rw-p 00cce000 08:01 1708890                    /usr/lib/jvm/java-8-oracle/jre/lib/amd64/server/libjvm.so
7f5e6d02b000-7f5e6d076000 rw-p 00000000 00:00 0 
7f5e6d076000-7f5e6d217000 r-xp 00000000 08:01 2491447                    /lib/x86_64-linux-gnu/libc-2.19.so
7f5e6d217000-7f5e6d417000 ---p 001a1000 08:01 2491447                    /lib/x86_64-linux-gnu/libc-2.19.so
7f5e6d417000-7f5e6d41b000 r--p 001a1000 08:01 2491447                    /lib/x86_64-linux-gnu/libc-2.19.so
7f5e6d41b000-7f5e6d41d000 rw-p 001a5000 08:01 2491447                    /lib/x86_64-linux-gnu/libc-2.19.so
7f5e6d41d000-7f5e6d421000 rw-p 00000000 00:00 0 
7f5e6d421000-7f5e6d424000 r-xp 00000000 08:01 2491451                    /lib/x86_64-linux-gnu/libdl-2.19.so
7f5e6d424000-7f5e6d623000 ---p 00003000 08:01 2491451                    /lib/x86_64-linux-gnu/libdl-2.19.so
7f5e6d623000-7f5e6d624000 r--p 00002000 08:01 2491451                    /lib/x86_64-linux-gnu/libdl-2.19.so
7f5e6d624000-7f5e6d625000 rw-p 00003000 08:01 2491451                    /lib/x86_64-linux-gnu/libdl-2.19.so
7f5e6d625000-7f5e6d63a000 r-xp 00000000 08:01 1707887                    /usr/lib/jvm/java-8-oracle/lib/amd64/jli/libjli.so
7f5e6d63a000-7f5e6d83a000 ---p 00015000 08:01 1707887                    /usr/lib/jvm/java-8-oracle/lib/amd64/jli/libjli.so
7f5e6d83a000-7f5e6d83b000 rw-p 00015000 08:01 1707887                    /usr/lib/jvm/java-8-oracle/lib/amd64/jli/libjli.so
7f5e6d83b000-7f5e6d853000 r-xp 00000000 08:01 2491440                    /lib/x86_64-linux-gnu/libpthread-2.19.so
7f5e6d853000-7f5e6da52000 ---p 00018000 08:01 2491440                    /lib/x86_64-linux-gnu/libpthread-2.19.so
7f5e6da52000-7f5e6da53000 r--p 00017000 08:01 2491440                    /lib/x86_64-linux-gnu/libpthread-2.19.so
7f5e6da53000-7f5e6da54000 rw-p 00018000 08:01 2491440                    /lib/x86_64-linux-gnu/libpthread-2.19.so
7f5e6da54000-7f5e6da58000 rw-p 00000000 00:00 0 
7f5e6da58000-7f5e6da78000 r-xp 00000000 08:01 2491443                    /lib/x86_64-linux-gnu/ld-2.19.so
7f5e6da78000-7f5e6db4a000 rw-p 00000000 00:00 0 
7f5e6db4a000-7f5e6db4d000 ---p 00000000 00:00 0 
7f5e6db4d000-7f5e6dc4f000 rw-p 00000000 00:00 0                          [stack:12554]
7f5e6dc4f000-7f5e6dc51000 r--s 00000000 08:01 7354658                    /usr/lib/jvm/java-8-oracle/lib/packager.jar
7f5e6dc51000-7f5e6dc52000 r--s 00008000 08:01 7354657                    /usr/lib/jvm/java-8-oracle/lib/javafx-mx.jar
7f5e6dc52000-7f5e6dc58000 r--s 00126000 08:01 7355179                    /usr/lib/jvm/java-8-oracle/lib/ant-javafx.jar
7f5e6dc58000-7f5e6dc6c000 rw-p 00000000 00:00 0 
7f5e6dc6c000-7f5e6dc74000 rw-s 00000000 08:01 1711180                    /tmp/hsperfdata_kristoffer/12552
7f5e6dc74000-7f5e6dc75000 rw-p 00000000 00:00 0 
7f5e6dc75000-7f5e6dc76000 r--p 00000000 00:00 0 
7f5e6dc76000-7f5e6dc78000 rw-p 00000000 00:00 0 
7f5e6dc78000-7f5e6dc79000 r--p 00020000 08:01 2491443                    /lib/x86_64-linux-gnu/ld-2.19.so
7f5e6dc79000-7f5e6dc7a000 rw-p 00021000 08:01 2491443                    /lib/x86_64-linux-gnu/ld-2.19.so
7f5e6dc7a000-7f5e6dc7b000 rw-p 00000000 00:00 0 
7fffb942e000-7fffb944f000 rw-p 00000000 00:00 0                          [stack]
7fffb9533000-7fffb9535000 r-xp 00000000 00:00 0                          [vdso]
7fffb9535000-7fffb9537000 r--p 00000000 00:00 0                          [vvar]
ffffffffff600000-ffffffffff601000 r-xp 00000000 00:00 0                  [vsyscall]

VM Arguments:
jvm_args: -Didea.launcher.port=7536 -Didea.launcher.bin.path=/home/kristoffer/idea-IU-163.11103.6/bin -Dfile.encoding=UTF-8 
java_command: com.intellij.rt.execution.application.AppMain main.Main
java_class_path (initial): /usr/lib/jvm/java-8-oracle/lib/ant-javafx.jar:/usr/lib/jvm/java-8-oracle/lib/dt.jar:/usr/lib/jvm/java-8-oracle/lib/javafx-mx.jar:/usr/lib/jvm/java-8-oracle/lib/jconsole.jar:/usr/lib/jvm/java-8-oracle/lib/packager.jar:/usr/lib/jvm/java-8-oracle/lib/sa-jdi.jar:/usr/lib/jvm/java-8-oracle/lib/tools.jar:/home/kristoffer/IdeaProjects/Anthill/out/production/Anthill:/home/kristoffer/idea-IU-163.11103.6/lib/idea_rt.jar
Launcher Type: SUN_STANDARD

Environment Variables:
JAVA_HOME=/usr/lib/jvm/java-8-oracle
PATH=/usr/local/bin:/usr/bin:/bin:/usr/local/games:/usr/games:/usr/lib/jvm/java-8-oracle/bin:/usr/lib/jvm/java-8-oracle/db/bin:/usr/lib/jvm/java-8-oracle/jre/bin
LD_LIBRARY_PATH=/usr/lib/x86_64-linux-gnu/
SHELL=/bin/bash
DISPLAY=:0

Signal Handlers:
SIGSEGV: [libjvm.so+0xac78c0], sa_mask[0]=11111111011111111101111111111110, sa_flags=SA_RESTART|SA_SIGINFO
SIGBUS: [libjvm.so+0xac78c0], sa_mask[0]=11111111011111111101111111111110, sa_flags=SA_RESTART|SA_SIGINFO
SIGFPE: [libjvm.so+0x920ac0], sa_mask[0]=11111111011111111101111111111110, sa_flags=SA_RESTART|SA_SIGINFO
SIGPIPE: [libjvm.so+0x920ac0], sa_mask[0]=11111111011111111101111111111110, sa_flags=SA_RESTART|SA_SIGINFO
SIGXFSZ: [libjvm.so+0x920ac0], sa_mask[0]=11111111011111111101111111111110, sa_flags=SA_RESTART|SA_SIGINFO
SIGILL: [libjvm.so+0x920ac0], sa_mask[0]=11111111011111111101111111111110, sa_flags=SA_RESTART|SA_SIGINFO
SIGUSR1: SIG_DFL, sa_mask[0]=00000000000000000000000000000000, sa_flags=none
SIGUSR2: [libjvm.so+0x922300], sa_mask[0]=00100000000000000000000000000000, sa_flags=SA_RESTART|SA_SIGINFO
SIGHUP: [libjvm.so+0x923700], sa_mask[0]=11111111011111111101111111111110, sa_flags=SA_RESTART|SA_SIGINFO
SIGINT: [libjvm.so+0x923700], sa_mask[0]=11111111011111111101111111111110, sa_flags=SA_RESTART|SA_SIGINFO
SIGTERM: [libjvm.so+0x923700], sa_mask[0]=11111111011111111101111111111110, sa_flags=SA_RESTART|SA_SIGINFO
SIGQUIT: [libjvm.so+0x923700], sa_mask[0]=11111111011111111101111111111110, sa_flags=SA_RESTART|SA_SIGINFO


---------------  S Y S T E M  ---------------

OS:PRETTY_NAME="Debian GNU/Linux 8 (jessie)"
NAME="Debian GNU/Linux"
VERSION_ID="8"
VERSION="8 (jessie)"
ID=debian
HOME_URL="http://www.debian.org/"
SUPPORT_URL="http://www.debian.org/support"
BUG_REPORT_URL="https://bugs.debian.org/"

uname:Linux 3.16.0-4-amd64 #1 SMP Debian 3.16.36-1+deb8u2 (2016-10-19) x86_64
libc:glibc 2.19 NPTL 2.19 
rlimit: STACK 8192k, CORE 0k, NPROC 15763, NOFILE 65536, AS infinity
load average:1.36 0.99 0.81

/proc/meminfo:
MemTotal:        4059720 kB
MemFree:          291188 kB
MemAvailable:     895460 kB
Buffers:            6944 kB
Cached:           640744 kB
SwapCached:        10724 kB
Active:          2357828 kB
Inactive:         942740 kB
Active(anon):    1935816 kB
Inactive(anon):   776300 kB
Active(file):     422012 kB
Inactive(file):   166440 kB
Unevictable:           0 kB
Mlocked:               0 kB
SwapTotal:       5105660 kB
SwapFree:        4600692 kB
Dirty:             10456 kB
Writeback:             0 kB
AnonPages:       2644148 kB
Mapped:           260112 kB
Shmem:             59312 kB
Slab:             311968 kB
SReclaimable:     269224 kB
SUnreclaim:        42744 kB
KernelStack:       10880 kB
PageTables:        55828 kB
NFS_Unstable:          0 kB
Bounce:                0 kB
WritebackTmp:          0 kB
CommitLimit:     7135520 kB
Committed_AS:   14627516 kB
VmallocTotal:   34359738367 kB
VmallocUsed:      116348 kB
VmallocChunk:   34359598588 kB
HardwareCorrupted:     0 kB
AnonHugePages:         0 kB
HugePages_Total:       0
HugePages_Free:        0
HugePages_Rsvd:        0
HugePages_Surp:        0
Hugepagesize:       2048 kB
DirectMap4k:     1156032 kB
DirectMap2M:     3037184 kB


CPU:total 4 (4 cores per cpu, 1 threads per core) family 6 model 23 stepping 7, cmov, cx8, fxsr, mmx, sse, sse2, sse3, ssse3, sse4.1, tsc

/proc/cpuinfo:
processor	: 0
vendor_id	: GenuineIntel
cpu family	: 6
model		: 23
model name	: Intel(R) Core(TM)2 Quad  CPU   Q9450  @ 2.66GHz
stepping	: 7
microcode	: 0x705
cpu MHz		: 2666.820
cache size	: 6144 KB
physical id	: 0
siblings	: 4
core id		: 0
cpu cores	: 4
apicid		: 0
initial apicid	: 0
fpu		: yes
fpu_exception	: yes
cpuid level	: 10
wp		: yes
flags		: fpu vme de pse tsc msr pae mce cx8 apic sep mtrr pge mca cmov pat pse36 clflush dts acpi mmx fxsr sse sse2 ss ht tm pbe syscall nx lm constant_tsc arch_perfmon pebs bts rep_good nopl aperfmperf pni dtes64 monitor ds_cpl vmx smx est tm2 ssse3 cx16 xtpr pdcm sse4_1 lahf_lm dtherm tpr_shadow vnmi flexpriority
bogomips	: 5333.64
clflush size	: 64
cache_alignment	: 64
address sizes	: 36 bits physical, 48 bits virtual
power management:

processor	: 1
vendor_id	: GenuineIntel
cpu family	: 6
model		: 23
model name	: Intel(R) Core(TM)2 Quad  CPU   Q9450  @ 2.66GHz
stepping	: 7
microcode	: 0x705
cpu MHz		: 2666.820
cache size	: 6144 KB
physical id	: 0
siblings	: 4
core id		: 3
cpu cores	: 4
apicid		: 3
initial apicid	: 3
fpu		: yes
fpu_exception	: yes
cpuid level	: 10
wp		: yes
flags		: fpu vme de pse tsc msr pae mce cx8 apic sep mtrr pge mca cmov pat pse36 clflush dts acpi mmx fxsr sse sse2 ss ht tm pbe syscall nx lm constant_tsc arch_perfmon pebs bts rep_good nopl aperfmperf pni dtes64 monitor ds_cpl vmx smx est tm2 ssse3 cx16 xtpr pdcm sse4_1 lahf_lm dtherm tpr_shadow vnmi flexpriority
bogomips	: 5333.64
clflush size	: 64
cache_alignment	: 64
address sizes	: 36 bits physical, 48 bits virtual
power management:

processor	: 2
vendor_id	: GenuineIntel
cpu family	: 6
model		: 23
model name	: Intel(R) Core(TM)2 Quad  CPU   Q9450  @ 2.66GHz
stepping	: 7
microcode	: 0x705
cpu MHz		: 2666.820
cache size	: 6144 KB
physical id	: 0
siblings	: 4
core id		: 1
cpu cores	: 4
apicid		: 1
initial apicid	: 1
fpu		: yes
fpu_exception	: yes
cpuid level	: 10
wp		: yes
flags		: fpu vme de pse tsc msr pae mce cx8 apic sep mtrr pge mca cmov pat pse36 clflush dts acpi mmx fxsr sse sse2 ss ht tm pbe syscall nx lm constant_tsc arch_perfmon pebs bts rep_good nopl aperfmperf pni dtes64 monitor ds_cpl vmx smx est tm2 ssse3 cx16 xtpr pdcm sse4_1 lahf_lm dtherm tpr_shadow vnmi flexpriority
bogomips	: 5333.64
clflush size	: 64
cache_alignment	: 64
address sizes	: 36 bits physical, 48 bits virtual
power management:

processor	: 3
vendor_id	: GenuineIntel
cpu family	: 6
model		: 23
model name	: Intel(R) Core(TM)2 Quad  CPU   Q9450  @ 2.66GHz
stepping	: 7
microcode	: 0x705
cpu MHz		: 2666.820
cache size	: 6144 KB
physical id	: 0
siblings	: 4
core id		: 2
cpu cores	: 4
apicid		: 2
initial apicid	: 2
fpu		: yes
fpu_exception	: yes
cpuid level	: 10
wp		: yes
flags		: fpu vme de pse tsc msr pae mce cx8 apic sep mtrr pge mca cmov pat pse36 clflush dts acpi mmx fxsr sse sse2 ss ht tm pbe syscall nx lm constant_tsc arch_perfmon pebs bts rep_good nopl aperfmperf pni dtes64 monitor ds_cpl vmx smx est tm2 ssse3 cx16 xtpr pdcm sse4_1 lahf_lm dtherm tpr_shadow vnmi flexpriority
bogomips	: 5333.64
clflush size	: 64
cache_alignment	: 64
address sizes	: 36 bits physical, 48 bits virtual
power management:



Memory: 4k page, physical 4059720k(291188k free), swap 5105660k(4600692k free)

vm_info: Java HotSpot(TM) 64-Bit Server VM (25.121-b13) for linux-amd64 JRE (1.8.0_121-b13), built on Dec 12 2016 16:36:53 by "java_re" with gcc 4.3.0 20080428 (Red Hat 4.3.0-8)

time: Sat Jan 28 14:27:53 2017
elapsed time: 0 seconds (0d 0h 0m 0s)

