#
# A fatal error has been detected by the Java Runtime Environment:
#
#  SIGSEGV (0xb) at pc=0x00007f22b2005060, pid=12571, tid=0x00007f22e17e3700
#
# JRE version: Java(TM) SE Runtime Environment (8.0_121-b13) (build 1.8.0_121-b13)
# Java VM: Java HotSpot(TM) 64-Bit Server VM (25.121-b13 mixed mode linux-amd64 compressed oops)
# Problematic frame:
# C  0x00007f22b2005060
#
# Failed to write core dump. Core dumps have been disabled. To enable core dumping, try "ulimit -c unlimited" before starting Java again
#
# If you would like to submit a bug report, please visit:
#   http://bugreport.java.com/bugreport/crash.jsp
#

---------------  T H R E A D  ---------------

Current thread (0x00007f22b404c800):  JavaThread "QuantumRenderer-0" daemon [_thread_in_Java, id=12603, stack(0x00007f22e16e3000,0x00007f22e17e4000)]

siginfo: si_signo: 11 (SIGSEGV), si_code: 2 (SEGV_ACCERR), si_addr: 0x00007f22b2005060

Registers:
RAX=0x0000000000000108, RBX=0x00000000c227f730, RCX=0x000000000000033d, RDX=0x00000000c227f710
RSP=0x00007f22e17e1f78, RBP=0x00000000ec2627f0, RSI=0x00000000c227f730, RDI=0x00007f22a0979e88
R8 =0x00000000ebb1c8e0, R9 =0x00000000ebb1c7c0, R10=0x00000001000bf6e8, R11=0x0000000000000000
R12=0x0000000000000000, R13=0x00007f22f182b570, R14=0x00007f22e17e2280, R15=0x00007f22b404c800
RIP=0x00007f22b2005060, EFLAGS=0x0000000000010202, CSGSFS=0x0000000000000033, ERR=0x0000000000000014
  TRAPNO=0x000000000000000e

Top of Stack: (sp=0x00007f22e17e1f78)
0x00007f22e17e1f78:   00007f22f1833c04 0000000000000000
0x00007f22e17e1f88:   00000000c227f710 00000000ec2627f0
0x00007f22e17e1f98:   00007f22f18446c4 0000000000002e71
0x00007f22e17e1fa8:   00000000ebb1cb30 0000000000000307
0x00007f22e17e1fb8:   00007f23053d5080 00000000ec266260
0x00007f22e17e1fc8:   00007f22f184265e ffffffffffffffff
0x00007f22e17e1fd8:   00007f23053d5080 00007f22e17e2010
0x00007f22e17e1fe8:   00007f22e17e2010 00000000c227f710
0x00007f22e17e1ff8:   00000000c227f730 0000000000000178
0x00007f22e17e2008:   00007f22a0990a08 00000000ec2627f0
0x00007f22e17e2018:   00007f22f184c0b4 ffffffffffffffff
0x00007f22e17e2028:   00007f23054cfcc8 00000000c227f698
0x00007f22e17e2038:   0000000020017daf 00000000ebb1c7c0
0x00007f22e17e2048:   00000000ebb1cb30 00000000ebb1c8e0
0x00007f22e17e2058:   00000000ef8a6ab8 00000000ec2627f0
0x00007f22e17e2068:   00000000ebbdecd8 00000000c227f698
0x00007f22e17e2078:   00000000ebb1c8e0 00000000ebb1cb30
0x00007f22e17e2088:   00000000ec2627f0 00000000ef6a4740
0x00007f22e17e2098:   00000000ebb1c7c0 00000000c227f710
0x00007f22e17e20a8:   00000000ebb1c8e0 00000000ec2627f0
0x00007f22e17e20b8:   00007f22f184750c 00000000ebb1cb30
0x00007f22e17e20c8:   00000000ef8a6ab8 00000000ef68d118
0x00007f22e17e20d8:   00007f22f182b650 0000000100000000
0x00007f22e17e20e8:   00000000ebf895f8 4076880000000000
0x00007f22e17e20f8:   4074c80000000000 00000000ef8a6ab8
0x00007f22e17e2108:   00000000ec2627f0 00000000ebb1c7c0
0x00007f22e17e2118:   00000000ebb1cb30 00000000ebb1c8e0
0x00007f22e17e2128:   00000000ef8a6ab8 00000000c227f698
0x00007f22e17e2138:   00000000ef6a4740 00000000ebbdecd8
0x00007f22e17e2148:   0000000000000000 00000000ec2627f0
0x00007f22e17e2158:   00007f22f1841cf4 0000000000000000
0x00007f22e17e2168:   00000000ebf895f8 00000000ebb1c7c0 

Instructions: (pc=0x00007f22b2005060)
0x00007f22b2005040:   
[error occurred during error reporting (printing registers, top of stack, instructions near pc), id 0xb]

Register to memory mapping:

RAX=0x0000000000000108 is an unknown value
RBX=0x00000000c227f730 is an oop
com.sun.javafx.geom.BoxBounds 
 - klass: 'com/sun/javafx/geom/BoxBounds'
RCX=0x000000000000033d is an unknown value
RDX=0x00000000c227f710 is an oop
com.sun.javafx.geom.RectBounds 
 - klass: 'com/sun/javafx/geom/RectBounds'
RSP=0x00007f22e17e1f78 is pointing into the stack for thread: 0x00007f22b404c800
RBP=0x00000000ec2627f0 is an oop
com.sun.javafx.sg.prism.NGRectangle 
 - klass: 'com/sun/javafx/sg/prism/NGRectangle'
RSI=0x00000000c227f730 is an oop
com.sun.javafx.geom.BoxBounds 
 - klass: 'com/sun/javafx/geom/BoxBounds'
RDI=0x00007f22a0979e88 is pointing into metadata
R8 =0x00000000ebb1c8e0 is an oop
com.sun.javafx.geom.transform.GeneralTransform3D 
 - klass: 'com/sun/javafx/geom/transform/GeneralTransform3D'
R9 =0x00000000ebb1c7c0 is an oop
com.sun.javafx.geom.transform.Affine3D 
 - klass: 'com/sun/javafx/geom/transform/Affine3D'
R10=0x00000001000bf6e8 is pointing into metadata
R11=0x0000000000000000 is an unknown value
R12=0x0000000000000000 is an unknown value
R13=0x00007f22f182b570 is at entry_point+688 in (nmethod*)0x00007f22f182b090
R14=0x00007f22e17e2280 is pointing into the stack for thread: 0x00007f22b404c800
R15=0x00007f22b404c800 is a thread


Stack: [0x00007f22e16e3000,0x00007f22e17e4000],  sp=0x00007f22e17e1f78,  free space=1019k
Native frames: (J=compiled Java code, j=interpreted, Vv=VM code, C=native code)
C  0x00007f22b2005060


---------------  P R O C E S S  ---------------

Java Threads: ( => current thread )
  0x00007f2294139000 JavaThread "Prism Font Disposer" daemon [_thread_blocked, id=12608, stack(0x00007f22a268c000,0x00007f22a278d000)]
  0x00007f22b40a2000 JavaThread "JavaFX Application Thread" [_thread_in_native, id=12606, stack(0x00007f22a2f82000,0x00007f22a3083000)]
  0x00007f22b409e000 JavaThread "Thread-2" daemon [_thread_blocked, id=12605, stack(0x00007f22a3083000,0x00007f22a3184000)]
=>0x00007f22b404c800 JavaThread "QuantumRenderer-0" daemon [_thread_in_Java, id=12603, stack(0x00007f22e16e3000,0x00007f22e17e4000)]
  0x00007f2300219000 JavaThread "JavaFX-Launcher" [_thread_blocked, id=12602, stack(0x00007f22e17e4000,0x00007f22e18e5000)]
  0x00007f2300154800 JavaThread "Monitor Ctrl-Break" daemon [_thread_in_native, id=12601, stack(0x00007f22e1dfd000,0x00007f22e1efe000)]
  0x00007f23000c8800 JavaThread "Service Thread" daemon [_thread_blocked, id=12593, stack(0x00007f22f026b000,0x00007f22f036c000)]
  0x00007f23000bd800 JavaThread "C1 CompilerThread2" daemon [_thread_blocked, id=12592, stack(0x00007f22f036c000,0x00007f22f046d000)]
  0x00007f23000bb800 JavaThread "C2 CompilerThread1" daemon [_thread_blocked, id=12591, stack(0x00007f22f046d000,0x00007f22f056e000)]
  0x00007f23000b8800 JavaThread "C2 CompilerThread0" daemon [_thread_blocked, id=12590, stack(0x00007f22f056e000,0x00007f22f066f000)]
  0x00007f23000b7000 JavaThread "Signal Dispatcher" daemon [_thread_blocked, id=12589, stack(0x00007f22f066f000,0x00007f22f0770000)]
  0x00007f2300084000 JavaThread "Finalizer" daemon [_thread_blocked, id=12585, stack(0x00007f22f08f9000,0x00007f22f09fa000)]
  0x00007f230007f800 JavaThread "Reference Handler" daemon [_thread_blocked, id=12584, stack(0x00007f22f09fa000,0x00007f22f0afb000)]
  0x00007f230000a000 JavaThread "main" [_thread_blocked, id=12573, stack(0x00007f23091b5000,0x00007f23092b6000)]

Other Threads:
  0x00007f2300077800 VMThread [stack: 0x00007f22f0afb000,0x00007f22f0bfc000] [id=12583]
  0x00007f23000cb800 WatcherThread [stack: 0x00007f22f016a000,0x00007f22f026b000] [id=12594]

VM state:not at safepoint (normal execution)

VM Mutex/Monitor currently owned by a thread: None

Heap:
 PSYoungGen      total 60416K, used 32525K [0x00000000eb580000, 0x00000000f0780000, 0x0000000100000000)
  eden space 53760K, 48% used [0x00000000eb580000,0x00000000ecec5cf0,0x00000000eea00000)
  from space 6656K, 99% used [0x00000000ef600000,0x00000000efc7da78,0x00000000efc80000)
  to   space 12288K, 0% used [0x00000000eea00000,0x00000000eea00000,0x00000000ef600000)
 ParOldGen       total 42496K, used 13808K [0x00000000c2000000, 0x00000000c4980000, 0x00000000eb580000)
  object space 42496K, 32% used [0x00000000c2000000,0x00000000c2d7c3e8,0x00000000c4980000)
 Metaspace       used 16572K, capacity 17370K, committed 17536K, reserved 1064960K
  class space    used 2391K, capacity 2591K, committed 2688K, reserved 1048576K

Card table byte_map: [0x00007f2305da9000,0x00007f2305f9a000] byte_map_base: 0x00007f2305799000

Marking Bits: (ParMarkBitMap*) 0x00007f23086b3c80
 Begin Bits: [0x00007f22e2100000, 0x00007f22e3080000)
 End Bits:   [0x00007f22e3080000, 0x00007f22e4000000)

Polling page: 0x00007f23092e0000

CodeCache: size=245760Kb used=8659Kb max_used=8659Kb free=237100Kb
 bounds [0x00007f22f1000000, 0x00007f22f1880000, 0x00007f2300000000]
 total_blobs=3378 nmethods=2740 adapters=552
 compilation: enabled

Compilation events (10 events):
Event: 9.133 Thread 0x00007f23000bd800 2776       3       javafx.scene.Node::getRotate (19 bytes)
Event: 9.133 Thread 0x00007f23000bd800 nmethod 2776 0x00007f22f1851e90 code [0x00007f22f1852020, 0x00007f22f1852528]
Event: 9.133 Thread 0x00007f23000bd800 2777       3       javafx.scene.Node::getTranslateZ (19 bytes)
Event: 9.133 Thread 0x00007f23000bd800 nmethod 2777 0x00007f22f1851650 code [0x00007f22f18517e0, 0x00007f22f1851ce8]
Event: 9.134 Thread 0x00007f23000bd800 2778       3       javafx.scene.Node::impl_hasTransforms (23 bytes)
Event: 9.134 Thread 0x00007f23000bd800 nmethod 2778 0x00007f22f1850f90 code [0x00007f22f1851120, 0x00007f22f1851548]
Event: 9.140 Thread 0x00007f23000bb800 2780       4       javafx.scene.Scene::getRoot (22 bytes)
Event: 9.142 Thread 0x00007f23000bb800 nmethod 2780 0x00007f22f1878710 code [0x00007f22f1878860, 0x00007f22f1878978]
Event: 9.142 Thread 0x00007f23000bb800 2781       4       com.sun.javafx.geom.BoxBounds::isEmpty (42 bytes)
Event: 9.143 Thread 0x00007f23000bb800 nmethod 2781 0x00007f22f1878ad0 code [0x00007f22f1878c20, 0x00007f22f1878d38]

GC Heap History (10 events):
Event: 5.838 GC heap before
{Heap before GC invocations=2 (full 0):
 PSYoungGen      total 18432K, used 18416K [0x00000000eb580000, 0x00000000ed980000, 0x0000000100000000)
  eden space 15872K, 100% used [0x00000000eb580000,0x00000000ec500000,0x00000000ec500000)
  from space 2560K, 99% used [0x00000000ec500000,0x00000000ec77c030,0x00000000ec780000)
  to   space 2560K, 0% used [0x00000000ed700000,0x00000000ed700000,0x00000000ed980000)
 ParOldGen       total 42496K, used 144K [0x00000000c2000000, 0x00000000c4980000, 0x00000000eb580000)
  object space 42496K, 0% used [0x00000000c2000000,0x00000000c2024000,0x00000000c4980000)
 Metaspace       used 15418K, capacity 16206K, committed 16384K, reserved 1062912K
  class space    used 2293K, capacity 2525K, committed 2560K, reserved 1048576K
Event: 5.849 GC heap after
Heap after GC invocations=2 (full 0):
 PSYoungGen      total 18432K, used 2544K [0x00000000eb580000, 0x00000000ed980000, 0x0000000100000000)
  eden space 15872K, 0% used [0x00000000eb580000,0x00000000eb580000,0x00000000ec500000)
  from space 2560K, 99% used [0x00000000ed700000,0x00000000ed97c068,0x00000000ed980000)
  to   space 2560K, 0% used [0x00000000ec500000,0x00000000ec500000,0x00000000ec780000)
 ParOldGen       total 42496K, used 2722K [0x00000000c2000000, 0x00000000c4980000, 0x00000000eb580000)
  object space 42496K, 6% used [0x00000000c2000000,0x00000000c22a8a90,0x00000000c4980000)
 Metaspace       used 15418K, capacity 16206K, committed 16384K, reserved 1062912K
  class space    used 2293K, capacity 2525K, committed 2560K, reserved 1048576K
}
Event: 7.029 GC heap before
{Heap before GC invocations=3 (full 0):
 PSYoungGen      total 18432K, used 18416K [0x00000000eb580000, 0x00000000ed980000, 0x0000000100000000)
  eden space 15872K, 100% used [0x00000000eb580000,0x00000000ec500000,0x00000000ec500000)
  from space 2560K, 99% used [0x00000000ed700000,0x00000000ed97c068,0x00000000ed980000)
  to   space 2560K, 0% used [0x00000000ec500000,0x00000000ec500000,0x00000000ec780000)
 ParOldGen       total 42496K, used 2722K [0x00000000c2000000, 0x00000000c4980000, 0x00000000eb580000)
  object space 42496K, 6% used [0x00000000c2000000,0x00000000c22a8a90,0x00000000c4980000)
 Metaspace       used 15959K, capacity 16782K, committed 17024K, reserved 1062912K
  class space    used 2364K, capacity 2589K, committed 2688K, reserved 1048576K
Event: 7.045 GC heap after
Heap after GC invocations=3 (full 0):
 PSYoungGen      total 18432K, used 2544K [0x00000000eb580000, 0x00000000ed780000, 0x0000000100000000)
  eden space 15872K, 0% used [0x00000000eb580000,0x00000000eb580000,0x00000000ec500000)
  from space 2560K, 99% used [0x00000000ec500000,0x00000000ec77c048,0x00000000ec780000)
  to   space 2560K, 0% used [0x00000000ed500000,0x00000000ed500000,0x00000000ed780000)
 ParOldGen       total 42496K, used 5361K [0x00000000c2000000, 0x00000000c4980000, 0x00000000eb580000)
  object space 42496K, 12% used [0x00000000c2000000,0x00000000c253c638,0x00000000c4980000)
 Metaspace       used 15959K, capacity 16782K, committed 17024K, reserved 1062912K
  class space    used 2364K, capacity 2589K, committed 2688K, reserved 1048576K
}
Event: 7.102 GC heap before
{Heap before GC invocations=4 (full 0):
 PSYoungGen      total 18432K, used 18416K [0x00000000eb580000, 0x00000000ed780000, 0x0000000100000000)
  eden space 15872K, 100% used [0x00000000eb580000,0x00000000ec500000,0x00000000ec500000)
  from space 2560K, 99% used [0x00000000ec500000,0x00000000ec77c048,0x00000000ec780000)
  to   space 2560K, 0% used [0x00000000ed500000,0x00000000ed500000,0x00000000ed780000)
 ParOldGen       total 42496K, used 5361K [0x00000000c2000000, 0x00000000c4980000, 0x00000000eb580000)
  object space 42496K, 12% used [0x00000000c2000000,0x00000000c253c638,0x00000000c4980000)
 Metaspace       used 15959K, capacity 16782K, committed 17024K, reserved 1062912K
  class space    used 2364K, capacity 2589K, committed 2688K, reserved 1048576K
Event: 7.111 GC heap after
Heap after GC invocations=4 (full 0):
 PSYoungGen      total 32256K, used 2528K [0x00000000eb580000, 0x00000000ed980000, 0x0000000100000000)
  eden space 29696K, 0% used [0x00000000eb580000,0x00000000eb580000,0x00000000ed280000)
  from space 2560K, 98% used [0x00000000ed500000,0x00000000ed778048,0x00000000ed780000)
  to   space 2560K, 0% used [0x00000000ed280000,0x00000000ed280000,0x00000000ed500000)
 ParOldGen       total 42496K, used 5561K [0x00000000c2000000, 0x00000000c4980000, 0x00000000eb580000)
  object space 42496K, 13% used [0x00000000c2000000,0x00000000c256e638,0x00000000c4980000)
 Metaspace       used 15959K, capacity 16782K, committed 17024K, reserved 1062912K
  class space    used 2364K, capacity 2589K, committed 2688K, reserved 1048576K
}
Event: 7.195 GC heap before
{Heap before GC invocations=5 (full 0):
 PSYoungGen      total 32256K, used 32224K [0x00000000eb580000, 0x00000000ed980000, 0x0000000100000000)
  eden space 29696K, 100% used [0x00000000eb580000,0x00000000ed280000,0x00000000ed280000)
  from space 2560K, 98% used [0x00000000ed500000,0x00000000ed778048,0x00000000ed780000)
  to   space 2560K, 0% used [0x00000000ed280000,0x00000000ed280000,0x00000000ed500000)
 ParOldGen       total 42496K, used 5561K [0x00000000c2000000, 0x00000000c4980000, 0x00000000eb580000)
  object space 42496K, 13% used [0x00000000c2000000,0x00000000c256e638,0x00000000c4980000)
 Metaspace       used 15959K, capacity 16782K, committed 17024K, reserved 1062912K
  class space    used 2364K, capacity 2589K, committed 2688K, reserved 1048576K
Event: 7.203 GC heap after
Heap after GC invocations=5 (full 0):
 PSYoungGen      total 32256K, used 2528K [0x00000000eb580000, 0x00000000efc80000, 0x0000000100000000)
  eden space 29696K, 0% used [0x00000000eb580000,0x00000000eb580000,0x00000000ed280000)
  from space 2560K, 98% used [0x00000000ed280000,0x00000000ed4f8048,0x00000000ed500000)
  to   space 6656K, 0% used [0x00000000ef600000,0x00000000ef600000,0x00000000efc80000)
 ParOldGen       total 42496K, used 5705K [0x00000000c2000000, 0x00000000c4980000, 0x00000000eb580000)
  object space 42496K, 13% used [0x00000000c2000000,0x00000000c2592638,0x00000000c4980000)
 Metaspace       used 15959K, capacity 16782K, committed 17024K, reserved 1062912K
  class space    used 2364K, capacity 2589K, committed 2688K, reserved 1048576K
}
Event: 7.476 GC heap before
{Heap before GC invocations=6 (full 0):
 PSYoungGen      total 32256K, used 32224K [0x00000000eb580000, 0x00000000efc80000, 0x0000000100000000)
  eden space 29696K, 100% used [0x00000000eb580000,0x00000000ed280000,0x00000000ed280000)
  from space 2560K, 98% used [0x00000000ed280000,0x00000000ed4f8048,0x00000000ed500000)
  to   space 6656K, 0% used [0x00000000ef600000,0x00000000ef600000,0x00000000efc80000)
 ParOldGen       total 42496K, used 5705K [0x00000000c2000000, 0x00000000c4980000, 0x00000000eb580000)
  object space 42496K, 13% used [0x00000000c2000000,0x00000000c2592638,0x00000000c4980000)
 Metaspace       used 16108K, capacity 16910K, committed 17024K, reserved 1062912K
  class space    used 2382K, capacity 2589K, committed 2688K, reserved 1048576K
Event: 7.513 GC heap after
Heap after GC invocations=6 (full 0):
 PSYoungGen      total 60416K, used 6646K [0x00000000eb580000, 0x00000000f0780000, 0x0000000100000000)
  eden space 53760K, 0% used [0x00000000eb580000,0x00000000eb580000,0x00000000eea00000)
  from space 6656K, 99% used [0x00000000ef600000,0x00000000efc7da78,0x00000000efc80000)
  to   space 12288K, 0% used [0x00000000eea00000,0x00000000eea00000,0x00000000ef600000)
 ParOldGen       total 42496K, used 13808K [0x00000000c2000000, 0x00000000c4980000, 0x00000000eb580000)
  object space 42496K, 32% used [0x00000000c2000000,0x00000000c2d7c3e8,0x00000000c4980000)
 Metaspace       used 16108K, capacity 16910K, committed 17024K, reserved 1062912K
  class space    used 2382K, capacity 2589K, committed 2688K, reserved 1048576K
}

Deoptimization events (10 events):
Event: 7.790 Thread 0x00007f22b40a2000 Uncommon trap: reason=unstable_if action=reinterpret pc=0x00007f22f15b6bf8 method=javafx.scene.Node.impl_layoutBoundsChanged()V @ 7
Event: 7.940 Thread 0x00007f22b40a2000 Uncommon trap: reason=unstable_if action=reinterpret pc=0x00007f22f16fc368 method=javafx.scene.Scene.addToDirtyList(Ljavafx/scene/Node;)V @ 43
Event: 8.009 Thread 0x00007f22b404c800 Uncommon trap: reason=unstable_if action=reinterpret pc=0x00007f22f1703464 method=com.sun.prism.impl.ps.BaseShaderContext.setTexture(ILcom/sun/prism/Texture;)V @ 1
Event: 8.031 Thread 0x00007f22b404c800 Uncommon trap: reason=unstable_if action=reinterpret pc=0x00007f22f173f880 method=com.sun.prism.impl.ps.BaseShaderContext.setRenderTarget(Lcom/sun/prism/RenderTarget;Lcom/sun/javafx/sg/prism/NGCamera;ZZ)V @ 54
Event: 8.202 Thread 0x00007f22b404c800 Uncommon trap: reason=unstable_if action=reinterpret pc=0x00007f22f1742ef8 method=com.sun.javafx.sg.prism.NGNode.doRender(Lcom/sun/prism/Graphics;)V @ 24
Event: 8.278 Thread 0x00007f22b40a2000 Uncommon trap: reason=class_check action=maybe_recompile pc=0x00007f22f1795300 method=com.sun.javafx.css.StyleManager.gatherParentStylesheets(Ljavafx/scene/Parent;)Ljava/util/List; @ 9
Event: 8.279 Thread 0x00007f22b40a2000 Uncommon trap: reason=class_check action=maybe_recompile pc=0x00007f22f1795300 method=com.sun.javafx.css.StyleManager.gatherParentStylesheets(Ljavafx/scene/Parent;)Ljava/util/List; @ 9
Event: 8.279 Thread 0x00007f22b40a2000 Uncommon trap: reason=class_check action=maybe_recompile pc=0x00007f22f1795300 method=com.sun.javafx.css.StyleManager.gatherParentStylesheets(Ljavafx/scene/Parent;)Ljava/util/List; @ 9
Event: 8.279 Thread 0x00007f22b40a2000 Uncommon trap: reason=class_check action=maybe_recompile pc=0x00007f22f1795300 method=com.sun.javafx.css.StyleManager.gatherParentStylesheets(Ljavafx/scene/Parent;)Ljava/util/List; @ 9
Event: 8.642 Thread 0x00007f22b404c800 Uncommon trap: reason=unstable_if action=reinterpret pc=0x00007f22f17fd2d0 method=com.sun.javafx.geom.RectBounds.contains(Lcom/sun/javafx/geom/RectBounds;)Z @ 25

Internal exceptions (10 events):
Event: 0.186 Thread 0x00007f230000a000 Exception <a 'java/lang/NoSuchFieldError': method resolution failed> (0x00000000eb7bb378) thrown at [/HUDSON3/workspace/8-2-build-linux-amd64/jdk8u121/8372/hotspot/src/share/vm/prims/methodHandles.cpp, line 1146]
Event: 0.220 Thread 0x00007f2300219000 Exception <a 'java/security/PrivilegedActionException'> (0x00000000eb864478) thrown at [/HUDSON3/workspace/8-2-build-linux-amd64/jdk8u121/8372/hotspot/src/share/vm/prims/jvm.cpp, line 1390]
Event: 0.220 Thread 0x00007f2300219000 Exception <a 'java/security/PrivilegedActionException'> (0x00000000eb864688) thrown at [/HUDSON3/workspace/8-2-build-linux-amd64/jdk8u121/8372/hotspot/src/share/vm/prims/jvm.cpp, line 1390]
Event: 0.220 Thread 0x00007f2300219000 Exception <a 'java/security/PrivilegedActionException'> (0x00000000eb866af0) thrown at [/HUDSON3/workspace/8-2-build-linux-amd64/jdk8u121/8372/hotspot/src/share/vm/prims/jvm.cpp, line 1390]
Event: 0.220 Thread 0x00007f2300219000 Exception <a 'java/security/PrivilegedActionException'> (0x00000000eb866d00) thrown at [/HUDSON3/workspace/8-2-build-linux-amd64/jdk8u121/8372/hotspot/src/share/vm/prims/jvm.cpp, line 1390]
Event: 0.221 Thread 0x00007f2300219000 Exception <a 'java/lang/NullPointerException'> (0x00000000eb8672d8) thrown at [/HUDSON3/workspace/8-2-build-linux-amd64/jdk8u121/8372/hotspot/src/share/vm/interpreter/linkResolver.cpp, line 1178]
Event: 0.637 Thread 0x00007f22b40a2000 Exception <a 'java/lang/NullPointerException'> (0x00000000ebf92ec0) thrown at [/HUDSON3/workspace/8-2-build-linux-amd64/jdk8u121/8372/hotspot/src/share/vm/interpreter/linkResolver.cpp, line 1178]
Event: 0.637 Thread 0x00007f22b40a2000 Exception <a 'java/lang/NullPointerException'> (0x00000000ebf92ec0) thrown at [/HUDSON3/workspace/8-2-build-linux-amd64/jdk8u121/8372/hotspot/src/share/vm/prims/jvm.cpp, line 1394]
Event: 1.011 Thread 0x00007f22b40a2000 Implicit null exception at 0x00007f22f126b2b5 to 0x00007f22f126b4d1
Event: 7.771 Thread 0x00007f22b40a2000 Implicit null exception at 0x00007f22f164106b to 0x00007f22f1641839

Events (10 events):
Event: 8.525 Thread 0x00007f22b404c800 DEOPT UNPACKING pc=0x00007f22f1046f73 sp=0x00007f22e17e1e10 mode 0
Event: 8.635 Executing VM operation: ForceSafepoint
Event: 8.635 Executing VM operation: ForceSafepoint done
Event: 8.642 Thread 0x00007f22b404c800 Uncommon trap: trap_request=0xffffff65 fr.pc=0x00007f22f17fd2d0
Event: 8.642 Thread 0x00007f22b404c800 DEOPT PACKING pc=0x00007f22f17fd2d0 sp=0x00007f22e17e21b0
Event: 8.642 Thread 0x00007f22b404c800 DEOPT UNPACKING pc=0x00007f22f1004f69 sp=0x00007f22e17e20f0 mode 2
Event: 8.741 Thread 0x00007f22b40a2000 DEOPT PACKING pc=0x00007f22f175b93f sp=0x00007f22a307fb80
Event: 8.741 Thread 0x00007f22b40a2000 DEOPT UNPACKING pc=0x00007f22f1046f73 sp=0x00007f22a307f8e8 mode 0
Event: 9.111 loading class javafx/beans/property/ReadOnlyObjectWrapper$1
Event: 9.111 loading class javafx/beans/property/ReadOnlyObjectWrapper$1 done


Dynamic libraries:
00400000-00401000 r-xp 00000000 08:01 1708709                            /usr/lib/jvm/java-8-oracle/bin/java
00600000-00601000 rw-p 00000000 08:01 1708709                            /usr/lib/jvm/java-8-oracle/bin/java
019a5000-019c6000 rw-p 00000000 00:00 0                                  [heap]
40973000-40a0f000 rw-p 00000000 00:00 0 
41d42000-41d44000 r-xs 00000000 08:01 1181683                            /tmp/.glVIsFub (deleted)
c2000000-c4980000 rw-p 00000000 00:00 0 
c4980000-eb580000 ---p 00000000 00:00 0 
eb580000-f0780000 rw-p 00000000 00:00 0 
f0780000-100000000 ---p 00000000 00:00 0 
100000000-1002a0000 rw-p 00000000 00:00 0 
1002a0000-140000000 ---p 00000000 00:00 0 
7f2294000000-7f22942b8000 rw-p 00000000 00:00 0 
7f22942b8000-7f2298000000 ---p 00000000 00:00 0 
7f2298000000-7f2298021000 rw-p 00000000 00:00 0 
7f2298021000-7f229c000000 ---p 00000000 00:00 0 
7f229c000000-7f229c021000 rw-p 00000000 00:00 0 
7f229c021000-7f22a0000000 ---p 00000000 00:00 0 
7f22a0530000-7f22a0930000 rw-s 5b2a5000 00:05 14499                      /dev/nvidiactl
7f22a0930000-7f22a09b0000 rw-p 00000000 00:00 0 
7f22a09b0000-7f22a0b30000 ---p 00000000 00:00 0 
7f22a0b30000-7f22a0d30000 rw-s 99353000 00:05 14499                      /dev/nvidiactl
7f22a0d30000-7f22a0db0000 rw-s 2f23c000 00:05 14499                      /dev/nvidiactl
7f22a0db0000-7f22a11b0000 rw-s ba9db000 00:05 14499                      /dev/nvidiactl
7f22a11b0000-7f22a1bc0000 rw-p 00000000 00:00 0 
7f22a1bc0000-7f22a1dc0000 rw-s 9925f000 00:05 14499                      /dev/nvidiactl
7f22a1fcf000-7f22a21cf000 rw-p 00000000 00:00 0 
7f22a21cf000-7f22a2279000 r--p 00000000 08:01 528119                     /usr/share/fonts/truetype/dejavu/DejaVuSans-Bold.ttf
7f22a2279000-7f22a2479000 rw-p 00000000 00:00 0 
7f22a2479000-7f22a248c000 r--s 00345000 08:01 1708817                    /usr/lib/jvm/java-8-oracle/jre/lib/resources.jar
7f22a248c000-7f22a268c000 rw-p 00000000 00:00 0 
7f22a268c000-7f22a268f000 ---p 00000000 00:00 0 
7f22a268f000-7f22a278d000 rw-p 00000000 00:00 0                          [stack:12608]
7f22a278d000-7f22a2843000 r--p 00000000 08:01 528123                     /usr/share/fonts/truetype/dejavu/DejaVuSans.ttf
7f22a2843000-7f22a28ee000 r--p 00000000 08:01 1708916                    /usr/lib/jvm/java-8-oracle/jre/lib/fonts/LucidaSansRegular.ttf
7f22a28ee000-7f22a2928000 r--p 00000000 08:01 1708918                    /usr/lib/jvm/java-8-oracle/jre/lib/fonts/LucidaTypewriterBold.ttf
7f22a2928000-7f22a2976000 r--p 00000000 08:01 1708923                    /usr/lib/jvm/java-8-oracle/jre/lib/fonts/LucidaSansDemiBold.ttf
7f22a2976000-7f22a297a000 r-xp 00000000 08:01 1708873                    /usr/lib/jvm/java-8-oracle/jre/lib/amd64/libjavafx_font_pango.so
7f22a297a000-7f22a2b79000 ---p 00004000 08:01 1708873                    /usr/lib/jvm/java-8-oracle/jre/lib/amd64/libjavafx_font_pango.so
7f22a2b79000-7f22a2b7a000 rw-p 00003000 08:01 1708873                    /usr/lib/jvm/java-8-oracle/jre/lib/amd64/libjavafx_font_pango.so
7f22a2b7a000-7f22a2b7f000 r-xp 00000000 08:01 1708869                    /usr/lib/jvm/java-8-oracle/jre/lib/amd64/libjavafx_font_freetype.so
7f22a2b7f000-7f22a2d7e000 ---p 00005000 08:01 1708869                    /usr/lib/jvm/java-8-oracle/jre/lib/amd64/libjavafx_font_freetype.so
7f22a2d7e000-7f22a2d7f000 rw-p 00004000 08:01 1708869                    /usr/lib/jvm/java-8-oracle/jre/lib/amd64/libjavafx_font_freetype.so
7f22a2d7f000-7f22a2d82000 r-xp 00000000 08:01 1708831                    /usr/lib/jvm/java-8-oracle/jre/lib/amd64/libjavafx_font.so
7f22a2d82000-7f22a2f81000 ---p 00003000 08:01 1708831                    /usr/lib/jvm/java-8-oracle/jre/lib/amd64/libjavafx_font.so
7f22a2f81000-7f22a2f82000 rw-p 00002000 08:01 1708831                    /usr/lib/jvm/java-8-oracle/jre/lib/amd64/libjavafx_font.so
7f22a2f82000-7f22a2f85000 ---p 00000000 00:00 0 
7f22a2f85000-7f22a3083000 rw-p 00000000 00:00 0                          [stack:12606]
7f22a3083000-7f22a3086000 ---p 00000000 00:00 0 
7f22a3086000-7f22a3184000 rw-p 00000000 00:00 0                          [stack:12605]
7f22a3184000-7f22a31ad000 r-xp 00000000 08:01 1708881                    /usr/lib/jvm/java-8-oracle/jre/lib/amd64/libglass.so
7f22a31ad000-7f22a33ac000 ---p 00029000 08:01 1708881                    /usr/lib/jvm/java-8-oracle/jre/lib/amd64/libglass.so
7f22a33ac000-7f22a33af000 rw-p 00028000 08:01 1708881                    /usr/lib/jvm/java-8-oracle/jre/lib/amd64/libglass.so
7f22a33af000-7f22a33b5000 r-xp 00000000 08:01 7345962                    /usr/lib/x86_64-linux-gnu/libdatrie.so.1.3.1
7f22a33b5000-7f22a35b5000 ---p 00006000 08:01 7345962                    /usr/lib/x86_64-linux-gnu/libdatrie.so.1.3.1
7f22a35b5000-7f22a35b6000 r--p 00006000 08:01 7345962                    /usr/lib/x86_64-linux-gnu/libdatrie.so.1.3.1
7f22a35b6000-7f22a35b7000 rw-p 00007000 08:01 7345962                    /usr/lib/x86_64-linux-gnu/libdatrie.so.1.3.1
7f22a35b7000-7f22a35bc000 r-xp 00000000 08:01 7345770                    /usr/lib/x86_64-linux-gnu/libXdmcp.so.6.0.0
7f22a35bc000-7f22a37bb000 ---p 00005000 08:01 7345770                    /usr/lib/x86_64-linux-gnu/libXdmcp.so.6.0.0
7f22a37bb000-7f22a37bc000 rw-p 00004000 08:01 7345770                    /usr/lib/x86_64-linux-gnu/libXdmcp.so.6.0.0
7f22a37bc000-7f22a37bf000 r-xp 00000000 08:01 7345759                    /usr/lib/x86_64-linux-gnu/libXau.so.6.0.0
7f22a37bf000-7f22a39be000 ---p 00003000 08:01 7345759                    /usr/lib/x86_64-linux-gnu/libXau.so.6.0.0
7f22a39be000-7f22a39bf000 r--p 00002000 08:01 7345759                    /usr/lib/x86_64-linux-gnu/libXau.so.6.0.0
7f22a39bf000-7f22a39c0000 rw-p 00003000 08:01 7345759                    /usr/lib/x86_64-linux-gnu/libXau.so.6.0.0
7f22a39c0000-7f22a39e4000 r-xp 00000000 08:01 7345896                    /usr/lib/x86_64-linux-gnu/libgraphite2.so.3.0.1
7f22a39e4000-7f22a3be3000 ---p 00024000 08:01 7345896                    /usr/lib/x86_64-linux-gnu/libgraphite2.so.3.0.1
7f22a3be3000-7f22a3be5000 r--p 00023000 08:01 7345896                    /usr/lib/x86_64-linux-gnu/libgraphite2.so.3.0.1
7f22a3be5000-7f22a3be6000 rw-p 00025000 08:01 7345896                    /usr/lib/x86_64-linux-gnu/libgraphite2.so.3.0.1
7f22a3be6000-7f22a55a8000 r-xp 00000000 08:01 7216242                    /usr/lib/libnvidia-glcore.so.340.96
7f22a55a8000-7f22a55c6000 rwxp 019c2000 08:01 7216242                    /usr/lib/libnvidia-glcore.so.340.96
7f22a55c6000-7f22a5a44000 r-xp 019e0000 08:01 7216242                    /usr/lib/libnvidia-glcore.so.340.96
7f22a5a44000-7f22a5c43000 ---p 01e5e000 08:01 7216242                    /usr/lib/libnvidia-glcore.so.340.96
7f22a5c43000-7f22a67dd000 rw-p 01e5d000 08:01 7216242                    /usr/lib/libnvidia-glcore.so.340.96
7f22a67dd000-7f22a67fa000 rw-p 00000000 00:00 0 
7f22a67fa000-7f22a67fd000 r-xp 00000000 08:01 7216246                    /usr/lib/tls/libnvidia-tls.so.340.96
7f22a67fd000-7f22a69fc000 ---p 00003000 08:01 7216246                    /usr/lib/tls/libnvidia-tls.so.340.96
7f22a69fc000-7f22a69fd000 rw-p 00002000 08:01 7216246                    /usr/lib/tls/libnvidia-tls.so.340.96
7f22a69fd000-7f22a6a69000 r-xp 00000000 08:01 2491427                    /lib/x86_64-linux-gnu/libpcre.so.3.13.1
7f22a6a69000-7f22a6c69000 ---p 0006c000 08:01 2491427                    /lib/x86_64-linux-gnu/libpcre.so.3.13.1
7f22a6c69000-7f22a6c6a000 r--p 0006c000 08:01 2491427                    /lib/x86_64-linux-gnu/libpcre.so.3.13.1
7f22a6c6a000-7f22a6c6b000 rw-p 0006d000 08:01 2491427                    /lib/x86_64-linux-gnu/libpcre.so.3.13.1
7f22a6c6b000-7f22a6c72000 r-xp 00000000 08:01 7346053                    /usr/lib/x86_64-linux-gnu/libffi.so.6.0.2
7f22a6c72000-7f22a6e71000 ---p 00007000 08:01 7346053                    /usr/lib/x86_64-linux-gnu/libffi.so.6.0.2
7f22a6e71000-7f22a6e72000 r--p 00006000 08:01 7346053                    /usr/lib/x86_64-linux-gnu/libffi.so.6.0.2
7f22a6e72000-7f22a6e73000 rw-p 00007000 08:01 7346053                    /usr/lib/x86_64-linux-gnu/libffi.so.6.0.2
7f22a6e73000-7f22a6e99000 r-xp 00000000 08:01 2490808                    /lib/x86_64-linux-gnu/libexpat.so.1.6.0
7f22a6e99000-7f22a7098000 ---p 00026000 08:01 2490808                    /lib/x86_64-linux-gnu/libexpat.so.1.6.0
7f22a7098000-7f22a709b000 r--p 00025000 08:01 2490808                    /lib/x86_64-linux-gnu/libexpat.so.1.6.0
7f22a709b000-7f22a709c000 rw-p 00028000 08:01 2490808                    /lib/x86_64-linux-gnu/libexpat.so.1.6.0
7f22a709c000-7f22a70a4000 r-xp 00000000 08:01 7346744                    /usr/lib/x86_64-linux-gnu/libthai.so.0.2.0
7f22a70a4000-7f22a72a3000 ---p 00008000 08:01 7346744                    /usr/lib/x86_64-linux-gnu/libthai.so.0.2.0
7f22a72a3000-7f22a72a4000 r--p 00007000 08:01 7346744                    /usr/lib/x86_64-linux-gnu/libthai.so.0.2.0
7f22a72a4000-7f22a72a5000 rw-p 00008000 08:01 7346744                    /usr/lib/x86_64-linux-gnu/libthai.so.0.2.0
7f22a72a5000-7f22a72c6000 r-xp 00000000 08:01 7346920                    /usr/lib/x86_64-linux-gnu/libxcb.so.1.1.0
7f22a72c6000-7f22a74c5000 ---p 00021000 08:01 7346920                    /usr/lib/x86_64-linux-gnu/libxcb.so.1.1.0
7f22a74c5000-7f22a74c6000 r--p 00020000 08:01 7346920                    /usr/lib/x86_64-linux-gnu/libxcb.so.1.1.0
7f22a74c6000-7f22a74c7000 rw-p 00021000 08:01 7346920                    /usr/lib/x86_64-linux-gnu/libxcb.so.1.1.0
7f22a74c7000-7f22a74d0000 r-xp 00000000 08:01 7346904                    /usr/lib/x86_64-linux-gnu/libxcb-render.so.0.0.0
7f22a74d0000-7f22a76cf000 ---p 00009000 08:01 7346904                    /usr/lib/x86_64-linux-gnu/libxcb-render.so.0.0.0
7f22a76cf000-7f22a76d0000 r--p 00008000 08:01 7346904                    /usr/lib/x86_64-linux-gnu/libxcb-render.so.0.0.0
7f22a76d0000-7f22a76d1000 rw-p 00009000 08:01 7346904                    /usr/lib/x86_64-linux-gnu/libxcb-render.so.0.0.0
7f22a76d1000-7f22a76d3000 r-xp 00000000 08:01 7346908                    /usr/lib/x86_64-linux-gnu/libxcb-shm.so.0.0.0
7f22a76d3000-7f22a78d3000 ---p 00002000 08:01 7346908                    /usr/lib/x86_64-linux-gnu/libxcb-shm.so.0.0.0
7f22a78d3000-7f22a78d4000 r--p 00002000 08:01 7346908                    /usr/lib/x86_64-linux-gnu/libxcb-shm.so.0.0.0
7f22a78d4000-7f22a78d5000 rw-p 00003000 08:01 7346908                    /usr/lib/x86_64-linux-gnu/libxcb-shm.so.0.0.0
7f22a78d5000-7f22a797a000 r-xp 00000000 08:01 7346543                    /usr/lib/x86_64-linux-gnu/libpixman-1.so.0.32.6
7f22a797a000-7f22a7b79000 ---p 000a5000 08:01 7346543                    /usr/lib/x86_64-linux-gnu/libpixman-1.so.0.32.6
7f22a7b79000-7f22a7b81000 r--p 000a4000 08:01 7346543                    /usr/lib/x86_64-linux-gnu/libpixman-1.so.0.32.6
7f22a7b81000-7f22a7b82000 rw-p 000ac000 08:01 7346543                    /usr/lib/x86_64-linux-gnu/libpixman-1.so.0.32.6
7f22a7b82000-7f22a7ba8000 r-xp 00000000 08:01 2492063                    /lib/x86_64-linux-gnu/libpng12.so.0.50.0
7f22a7ba8000-7f22a7da7000 ---p 00026000 08:01 2492063                    /lib/x86_64-linux-gnu/libpng12.so.0.50.0
7f22a7da7000-7f22a7da8000 r--p 00025000 08:01 2492063                    /lib/x86_64-linux-gnu/libpng12.so.0.50.0
7f22a7da8000-7f22a7da9000 rw-p 00026000 08:01 2492063                    /lib/x86_64-linux-gnu/libpng12.so.0.50.0
7f22a7da9000-7f22a7dfe000 r-xp 00000000 08:01 7346275                    /usr/lib/x86_64-linux-gnu/libharfbuzz.so.0.935.0
7f22a7dfe000-7f22a7ffd000 ---p 00055000 08:01 7346275                    /usr/lib/x86_64-linux-gnu/libharfbuzz.so.0.935.0
7f22a7ffd000-7f22a7fff000 r--p 00054000 08:01 7346275                    /usr/lib/x86_64-linux-gnu/libharfbuzz.so.0.935.0
7f22a7fff000-7f22a8000000 rw-p 00056000 08:01 7346275                    /usr/lib/x86_64-linux-gnu/libharfbuzz.so.0.935.0
7f22a8000000-7f22a8b90000 rw-p 00000000 00:00 0 
7f22a8b90000-7f22ac000000 ---p 00000000 00:00 0 
7f22ac009000-7f22ac00e000 r--s 00084000 08:01 1708794                    /usr/lib/jvm/java-8-oracle/jre/lib/jfr.jar
7f22ac00e000-7f22ac021000 r--p 00000000 08:01 1708917                    /usr/lib/jvm/java-8-oracle/jre/lib/fonts/LucidaBrightDemiBold.ttf
7f22ac021000-7f22ac035000 r--p 00000000 08:01 1708920                    /usr/lib/jvm/java-8-oracle/jre/lib/fonts/LucidaBrightItalic.ttf
7f22ac035000-7f22ac08a000 r--p 00000000 08:01 1708919                    /usr/lib/jvm/java-8-oracle/jre/lib/fonts/LucidaBrightRegular.ttf
7f22ac08a000-7f22ac0c6000 r--p 00000000 08:01 1708922                    /usr/lib/jvm/java-8-oracle/jre/lib/fonts/LucidaTypewriterRegular.ttf
7f22ac0c6000-7f22ac0d9000 r--p 00000000 08:01 1708924                    /usr/lib/jvm/java-8-oracle/jre/lib/fonts/LucidaBrightDemiItalic.ttf
7f22ac0d9000-7f22ac1d9000 rw-s 00000000 00:04 36798483                   /SYSV00000000 (deleted)
7f22ac1d9000-7f22ac1ed000 r-xp 00000000 08:01 2491464                    /lib/x86_64-linux-gnu/libresolv-2.19.so
7f22ac1ed000-7f22ac3ec000 ---p 00014000 08:01 2491464                    /lib/x86_64-linux-gnu/libresolv-2.19.so
7f22ac3ec000-7f22ac3ed000 r--p 00013000 08:01 2491464                    /lib/x86_64-linux-gnu/libresolv-2.19.so
7f22ac3ed000-7f22ac3ee000 rw-p 00014000 08:01 2491464                    /lib/x86_64-linux-gnu/libresolv-2.19.so
7f22ac3ee000-7f22ac3f0000 rw-p 00000000 00:00 0 
7f22ac3f0000-7f22ac411000 r-xp 00000000 08:01 2492076                    /lib/x86_64-linux-gnu/libselinux.so.1
7f22ac411000-7f22ac611000 ---p 00021000 08:01 2492076                    /lib/x86_64-linux-gnu/libselinux.so.1
7f22ac611000-7f22ac612000 r--p 00021000 08:01 2492076                    /lib/x86_64-linux-gnu/libselinux.so.1
7f22ac612000-7f22ac613000 rw-p 00022000 08:01 2492076                    /lib/x86_64-linux-gnu/libselinux.so.1
7f22ac613000-7f22ac615000 rw-p 00000000 00:00 0 
7f22ac615000-7f22ac62f000 r-xp 00000000 08:01 2492107                    /lib/x86_64-linux-gnu/libz.so.1.2.8
7f22ac62f000-7f22ac82e000 ---p 0001a000 08:01 2492107                    /lib/x86_64-linux-gnu/libz.so.1.2.8
7f22ac82e000-7f22ac82f000 r--p 00019000 08:01 2492107                    /lib/x86_64-linux-gnu/libz.so.1.2.8
7f22ac82f000-7f22ac830000 rw-p 0001a000 08:01 2492107                    /lib/x86_64-linux-gnu/libz.so.1.2.8
7f22ac830000-7f22ac841000 r-xp 00000000 08:01 7345772                    /usr/lib/x86_64-linux-gnu/libXext.so.6.4.0
7f22ac841000-7f22aca40000 ---p 00011000 08:01 7345772                    /usr/lib/x86_64-linux-gnu/libXext.so.6.4.0
7f22aca40000-7f22aca41000 r--p 00010000 08:01 7345772                    /usr/lib/x86_64-linux-gnu/libXext.so.6.4.0
7f22aca41000-7f22aca42000 rw-p 00011000 08:01 7345772                    /usr/lib/x86_64-linux-gnu/libXext.so.6.4.0
7f22aca42000-7f22aca4c000 r-xp 00000000 08:01 7345766                    /usr/lib/x86_64-linux-gnu/libXcursor.so.1.0.2
7f22aca4c000-7f22acc4b000 ---p 0000a000 08:01 7345766                    /usr/lib/x86_64-linux-gnu/libXcursor.so.1.0.2
7f22acc4b000-7f22acc4c000 r--p 00009000 08:01 7345766                    /usr/lib/x86_64-linux-gnu/libXcursor.so.1.0.2
7f22acc4c000-7f22acc4d000 rw-p 0000a000 08:01 7345766                    /usr/lib/x86_64-linux-gnu/libXcursor.so.1.0.2
7f22acc4d000-7f22acc56000 r-xp 00000000 08:01 7345790                    /usr/lib/x86_64-linux-gnu/libXrandr.so.2.2.0
7f22acc56000-7f22ace55000 ---p 00009000 08:01 7345790                    /usr/lib/x86_64-linux-gnu/libXrandr.so.2.2.0
7f22ace55000-7f22ace56000 r--p 00008000 08:01 7345790                    /usr/lib/x86_64-linux-gnu/libXrandr.so.2.2.0
7f22ace56000-7f22ace57000 rw-p 00009000 08:01 7345790                    /usr/lib/x86_64-linux-gnu/libXrandr.so.2.2.0
7f22ace57000-7f22ace66000 r-xp 00000000 08:01 7345780                    /usr/lib/x86_64-linux-gnu/libXi.so.6.1.0
7f22ace66000-7f22ad065000 ---p 0000f000 08:01 7345780                    /usr/lib/x86_64-linux-gnu/libXi.so.6.1.0
7f22ad065000-7f22ad066000 r--p 0000e000 08:01 7345780                    /usr/lib/x86_64-linux-gnu/libXi.so.6.1.0
7f22ad066000-7f22ad067000 rw-p 0000f000 08:01 7345780                    /usr/lib/x86_64-linux-gnu/libXi.so.6.1.0
7f22ad067000-7f22ad069000 r-xp 00000000 08:01 7345782                    /usr/lib/x86_64-linux-gnu/libXinerama.so.1.0.0
7f22ad069000-7f22ad268000 ---p 00002000 08:01 7345782                    /usr/lib/x86_64-linux-gnu/libXinerama.so.1.0.0
7f22ad268000-7f22ad269000 r--p 00001000 08:01 7345782                    /usr/lib/x86_64-linux-gnu/libXinerama.so.1.0.0
7f22ad269000-7f22ad26a000 rw-p 00002000 08:01 7345782                    /usr/lib/x86_64-linux-gnu/libXinerama.so.1.0.0
7f22ad26a000-7f22ad273000 r-xp 00000000 08:01 7345792                    /usr/lib/x86_64-linux-gnu/libXrender.so.1.3.0
7f22ad273000-7f22ad472000 ---p 00009000 08:01 7345792                    /usr/lib/x86_64-linux-gnu/libXrender.so.1.3.0
7f22ad472000-7f22ad473000 r--p 00008000 08:01 7345792                    /usr/lib/x86_64-linux-gnu/libXrender.so.1.3.0
7f22ad473000-7f22ad474000 rw-p 00009000 08:01 7345792                    /usr/lib/x86_64-linux-gnu/libXrender.so.1.3.0
7f22ad474000-7f22ad479000 r-xp 00000000 08:01 7345774                    /usr/lib/x86_64-linux-gnu/libXfixes.so.3.1.0
7f22ad479000-7f22ad678000 ---p 00005000 08:01 7345774                    /usr/lib/x86_64-linux-gnu/libXfixes.so.3.1.0
7f22ad678000-7f22ad679000 r--p 00004000 08:01 7345774                    /usr/lib/x86_64-linux-gnu/libXfixes.so.3.1.0
7f22ad679000-7f22ad67a000 rw-p 00005000 08:01 7345774                    /usr/lib/x86_64-linux-gnu/libXfixes.so.3.1.0
7f22ad67a000-7f22ad67c000 r-xp 00000000 08:01 7345768                    /usr/lib/x86_64-linux-gnu/libXdamage.so.1.1.0
7f22ad67c000-7f22ad87b000 ---p 00002000 08:01 7345768                    /usr/lib/x86_64-linux-gnu/libXdamage.so.1.1.0
7f22ad87b000-7f22ad87c000 r--p 00001000 08:01 7345768                    /usr/lib/x86_64-linux-gnu/libXdamage.so.1.1.0
7f22ad87c000-7f22ad87d000 rw-p 00002000 08:01 7345768                    /usr/lib/x86_64-linux-gnu/libXdamage.so.1.1.0
7f22ad87d000-7f22ad87f000 r-xp 00000000 08:01 7345764                    /usr/lib/x86_64-linux-gnu/libXcomposite.so.1.0.0
7f22ad87f000-7f22ada7e000 ---p 00002000 08:01 7345764                    /usr/lib/x86_64-linux-gnu/libXcomposite.so.1.0.0
7f22ada7e000-7f22ada7f000 r--p 00001000 08:01 7345764                    /usr/lib/x86_64-linux-gnu/libXcomposite.so.1.0.0
7f22ada7f000-7f22ada80000 rw-p 00002000 08:01 7345764                    /usr/lib/x86_64-linux-gnu/libXcomposite.so.1.0.0
7f22ada80000-7f22ada96000 r-xp 00000000 08:01 2491972                    /lib/x86_64-linux-gnu/libgcc_s.so.1
7f22ada96000-7f22adc95000 ---p 00016000 08:01 2491972                    /lib/x86_64-linux-gnu/libgcc_s.so.1
7f22adc95000-7f22adc96000 rw-p 00015000 08:01 2491972                    /lib/x86_64-linux-gnu/libgcc_s.so.1
7f22adc96000-7f22add82000 r-xp 00000000 08:01 7346722                    /usr/lib/x86_64-linux-gnu/libstdc++.so.6.0.20
7f22add82000-7f22adf82000 ---p 000ec000 08:01 7346722                    /usr/lib/x86_64-linux-gnu/libstdc++.so.6.0.20
7f22adf82000-7f22adf8a000 r--p 000ec000 08:01 7346722                    /usr/lib/x86_64-linux-gnu/libstdc++.so.6.0.20
7f22adf8a000-7f22adf8c000 rw-p 000f4000 08:01 7346722                    /usr/lib/x86_64-linux-gnu/libstdc++.so.6.0.20
7f22adf8c000-7f22adfa1000 rw-p 00000000 00:00 0 
7f22adfa1000-7f22ae068000 r-xp 00000000 08:01 7216243                    /usr/lib/libGL.so.340.96
7f22ae068000-7f22ae097000 rwxp 000c7000 08:01 7216243                    /usr/lib/libGL.so.340.96
7f22ae097000-7f22ae0b3000 r-xp 000f6000 08:01 7216243                    /usr/lib/libGL.so.340.96
7f22ae0b3000-7f22ae2b2000 ---p 00112000 08:01 7216243                    /usr/lib/libGL.so.340.96
7f22ae2b2000-7f22ae2d7000 rw-p 00111000 08:01 7216243                    /usr/lib/libGL.so.340.96
7f22ae2d7000-7f22ae2ed000 rw-p 00000000 00:00 0 
7f22ae2ed000-7f22ae2f2000 r-xp 00000000 08:01 7345808                    /usr/lib/x86_64-linux-gnu/libXxf86vm.so.1.0.0
7f22ae2f2000-7f22ae4f1000 ---p 00005000 08:01 7345808                    /usr/lib/x86_64-linux-gnu/libXxf86vm.so.1.0.0
7f22ae4f1000-7f22ae4f2000 r--p 00004000 08:01 7345808                    /usr/lib/x86_64-linux-gnu/libXxf86vm.so.1.0.0
7f22ae4f2000-7f22ae4f3000 rw-p 00005000 08:01 7345808                    /usr/lib/x86_64-linux-gnu/libXxf86vm.so.1.0.0
7f22ae4f3000-7f22ae62f000 r-xp 00000000 08:01 7345757                    /usr/lib/x86_64-linux-gnu/libX11.so.6.3.0
7f22ae62f000-7f22ae82e000 ---p 0013c000 08:01 7345757                    /usr/lib/x86_64-linux-gnu/libX11.so.6.3.0
7f22ae82e000-7f22ae830000 r--p 0013b000 08:01 7345757                    /usr/lib/x86_64-linux-gnu/libX11.so.6.3.0
7f22ae830000-7f22ae835000 rw-p 0013d000 08:01 7345757                    /usr/lib/x86_64-linux-gnu/libX11.so.6.3.0
7f22ae835000-7f22ae836000 rw-p 00000000 00:00 0 
7f22ae836000-7f22ae83b000 r-xp 00000000 08:01 7345798                    /usr/lib/x86_64-linux-gnu/libXtst.so.6.1.0
7f22ae83b000-7f22aea3a000 ---p 00005000 08:01 7345798                    /usr/lib/x86_64-linux-gnu/libXtst.so.6.1.0
7f22aea3a000-7f22aea3b000 r--p 00004000 08:01 7345798                    /usr/lib/x86_64-linux-gnu/libXtst.so.6.1.0
7f22aea3b000-7f22aea3c000 rw-p 00005000 08:01 7345798                    /usr/lib/x86_64-linux-gnu/libXtst.so.6.1.0
7f22aea3c000-7f22aeb48000 r-xp 00000000 08:01 2491429                    /lib/x86_64-linux-gnu/libglib-2.0.so.0.4200.1
7f22aeb48000-7f22aed48000 ---p 0010c000 08:01 2491429                    /lib/x86_64-linux-gnu/libglib-2.0.so.0.4200.1
7f22aed48000-7f22aed49000 r--p 0010c000 08:01 2491429                    /lib/x86_64-linux-gnu/libglib-2.0.so.0.4200.1
7f22aed49000-7f22aed4a000 rw-p 0010d000 08:01 2491429                    /lib/x86_64-linux-gnu/libglib-2.0.so.0.4200.1
7f22aed4a000-7f22aed4b000 rw-p 00000000 00:00 0 
7f22aed4b000-7f22aed4c000 r-xp 00000000 08:01 7347508                    /usr/lib/x86_64-linux-gnu/libgthread-2.0.so.0.4200.1
7f22aed4c000-7f22aef4b000 ---p 00001000 08:01 7347508                    /usr/lib/x86_64-linux-gnu/libgthread-2.0.so.0.4200.1
7f22aef4b000-7f22aef4c000 r--p 00000000 08:01 7347508                    /usr/lib/x86_64-linux-gnu/libgthread-2.0.so.0.4200.1
7f22aef4c000-7f22aef4d000 rw-p 00001000 08:01 7347508                    /usr/lib/x86_64-linux-gnu/libgthread-2.0.so.0.4200.1
7f22aef4d000-7f22aef50000 r-xp 00000000 08:01 7347500                    /usr/lib/x86_64-linux-gnu/libgmodule-2.0.so.0.4200.1
7f22aef50000-7f22af14f000 ---p 00003000 08:01 7347500                    /usr/lib/x86_64-linux-gnu/libgmodule-2.0.so.0.4200.1
7f22af14f000-7f22af150000 r--p 00002000 08:01 7347500                    /usr/lib/x86_64-linux-gnu/libgmodule-2.0.so.0.4200.1
7f22af150000-7f22af151000 rw-p 00003000 08:01 7347500                    /usr/lib/x86_64-linux-gnu/libgmodule-2.0.so.0.4200.1
7f22af151000-7f22af1a2000 r-xp 00000000 08:01 7347494                    /usr/lib/x86_64-linux-gnu/libgobject-2.0.so.0.4200.1
7f22af1a2000-7f22af3a2000 ---p 00051000 08:01 7347494                    /usr/lib/x86_64-linux-gnu/libgobject-2.0.so.0.4200.1
7f22af3a2000-7f22af3a3000 r--p 00051000 08:01 7347494                    /usr/lib/x86_64-linux-gnu/libgobject-2.0.so.0.4200.1
7f22af3a3000-7f22af3a4000 rw-p 00052000 08:01 7347494                    /usr/lib/x86_64-linux-gnu/libgobject-2.0.so.0.4200.1
7f22af3a4000-7f22af3df000 r-xp 00000000 08:01 7347493                    /usr/lib/x86_64-linux-gnu/libfontconfig.so.1.8.0
7f22af3df000-7f22af5de000 ---p 0003b000 08:01 7347493                    /usr/lib/x86_64-linux-gnu/libfontconfig.so.1.8.0
7f22af5de000-7f22af5e0000 r--p 0003a000 08:01 7347493                    /usr/lib/x86_64-linux-gnu/libfontconfig.so.1.8.0
7f22af5e0000-7f22af5e1000 rw-p 0003c000 08:01 7347493                    /usr/lib/x86_64-linux-gnu/libfontconfig.so.1.8.0
7f22af5e1000-7f22af685000 r-xp 00000000 08:01 7346117                    /usr/lib/x86_64-linux-gnu/libfreetype.so.6.11.1
7f22af685000-7f22af884000 ---p 000a4000 08:01 7346117                    /usr/lib/x86_64-linux-gnu/libfreetype.so.6.11.1
7f22af884000-7f22af88a000 r--p 000a3000 08:01 7346117                    /usr/lib/x86_64-linux-gnu/libfreetype.so.6.11.1
7f22af88a000-7f22af88b000 rw-p 000a9000 08:01 7346117                    /usr/lib/x86_64-linux-gnu/libfreetype.so.6.11.1
7f22af88b000-7f22af8d6000 r-xp 00000000 08:01 7346516                    /usr/lib/x86_64-linux-gnu/libpango-1.0.so.0.3600.8
7f22af8d6000-7f22afad6000 ---p 0004b000 08:01 7346516                    /usr/lib/x86_64-linux-gnu/libpango-1.0.so.0.3600.8
7f22afad6000-7f22afad8000 r--p 0004b000 08:01 7346516                    /usr/lib/x86_64-linux-gnu/libpango-1.0.so.0.3600.8
7f22afad8000-7f22afad9000 rw-p 0004d000 08:01 7346516                    /usr/lib/x86_64-linux-gnu/libpango-1.0.so.0.3600.8
7f22afad9000-7f22afbee000 r-xp 00000000 08:01 7344323                    /usr/lib/x86_64-linux-gnu/libcairo.so.2.11400.0
7f22afbee000-7f22afded000 ---p 00115000 08:01 7344323                    /usr/lib/x86_64-linux-gnu/libcairo.so.2.11400.0
7f22afded000-7f22afdf0000 r--p 00114000 08:01 7344323                    /usr/lib/x86_64-linux-gnu/libcairo.so.2.11400.0
7f22afdf0000-7f22afdf1000 rw-p 00117000 08:01 7344323                    /usr/lib/x86_64-linux-gnu/libcairo.so.2.11400.0
7f22afdf1000-7f22afdf3000 rw-p 00000000 00:00 0 
7f22afdf3000-7f22afdff000 r-xp 00000000 08:01 7346518                    /usr/lib/x86_64-linux-gnu/libpangocairo-1.0.so.0.3600.8
7f22afdff000-7f22afffe000 ---p 0000c000 08:01 7346518                    /usr/lib/x86_64-linux-gnu/libpangocairo-1.0.so.0.3600.8
7f22afffe000-7f22affff000 r--p 0000b000 08:01 7346518                    /usr/lib/x86_64-linux-gnu/libpangocairo-1.0.so.0.3600.8
7f22affff000-7f22b0000000 rw-p 0000c000 08:01 7346518                    /usr/lib/x86_64-linux-gnu/libpangocairo-1.0.so.0.3600.8
7f22b0000000-7f22b0021000 rw-p 00000000 00:00 0 
7f22b0021000-7f22b4000000 ---p 00000000 00:00 0 
7f22b4000000-7f22b4297000 rw-p 00000000 00:00 0 
7f22b4297000-7f22b8000000 ---p 00000000 00:00 0 
7f22b8000000-7f22b8021000 rw-p 00000000 00:00 0 
7f22b8021000-7f22bc000000 ---p 00000000 00:00 0 
7f22bc000000-7f22bc021000 rw-p 00000000 00:00 0 
7f22bc021000-7f22c0000000 ---p 00000000 00:00 0 
7f22c0000000-7f22c0bf1000 rw-p 00000000 00:00 0 
7f22c0bf1000-7f22c4000000 ---p 00000000 00:00 0 
7f22c4000000-7f22c4535000 rw-p 00000000 00:00 0 
7f22c4535000-7f22c8000000 ---p 00000000 00:00 0 
7f22c8000000-7f22c8021000 rw-p 00000000 00:00 0 
7f22c8021000-7f22cc000000 ---p 00000000 00:00 0 
7f22cc000000-7f22cccc1000 rw-p 00000000 00:00 0 
7f22cccc1000-7f22d0000000 ---p 00000000 00:00 0 
7f22d0000000-7f22d0021000 rw-p 00000000 00:00 0 
7f22d0021000-7f22d4000000 ---p 00000000 00:00 0 
7f22d4000000-7f22d4021000 rw-p 00000000 00:00 0 
7f22d4021000-7f22d8000000 ---p 00000000 00:00 0 
7f22d8000000-7f22d8021000 rw-p 00000000 00:00 0 
7f22d8021000-7f22dc000000 ---p 00000000 00:00 0 
7f22dc000000-7f22dc021000 rw-p 00000000 00:00 0 
7f22dc021000-7f22e0000000 ---p 00000000 00:00 0 
7f22e0001000-7f22e0005000 r--s 0009a000 08:01 1708735                    /usr/lib/jvm/java-8-oracle/jre/lib/jsse.jar
7f22e0005000-7f22e0010000 r--s 00000000 08:01 6422584                    /var/cache/fontconfig/945677eb7aeaf62f1d50efc3fb3ec7d8-le64.cache-4
7f22e0010000-7f22e0017000 r--s 00000000 08:01 6432375                    /var/cache/fontconfig/3047814df9a2f067bd2d96a2b9c36e5a-le64.cache-4
7f22e0017000-7f22e001a000 r--s 00000000 08:01 6432370                    /var/cache/fontconfig/e49e89034d371f0f9de17aab02136486-le64.cache-4
7f22e001a000-7f22e001c000 r--s 00000000 08:01 6432369                    /var/cache/fontconfig/4b14b093aebc79c320de5e86ae1d3314-le64.cache-4
7f22e001c000-7f22e002f000 r--s 00000000 08:01 6432360                    /var/cache/fontconfig/d52a8644073d54c13679302ca1180695-le64.cache-4
7f22e002f000-7f22e0039000 r--s 00000000 08:01 6432357                    /var/cache/fontconfig/3f7329c5293ffd510edef78f73874cfd-le64.cache-4
7f22e0039000-7f22e0046000 r--s 00000000 08:01 6422593                    /var/cache/fontconfig/e13b20fdb08344e0e664864cc2ede53d-le64.cache-4
7f22e0046000-7f22e00c6000 rw-s 50c14000 00:05 14499                      /dev/nvidiactl
7f22e00c6000-7f22e0146000 rw-s 0b419000 00:05 14499                      /dev/nvidiactl
7f22e0146000-7f22e01fa000 rw-s 13ab8f000 00:05 14499                     /dev/nvidiactl
7f22e01fa000-7f22e021b000 r-xp 00000000 08:01 7347770                    /usr/lib/x86_64-linux-gnu/libgdk_pixbuf-2.0.so.0.3100.1
7f22e021b000-7f22e041a000 ---p 00021000 08:01 7347770                    /usr/lib/x86_64-linux-gnu/libgdk_pixbuf-2.0.so.0.3100.1
7f22e041a000-7f22e041b000 r--p 00020000 08:01 7347770                    /usr/lib/x86_64-linux-gnu/libgdk_pixbuf-2.0.so.0.3100.1
7f22e041b000-7f22e041c000 rw-p 00021000 08:01 7347770                    /usr/lib/x86_64-linux-gnu/libgdk_pixbuf-2.0.so.0.3100.1
7f22e041c000-7f22e0430000 r-xp 00000000 08:01 7346520                    /usr/lib/x86_64-linux-gnu/libpangoft2-1.0.so.0.3600.8
7f22e0430000-7f22e0630000 ---p 00014000 08:01 7346520                    /usr/lib/x86_64-linux-gnu/libpangoft2-1.0.so.0.3600.8
7f22e0630000-7f22e0631000 r--p 00014000 08:01 7346520                    /usr/lib/x86_64-linux-gnu/libpangoft2-1.0.so.0.3600.8
7f22e0631000-7f22e0632000 rw-p 00015000 08:01 7346520                    /usr/lib/x86_64-linux-gnu/libpangoft2-1.0.so.0.3600.8
7f22e0632000-7f22e07a4000 r-xp 00000000 08:01 7347516                    /usr/lib/x86_64-linux-gnu/libgio-2.0.so.0.4200.1
7f22e07a4000-7f22e09a4000 ---p 00172000 08:01 7347516                    /usr/lib/x86_64-linux-gnu/libgio-2.0.so.0.4200.1
7f22e09a4000-7f22e09a8000 r--p 00172000 08:01 7347516                    /usr/lib/x86_64-linux-gnu/libgio-2.0.so.0.4200.1
7f22e09a8000-7f22e09aa000 rw-p 00176000 08:01 7347516                    /usr/lib/x86_64-linux-gnu/libgio-2.0.so.0.4200.1
7f22e09aa000-7f22e09ac000 rw-p 00000000 00:00 0 
7f22e09ac000-7f22e09cf000 r-xp 00000000 08:01 7345848                    /usr/lib/x86_64-linux-gnu/libatk-1.0.so.0.21409.1
7f22e09cf000-7f22e0bce000 ---p 00023000 08:01 7345848                    /usr/lib/x86_64-linux-gnu/libatk-1.0.so.0.21409.1
7f22e0bce000-7f22e0bd2000 r--p 00022000 08:01 7345848                    /usr/lib/x86_64-linux-gnu/libatk-1.0.so.0.21409.1
7f22e0bd2000-7f22e0bd3000 rw-p 00026000 08:01 7345848                    /usr/lib/x86_64-linux-gnu/libatk-1.0.so.0.21409.1
7f22e0bd3000-7f22e0c83000 r-xp 00000000 08:01 7346185                    /usr/lib/x86_64-linux-gnu/libgdk-x11-2.0.so.0.2400.25
7f22e0c83000-7f22e0e83000 ---p 000b0000 08:01 7346185                    /usr/lib/x86_64-linux-gnu/libgdk-x11-2.0.so.0.2400.25
7f22e0e83000-7f22e0e87000 r--p 000b0000 08:01 7346185                    /usr/lib/x86_64-linux-gnu/libgdk-x11-2.0.so.0.2400.25
7f22e0e87000-7f22e0e89000 rw-p 000b4000 08:01 7346185                    /usr/lib/x86_64-linux-gnu/libgdk-x11-2.0.so.0.2400.25
7f22e0e89000-7f22e12c9000 r-xp 00000000 08:01 7346258                    /usr/lib/x86_64-linux-gnu/libgtk-x11-2.0.so.0.2400.25
7f22e12c9000-7f22e14c9000 ---p 00440000 08:01 7346258                    /usr/lib/x86_64-linux-gnu/libgtk-x11-2.0.so.0.2400.25
7f22e14c9000-7f22e14d0000 r--p 00440000 08:01 7346258                    /usr/lib/x86_64-linux-gnu/libgtk-x11-2.0.so.0.2400.25
7f22e14d0000-7f22e14d4000 rw-p 00447000 08:01 7346258                    /usr/lib/x86_64-linux-gnu/libgtk-x11-2.0.so.0.2400.25
7f22e14d4000-7f22e14d7000 rw-p 00000000 00:00 0 
7f22e14d7000-7f22e14e3000 r-xp 00000000 08:01 1708848                    /usr/lib/jvm/java-8-oracle/jre/lib/amd64/libprism_es2.so
7f22e14e3000-7f22e16e2000 ---p 0000c000 08:01 1708848                    /usr/lib/jvm/java-8-oracle/jre/lib/amd64/libprism_es2.so
7f22e16e2000-7f22e16e3000 rw-p 0000b000 08:01 1708848                    /usr/lib/jvm/java-8-oracle/jre/lib/amd64/libprism_es2.so
7f22e16e3000-7f22e16e6000 ---p 00000000 00:00 0 
7f22e16e6000-7f22e17e4000 rw-p 00000000 00:00 0                          [stack:12603]
7f22e17e4000-7f22e17e7000 ---p 00000000 00:00 0 
7f22e17e7000-7f22e1be6000 rw-p 00000000 00:00 0                          [stack:12602]
7f22e1be6000-7f22e1bfc000 r-xp 00000000 08:01 1708836                    /usr/lib/jvm/java-8-oracle/jre/lib/amd64/libnet.so
7f22e1bfc000-7f22e1dfc000 ---p 00016000 08:01 1708836                    /usr/lib/jvm/java-8-oracle/jre/lib/amd64/libnet.so
7f22e1dfc000-7f22e1dfd000 rw-p 00016000 08:01 1708836                    /usr/lib/jvm/java-8-oracle/jre/lib/amd64/libnet.so
7f22e1dfd000-7f22e1e00000 ---p 00000000 00:00 0 
7f22e1e00000-7f22e1efe000 rw-p 00000000 00:00 0                          [stack:12601]
7f22e1efe000-7f22e1eff000 r-xp 00000000 08:01 3151368                    /home/kristoffer/idea-IU-163.11103.6/bin/libbreakgen64.so
7f22e1eff000-7f22e20fe000 ---p 00001000 08:01 3151368                    /home/kristoffer/idea-IU-163.11103.6/bin/libbreakgen64.so
7f22e20fe000-7f22e20ff000 r--p 00000000 08:01 3151368                    /home/kristoffer/idea-IU-163.11103.6/bin/libbreakgen64.so
7f22e20ff000-7f22e2100000 rw-p 00001000 08:01 3151368                    /home/kristoffer/idea-IU-163.11103.6/bin/libbreakgen64.so
7f22e2100000-7f22e4000000 rw-p 00000000 00:00 0 
7f22e4000000-7f22e4021000 rw-p 00000000 00:00 0 
7f22e4021000-7f22e8000000 ---p 00000000 00:00 0 
7f22e8000000-7f22e8021000 rw-p 00000000 00:00 0 
7f22e8021000-7f22ec000000 ---p 00000000 00:00 0 
7f22ec000000-7f22ec021000 rw-p 00000000 00:00 0 
7f22ec021000-7f22f0000000 ---p 00000000 00:00 0 
7f22f0000000-7f22f0001000 r--s 00000000 08:01 6432413                    /var/cache/fontconfig/4794a0821666d79190d59a36cb4f44b5-le64.cache-4
7f22f0001000-7f22f000c000 r--s 00000000 08:01 6422581                    /var/cache/fontconfig/d589a48862398ed80a3d6066f4f56f4c-le64.cache-4
7f22f000c000-7f22f000e000 rw-p 00000000 00:00 0 
7f22f000e000-7f22f0010000 rw-s 00000000 08:01 1181683                    /tmp/.glVIsFub (deleted)
7f22f0010000-7f22f0050000 rw-s c0018000 00:05 14311                      /dev/nvidia1
7f22f0050000-7f22f0057000 rw-s bb3f3000 00:05 14499                      /dev/nvidiactl
7f22f0057000-7f22f005b000 rw-s 5c078000 00:05 14499                      /dev/nvidiactl
7f22f005b000-7f22f00f0000 r--s 01109000 08:01 1708906                    /usr/lib/jvm/java-8-oracle/jre/lib/ext/jfxrt.jar
7f22f00f0000-7f22f016a000 r--s 010f6000 08:01 7355178                    /usr/lib/jvm/java-8-oracle/lib/tools.jar
7f22f016a000-7f22f016b000 ---p 00000000 00:00 0 
7f22f016b000-7f22f026b000 rw-p 00000000 00:00 0                          [stack:12594]
7f22f026b000-7f22f026e000 ---p 00000000 00:00 0 
7f22f026e000-7f22f036c000 rw-p 00000000 00:00 0                          [stack:12593]
7f22f036c000-7f22f036f000 ---p 00000000 00:00 0 
7f22f036f000-7f22f046d000 rw-p 00000000 00:00 0                          [stack:12592]
7f22f046d000-7f22f0470000 ---p 00000000 00:00 0 
7f22f0470000-7f22f056e000 rw-p 00000000 00:00 0                          [stack:12591]
7f22f056e000-7f22f0571000 ---p 00000000 00:00 0 
7f22f0571000-7f22f066f000 rw-p 00000000 00:00 0                          [stack:12590]
7f22f066f000-7f22f0672000 ---p 00000000 00:00 0 
7f22f0672000-7f22f0770000 rw-p 00000000 00:00 0                          [stack:12589]
7f22f0770000-7f22f08f9000 r--p 00000000 08:01 7210273                    /usr/lib/locale/locale-archive
7f22f08f9000-7f22f08fc000 ---p 00000000 00:00 0 
7f22f08fc000-7f22f09fa000 rw-p 00000000 00:00 0                          [stack:12585]
7f22f09fa000-7f22f09fd000 ---p 00000000 00:00 0 
7f22f09fd000-7f22f0afb000 rw-p 00000000 00:00 0                          [stack:12584]
7f22f0afb000-7f22f0afc000 ---p 00000000 00:00 0 
7f22f0afc000-7f22f1000000 rw-p 00000000 00:00 0                          [stack:12583]
7f22f1000000-7f22f1880000 rwxp 00000000 00:00 0 
7f22f1880000-7f2300000000 ---p 00000000 00:00 0 
7f2300000000-7f230021b000 rw-p 00000000 00:00 0 
7f230021b000-7f2304000000 ---p 00000000 00:00 0 
7f2304000000-7f2304001000 rw-s c0015000 00:05 14311                      /dev/nvidia1
7f2304001000-7f2304002000 rw-s b8b88000 00:05 14499                      /dev/nvidiactl
7f2304002000-7f2304003000 rw-s ecc06000 00:05 14500                      /dev/nvidia0
7f2304003000-7f2304004000 rw-s e8c06000 00:05 14311                      /dev/nvidia1
7f2304024000-7f2304025000 rw-s ec642000 00:05 14500                      /dev/nvidia0
7f2304025000-7f2304026000 rw-s e8642000 00:05 14311                      /dev/nvidia1
7f2304026000-7f2304027000 rw-s 13a39c000 00:05 14499                     /dev/nvidiactl
7f2304027000-7f2304028000 rw-s ec641000 00:05 14500                      /dev/nvidia0
7f2304028000-7f2304029000 rw-s e8641000 00:05 14311                      /dev/nvidia1
7f2304029000-7f230402a000 rw-s 13a39b000 00:05 14499                     /dev/nvidiactl
7f230402a000-7f230402b000 rw-s 7e1f5000 00:05 14499                      /dev/nvidiactl
7f230402b000-7f230402c000 rw-s b99ec000 00:05 14499                      /dev/nvidiactl
7f230402c000-7f230402d000 rw-s ec060000 00:05 14500                      /dev/nvidia0
7f230402d000-7f230402e000 rw-s e8060000 00:05 14311                      /dev/nvidia1
7f230402e000-7f2304030000 r--s 00019000 08:01 3151279                    /home/kristoffer/idea-IU-163.11103.6/lib/idea_rt.jar
7f2304030000-7f230405f000 r--s 00220000 08:01 7355180                    /usr/lib/jvm/java-8-oracle/lib/sa-jdi.jar
7f230405f000-7f2304065000 r--s 0005e000 08:01 7355182                    /usr/lib/jvm/java-8-oracle/lib/jconsole.jar
7f2304065000-7f230406b000 r--s 00022000 08:01 7355181                    /usr/lib/jvm/java-8-oracle/lib/dt.jar
7f230406b000-7f2304c1b000 rw-p 00000000 00:00 0 
7f2304c1b000-7f2304df4000 r--s 03d3e000 08:01 1708783                    /usr/lib/jvm/java-8-oracle/jre/lib/rt.jar
7f2304df4000-7f230585a000 rw-p 00000000 00:00 0 
7f230585a000-7f230585b000 ---p 00000000 00:00 0 
7f230585b000-7f230595b000 rw-p 00000000 00:00 0                          [stack:12577]
7f230595b000-7f230595c000 ---p 00000000 00:00 0 
7f230595c000-7f2305a5c000 rw-p 00000000 00:00 0                          [stack:12576]
7f2305a5c000-7f2305a5d000 ---p 00000000 00:00 0 
7f2305a5d000-7f2305b5d000 rw-p 00000000 00:00 0                          [stack:12575]
7f2305b5d000-7f2305b5e000 ---p 00000000 00:00 0 
7f2305b5e000-7f2305c73000 rw-p 00000000 00:00 0                          [stack:12574]
7f2305c73000-7f2305da9000 ---p 00000000 00:00 0 
7f2305da9000-7f2305dbe000 rw-p 00000000 00:00 0 
7f2305dbe000-7f2305ef3000 ---p 00000000 00:00 0 
7f2305ef3000-7f2305f1d000 rw-p 00000000 00:00 0 
7f2305f1d000-7f2305f99000 ---p 00000000 00:00 0 
7f2305f99000-7f2305fbc000 rw-p 00000000 00:00 0 
7f2305fbc000-7f230635a000 ---p 00000000 00:00 0 
7f230635a000-7f2306374000 r-xp 00000000 08:01 1708859                    /usr/lib/jvm/java-8-oracle/jre/lib/amd64/libzip.so
7f2306374000-7f2306574000 ---p 0001a000 08:01 1708859                    /usr/lib/jvm/java-8-oracle/jre/lib/amd64/libzip.so
7f2306574000-7f2306575000 rw-p 0001a000 08:01 1708859                    /usr/lib/jvm/java-8-oracle/jre/lib/amd64/libzip.so
7f2306575000-7f2306580000 r-xp 00000000 08:01 2491457                    /lib/x86_64-linux-gnu/libnss_files-2.19.so
7f2306580000-7f230677f000 ---p 0000b000 08:01 2491457                    /lib/x86_64-linux-gnu/libnss_files-2.19.so
7f230677f000-7f2306780000 r--p 0000a000 08:01 2491457                    /lib/x86_64-linux-gnu/libnss_files-2.19.so
7f2306780000-7f2306781000 rw-p 0000b000 08:01 2491457                    /lib/x86_64-linux-gnu/libnss_files-2.19.so
7f2306781000-7f230678b000 r-xp 00000000 08:01 2491459                    /lib/x86_64-linux-gnu/libnss_nis-2.19.so
7f230678b000-7f230698a000 ---p 0000a000 08:01 2491459                    /lib/x86_64-linux-gnu/libnss_nis-2.19.so
7f230698a000-7f230698b000 r--p 00009000 08:01 2491459                    /lib/x86_64-linux-gnu/libnss_nis-2.19.so
7f230698b000-7f230698c000 rw-p 0000a000 08:01 2491459                    /lib/x86_64-linux-gnu/libnss_nis-2.19.so
7f230698c000-7f23069a1000 r-xp 00000000 08:01 2491454                    /lib/x86_64-linux-gnu/libnsl-2.19.so
7f23069a1000-7f2306ba0000 ---p 00015000 08:01 2491454                    /lib/x86_64-linux-gnu/libnsl-2.19.so
7f2306ba0000-7f2306ba1000 r--p 00014000 08:01 2491454                    /lib/x86_64-linux-gnu/libnsl-2.19.so
7f2306ba1000-7f2306ba2000 rw-p 00015000 08:01 2491454                    /lib/x86_64-linux-gnu/libnsl-2.19.so
7f2306ba2000-7f2306ba4000 rw-p 00000000 00:00 0 
7f2306ba4000-7f2306bab000 r-xp 00000000 08:01 2491455                    /lib/x86_64-linux-gnu/libnss_compat-2.19.so
7f2306bab000-7f2306daa000 ---p 00007000 08:01 2491455                    /lib/x86_64-linux-gnu/libnss_compat-2.19.so
7f2306daa000-7f2306dab000 r--p 00006000 08:01 2491455                    /lib/x86_64-linux-gnu/libnss_compat-2.19.so
7f2306dab000-7f2306dac000 rw-p 00007000 08:01 2491455                    /lib/x86_64-linux-gnu/libnss_compat-2.19.so
7f2306dac000-7f2306dd7000 r-xp 00000000 08:01 1708886                    /usr/lib/jvm/java-8-oracle/jre/lib/amd64/libjava.so
7f2306dd7000-7f2306fd6000 ---p 0002b000 08:01 1708886                    /usr/lib/jvm/java-8-oracle/jre/lib/amd64/libjava.so
7f2306fd6000-7f2306fd8000 rw-p 0002a000 08:01 1708886                    /usr/lib/jvm/java-8-oracle/jre/lib/amd64/libjava.so
7f2306fd8000-7f2306fe5000 r-xp 00000000 08:01 1708837                    /usr/lib/jvm/java-8-oracle/jre/lib/amd64/libverify.so
7f2306fe5000-7f23071e4000 ---p 0000d000 08:01 1708837                    /usr/lib/jvm/java-8-oracle/jre/lib/amd64/libverify.so
7f23071e4000-7f23071e6000 rw-p 0000c000 08:01 1708837                    /usr/lib/jvm/java-8-oracle/jre/lib/amd64/libverify.so
7f23071e6000-7f23071ed000 r-xp 00000000 08:01 2491467                    /lib/x86_64-linux-gnu/librt-2.19.so
7f23071ed000-7f23073ec000 ---p 00007000 08:01 2491467                    /lib/x86_64-linux-gnu/librt-2.19.so
7f23073ec000-7f23073ed000 r--p 00006000 08:01 2491467                    /lib/x86_64-linux-gnu/librt-2.19.so
7f23073ed000-7f23073ee000 rw-p 00007000 08:01 2491467                    /lib/x86_64-linux-gnu/librt-2.19.so
7f23073ee000-7f23074ee000 r-xp 00000000 08:01 2491452                    /lib/x86_64-linux-gnu/libm-2.19.so
7f23074ee000-7f23076ed000 ---p 00100000 08:01 2491452                    /lib/x86_64-linux-gnu/libm-2.19.so
7f23076ed000-7f23076ee000 r--p 000ff000 08:01 2491452                    /lib/x86_64-linux-gnu/libm-2.19.so
7f23076ee000-7f23076ef000 rw-p 00100000 08:01 2491452                    /lib/x86_64-linux-gnu/libm-2.19.so
7f23076ef000-7f23083bd000 r-xp 00000000 08:01 1708890                    /usr/lib/jvm/java-8-oracle/jre/lib/amd64/server/libjvm.so
7f23083bd000-7f23085bd000 ---p 00cce000 08:01 1708890                    /usr/lib/jvm/java-8-oracle/jre/lib/amd64/server/libjvm.so
7f23085bd000-7f2308696000 rw-p 00cce000 08:01 1708890                    /usr/lib/jvm/java-8-oracle/jre/lib/amd64/server/libjvm.so
7f2308696000-7f23086e1000 rw-p 00000000 00:00 0 
7f23086e1000-7f2308882000 r-xp 00000000 08:01 2491447                    /lib/x86_64-linux-gnu/libc-2.19.so
7f2308882000-7f2308a82000 ---p 001a1000 08:01 2491447                    /lib/x86_64-linux-gnu/libc-2.19.so
7f2308a82000-7f2308a86000 r--p 001a1000 08:01 2491447                    /lib/x86_64-linux-gnu/libc-2.19.so
7f2308a86000-7f2308a88000 rw-p 001a5000 08:01 2491447                    /lib/x86_64-linux-gnu/libc-2.19.so
7f2308a88000-7f2308a8c000 rw-p 00000000 00:00 0 
7f2308a8c000-7f2308a8f000 r-xp 00000000 08:01 2491451                    /lib/x86_64-linux-gnu/libdl-2.19.so
7f2308a8f000-7f2308c8e000 ---p 00003000 08:01 2491451                    /lib/x86_64-linux-gnu/libdl-2.19.so
7f2308c8e000-7f2308c8f000 r--p 00002000 08:01 2491451                    /lib/x86_64-linux-gnu/libdl-2.19.so
7f2308c8f000-7f2308c90000 rw-p 00003000 08:01 2491451                    /lib/x86_64-linux-gnu/libdl-2.19.so
7f2308c90000-7f2308ca5000 r-xp 00000000 08:01 1707887                    /usr/lib/jvm/java-8-oracle/lib/amd64/jli/libjli.so
7f2308ca5000-7f2308ea5000 ---p 00015000 08:01 1707887                    /usr/lib/jvm/java-8-oracle/lib/amd64/jli/libjli.so
7f2308ea5000-7f2308ea6000 rw-p 00015000 08:01 1707887                    /usr/lib/jvm/java-8-oracle/lib/amd64/jli/libjli.so
7f2308ea6000-7f2308ebe000 r-xp 00000000 08:01 2491440                    /lib/x86_64-linux-gnu/libpthread-2.19.so
7f2308ebe000-7f23090bd000 ---p 00018000 08:01 2491440                    /lib/x86_64-linux-gnu/libpthread-2.19.so
7f23090bd000-7f23090be000 r--p 00017000 08:01 2491440                    /lib/x86_64-linux-gnu/libpthread-2.19.so
7f23090be000-7f23090bf000 rw-p 00018000 08:01 2491440                    /lib/x86_64-linux-gnu/libpthread-2.19.so
7f23090bf000-7f23090c3000 rw-p 00000000 00:00 0 
7f23090c3000-7f23090e3000 r-xp 00000000 08:01 2491443                    /lib/x86_64-linux-gnu/ld-2.19.so
7f23090e3000-7f23091b5000 rw-p 00000000 00:00 0 
7f23091b5000-7f23091b8000 ---p 00000000 00:00 0 
7f23091b8000-7f23092ba000 rw-p 00000000 00:00 0                          [stack:12573]
7f23092ba000-7f23092bc000 r--s 00000000 08:01 7354658                    /usr/lib/jvm/java-8-oracle/lib/packager.jar
7f23092bc000-7f23092bd000 r--s 00008000 08:01 7354657                    /usr/lib/jvm/java-8-oracle/lib/javafx-mx.jar
7f23092bd000-7f23092c3000 r--s 00126000 08:01 7355179                    /usr/lib/jvm/java-8-oracle/lib/ant-javafx.jar
7f23092c3000-7f23092d7000 rw-p 00000000 00:00 0 
7f23092d7000-7f23092df000 rw-s 00000000 08:01 1711181                    /tmp/hsperfdata_kristoffer/12571
7f23092df000-7f23092e0000 rw-p 00000000 00:00 0 
7f23092e0000-7f23092e1000 r--p 00000000 00:00 0 
7f23092e1000-7f23092e3000 rw-p 00000000 00:00 0 
7f23092e3000-7f23092e4000 r--p 00020000 08:01 2491443                    /lib/x86_64-linux-gnu/ld-2.19.so
7f23092e4000-7f23092e5000 rw-p 00021000 08:01 2491443                    /lib/x86_64-linux-gnu/ld-2.19.so
7f23092e5000-7f23092e6000 rw-p 00000000 00:00 0 
7ffccf55f000-7ffccf580000 rw-p 00000000 00:00 0                          [stack]
7ffccf5cb000-7ffccf5cd000 r-xp 00000000 00:00 0                          [vdso]
7ffccf5cd000-7ffccf5cf000 r--p 00000000 00:00 0                          [vvar]
ffffffffff600000-ffffffffff601000 r-xp 00000000 00:00 0                  [vsyscall]

VM Arguments:
jvm_args: -Didea.launcher.port=7532 -Didea.launcher.bin.path=/home/kristoffer/idea-IU-163.11103.6/bin -Dfile.encoding=UTF-8 
java_command: com.intellij.rt.execution.application.AppMain main.Main
java_class_path (initial): /usr/lib/jvm/java-8-oracle/lib/ant-javafx.jar:/usr/lib/jvm/java-8-oracle/lib/dt.jar:/usr/lib/jvm/java-8-oracle/lib/javafx-mx.jar:/usr/lib/jvm/java-8-oracle/lib/jconsole.jar:/usr/lib/jvm/java-8-oracle/lib/packager.jar:/usr/lib/jvm/java-8-oracle/lib/sa-jdi.jar:/usr/lib/jvm/java-8-oracle/lib/tools.jar:/home/kristoffer/IdeaProjects/Anthill/out/production/Anthill:/home/kristoffer/idea-IU-163.11103.6/lib/idea_rt.jar
Launcher Type: SUN_STANDARD

Environment Variables:
JAVA_HOME=/usr/lib/jvm/java-8-oracle
PATH=/usr/local/bin:/usr/bin:/bin:/usr/local/games:/usr/games:/usr/lib/jvm/java-8-oracle/bin:/usr/lib/jvm/java-8-oracle/db/bin:/usr/lib/jvm/java-8-oracle/jre/bin
LD_LIBRARY_PATH=/usr/lib/x86_64-linux-gnu/
SHELL=/bin/bash
DISPLAY=:0

Signal Handlers:
SIGSEGV: [libjvm.so+0xac78c0], sa_mask[0]=11111111011111111101111111111110, sa_flags=SA_RESTART|SA_SIGINFO
SIGBUS: [libjvm.so+0xac78c0], sa_mask[0]=11111111011111111101111111111110, sa_flags=SA_RESTART|SA_SIGINFO
SIGFPE: [libjvm.so+0x920ac0], sa_mask[0]=11111111011111111101111111111110, sa_flags=SA_RESTART|SA_SIGINFO
SIGPIPE: SIG_IGN, sa_mask[0]=00000000000010000000000000000000, sa_flags=SA_RESTART
SIGXFSZ: [libjvm.so+0x920ac0], sa_mask[0]=11111111011111111101111111111110, sa_flags=SA_RESTART|SA_SIGINFO
SIGILL: [libjvm.so+0x920ac0], sa_mask[0]=11111111011111111101111111111110, sa_flags=SA_RESTART|SA_SIGINFO
SIGUSR1: SIG_DFL, sa_mask[0]=00000000000000000000000000000000, sa_flags=none
SIGUSR2: [libjvm.so+0x922300], sa_mask[0]=00100000000000000000000000000000, sa_flags=SA_RESTART|SA_SIGINFO
SIGHUP: [libjvm.so+0x923700], sa_mask[0]=11111111011111111101111111111110, sa_flags=SA_RESTART|SA_SIGINFO
SIGINT: [libjvm.so+0x923700], sa_mask[0]=11111111011111111101111111111110, sa_flags=SA_RESTART|SA_SIGINFO
SIGTERM: [libjvm.so+0x923700], sa_mask[0]=11111111011111111101111111111110, sa_flags=SA_RESTART|SA_SIGINFO
SIGQUIT: [libjvm.so+0x923700], sa_mask[0]=11111111011111111101111111111110, sa_flags=SA_RESTART|SA_SIGINFO


---------------  S Y S T E M  ---------------

OS:PRETTY_NAME="Debian GNU/Linux 8 (jessie)"
NAME="Debian GNU/Linux"
VERSION_ID="8"
VERSION="8 (jessie)"
ID=debian
HOME_URL="http://www.debian.org/"
SUPPORT_URL="http://www.debian.org/support"
BUG_REPORT_URL="https://bugs.debian.org/"

uname:Linux 3.16.0-4-amd64 #1 SMP Debian 3.16.36-1+deb8u2 (2016-10-19) x86_64
libc:glibc 2.19 NPTL 2.19 
rlimit: STACK 8192k, CORE 0k, NPROC 15763, NOFILE 65536, AS infinity
load average:1.49 1.30 1.05

/proc/meminfo:
MemTotal:        4059720 kB
MemFree:          268816 kB
MemAvailable:     887516 kB
Buffers:           14920 kB
Cached:           776972 kB
SwapCached:        10828 kB
Active:          2571808 kB
Inactive:         921436 kB
Active(anon):    1982208 kB
Inactive(anon):   769952 kB
Active(file):     589600 kB
Inactive(file):   151484 kB
Unevictable:           0 kB
Mlocked:               0 kB
SwapTotal:       5105660 kB
SwapFree:        4759752 kB
Dirty:              6684 kB
Writeback:             0 kB
AnonPages:       2691788 kB
Mapped:           349372 kB
Shmem:             50800 kB
Slab:             135068 kB
SReclaimable:      93100 kB
SUnreclaim:        41968 kB
KernelStack:       10832 kB
PageTables:        52328 kB
NFS_Unstable:          0 kB
Bounce:                0 kB
WritebackTmp:          0 kB
CommitLimit:     7135520 kB
Committed_AS:   14100152 kB
VmallocTotal:   34359738367 kB
VmallocUsed:      116348 kB
VmallocChunk:   34359618044 kB
HardwareCorrupted:     0 kB
AnonHugePages:         0 kB
HugePages_Total:       0
HugePages_Free:        0
HugePages_Rsvd:        0
HugePages_Surp:        0
Hugepagesize:       2048 kB
DirectMap4k:      371648 kB
DirectMap2M:     3821568 kB


CPU:total 4 (4 cores per cpu, 1 threads per core) family 6 model 23 stepping 7, cmov, cx8, fxsr, mmx, sse, sse2, sse3, ssse3, sse4.1, tsc

/proc/cpuinfo:
processor	: 0
vendor_id	: GenuineIntel
cpu family	: 6
model		: 23
model name	: Intel(R) Core(TM)2 Quad  CPU   Q9450  @ 2.66GHz
stepping	: 7
microcode	: 0x705
cpu MHz		: 2666.817
cache size	: 6144 KB
physical id	: 0
siblings	: 4
core id		: 0
cpu cores	: 4
apicid		: 0
initial apicid	: 0
fpu		: yes
fpu_exception	: yes
cpuid level	: 10
wp		: yes
flags		: fpu vme de pse tsc msr pae mce cx8 apic sep mtrr pge mca cmov pat pse36 clflush dts acpi mmx fxsr sse sse2 ss ht tm pbe syscall nx lm constant_tsc arch_perfmon pebs bts rep_good nopl aperfmperf pni dtes64 monitor ds_cpl vmx smx est tm2 ssse3 cx16 xtpr pdcm sse4_1 lahf_lm dtherm tpr_shadow vnmi flexpriority
bogomips	: 5333.63
clflush size	: 64
cache_alignment	: 64
address sizes	: 36 bits physical, 48 bits virtual
power management:

processor	: 1
vendor_id	: GenuineIntel
cpu family	: 6
model		: 23
model name	: Intel(R) Core(TM)2 Quad  CPU   Q9450  @ 2.66GHz
stepping	: 7
microcode	: 0x705
cpu MHz		: 2666.817
cache size	: 6144 KB
physical id	: 0
siblings	: 4
core id		: 3
cpu cores	: 4
apicid		: 3
initial apicid	: 3
fpu		: yes
fpu_exception	: yes
cpuid level	: 10
wp		: yes
flags		: fpu vme de pse tsc msr pae mce cx8 apic sep mtrr pge mca cmov pat pse36 clflush dts acpi mmx fxsr sse sse2 ss ht tm pbe syscall nx lm constant_tsc arch_perfmon pebs bts rep_good nopl aperfmperf pni dtes64 monitor ds_cpl vmx smx est tm2 ssse3 cx16 xtpr pdcm sse4_1 lahf_lm dtherm tpr_shadow vnmi flexpriority
bogomips	: 5333.63
clflush size	: 64
cache_alignment	: 64
address sizes	: 36 bits physical, 48 bits virtual
power management:

processor	: 2
vendor_id	: GenuineIntel
cpu family	: 6
model		: 23
model name	: Intel(R) Core(TM)2 Quad  CPU   Q9450  @ 2.66GHz
stepping	: 7
microcode	: 0x705
cpu MHz		: 2666.817
cache size	: 6144 KB
physical id	: 0
siblings	: 4
core id		: 1
cpu cores	: 4
apicid		: 1
initial apicid	: 1
fpu		: yes
fpu_exception	: yes
cpuid level	: 10
wp		: yes
flags		: fpu vme de pse tsc msr pae mce cx8 apic sep mtrr pge mca cmov pat pse36 clflush dts acpi mmx fxsr sse sse2 ss ht tm pbe syscall nx lm constant_tsc arch_perfmon pebs bts rep_good nopl aperfmperf pni dtes64 monitor ds_cpl vmx smx est tm2 ssse3 cx16 xtpr pdcm sse4_1 lahf_lm dtherm tpr_shadow vnmi flexpriority
bogomips	: 5333.63
clflush size	: 64
cache_alignment	: 64
address sizes	: 36 bits physical, 48 bits virtual
power management:

processor	: 3
vendor_id	: GenuineIntel
cpu family	: 6
model		: 23
model name	: Intel(R) Core(TM)2 Quad  CPU   Q9450  @ 2.66GHz
stepping	: 7
microcode	: 0x705
cpu MHz		: 2666.817
cache size	: 6144 KB
physical id	: 0
siblings	: 4
core id		: 2
cpu cores	: 4
apicid		: 2
initial apicid	: 2
fpu		: yes
fpu_exception	: yes
cpuid level	: 10
wp		: yes
flags		: fpu vme de pse tsc msr pae mce cx8 apic sep mtrr pge mca cmov pat pse36 clflush dts acpi mmx fxsr sse sse2 ss ht tm pbe syscall nx lm constant_tsc arch_perfmon pebs bts rep_good nopl aperfmperf pni dtes64 monitor ds_cpl vmx smx est tm2 ssse3 cx16 xtpr pdcm sse4_1 lahf_lm dtherm tpr_shadow vnmi flexpriority
bogomips	: 5333.63
clflush size	: 64
cache_alignment	: 64
address sizes	: 36 bits physical, 48 bits virtual
power management:



Memory: 4k page, physical 4059720k(268320k free), swap 5105660k(4759752k free)

vm_info: Java HotSpot(TM) 64-Bit Server VM (25.121-b13) for linux-amd64 JRE (1.8.0_121-b13), built on Dec 12 2016 16:36:53 by "java_re" with gcc 4.3.0 20080428 (Red Hat 4.3.0-8)

time: Sun Jan 29 13:53:34 2017
elapsed time: 9 seconds (0d 0h 0m 9s)

