#
# A fatal error has been detected by the Java Runtime Environment:
#
#  SIGSEGV (0xb) at pc=0x00007f7aba005060, pid=18064, tid=0x00007f7aa9dfe700
#
# JRE version: Java(TM) SE Runtime Environment (8.0_121-b13) (build 1.8.0_121-b13)
# Java VM: Java HotSpot(TM) 64-Bit Server VM (25.121-b13 mixed mode linux-amd64 compressed oops)
# Problematic frame:
# C  0x00007f7aba005060
#
# Failed to write core dump. Core dumps have been disabled. To enable core dumping, try "ulimit -c unlimited" before starting Java again
#
# If you would like to submit a bug report, please visit:
#   http://bugreport.java.com/bugreport/crash.jsp
#

---------------  T H R E A D  ---------------

Current thread (0x00007f7ab40a2000):  JavaThread "JavaFX Application Thread" [_thread_in_Java, id=18100, stack(0x00007f7aa9cfe000,0x00007f7aa9dff000)]

siginfo: si_signo: 11 (SIGSEGV), si_code: 2 (SEGV_ACCERR), si_addr: 0x00007f7aba005060

Registers:
RAX=0x00007f7af8b2f468, RBX=0x00007f7af8b2f468, RCX=0x00000000ec2c4188, RDX=0x0000000000000000
RSP=0x00007f7aa9dfbec8, RBP=0x00007f7aa9dfbf20, RSI=0x00000000ec2c4188, RDI=0x00000000000029cf
R8 =0x00000000ebfef3c0, R9 =0x0000000000000005, R10=0x00007f7b0f310860, R11=0x00007f7af9212420
R12=0x0000000000000000, R13=0x00007f7aa9dfbed8, R14=0x00007f7aa9dfbf50, R15=0x00007f7ab40a2000
RIP=0x00007f7aba005060, EFLAGS=0x0000000000010202, CSGSFS=0x0000000000000033, ERR=0x0000000000000014
  TRAPNO=0x000000000000000e

Top of Stack: (sp=0x00007f7aa9dfbec8)
0x00007f7aa9dfbec8:   00007f7af9007e54 00007f7af9007e54
0x00007f7aa9dfbed8:   00000000ec2c4188 00007f7aa9dfbee0
0x00007f7aa9dfbee8:   00007f7af8ec7b9c 00007f7aa9dfbf50
0x00007f7aa9dfbef8:   00007f7af8ec7f08 0000000000000000
0x00007f7aa9dfbf08:   00007f7af8ec7bf8 00007f7aa9dfbed8
0x00007f7aa9dfbf18:   00007f7aa9dfbf48 00007f7aa9dfbf98
0x00007f7aa9dfbf28:   00007f7af9007d80 00000000ec1589e0
0x00007f7aa9dfbf38:   00000000ec2c4188 00000000ec2c4170
0x00007f7aa9dfbf48:   00000000ebfed7a0 00000000ebf964d0
0x00007f7aa9dfbf58:   00007f7aa9dfbf58 00007f7af8ec9f4f
0x00007f7aa9dfbf68:   00007f7aa9dfbfe8 00007f7af8eca220
0x00007f7aa9dfbf78:   0000000000000000 00007f7af8eca080
0x00007f7aa9dfbf88:   00007f7aa9dfbf48 00007f7aa9dfbfe0
0x00007f7aa9dfbf98:   00007f7aa9dfc030 00007f7af9007d80
0x00007f7aa9dfbfa8:   00000000ebfef3c0 00000000ec2c4118
0x00007f7aa9dfbfb8:   00000000ebfed7a0 00000000ec2bdba0
0x00007f7aa9dfbfc8:   00000000ebff3e90 00000000ebff64d0
0x00007f7aa9dfbfd8:   00000000ec2bd9a8 00000000ebf49738
0x00007f7aa9dfbfe8:   00000000ebf5c548 00007f7aa9dfbff0
0x00007f7aa9dfbff8:   00007f7af8eca14a 00007f7aa9dfc050
0x00007f7aa9dfc008:   00007f7af8eca220 0000000000000000
0x00007f7aa9dfc018:   00007f7af8eca1b0 00007f7aa9dfbfe0
0x00007f7aa9dfc028:   00007f7aa9dfc048 00007f7aa9dfc098
0x00007f7aa9dfc038:   00007f7af90077d0 0000000000000000
0x00007f7aa9dfc048:   00000000ebf49738 00000000ebf5c548
0x00007f7aa9dfc058:   00007f7aa9dfc058 00007f7af8c0a95c
0x00007f7aa9dfc068:   00007f7aa9dfc0d0 00007f7af8c0ab40
0x00007f7aa9dfc078:   0000000000000000 00007f7af8c0a9c0
0x00007f7aa9dfc088:   00007f7aa9dfc048 00007f7aa9dfc0c0
0x00007f7aa9dfc098:   00007f7aa9dfc118 00007f7af90077d0
0x00007f7aa9dfc0a8:   00000000ebf49720 00000000ec2bd688
0x00007f7aa9dfc0b8:   0000000000000001 00000000ebee4bc8 

Instructions: (pc=0x00007f7aba005060)
0x00007f7aba005040:   
[error occurred during error reporting (printing registers, top of stack, instructions near pc), id 0xb]

Register to memory mapping:

RAX={method} {0x00007f7af8b2f468} 'next' '()Ljava/lang/Object;' in 'java/util/ArrayList$Itr'
RBX={method} {0x00007f7af8b2f468} 'next' '()Ljava/lang/Object;' in 'java/util/ArrayList$Itr'
RCX=0x00000000ec2c4188 is an oop
java.util.ArrayList$Itr 
 - klass: 'java/util/ArrayList$Itr'
RDX=0x0000000000000000 is an unknown value
RSP=0x00007f7aa9dfbec8 is pointing into the stack for thread: 0x00007f7ab40a2000
RBP=0x00007f7aa9dfbf20 is pointing into the stack for thread: 0x00007f7ab40a2000
RSI=0x00000000ec2c4188 is an oop
java.util.ArrayList$Itr 
 - klass: 'java/util/ArrayList$Itr'
RDI=0x00000000000029cf is an unknown value
R8 =0x00000000ebfef3c0 is an oop
main.Graph.Node 
 - klass: 'main/Graph/Node'
R9 =0x0000000000000005 is an unknown value
R10=0x00007f7b0f310860: <offset 0xfc7860> in /usr/lib/jvm/java-8-oracle/jre/lib/amd64/server/libjvm.so at 0x00007f7b0e349000
R11=0x00007f7af9212420 is at entry_point+32 in (nmethod*)0x00007f7af9212250
R12=0x0000000000000000 is an unknown value
R13=0x00007f7aa9dfbed8 is pointing into the stack for thread: 0x00007f7ab40a2000
R14=0x00007f7aa9dfbf50 is pointing into the stack for thread: 0x00007f7ab40a2000
R15=0x00007f7ab40a2000 is a thread


Stack: [0x00007f7aa9cfe000,0x00007f7aa9dff000],  sp=0x00007f7aa9dfbec8,  free space=1015k
Native frames: (J=compiled Java code, j=interpreted, Vv=VM code, C=native code)
C  0x00007f7aba005060
j  main.Graph.Pathfinding.search(Lmain/Mapping/Position;Lmain/Mapping/Position;)Ljava/util/List;+79
j  main.Graph.Pathfinding.isThereAPath(Lmain/Mapping/Position;Lmain/Mapping/Position;)Z+2
j  main.Mapping.Map.checkMap(Lmain/Collections/FoodSupplyCol;Lmain/Anthill/Anthill;)Z+76
j  main.Anthill.Colony.initialize(Ljava/lang/String;)V+178
j  main.Anthill.Colony.<init>()V+7
j  main.View.ColonyDisplay.start(Ljavafx/stage/Stage;)V+10
j  com.sun.javafx.application.LauncherImpl.lambda$launchApplication1$162(Ljava/util/concurrent/atomic/AtomicBoolean;Ljavafx/application/Application;)V+20
j  com.sun.javafx.application.LauncherImpl$$Lambda$59.run()V+8
j  com.sun.javafx.application.PlatformImpl.lambda$runAndWait$175(Ljava/lang/Runnable;Ljava/util/concurrent/CountDownLatch;)V+1
j  com.sun.javafx.application.PlatformImpl$$Lambda$52.run()V+8
j  com.sun.javafx.application.PlatformImpl.lambda$null$173(Ljava/lang/Runnable;)Ljava/lang/Void;+1
j  com.sun.javafx.application.PlatformImpl$$Lambda$55.run()Ljava/lang/Object;+4
v  ~StubRoutines::call_stub
V  [libjvm.so+0x690dd6]  JavaCalls::call_helper(JavaValue*, methodHandle*, JavaCallArguments*, Thread*)+0x1056
V  [libjvm.so+0x72a09c]  JVM_DoPrivileged+0x27c
j  java.security.AccessController.doPrivileged(Ljava/security/PrivilegedAction;Ljava/security/AccessControlContext;)Ljava/lang/Object;+0
j  com.sun.javafx.application.PlatformImpl.lambda$runLater$174(Ljava/lang/Runnable;Ljava/security/AccessControlContext;)V+7
j  com.sun.javafx.application.PlatformImpl$$Lambda$53.run()V+8
j  com.sun.glass.ui.InvokeLaterDispatcher$Future.run()V+4
v  ~StubRoutines::call_stub
V  [libjvm.so+0x690dd6]  JavaCalls::call_helper(JavaValue*, methodHandle*, JavaCallArguments*, Thread*)+0x1056
V  [libjvm.so+0x6d2ccb]  jni_invoke_nonstatic(JNIEnv_*, JavaValue*, _jobject*, JNICallType, _jmethodID*, JNI_ArgumentPusher*, Thread*)+0x40b
V  [libjvm.so+0x6d709f]  jni_CallVoidMethodV+0x10f
C  [libglass.so+0x13e51]  JNIEnv_::CallVoidMethod(_jobject*, _jmethodID*, ...)+0x81
C  [libglass.so+0x2049b]  call_runnable(void*)+0x2b
C  [libgdk-x11-2.0.so.0+0x1dd97]


---------------  P R O C E S S  ---------------

Java Threads: ( => current thread )
=>0x00007f7ab40a2000 JavaThread "JavaFX Application Thread" [_thread_in_Java, id=18100, stack(0x00007f7aa9cfe000,0x00007f7aa9dff000)]
  0x00007f7ab409e000 JavaThread "Thread-2" daemon [_thread_blocked, id=18099, stack(0x00007f7aa9dff000,0x00007f7aa9f00000)]
  0x00007f7ab404c800 JavaThread "QuantumRenderer-0" daemon [_thread_blocked, id=18098, stack(0x00007f7ae83b4000,0x00007f7ae84b5000)]
  0x00007f7b081f6800 JavaThread "JavaFX-Launcher" [_thread_blocked, id=18096, stack(0x00007f7ae84b5000,0x00007f7ae85b6000)]
  0x00007f7b0813c800 JavaThread "Monitor Ctrl-Break" daemon [_thread_in_native, id=18093, stack(0x00007f7ae8b63000,0x00007f7ae8c64000)]
  0x00007f7b080c0800 JavaThread "Service Thread" daemon [_thread_blocked, id=18091, stack(0x00007f7ae8f67000,0x00007f7ae9068000)]
  0x00007f7b080bd800 JavaThread "C1 CompilerThread2" daemon [_thread_blocked, id=18086, stack(0x00007f7ae9068000,0x00007f7ae9169000)]
  0x00007f7b080bb800 JavaThread "C2 CompilerThread1" daemon [_thread_blocked, id=18083, stack(0x00007f7ae9169000,0x00007f7ae926a000)]
  0x00007f7b080b8800 JavaThread "C2 CompilerThread0" daemon [_thread_blocked, id=18082, stack(0x00007f7ae926a000,0x00007f7ae936b000)]
  0x00007f7b080b7000 JavaThread "Signal Dispatcher" daemon [_thread_blocked, id=18081, stack(0x00007f7ae936b000,0x00007f7ae946c000)]
  0x00007f7b08084000 JavaThread "Finalizer" daemon [_thread_blocked, id=18079, stack(0x00007f7ae95f5000,0x00007f7ae96f6000)]
  0x00007f7b0807f800 JavaThread "Reference Handler" daemon [_thread_blocked, id=18077, stack(0x00007f7ae96f6000,0x00007f7ae97f7000)]
  0x00007f7b0800a000 JavaThread "main" [_thread_blocked, id=18066, stack(0x00007f7b0fe0f000,0x00007f7b0ff10000)]

Other Threads:
  0x00007f7b08077800 VMThread [stack: 0x00007f7ae97f7000,0x00007f7ae98f8000] [id=18075]
  0x00007f7b080c3000 WatcherThread [stack: 0x00007f7ae8e66000,0x00007f7ae8f67000] [id=18092]

VM state:not at safepoint (normal execution)

VM Mutex/Monitor currently owned by a thread: None

Heap:
 PSYoungGen      total 18432K, used 13802K [0x00000000eb580000, 0x00000000eca00000, 0x0000000100000000)
  eden space 15872K, 86% used [0x00000000eb580000,0x00000000ec2faa60,0x00000000ec500000)
  from space 2560K, 0% used [0x00000000ec780000,0x00000000ec780000,0x00000000eca00000)
  to   space 2560K, 0% used [0x00000000ec500000,0x00000000ec500000,0x00000000ec780000)
 ParOldGen       total 42496K, used 0K [0x00000000c2000000, 0x00000000c4980000, 0x00000000eb580000)
  object space 42496K, 0% used [0x00000000c2000000,0x00000000c2000000,0x00000000c4980000)
 Metaspace       used 7711K, capacity 8056K, committed 8320K, reserved 1056768K
  class space    used 958K, capacity 1068K, committed 1152K, reserved 1048576K

Card table byte_map: [0x00007f7b0ca03000,0x00007f7b0cbf4000] byte_map_base: 0x00007f7b0c3f3000

Marking Bits: (ParMarkBitMap*) 0x00007f7b0f30dc80
 Begin Bits: [0x00007f7aea100000, 0x00007f7aeb080000)
 End Bits:   [0x00007f7aeb080000, 0x00007f7aec000000)

Polling page: 0x00007f7b0ff3a000

CodeCache: size=245760Kb used=2136Kb max_used=2147Kb free=243623Kb
 bounds [0x00007f7af9000000, 0x00007f7af9270000, 0x00007f7b08000000]
 total_blobs=940 nmethods=527 adapters=329
 compilation: enabled

Compilation events (10 events):
Event: 0.845 Thread 0x00007f7b080b8800  523       4       java.util.ArrayList$Itr::next (66 bytes)
Event: 0.846 Thread 0x00007f7b080bb800 nmethod 522 0x00007f7af9217f10 code [0x00007f7af9218060, 0x00007f7af92180f8]
Event: 0.846 Thread 0x00007f7b080bb800  524       4       main.Mapping.Position::equals (28 bytes)
Event: 0.846 Thread 0x00007f7b080bd800  525       3       java.util.ArrayList$Itr::hasNext (20 bytes)
Event: 0.846 Thread 0x00007f7b080bd800 nmethod 525 0x00007f7af9217b10 code [0x00007f7af9217c80, 0x00007f7af9217e50]
Event: 0.846 Thread 0x00007f7b080bd800  526       1       main.Graph.Edge::getNext (5 bytes)
Event: 0.846 Thread 0x00007f7b080bd800 nmethod 526 0x00007f7af9217850 code [0x00007f7af92179a0, 0x00007f7af9217ab0]
Event: 0.846 Thread 0x00007f7b080bd800  527       3       java.util.HashMap::containsKey (18 bytes)
Event: 0.846 Thread 0x00007f7b080bd800 nmethod 527 0x00007f7af9217190 code [0x00007f7af9217320, 0x00007f7af9217718]
Event: 0.847 Thread 0x00007f7b080b8800 nmethod 523 0x00007f7af9215890 code [0x00007f7af92159e0, 0x00007f7af9215b18]

GC Heap History (0 events):
No events

Deoptimization events (2 events):
Event: 0.713 Thread 0x00007f7ab40a2000 Uncommon trap: reason=unstable_if action=reinterpret pc=0x00007f7af9193e34 method=java.lang.String.replace(CC)Ljava/lang/String; @ 2
Event: 0.846 Thread 0x00007f7ab40a2000 Uncommon trap: reason=unstable_if action=reinterpret pc=0x00007f7af92180bc method=java.util.ArrayList$Itr.hasNext()Z @ 11

Internal exceptions (9 events):
Event: 0.031 Thread 0x00007f7b0800a000 Exception <a 'java/lang/NoSuchMethodError': Method sun.misc.Unsafe.defineClass(Ljava/lang/String;[BII)Ljava/lang/Class; name or signature does not match> (0x00000000eb587ca8) thrown at [/HUDSON3/workspace/8-2-build-linux-amd64/jdk8u121/8372/hotspot/src/sh
Event: 0.031 Thread 0x00007f7b0800a000 Exception <a 'java/lang/NoSuchMethodError': Method sun.misc.Unsafe.prefetchRead(Ljava/lang/Object;J)V name or signature does not match> (0x00000000eb587f90) thrown at [/HUDSON3/workspace/8-2-build-linux-amd64/jdk8u121/8372/hotspot/src/share/vm/prims/jni.c
Event: 0.205 Thread 0x00007f7b0800a000 Exception <a 'java/lang/NoSuchFieldError': method resolution failed> (0x00000000eb7ad308) thrown at [/HUDSON3/workspace/8-2-build-linux-amd64/jdk8u121/8372/hotspot/src/share/vm/prims/methodHandles.cpp, line 1146]
Event: 0.207 Thread 0x00007f7b0800a000 Exception <a 'java/lang/NoSuchFieldError': method resolution failed> (0x00000000eb7ba688) thrown at [/HUDSON3/workspace/8-2-build-linux-amd64/jdk8u121/8372/hotspot/src/share/vm/prims/methodHandles.cpp, line 1146]
Event: 0.281 Thread 0x00007f7b081f6800 Exception <a 'java/security/PrivilegedActionException'> (0x00000000eb863808) thrown at [/HUDSON3/workspace/8-2-build-linux-amd64/jdk8u121/8372/hotspot/src/share/vm/prims/jvm.cpp, line 1390]
Event: 0.281 Thread 0x00007f7b081f6800 Exception <a 'java/security/PrivilegedActionException'> (0x00000000eb863a18) thrown at [/HUDSON3/workspace/8-2-build-linux-amd64/jdk8u121/8372/hotspot/src/share/vm/prims/jvm.cpp, line 1390]
Event: 0.281 Thread 0x00007f7b081f6800 Exception <a 'java/security/PrivilegedActionException'> (0x00000000eb865e80) thrown at [/HUDSON3/workspace/8-2-build-linux-amd64/jdk8u121/8372/hotspot/src/share/vm/prims/jvm.cpp, line 1390]
Event: 0.281 Thread 0x00007f7b081f6800 Exception <a 'java/security/PrivilegedActionException'> (0x00000000eb866090) thrown at [/HUDSON3/workspace/8-2-build-linux-amd64/jdk8u121/8372/hotspot/src/share/vm/prims/jvm.cpp, line 1390]
Event: 0.281 Thread 0x00007f7b081f6800 Exception <a 'java/lang/NullPointerException'> (0x00000000eb866668) thrown at [/HUDSON3/workspace/8-2-build-linux-amd64/jdk8u121/8372/hotspot/src/share/vm/interpreter/linkResolver.cpp, line 1178]

Events (10 events):
Event: 0.810 loading class main/Graph/Graph done
Event: 0.810 loading class main/Graph/Node
Event: 0.810 loading class main/Graph/Node done
Event: 0.814 loading class main/Graph/Edge
Event: 0.814 loading class main/Graph/Edge done
Event: 0.841 loading class main/Graph/Dijkstra
Event: 0.841 loading class main/Graph/Dijkstra done
Event: 0.846 Thread 0x00007f7ab40a2000 Uncommon trap: trap_request=0xffffff65 fr.pc=0x00007f7af92180bc
Event: 0.846 Thread 0x00007f7ab40a2000 DEOPT PACKING pc=0x00007f7af92180bc sp=0x00007f7aa9dfbea0
Event: 0.846 Thread 0x00007f7ab40a2000 DEOPT UNPACKING pc=0x00007f7af9004f69 sp=0x00007f7aa9dfbe60 mode 2


Dynamic libraries:
00400000-00401000 r-xp 00000000 08:01 1708709                            /usr/lib/jvm/java-8-oracle/bin/java
00600000-00601000 rw-p 00000000 08:01 1708709                            /usr/lib/jvm/java-8-oracle/bin/java
01cc3000-01ce4000 rw-p 00000000 00:00 0                                  [heap]
403bb000-403bd000 r-xs 00000000 08:01 1181829                            /tmp/.glackayp (deleted)
40b0f000-40bab000 rw-p 00000000 00:00 0 
c2000000-c4980000 rw-p 00000000 00:00 0 
c4980000-eb580000 ---p 00000000 00:00 0 
eb580000-eca00000 rw-p 00000000 00:00 0 
eca00000-100000000 ---p 00000000 00:00 0 
100000000-100120000 rw-p 00000000 00:00 0 
100120000-140000000 ---p 00000000 00:00 0 
7f7a9c000000-7f7a9c322000 rw-p 00000000 00:00 0 
7f7a9c322000-7f7aa0000000 ---p 00000000 00:00 0 
7f7aa4000000-7f7aa4021000 rw-p 00000000 00:00 0 
7f7aa4021000-7f7aa8000000 ---p 00000000 00:00 0 
7f7aa9cfe000-7f7aa9d01000 ---p 00000000 00:00 0 
7f7aa9d01000-7f7aa9dff000 rw-p 00000000 00:00 0                          [stack:18100]
7f7aa9dff000-7f7aa9e02000 ---p 00000000 00:00 0 
7f7aa9e02000-7f7aa9f00000 rw-p 00000000 00:00 0                          [stack:18099]
7f7aa9f00000-7f7aa9f29000 r-xp 00000000 08:01 1708881                    /usr/lib/jvm/java-8-oracle/jre/lib/amd64/libglass.so
7f7aa9f29000-7f7aaa128000 ---p 00029000 08:01 1708881                    /usr/lib/jvm/java-8-oracle/jre/lib/amd64/libglass.so
7f7aaa128000-7f7aaa12b000 rw-p 00028000 08:01 1708881                    /usr/lib/jvm/java-8-oracle/jre/lib/amd64/libglass.so
7f7aaa12b000-7f7aaa1ab000 rw-s 05718000 00:05 13711                      /dev/nvidiactl
7f7aaa1ab000-7f7aaa2ab000 rw-s b5e7f000 00:05 13711                      /dev/nvidiactl
7f7aaa2ab000-7f7aaa2b1000 r-xp 00000000 08:01 7345962                    /usr/lib/x86_64-linux-gnu/libdatrie.so.1.3.1
7f7aaa2b1000-7f7aaa4b1000 ---p 00006000 08:01 7345962                    /usr/lib/x86_64-linux-gnu/libdatrie.so.1.3.1
7f7aaa4b1000-7f7aaa4b2000 r--p 00006000 08:01 7345962                    /usr/lib/x86_64-linux-gnu/libdatrie.so.1.3.1
7f7aaa4b2000-7f7aaa4b3000 rw-p 00007000 08:01 7345962                    /usr/lib/x86_64-linux-gnu/libdatrie.so.1.3.1
7f7aaa4b3000-7f7aaa4b8000 r-xp 00000000 08:01 7345770                    /usr/lib/x86_64-linux-gnu/libXdmcp.so.6.0.0
7f7aaa4b8000-7f7aaa6b7000 ---p 00005000 08:01 7345770                    /usr/lib/x86_64-linux-gnu/libXdmcp.so.6.0.0
7f7aaa6b7000-7f7aaa6b8000 rw-p 00004000 08:01 7345770                    /usr/lib/x86_64-linux-gnu/libXdmcp.so.6.0.0
7f7aaa6b8000-7f7aaa6bb000 r-xp 00000000 08:01 7345759                    /usr/lib/x86_64-linux-gnu/libXau.so.6.0.0
7f7aaa6bb000-7f7aaa8ba000 ---p 00003000 08:01 7345759                    /usr/lib/x86_64-linux-gnu/libXau.so.6.0.0
7f7aaa8ba000-7f7aaa8bb000 r--p 00002000 08:01 7345759                    /usr/lib/x86_64-linux-gnu/libXau.so.6.0.0
7f7aaa8bb000-7f7aaa8bc000 rw-p 00003000 08:01 7345759                    /usr/lib/x86_64-linux-gnu/libXau.so.6.0.0
7f7aaa8bc000-7f7aaa8e0000 r-xp 00000000 08:01 7345896                    /usr/lib/x86_64-linux-gnu/libgraphite2.so.3.0.1
7f7aaa8e0000-7f7aaaadf000 ---p 00024000 08:01 7345896                    /usr/lib/x86_64-linux-gnu/libgraphite2.so.3.0.1
7f7aaaadf000-7f7aaaae1000 r--p 00023000 08:01 7345896                    /usr/lib/x86_64-linux-gnu/libgraphite2.so.3.0.1
7f7aaaae1000-7f7aaaae2000 rw-p 00025000 08:01 7345896                    /usr/lib/x86_64-linux-gnu/libgraphite2.so.3.0.1
7f7aaaae2000-7f7aac4a4000 r-xp 00000000 08:01 7216242                    /usr/lib/libnvidia-glcore.so.340.96
7f7aac4a4000-7f7aac4c2000 rwxp 019c2000 08:01 7216242                    /usr/lib/libnvidia-glcore.so.340.96
7f7aac4c2000-7f7aac940000 r-xp 019e0000 08:01 7216242                    /usr/lib/libnvidia-glcore.so.340.96
7f7aac940000-7f7aacb3f000 ---p 01e5e000 08:01 7216242                    /usr/lib/libnvidia-glcore.so.340.96
7f7aacb3f000-7f7aad6d9000 rw-p 01e5d000 08:01 7216242                    /usr/lib/libnvidia-glcore.so.340.96
7f7aad6d9000-7f7aad6f6000 rw-p 00000000 00:00 0 
7f7aad6f6000-7f7aad6f9000 r-xp 00000000 08:01 7216246                    /usr/lib/tls/libnvidia-tls.so.340.96
7f7aad6f9000-7f7aad8f8000 ---p 00003000 08:01 7216246                    /usr/lib/tls/libnvidia-tls.so.340.96
7f7aad8f8000-7f7aad8f9000 rw-p 00002000 08:01 7216246                    /usr/lib/tls/libnvidia-tls.so.340.96
7f7aad8f9000-7f7aad965000 r-xp 00000000 08:01 2491427                    /lib/x86_64-linux-gnu/libpcre.so.3.13.1
7f7aad965000-7f7aadb65000 ---p 0006c000 08:01 2491427                    /lib/x86_64-linux-gnu/libpcre.so.3.13.1
7f7aadb65000-7f7aadb66000 r--p 0006c000 08:01 2491427                    /lib/x86_64-linux-gnu/libpcre.so.3.13.1
7f7aadb66000-7f7aadb67000 rw-p 0006d000 08:01 2491427                    /lib/x86_64-linux-gnu/libpcre.so.3.13.1
7f7aadb67000-7f7aadb6e000 r-xp 00000000 08:01 7346053                    /usr/lib/x86_64-linux-gnu/libffi.so.6.0.2
7f7aadb6e000-7f7aadd6d000 ---p 00007000 08:01 7346053                    /usr/lib/x86_64-linux-gnu/libffi.so.6.0.2
7f7aadd6d000-7f7aadd6e000 r--p 00006000 08:01 7346053                    /usr/lib/x86_64-linux-gnu/libffi.so.6.0.2
7f7aadd6e000-7f7aadd6f000 rw-p 00007000 08:01 7346053                    /usr/lib/x86_64-linux-gnu/libffi.so.6.0.2
7f7aadd6f000-7f7aadd95000 r-xp 00000000 08:01 2490808                    /lib/x86_64-linux-gnu/libexpat.so.1.6.0
7f7aadd95000-7f7aadf94000 ---p 00026000 08:01 2490808                    /lib/x86_64-linux-gnu/libexpat.so.1.6.0
7f7aadf94000-7f7aadf97000 r--p 00025000 08:01 2490808                    /lib/x86_64-linux-gnu/libexpat.so.1.6.0
7f7aadf97000-7f7aadf98000 rw-p 00028000 08:01 2490808                    /lib/x86_64-linux-gnu/libexpat.so.1.6.0
7f7aadf98000-7f7aadfa0000 r-xp 00000000 08:01 7346744                    /usr/lib/x86_64-linux-gnu/libthai.so.0.2.0
7f7aadfa0000-7f7aae19f000 ---p 00008000 08:01 7346744                    /usr/lib/x86_64-linux-gnu/libthai.so.0.2.0
7f7aae19f000-7f7aae1a0000 r--p 00007000 08:01 7346744                    /usr/lib/x86_64-linux-gnu/libthai.so.0.2.0
7f7aae1a0000-7f7aae1a1000 rw-p 00008000 08:01 7346744                    /usr/lib/x86_64-linux-gnu/libthai.so.0.2.0
7f7aae1a1000-7f7aae1c2000 r-xp 00000000 08:01 7346920                    /usr/lib/x86_64-linux-gnu/libxcb.so.1.1.0
7f7aae1c2000-7f7aae3c1000 ---p 00021000 08:01 7346920                    /usr/lib/x86_64-linux-gnu/libxcb.so.1.1.0
7f7aae3c1000-7f7aae3c2000 r--p 00020000 08:01 7346920                    /usr/lib/x86_64-linux-gnu/libxcb.so.1.1.0
7f7aae3c2000-7f7aae3c3000 rw-p 00021000 08:01 7346920                    /usr/lib/x86_64-linux-gnu/libxcb.so.1.1.0
7f7aae3c3000-7f7aae3cc000 r-xp 00000000 08:01 7346904                    /usr/lib/x86_64-linux-gnu/libxcb-render.so.0.0.0
7f7aae3cc000-7f7aae5cb000 ---p 00009000 08:01 7346904                    /usr/lib/x86_64-linux-gnu/libxcb-render.so.0.0.0
7f7aae5cb000-7f7aae5cc000 r--p 00008000 08:01 7346904                    /usr/lib/x86_64-linux-gnu/libxcb-render.so.0.0.0
7f7aae5cc000-7f7aae5cd000 rw-p 00009000 08:01 7346904                    /usr/lib/x86_64-linux-gnu/libxcb-render.so.0.0.0
7f7aae5cd000-7f7aae5cf000 r-xp 00000000 08:01 7346908                    /usr/lib/x86_64-linux-gnu/libxcb-shm.so.0.0.0
7f7aae5cf000-7f7aae7cf000 ---p 00002000 08:01 7346908                    /usr/lib/x86_64-linux-gnu/libxcb-shm.so.0.0.0
7f7aae7cf000-7f7aae7d0000 r--p 00002000 08:01 7346908                    /usr/lib/x86_64-linux-gnu/libxcb-shm.so.0.0.0
7f7aae7d0000-7f7aae7d1000 rw-p 00003000 08:01 7346908                    /usr/lib/x86_64-linux-gnu/libxcb-shm.so.0.0.0
7f7aae7d1000-7f7aae876000 r-xp 00000000 08:01 7346543                    /usr/lib/x86_64-linux-gnu/libpixman-1.so.0.32.6
7f7aae876000-7f7aaea75000 ---p 000a5000 08:01 7346543                    /usr/lib/x86_64-linux-gnu/libpixman-1.so.0.32.6
7f7aaea75000-7f7aaea7d000 r--p 000a4000 08:01 7346543                    /usr/lib/x86_64-linux-gnu/libpixman-1.so.0.32.6
7f7aaea7d000-7f7aaea7e000 rw-p 000ac000 08:01 7346543                    /usr/lib/x86_64-linux-gnu/libpixman-1.so.0.32.6
7f7aaea7e000-7f7aaeaa4000 r-xp 00000000 08:01 2492063                    /lib/x86_64-linux-gnu/libpng12.so.0.50.0
7f7aaeaa4000-7f7aaeca3000 ---p 00026000 08:01 2492063                    /lib/x86_64-linux-gnu/libpng12.so.0.50.0
7f7aaeca3000-7f7aaeca4000 r--p 00025000 08:01 2492063                    /lib/x86_64-linux-gnu/libpng12.so.0.50.0
7f7aaeca4000-7f7aaeca5000 rw-p 00026000 08:01 2492063                    /lib/x86_64-linux-gnu/libpng12.so.0.50.0
7f7aaeca5000-7f7aaecfa000 r-xp 00000000 08:01 7346275                    /usr/lib/x86_64-linux-gnu/libharfbuzz.so.0.935.0
7f7aaecfa000-7f7aaeef9000 ---p 00055000 08:01 7346275                    /usr/lib/x86_64-linux-gnu/libharfbuzz.so.0.935.0
7f7aaeef9000-7f7aaeefb000 r--p 00054000 08:01 7346275                    /usr/lib/x86_64-linux-gnu/libharfbuzz.so.0.935.0
7f7aaeefb000-7f7aaeefc000 rw-p 00056000 08:01 7346275                    /usr/lib/x86_64-linux-gnu/libharfbuzz.so.0.935.0
7f7aaeefc000-7f7aaef10000 r-xp 00000000 08:01 2491464                    /lib/x86_64-linux-gnu/libresolv-2.19.so
7f7aaef10000-7f7aaf10f000 ---p 00014000 08:01 2491464                    /lib/x86_64-linux-gnu/libresolv-2.19.so
7f7aaf10f000-7f7aaf110000 r--p 00013000 08:01 2491464                    /lib/x86_64-linux-gnu/libresolv-2.19.so
7f7aaf110000-7f7aaf111000 rw-p 00014000 08:01 2491464                    /lib/x86_64-linux-gnu/libresolv-2.19.so
7f7aaf111000-7f7aaf113000 rw-p 00000000 00:00 0 
7f7aaf113000-7f7aaf134000 r-xp 00000000 08:01 2492076                    /lib/x86_64-linux-gnu/libselinux.so.1
7f7aaf134000-7f7aaf334000 ---p 00021000 08:01 2492076                    /lib/x86_64-linux-gnu/libselinux.so.1
7f7aaf334000-7f7aaf335000 r--p 00021000 08:01 2492076                    /lib/x86_64-linux-gnu/libselinux.so.1
7f7aaf335000-7f7aaf336000 rw-p 00022000 08:01 2492076                    /lib/x86_64-linux-gnu/libselinux.so.1
7f7aaf336000-7f7aaf338000 rw-p 00000000 00:00 0 
7f7aaf338000-7f7aaf352000 r-xp 00000000 08:01 2492107                    /lib/x86_64-linux-gnu/libz.so.1.2.8
7f7aaf352000-7f7aaf551000 ---p 0001a000 08:01 2492107                    /lib/x86_64-linux-gnu/libz.so.1.2.8
7f7aaf551000-7f7aaf552000 r--p 00019000 08:01 2492107                    /lib/x86_64-linux-gnu/libz.so.1.2.8
7f7aaf552000-7f7aaf553000 rw-p 0001a000 08:01 2492107                    /lib/x86_64-linux-gnu/libz.so.1.2.8
7f7aaf553000-7f7aaf564000 r-xp 00000000 08:01 7345772                    /usr/lib/x86_64-linux-gnu/libXext.so.6.4.0
7f7aaf564000-7f7aaf763000 ---p 00011000 08:01 7345772                    /usr/lib/x86_64-linux-gnu/libXext.so.6.4.0
7f7aaf763000-7f7aaf764000 r--p 00010000 08:01 7345772                    /usr/lib/x86_64-linux-gnu/libXext.so.6.4.0
7f7aaf764000-7f7aaf765000 rw-p 00011000 08:01 7345772                    /usr/lib/x86_64-linux-gnu/libXext.so.6.4.0
7f7aaf765000-7f7aaf76f000 r-xp 00000000 08:01 7345766                    /usr/lib/x86_64-linux-gnu/libXcursor.so.1.0.2
7f7aaf76f000-7f7aaf96e000 ---p 0000a000 08:01 7345766                    /usr/lib/x86_64-linux-gnu/libXcursor.so.1.0.2
7f7aaf96e000-7f7aaf96f000 r--p 00009000 08:01 7345766                    /usr/lib/x86_64-linux-gnu/libXcursor.so.1.0.2
7f7aaf96f000-7f7aaf970000 rw-p 0000a000 08:01 7345766                    /usr/lib/x86_64-linux-gnu/libXcursor.so.1.0.2
7f7aaf970000-7f7aaf979000 r-xp 00000000 08:01 7345790                    /usr/lib/x86_64-linux-gnu/libXrandr.so.2.2.0
7f7aaf979000-7f7aafb78000 ---p 00009000 08:01 7345790                    /usr/lib/x86_64-linux-gnu/libXrandr.so.2.2.0
7f7aafb78000-7f7aafb79000 r--p 00008000 08:01 7345790                    /usr/lib/x86_64-linux-gnu/libXrandr.so.2.2.0
7f7aafb79000-7f7aafb7a000 rw-p 00009000 08:01 7345790                    /usr/lib/x86_64-linux-gnu/libXrandr.so.2.2.0
7f7aafb7a000-7f7aafb89000 r-xp 00000000 08:01 7345780                    /usr/lib/x86_64-linux-gnu/libXi.so.6.1.0
7f7aafb89000-7f7aafd88000 ---p 0000f000 08:01 7345780                    /usr/lib/x86_64-linux-gnu/libXi.so.6.1.0
7f7aafd88000-7f7aafd89000 r--p 0000e000 08:01 7345780                    /usr/lib/x86_64-linux-gnu/libXi.so.6.1.0
7f7aafd89000-7f7aafd8a000 rw-p 0000f000 08:01 7345780                    /usr/lib/x86_64-linux-gnu/libXi.so.6.1.0
7f7aafd8a000-7f7aafd8c000 r-xp 00000000 08:01 7345782                    /usr/lib/x86_64-linux-gnu/libXinerama.so.1.0.0
7f7aafd8c000-7f7aaff8b000 ---p 00002000 08:01 7345782                    /usr/lib/x86_64-linux-gnu/libXinerama.so.1.0.0
7f7aaff8b000-7f7aaff8c000 r--p 00001000 08:01 7345782                    /usr/lib/x86_64-linux-gnu/libXinerama.so.1.0.0
7f7aaff8c000-7f7aaff8d000 rw-p 00002000 08:01 7345782                    /usr/lib/x86_64-linux-gnu/libXinerama.so.1.0.0
7f7aaff8d000-7f7aaff96000 r-xp 00000000 08:01 7345792                    /usr/lib/x86_64-linux-gnu/libXrender.so.1.3.0
7f7aaff96000-7f7ab0195000 ---p 00009000 08:01 7345792                    /usr/lib/x86_64-linux-gnu/libXrender.so.1.3.0
7f7ab0195000-7f7ab0196000 r--p 00008000 08:01 7345792                    /usr/lib/x86_64-linux-gnu/libXrender.so.1.3.0
7f7ab0196000-7f7ab0197000 rw-p 00009000 08:01 7345792                    /usr/lib/x86_64-linux-gnu/libXrender.so.1.3.0
7f7ab0197000-7f7ab019c000 r-xp 00000000 08:01 7345774                    /usr/lib/x86_64-linux-gnu/libXfixes.so.3.1.0
7f7ab019c000-7f7ab039b000 ---p 00005000 08:01 7345774                    /usr/lib/x86_64-linux-gnu/libXfixes.so.3.1.0
7f7ab039b000-7f7ab039c000 r--p 00004000 08:01 7345774                    /usr/lib/x86_64-linux-gnu/libXfixes.so.3.1.0
7f7ab039c000-7f7ab039d000 rw-p 00005000 08:01 7345774                    /usr/lib/x86_64-linux-gnu/libXfixes.so.3.1.0
7f7ab039d000-7f7ab039f000 r-xp 00000000 08:01 7345768                    /usr/lib/x86_64-linux-gnu/libXdamage.so.1.1.0
7f7ab039f000-7f7ab059e000 ---p 00002000 08:01 7345768                    /usr/lib/x86_64-linux-gnu/libXdamage.so.1.1.0
7f7ab059e000-7f7ab059f000 r--p 00001000 08:01 7345768                    /usr/lib/x86_64-linux-gnu/libXdamage.so.1.1.0
7f7ab059f000-7f7ab05a0000 rw-p 00002000 08:01 7345768                    /usr/lib/x86_64-linux-gnu/libXdamage.so.1.1.0
7f7ab05a0000-7f7ab05a2000 r-xp 00000000 08:01 7345764                    /usr/lib/x86_64-linux-gnu/libXcomposite.so.1.0.0
7f7ab05a2000-7f7ab07a1000 ---p 00002000 08:01 7345764                    /usr/lib/x86_64-linux-gnu/libXcomposite.so.1.0.0
7f7ab07a1000-7f7ab07a2000 r--p 00001000 08:01 7345764                    /usr/lib/x86_64-linux-gnu/libXcomposite.so.1.0.0
7f7ab07a2000-7f7ab07a3000 rw-p 00002000 08:01 7345764                    /usr/lib/x86_64-linux-gnu/libXcomposite.so.1.0.0
7f7ab07a3000-7f7ab07b9000 r-xp 00000000 08:01 2491972                    /lib/x86_64-linux-gnu/libgcc_s.so.1
7f7ab07b9000-7f7ab09b8000 ---p 00016000 08:01 2491972                    /lib/x86_64-linux-gnu/libgcc_s.so.1
7f7ab09b8000-7f7ab09b9000 rw-p 00015000 08:01 2491972                    /lib/x86_64-linux-gnu/libgcc_s.so.1
7f7ab09b9000-7f7ab0aa5000 r-xp 00000000 08:01 7346722                    /usr/lib/x86_64-linux-gnu/libstdc++.so.6.0.20
7f7ab0aa5000-7f7ab0ca5000 ---p 000ec000 08:01 7346722                    /usr/lib/x86_64-linux-gnu/libstdc++.so.6.0.20
7f7ab0ca5000-7f7ab0cad000 r--p 000ec000 08:01 7346722                    /usr/lib/x86_64-linux-gnu/libstdc++.so.6.0.20
7f7ab0cad000-7f7ab0caf000 rw-p 000f4000 08:01 7346722                    /usr/lib/x86_64-linux-gnu/libstdc++.so.6.0.20
7f7ab0caf000-7f7ab0cc4000 rw-p 00000000 00:00 0 
7f7ab0cc4000-7f7ab0d8b000 r-xp 00000000 08:01 7216243                    /usr/lib/libGL.so.340.96
7f7ab0d8b000-7f7ab0dba000 rwxp 000c7000 08:01 7216243                    /usr/lib/libGL.so.340.96
7f7ab0dba000-7f7ab0dd6000 r-xp 000f6000 08:01 7216243                    /usr/lib/libGL.so.340.96
7f7ab0dd6000-7f7ab0fd5000 ---p 00112000 08:01 7216243                    /usr/lib/libGL.so.340.96
7f7ab0fd5000-7f7ab0ffa000 rw-p 00111000 08:01 7216243                    /usr/lib/libGL.so.340.96
7f7ab0ffa000-7f7ab1010000 rw-p 00000000 00:00 0 
7f7ab1010000-7f7ab1015000 r-xp 00000000 08:01 7345808                    /usr/lib/x86_64-linux-gnu/libXxf86vm.so.1.0.0
7f7ab1015000-7f7ab1214000 ---p 00005000 08:01 7345808                    /usr/lib/x86_64-linux-gnu/libXxf86vm.so.1.0.0
7f7ab1214000-7f7ab1215000 r--p 00004000 08:01 7345808                    /usr/lib/x86_64-linux-gnu/libXxf86vm.so.1.0.0
7f7ab1215000-7f7ab1216000 rw-p 00005000 08:01 7345808                    /usr/lib/x86_64-linux-gnu/libXxf86vm.so.1.0.0
7f7ab1216000-7f7ab1352000 r-xp 00000000 08:01 7345757                    /usr/lib/x86_64-linux-gnu/libX11.so.6.3.0
7f7ab1352000-7f7ab1551000 ---p 0013c000 08:01 7345757                    /usr/lib/x86_64-linux-gnu/libX11.so.6.3.0
7f7ab1551000-7f7ab1553000 r--p 0013b000 08:01 7345757                    /usr/lib/x86_64-linux-gnu/libX11.so.6.3.0
7f7ab1553000-7f7ab1558000 rw-p 0013d000 08:01 7345757                    /usr/lib/x86_64-linux-gnu/libX11.so.6.3.0
7f7ab1558000-7f7ab1559000 rw-p 00000000 00:00 0 
7f7ab1559000-7f7ab155e000 r-xp 00000000 08:01 7345798                    /usr/lib/x86_64-linux-gnu/libXtst.so.6.1.0
7f7ab155e000-7f7ab175d000 ---p 00005000 08:01 7345798                    /usr/lib/x86_64-linux-gnu/libXtst.so.6.1.0
7f7ab175d000-7f7ab175e000 r--p 00004000 08:01 7345798                    /usr/lib/x86_64-linux-gnu/libXtst.so.6.1.0
7f7ab175e000-7f7ab175f000 rw-p 00005000 08:01 7345798                    /usr/lib/x86_64-linux-gnu/libXtst.so.6.1.0
7f7ab175f000-7f7ab186b000 r-xp 00000000 08:01 2491429                    /lib/x86_64-linux-gnu/libglib-2.0.so.0.4200.1
7f7ab186b000-7f7ab1a6b000 ---p 0010c000 08:01 2491429                    /lib/x86_64-linux-gnu/libglib-2.0.so.0.4200.1
7f7ab1a6b000-7f7ab1a6c000 r--p 0010c000 08:01 2491429                    /lib/x86_64-linux-gnu/libglib-2.0.so.0.4200.1
7f7ab1a6c000-7f7ab1a6d000 rw-p 0010d000 08:01 2491429                    /lib/x86_64-linux-gnu/libglib-2.0.so.0.4200.1
7f7ab1a6d000-7f7ab1a6e000 rw-p 00000000 00:00 0 
7f7ab1a6e000-7f7ab1a6f000 r-xp 00000000 08:01 7347508                    /usr/lib/x86_64-linux-gnu/libgthread-2.0.so.0.4200.1
7f7ab1a6f000-7f7ab1c6e000 ---p 00001000 08:01 7347508                    /usr/lib/x86_64-linux-gnu/libgthread-2.0.so.0.4200.1
7f7ab1c6e000-7f7ab1c6f000 r--p 00000000 08:01 7347508                    /usr/lib/x86_64-linux-gnu/libgthread-2.0.so.0.4200.1
7f7ab1c6f000-7f7ab1c70000 rw-p 00001000 08:01 7347508                    /usr/lib/x86_64-linux-gnu/libgthread-2.0.so.0.4200.1
7f7ab1c70000-7f7ab1c73000 r-xp 00000000 08:01 7347500                    /usr/lib/x86_64-linux-gnu/libgmodule-2.0.so.0.4200.1
7f7ab1c73000-7f7ab1e72000 ---p 00003000 08:01 7347500                    /usr/lib/x86_64-linux-gnu/libgmodule-2.0.so.0.4200.1
7f7ab1e72000-7f7ab1e73000 r--p 00002000 08:01 7347500                    /usr/lib/x86_64-linux-gnu/libgmodule-2.0.so.0.4200.1
7f7ab1e73000-7f7ab1e74000 rw-p 00003000 08:01 7347500                    /usr/lib/x86_64-linux-gnu/libgmodule-2.0.so.0.4200.1
7f7ab1e74000-7f7ab1ec5000 r-xp 00000000 08:01 7347494                    /usr/lib/x86_64-linux-gnu/libgobject-2.0.so.0.4200.1
7f7ab1ec5000-7f7ab20c5000 ---p 00051000 08:01 7347494                    /usr/lib/x86_64-linux-gnu/libgobject-2.0.so.0.4200.1
7f7ab20c5000-7f7ab20c6000 r--p 00051000 08:01 7347494                    /usr/lib/x86_64-linux-gnu/libgobject-2.0.so.0.4200.1
7f7ab20c6000-7f7ab20c7000 rw-p 00052000 08:01 7347494                    /usr/lib/x86_64-linux-gnu/libgobject-2.0.so.0.4200.1
7f7ab20c7000-7f7ab2102000 r-xp 00000000 08:01 7347493                    /usr/lib/x86_64-linux-gnu/libfontconfig.so.1.8.0
7f7ab2102000-7f7ab2301000 ---p 0003b000 08:01 7347493                    /usr/lib/x86_64-linux-gnu/libfontconfig.so.1.8.0
7f7ab2301000-7f7ab2303000 r--p 0003a000 08:01 7347493                    /usr/lib/x86_64-linux-gnu/libfontconfig.so.1.8.0
7f7ab2303000-7f7ab2304000 rw-p 0003c000 08:01 7347493                    /usr/lib/x86_64-linux-gnu/libfontconfig.so.1.8.0
7f7ab2304000-7f7ab23a8000 r-xp 00000000 08:01 7346117                    /usr/lib/x86_64-linux-gnu/libfreetype.so.6.11.1
7f7ab23a8000-7f7ab25a7000 ---p 000a4000 08:01 7346117                    /usr/lib/x86_64-linux-gnu/libfreetype.so.6.11.1
7f7ab25a7000-7f7ab25ad000 r--p 000a3000 08:01 7346117                    /usr/lib/x86_64-linux-gnu/libfreetype.so.6.11.1
7f7ab25ad000-7f7ab25ae000 rw-p 000a9000 08:01 7346117                    /usr/lib/x86_64-linux-gnu/libfreetype.so.6.11.1
7f7ab25ae000-7f7ab25f9000 r-xp 00000000 08:01 7346516                    /usr/lib/x86_64-linux-gnu/libpango-1.0.so.0.3600.8
7f7ab25f9000-7f7ab27f9000 ---p 0004b000 08:01 7346516                    /usr/lib/x86_64-linux-gnu/libpango-1.0.so.0.3600.8
7f7ab27f9000-7f7ab27fb000 r--p 0004b000 08:01 7346516                    /usr/lib/x86_64-linux-gnu/libpango-1.0.so.0.3600.8
7f7ab27fb000-7f7ab27fc000 rw-p 0004d000 08:01 7346516                    /usr/lib/x86_64-linux-gnu/libpango-1.0.so.0.3600.8
7f7ab27fc000-7f7ab2911000 r-xp 00000000 08:01 7344323                    /usr/lib/x86_64-linux-gnu/libcairo.so.2.11400.0
7f7ab2911000-7f7ab2b10000 ---p 00115000 08:01 7344323                    /usr/lib/x86_64-linux-gnu/libcairo.so.2.11400.0
7f7ab2b10000-7f7ab2b13000 r--p 00114000 08:01 7344323                    /usr/lib/x86_64-linux-gnu/libcairo.so.2.11400.0
7f7ab2b13000-7f7ab2b14000 rw-p 00117000 08:01 7344323                    /usr/lib/x86_64-linux-gnu/libcairo.so.2.11400.0
7f7ab2b14000-7f7ab2b16000 rw-p 00000000 00:00 0 
7f7ab2b16000-7f7ab2b22000 r-xp 00000000 08:01 7346518                    /usr/lib/x86_64-linux-gnu/libpangocairo-1.0.so.0.3600.8
7f7ab2b22000-7f7ab2d21000 ---p 0000c000 08:01 7346518                    /usr/lib/x86_64-linux-gnu/libpangocairo-1.0.so.0.3600.8
7f7ab2d21000-7f7ab2d22000 r--p 0000b000 08:01 7346518                    /usr/lib/x86_64-linux-gnu/libpangocairo-1.0.so.0.3600.8
7f7ab2d22000-7f7ab2d23000 rw-p 0000c000 08:01 7346518                    /usr/lib/x86_64-linux-gnu/libpangocairo-1.0.so.0.3600.8
7f7ab2d23000-7f7ab2d44000 r-xp 00000000 08:01 7347770                    /usr/lib/x86_64-linux-gnu/libgdk_pixbuf-2.0.so.0.3100.1
7f7ab2d44000-7f7ab2f43000 ---p 00021000 08:01 7347770                    /usr/lib/x86_64-linux-gnu/libgdk_pixbuf-2.0.so.0.3100.1
7f7ab2f43000-7f7ab2f44000 r--p 00020000 08:01 7347770                    /usr/lib/x86_64-linux-gnu/libgdk_pixbuf-2.0.so.0.3100.1
7f7ab2f44000-7f7ab2f45000 rw-p 00021000 08:01 7347770                    /usr/lib/x86_64-linux-gnu/libgdk_pixbuf-2.0.so.0.3100.1
7f7ab2f45000-7f7ab2f59000 r-xp 00000000 08:01 7346520                    /usr/lib/x86_64-linux-gnu/libpangoft2-1.0.so.0.3600.8
7f7ab2f59000-7f7ab3159000 ---p 00014000 08:01 7346520                    /usr/lib/x86_64-linux-gnu/libpangoft2-1.0.so.0.3600.8
7f7ab3159000-7f7ab315a000 r--p 00014000 08:01 7346520                    /usr/lib/x86_64-linux-gnu/libpangoft2-1.0.so.0.3600.8
7f7ab315a000-7f7ab315b000 rw-p 00015000 08:01 7346520                    /usr/lib/x86_64-linux-gnu/libpangoft2-1.0.so.0.3600.8
7f7ab315b000-7f7ab32cd000 r-xp 00000000 08:01 7347516                    /usr/lib/x86_64-linux-gnu/libgio-2.0.so.0.4200.1
7f7ab32cd000-7f7ab34cd000 ---p 00172000 08:01 7347516                    /usr/lib/x86_64-linux-gnu/libgio-2.0.so.0.4200.1
7f7ab34cd000-7f7ab34d1000 r--p 00172000 08:01 7347516                    /usr/lib/x86_64-linux-gnu/libgio-2.0.so.0.4200.1
7f7ab34d1000-7f7ab34d3000 rw-p 00176000 08:01 7347516                    /usr/lib/x86_64-linux-gnu/libgio-2.0.so.0.4200.1
7f7ab34d3000-7f7ab34d5000 rw-p 00000000 00:00 0 
7f7ab34d5000-7f7ab34f8000 r-xp 00000000 08:01 7345848                    /usr/lib/x86_64-linux-gnu/libatk-1.0.so.0.21409.1
7f7ab34f8000-7f7ab36f7000 ---p 00023000 08:01 7345848                    /usr/lib/x86_64-linux-gnu/libatk-1.0.so.0.21409.1
7f7ab36f7000-7f7ab36fb000 r--p 00022000 08:01 7345848                    /usr/lib/x86_64-linux-gnu/libatk-1.0.so.0.21409.1
7f7ab36fb000-7f7ab36fc000 rw-p 00026000 08:01 7345848                    /usr/lib/x86_64-linux-gnu/libatk-1.0.so.0.21409.1
7f7ab36fc000-7f7ab37ac000 r-xp 00000000 08:01 7346185                    /usr/lib/x86_64-linux-gnu/libgdk-x11-2.0.so.0.2400.25
7f7ab37ac000-7f7ab39ac000 ---p 000b0000 08:01 7346185                    /usr/lib/x86_64-linux-gnu/libgdk-x11-2.0.so.0.2400.25
7f7ab39ac000-7f7ab39b0000 r--p 000b0000 08:01 7346185                    /usr/lib/x86_64-linux-gnu/libgdk-x11-2.0.so.0.2400.25
7f7ab39b0000-7f7ab39b2000 rw-p 000b4000 08:01 7346185                    /usr/lib/x86_64-linux-gnu/libgdk-x11-2.0.so.0.2400.25
7f7ab39b2000-7f7ab3df2000 r-xp 00000000 08:01 7346258                    /usr/lib/x86_64-linux-gnu/libgtk-x11-2.0.so.0.2400.25
7f7ab3df2000-7f7ab3ff2000 ---p 00440000 08:01 7346258                    /usr/lib/x86_64-linux-gnu/libgtk-x11-2.0.so.0.2400.25
7f7ab3ff2000-7f7ab3ff9000 r--p 00440000 08:01 7346258                    /usr/lib/x86_64-linux-gnu/libgtk-x11-2.0.so.0.2400.25
7f7ab3ff9000-7f7ab3ffd000 rw-p 00447000 08:01 7346258                    /usr/lib/x86_64-linux-gnu/libgtk-x11-2.0.so.0.2400.25
7f7ab3ffd000-7f7ab4000000 rw-p 00000000 00:00 0 
7f7ab4000000-7f7ab428c000 rw-p 00000000 00:00 0 
7f7ab428c000-7f7ab8000000 ---p 00000000 00:00 0 
7f7ab8000000-7f7ab865e000 rw-p 00000000 00:00 0 
7f7ab865e000-7f7abc000000 ---p 00000000 00:00 0 
7f7abc000000-7f7abc021000 rw-p 00000000 00:00 0 
7f7abc021000-7f7ac0000000 ---p 00000000 00:00 0 
7f7ac0000000-7f7ac0021000 rw-p 00000000 00:00 0 
7f7ac0021000-7f7ac4000000 ---p 00000000 00:00 0 
7f7ac4000000-7f7ac41fb000 rw-p 00000000 00:00 0 
7f7ac41fb000-7f7ac8000000 ---p 00000000 00:00 0 
7f7ac8000000-7f7ac8021000 rw-p 00000000 00:00 0 
7f7ac8021000-7f7acc000000 ---p 00000000 00:00 0 
7f7acc000000-7f7acc0f2000 rw-p 00000000 00:00 0 
7f7acc0f2000-7f7ad0000000 ---p 00000000 00:00 0 
7f7ad0000000-7f7ad0070000 rw-p 00000000 00:00 0 
7f7ad0070000-7f7ad4000000 ---p 00000000 00:00 0 
7f7ad4000000-7f7ad4021000 rw-p 00000000 00:00 0 
7f7ad4021000-7f7ad8000000 ---p 00000000 00:00 0 
7f7ad8000000-7f7ad8021000 rw-p 00000000 00:00 0 
7f7ad8021000-7f7adc000000 ---p 00000000 00:00 0 
7f7adc000000-7f7adc021000 rw-p 00000000 00:00 0 
7f7adc021000-7f7ae0000000 ---p 00000000 00:00 0 
7f7ae0000000-7f7ae0021000 rw-p 00000000 00:00 0 
7f7ae0021000-7f7ae4000000 ---p 00000000 00:00 0 
7f7ae4000000-7f7ae4021000 rw-p 00000000 00:00 0 
7f7ae4021000-7f7ae8000000 ---p 00000000 00:00 0 
7f7ae8006000-7f7ae800b000 rw-p 00000000 00:00 0 
7f7ae800b000-7f7ae800d000 rw-s 00000000 08:01 1181829                    /tmp/.glackayp (deleted)
7f7ae800d000-7f7ae804d000 rw-s c009e000 00:05 8913                       /dev/nvidia1
7f7ae804d000-7f7ae8054000 rw-s 07049000 00:05 13711                      /dev/nvidiactl
7f7ae8054000-7f7ae80d4000 rw-s 13a2b5000 00:05 13711                     /dev/nvidiactl
7f7ae80d4000-7f7ae80f4000 rw-s 11c890000 00:05 13711                     /dev/nvidiactl
7f7ae80f4000-7f7ae81a8000 rw-s 962a9000 00:05 13711                      /dev/nvidiactl
7f7ae81a8000-7f7ae81b4000 r-xp 00000000 08:01 1708848                    /usr/lib/jvm/java-8-oracle/jre/lib/amd64/libprism_es2.so
7f7ae81b4000-7f7ae83b3000 ---p 0000c000 08:01 1708848                    /usr/lib/jvm/java-8-oracle/jre/lib/amd64/libprism_es2.so
7f7ae83b3000-7f7ae83b4000 rw-p 0000b000 08:01 1708848                    /usr/lib/jvm/java-8-oracle/jre/lib/amd64/libprism_es2.so
7f7ae83b4000-7f7ae83b7000 ---p 00000000 00:00 0 
7f7ae83b7000-7f7ae84b5000 rw-p 00000000 00:00 0                          [stack:18098]
7f7ae84b5000-7f7ae84b8000 ---p 00000000 00:00 0 
7f7ae84b8000-7f7ae85b6000 rw-p 00000000 00:00 0                          [stack:18096]
7f7ae85b6000-7f7ae864b000 r--s 01109000 08:01 1708906                    /usr/lib/jvm/java-8-oracle/jre/lib/ext/jfxrt.jar
7f7ae864b000-7f7ae894c000 rw-p 00000000 00:00 0 
7f7ae894c000-7f7ae8962000 r-xp 00000000 08:01 1708836                    /usr/lib/jvm/java-8-oracle/jre/lib/amd64/libnet.so
7f7ae8962000-7f7ae8b62000 ---p 00016000 08:01 1708836                    /usr/lib/jvm/java-8-oracle/jre/lib/amd64/libnet.so
7f7ae8b62000-7f7ae8b63000 rw-p 00016000 08:01 1708836                    /usr/lib/jvm/java-8-oracle/jre/lib/amd64/libnet.so
7f7ae8b63000-7f7ae8b66000 ---p 00000000 00:00 0 
7f7ae8b66000-7f7ae8c64000 rw-p 00000000 00:00 0                          [stack:18093]
7f7ae8c64000-7f7ae8c65000 r-xp 00000000 08:01 3151368                    /home/kristoffer/idea-IU-163.11103.6/bin/libbreakgen64.so
7f7ae8c65000-7f7ae8e64000 ---p 00001000 08:01 3151368                    /home/kristoffer/idea-IU-163.11103.6/bin/libbreakgen64.so
7f7ae8e64000-7f7ae8e65000 r--p 00000000 08:01 3151368                    /home/kristoffer/idea-IU-163.11103.6/bin/libbreakgen64.so
7f7ae8e65000-7f7ae8e66000 rw-p 00001000 08:01 3151368                    /home/kristoffer/idea-IU-163.11103.6/bin/libbreakgen64.so
7f7ae8e66000-7f7ae8e67000 ---p 00000000 00:00 0 
7f7ae8e67000-7f7ae8f67000 rw-p 00000000 00:00 0                          [stack:18092]
7f7ae8f67000-7f7ae8f6a000 ---p 00000000 00:00 0 
7f7ae8f6a000-7f7ae9068000 rw-p 00000000 00:00 0                          [stack:18091]
7f7ae9068000-7f7ae906b000 ---p 00000000 00:00 0 
7f7ae906b000-7f7ae9169000 rw-p 00000000 00:00 0                          [stack:18086]
7f7ae9169000-7f7ae916c000 ---p 00000000 00:00 0 
7f7ae916c000-7f7ae926a000 rw-p 00000000 00:00 0                          [stack:18083]
7f7ae926a000-7f7ae926d000 ---p 00000000 00:00 0 
7f7ae926d000-7f7ae936b000 rw-p 00000000 00:00 0                          [stack:18082]
7f7ae936b000-7f7ae936e000 ---p 00000000 00:00 0 
7f7ae936e000-7f7ae946c000 rw-p 00000000 00:00 0                          [stack:18081]
7f7ae946c000-7f7ae95f5000 r--p 00000000 08:01 7210273                    /usr/lib/locale/locale-archive
7f7ae95f5000-7f7ae95f8000 ---p 00000000 00:00 0 
7f7ae95f8000-7f7ae96f6000 rw-p 00000000 00:00 0                          [stack:18079]
7f7ae96f6000-7f7ae96f9000 ---p 00000000 00:00 0 
7f7ae96f9000-7f7ae97f7000 rw-p 00000000 00:00 0                          [stack:18077]
7f7ae97f7000-7f7ae97f8000 ---p 00000000 00:00 0 
7f7ae97f8000-7f7aec000000 rw-p 00000000 00:00 0                          [stack:18075]
7f7aec000000-7f7aec021000 rw-p 00000000 00:00 0 
7f7aec021000-7f7af0000000 ---p 00000000 00:00 0 
7f7af0000000-7f7af0021000 rw-p 00000000 00:00 0 
7f7af0021000-7f7af4000000 ---p 00000000 00:00 0 
7f7af4000000-7f7af4021000 rw-p 00000000 00:00 0 
7f7af4021000-7f7af8000000 ---p 00000000 00:00 0 
7f7af8000000-7f7af8001000 rw-s c009b000 00:05 8913                       /dev/nvidia1
7f7af8001000-7f7af8002000 rw-s 5f1cb000 00:05 13711                      /dev/nvidiactl
7f7af8002000-7f7af8006000 rw-s 4cf67000 00:05 13711                      /dev/nvidiactl
7f7af8006000-7f7af8007000 rw-s ecc0a000 00:05 13947                      /dev/nvidia0
7f7af8007000-7f7af8008000 rw-s e8c0a000 00:05 8913                       /dev/nvidia1
7f7af8008000-7f7af8009000 rw-s ec642000 00:05 13947                      /dev/nvidia0
7f7af8009000-7f7af800a000 rw-s e8642000 00:05 8913                       /dev/nvidia1
7f7af800a000-7f7af800b000 rw-s b63da000 00:05 13711                      /dev/nvidiactl
7f7af800b000-7f7af800c000 rw-s ec641000 00:05 13947                      /dev/nvidia0
7f7af800c000-7f7af800d000 rw-s e8641000 00:05 8913                       /dev/nvidia1
7f7af800d000-7f7af800e000 rw-s 5f3b1000 00:05 13711                      /dev/nvidiactl
7f7af800e000-7f7af8088000 r--s 010f6000 08:01 7355178                    /usr/lib/jvm/java-8-oracle/lib/tools.jar
7f7af8088000-7f7af80b7000 r--s 00220000 08:01 7355180                    /usr/lib/jvm/java-8-oracle/lib/sa-jdi.jar
7f7af80b7000-7f7af8f00000 rw-p 00000000 00:00 0 
7f7af8f00000-7f7af9000000 ---p 00000000 00:00 0 
7f7af9000000-7f7af9270000 rwxp 00000000 00:00 0 
7f7af9270000-7f7b08000000 ---p 00000000 00:00 0 
7f7b08000000-7f7b081f8000 rw-p 00000000 00:00 0 
7f7b081f8000-7f7b0c000000 ---p 00000000 00:00 0 
7f7b0c000000-7f7b0c001000 rw-s 10bd80000 00:05 13711                     /dev/nvidiactl
7f7b0c001000-7f7b0c002000 rw-s 1011ce000 00:05 13711                     /dev/nvidiactl
7f7b0c002000-7f7b0c003000 rw-s ec060000 00:05 13947                      /dev/nvidia0
7f7b0c003000-7f7b0c004000 rw-s e8060000 00:05 8913                       /dev/nvidia1
7f7b0c004000-7f7b0c006000 r--s 00019000 08:01 3151279                    /home/kristoffer/idea-IU-163.11103.6/lib/idea_rt.jar
7f7b0c006000-7f7b0c00c000 r--s 0005e000 08:01 7355182                    /usr/lib/jvm/java-8-oracle/lib/jconsole.jar
7f7b0c00c000-7f7b0c012000 r--s 00022000 08:01 7355181                    /usr/lib/jvm/java-8-oracle/lib/dt.jar
7f7b0c012000-7f7b0c075000 rw-p 00000000 00:00 0 
7f7b0c075000-7f7b0c24e000 r--s 03d3e000 08:01 1708783                    /usr/lib/jvm/java-8-oracle/jre/lib/rt.jar
7f7b0c24e000-7f7b0c4b4000 rw-p 00000000 00:00 0 
7f7b0c4b4000-7f7b0c4b5000 ---p 00000000 00:00 0 
7f7b0c4b5000-7f7b0c5b5000 rw-p 00000000 00:00 0                          [stack:18072]
7f7b0c5b5000-7f7b0c5b6000 ---p 00000000 00:00 0 
7f7b0c5b6000-7f7b0c6b6000 rw-p 00000000 00:00 0                          [stack:18071]
7f7b0c6b6000-7f7b0c6b7000 ---p 00000000 00:00 0 
7f7b0c6b7000-7f7b0c7b7000 rw-p 00000000 00:00 0                          [stack:18069]
7f7b0c7b7000-7f7b0c7b8000 ---p 00000000 00:00 0 
7f7b0c7b8000-7f7b0c8cd000 rw-p 00000000 00:00 0                          [stack:18068]
7f7b0c8cd000-7f7b0ca03000 ---p 00000000 00:00 0 
7f7b0ca03000-7f7b0ca18000 rw-p 00000000 00:00 0 
7f7b0ca18000-7f7b0cb4d000 ---p 00000000 00:00 0 
7f7b0cb4d000-7f7b0cb58000 rw-p 00000000 00:00 0 
7f7b0cb58000-7f7b0cbf3000 ---p 00000000 00:00 0 
7f7b0cbf3000-7f7b0cbfe000 rw-p 00000000 00:00 0 
7f7b0cbfe000-7f7b0cfb4000 ---p 00000000 00:00 0 
7f7b0cfb4000-7f7b0cfce000 r-xp 00000000 08:01 1708859                    /usr/lib/jvm/java-8-oracle/jre/lib/amd64/libzip.so
7f7b0cfce000-7f7b0d1ce000 ---p 0001a000 08:01 1708859                    /usr/lib/jvm/java-8-oracle/jre/lib/amd64/libzip.so
7f7b0d1ce000-7f7b0d1cf000 rw-p 0001a000 08:01 1708859                    /usr/lib/jvm/java-8-oracle/jre/lib/amd64/libzip.so
7f7b0d1cf000-7f7b0d1da000 r-xp 00000000 08:01 2491457                    /lib/x86_64-linux-gnu/libnss_files-2.19.so
7f7b0d1da000-7f7b0d3d9000 ---p 0000b000 08:01 2491457                    /lib/x86_64-linux-gnu/libnss_files-2.19.so
7f7b0d3d9000-7f7b0d3da000 r--p 0000a000 08:01 2491457                    /lib/x86_64-linux-gnu/libnss_files-2.19.so
7f7b0d3da000-7f7b0d3db000 rw-p 0000b000 08:01 2491457                    /lib/x86_64-linux-gnu/libnss_files-2.19.so
7f7b0d3db000-7f7b0d3e5000 r-xp 00000000 08:01 2491459                    /lib/x86_64-linux-gnu/libnss_nis-2.19.so
7f7b0d3e5000-7f7b0d5e4000 ---p 0000a000 08:01 2491459                    /lib/x86_64-linux-gnu/libnss_nis-2.19.so
7f7b0d5e4000-7f7b0d5e5000 r--p 00009000 08:01 2491459                    /lib/x86_64-linux-gnu/libnss_nis-2.19.so
7f7b0d5e5000-7f7b0d5e6000 rw-p 0000a000 08:01 2491459                    /lib/x86_64-linux-gnu/libnss_nis-2.19.so
7f7b0d5e6000-7f7b0d5fb000 r-xp 00000000 08:01 2491454                    /lib/x86_64-linux-gnu/libnsl-2.19.so
7f7b0d5fb000-7f7b0d7fa000 ---p 00015000 08:01 2491454                    /lib/x86_64-linux-gnu/libnsl-2.19.so
7f7b0d7fa000-7f7b0d7fb000 r--p 00014000 08:01 2491454                    /lib/x86_64-linux-gnu/libnsl-2.19.so
7f7b0d7fb000-7f7b0d7fc000 rw-p 00015000 08:01 2491454                    /lib/x86_64-linux-gnu/libnsl-2.19.so
7f7b0d7fc000-7f7b0d7fe000 rw-p 00000000 00:00 0 
7f7b0d7fe000-7f7b0d805000 r-xp 00000000 08:01 2491455                    /lib/x86_64-linux-gnu/libnss_compat-2.19.so
7f7b0d805000-7f7b0da04000 ---p 00007000 08:01 2491455                    /lib/x86_64-linux-gnu/libnss_compat-2.19.so
7f7b0da04000-7f7b0da05000 r--p 00006000 08:01 2491455                    /lib/x86_64-linux-gnu/libnss_compat-2.19.so
7f7b0da05000-7f7b0da06000 rw-p 00007000 08:01 2491455                    /lib/x86_64-linux-gnu/libnss_compat-2.19.so
7f7b0da06000-7f7b0da31000 r-xp 00000000 08:01 1708886                    /usr/lib/jvm/java-8-oracle/jre/lib/amd64/libjava.so
7f7b0da31000-7f7b0dc30000 ---p 0002b000 08:01 1708886                    /usr/lib/jvm/java-8-oracle/jre/lib/amd64/libjava.so
7f7b0dc30000-7f7b0dc32000 rw-p 0002a000 08:01 1708886                    /usr/lib/jvm/java-8-oracle/jre/lib/amd64/libjava.so
7f7b0dc32000-7f7b0dc3f000 r-xp 00000000 08:01 1708837                    /usr/lib/jvm/java-8-oracle/jre/lib/amd64/libverify.so
7f7b0dc3f000-7f7b0de3e000 ---p 0000d000 08:01 1708837                    /usr/lib/jvm/java-8-oracle/jre/lib/amd64/libverify.so
7f7b0de3e000-7f7b0de40000 rw-p 0000c000 08:01 1708837                    /usr/lib/jvm/java-8-oracle/jre/lib/amd64/libverify.so
7f7b0de40000-7f7b0de47000 r-xp 00000000 08:01 2491467                    /lib/x86_64-linux-gnu/librt-2.19.so
7f7b0de47000-7f7b0e046000 ---p 00007000 08:01 2491467                    /lib/x86_64-linux-gnu/librt-2.19.so
7f7b0e046000-7f7b0e047000 r--p 00006000 08:01 2491467                    /lib/x86_64-linux-gnu/librt-2.19.so
7f7b0e047000-7f7b0e048000 rw-p 00007000 08:01 2491467                    /lib/x86_64-linux-gnu/librt-2.19.so
7f7b0e048000-7f7b0e148000 r-xp 00000000 08:01 2491452                    /lib/x86_64-linux-gnu/libm-2.19.so
7f7b0e148000-7f7b0e347000 ---p 00100000 08:01 2491452                    /lib/x86_64-linux-gnu/libm-2.19.so
7f7b0e347000-7f7b0e348000 r--p 000ff000 08:01 2491452                    /lib/x86_64-linux-gnu/libm-2.19.so
7f7b0e348000-7f7b0e349000 rw-p 00100000 08:01 2491452                    /lib/x86_64-linux-gnu/libm-2.19.so
7f7b0e349000-7f7b0f017000 r-xp 00000000 08:01 1708890                    /usr/lib/jvm/java-8-oracle/jre/lib/amd64/server/libjvm.so
7f7b0f017000-7f7b0f217000 ---p 00cce000 08:01 1708890                    /usr/lib/jvm/java-8-oracle/jre/lib/amd64/server/libjvm.so
7f7b0f217000-7f7b0f2f0000 rw-p 00cce000 08:01 1708890                    /usr/lib/jvm/java-8-oracle/jre/lib/amd64/server/libjvm.so
7f7b0f2f0000-7f7b0f33b000 rw-p 00000000 00:00 0 
7f7b0f33b000-7f7b0f4dc000 r-xp 00000000 08:01 2491447                    /lib/x86_64-linux-gnu/libc-2.19.so
7f7b0f4dc000-7f7b0f6dc000 ---p 001a1000 08:01 2491447                    /lib/x86_64-linux-gnu/libc-2.19.so
7f7b0f6dc000-7f7b0f6e0000 r--p 001a1000 08:01 2491447                    /lib/x86_64-linux-gnu/libc-2.19.so
7f7b0f6e0000-7f7b0f6e2000 rw-p 001a5000 08:01 2491447                    /lib/x86_64-linux-gnu/libc-2.19.so
7f7b0f6e2000-7f7b0f6e6000 rw-p 00000000 00:00 0 
7f7b0f6e6000-7f7b0f6e9000 r-xp 00000000 08:01 2491451                    /lib/x86_64-linux-gnu/libdl-2.19.so
7f7b0f6e9000-7f7b0f8e8000 ---p 00003000 08:01 2491451                    /lib/x86_64-linux-gnu/libdl-2.19.so
7f7b0f8e8000-7f7b0f8e9000 r--p 00002000 08:01 2491451                    /lib/x86_64-linux-gnu/libdl-2.19.so
7f7b0f8e9000-7f7b0f8ea000 rw-p 00003000 08:01 2491451                    /lib/x86_64-linux-gnu/libdl-2.19.so
7f7b0f8ea000-7f7b0f8ff000 r-xp 00000000 08:01 1707887                    /usr/lib/jvm/java-8-oracle/lib/amd64/jli/libjli.so
7f7b0f8ff000-7f7b0faff000 ---p 00015000 08:01 1707887                    /usr/lib/jvm/java-8-oracle/lib/amd64/jli/libjli.so
7f7b0faff000-7f7b0fb00000 rw-p 00015000 08:01 1707887                    /usr/lib/jvm/java-8-oracle/lib/amd64/jli/libjli.so
7f7b0fb00000-7f7b0fb18000 r-xp 00000000 08:01 2491440                    /lib/x86_64-linux-gnu/libpthread-2.19.so
7f7b0fb18000-7f7b0fd17000 ---p 00018000 08:01 2491440                    /lib/x86_64-linux-gnu/libpthread-2.19.so
7f7b0fd17000-7f7b0fd18000 r--p 00017000 08:01 2491440                    /lib/x86_64-linux-gnu/libpthread-2.19.so
7f7b0fd18000-7f7b0fd19000 rw-p 00018000 08:01 2491440                    /lib/x86_64-linux-gnu/libpthread-2.19.so
7f7b0fd19000-7f7b0fd1d000 rw-p 00000000 00:00 0 
7f7b0fd1d000-7f7b0fd3d000 r-xp 00000000 08:01 2491443                    /lib/x86_64-linux-gnu/ld-2.19.so
7f7b0fd3d000-7f7b0fe0f000 rw-p 00000000 00:00 0 
7f7b0fe0f000-7f7b0fe12000 ---p 00000000 00:00 0 
7f7b0fe12000-7f7b0ff14000 rw-p 00000000 00:00 0                          [stack:18066]
7f7b0ff14000-7f7b0ff16000 r--s 00000000 08:01 7354658                    /usr/lib/jvm/java-8-oracle/lib/packager.jar
7f7b0ff16000-7f7b0ff17000 r--s 00008000 08:01 7354657                    /usr/lib/jvm/java-8-oracle/lib/javafx-mx.jar
7f7b0ff17000-7f7b0ff1d000 r--s 00126000 08:01 7355179                    /usr/lib/jvm/java-8-oracle/lib/ant-javafx.jar
7f7b0ff1d000-7f7b0ff31000 rw-p 00000000 00:00 0 
7f7b0ff31000-7f7b0ff39000 rw-s 00000000 08:01 1711199                    /tmp/hsperfdata_kristoffer/18064
7f7b0ff39000-7f7b0ff3a000 rw-p 00000000 00:00 0 
7f7b0ff3a000-7f7b0ff3b000 r--p 00000000 00:00 0 
7f7b0ff3b000-7f7b0ff3d000 rw-p 00000000 00:00 0 
7f7b0ff3d000-7f7b0ff3e000 r--p 00020000 08:01 2491443                    /lib/x86_64-linux-gnu/ld-2.19.so
7f7b0ff3e000-7f7b0ff3f000 rw-p 00021000 08:01 2491443                    /lib/x86_64-linux-gnu/ld-2.19.so
7f7b0ff3f000-7f7b0ff40000 rw-p 00000000 00:00 0 
7ffd655ee000-7ffd6560f000 rw-p 00000000 00:00 0                          [stack]
7ffd657f7000-7ffd657f9000 r-xp 00000000 00:00 0                          [vdso]
7ffd657f9000-7ffd657fb000 r--p 00000000 00:00 0                          [vvar]
ffffffffff600000-ffffffffff601000 r-xp 00000000 00:00 0                  [vsyscall]

VM Arguments:
jvm_args: -Didea.launcher.port=7536 -Didea.launcher.bin.path=/home/kristoffer/idea-IU-163.11103.6/bin -Dfile.encoding=UTF-8 
java_command: com.intellij.rt.execution.application.AppMain main.Main
java_class_path (initial): /usr/lib/jvm/java-8-oracle/lib/ant-javafx.jar:/usr/lib/jvm/java-8-oracle/lib/dt.jar:/usr/lib/jvm/java-8-oracle/lib/javafx-mx.jar:/usr/lib/jvm/java-8-oracle/lib/jconsole.jar:/usr/lib/jvm/java-8-oracle/lib/packager.jar:/usr/lib/jvm/java-8-oracle/lib/sa-jdi.jar:/usr/lib/jvm/java-8-oracle/lib/tools.jar:/home/kristoffer/IdeaProjects/Anthill/out/production/Anthill:/home/kristoffer/idea-IU-163.11103.6/lib/idea_rt.jar
Launcher Type: SUN_STANDARD

Environment Variables:
JAVA_HOME=/usr/lib/jvm/java-8-oracle
PATH=/usr/local/bin:/usr/bin:/bin:/usr/local/games:/usr/games:/usr/lib/jvm/java-8-oracle/bin:/usr/lib/jvm/java-8-oracle/db/bin:/usr/lib/jvm/java-8-oracle/jre/bin
LD_LIBRARY_PATH=/usr/lib/x86_64-linux-gnu/
SHELL=/bin/bash
DISPLAY=:0

Signal Handlers:
SIGSEGV: [libjvm.so+0xac78c0], sa_mask[0]=11111111011111111101111111111110, sa_flags=SA_RESTART|SA_SIGINFO
SIGBUS: [libjvm.so+0xac78c0], sa_mask[0]=11111111011111111101111111111110, sa_flags=SA_RESTART|SA_SIGINFO
SIGFPE: [libjvm.so+0x920ac0], sa_mask[0]=11111111011111111101111111111110, sa_flags=SA_RESTART|SA_SIGINFO
SIGPIPE: SIG_IGN, sa_mask[0]=00000000000010000000000000000000, sa_flags=SA_RESTART
SIGXFSZ: [libjvm.so+0x920ac0], sa_mask[0]=11111111011111111101111111111110, sa_flags=SA_RESTART|SA_SIGINFO
SIGILL: [libjvm.so+0x920ac0], sa_mask[0]=11111111011111111101111111111110, sa_flags=SA_RESTART|SA_SIGINFO
SIGUSR1: SIG_DFL, sa_mask[0]=00000000000000000000000000000000, sa_flags=none
SIGUSR2: [libjvm.so+0x922300], sa_mask[0]=00100000000000000000000000000000, sa_flags=SA_RESTART|SA_SIGINFO
SIGHUP: [libjvm.so+0x923700], sa_mask[0]=11111111011111111101111111111110, sa_flags=SA_RESTART|SA_SIGINFO
SIGINT: [libjvm.so+0x923700], sa_mask[0]=11111111011111111101111111111110, sa_flags=SA_RESTART|SA_SIGINFO
SIGTERM: [libjvm.so+0x923700], sa_mask[0]=11111111011111111101111111111110, sa_flags=SA_RESTART|SA_SIGINFO
SIGQUIT: [libjvm.so+0x923700], sa_mask[0]=11111111011111111101111111111110, sa_flags=SA_RESTART|SA_SIGINFO


---------------  S Y S T E M  ---------------

OS:PRETTY_NAME="Debian GNU/Linux 8 (jessie)"
NAME="Debian GNU/Linux"
VERSION_ID="8"
VERSION="8 (jessie)"
ID=debian
HOME_URL="http://www.debian.org/"
SUPPORT_URL="http://www.debian.org/support"
BUG_REPORT_URL="https://bugs.debian.org/"

uname:Linux 3.16.0-4-amd64 #1 SMP Debian 3.16.36-1+deb8u2 (2016-10-19) x86_64
libc:glibc 2.19 NPTL 2.19 
rlimit: STACK 8192k, CORE 0k, NPROC 15763, NOFILE 65536, AS infinity
load average:1.31 0.81 0.71

/proc/meminfo:
MemTotal:        4059720 kB
MemFree:          556468 kB
MemAvailable:     892668 kB
Buffers:            6932 kB
Cached:           492824 kB
SwapCached:         8672 kB
Active:          2093656 kB
Inactive:        1049264 kB
Active(anon):    1860828 kB
Inactive(anon):   851592 kB
Active(file):     232828 kB
Inactive(file):   197672 kB
Unevictable:           0 kB
Mlocked:               0 kB
SwapTotal:       5105660 kB
SwapFree:        4427208 kB
Dirty:              5140 kB
Writeback:             0 kB
AnonPages:       2640580 kB
Mapped:           311508 kB
Shmem:             69256 kB
Slab:             192984 kB
SReclaimable:     149272 kB
SUnreclaim:        43712 kB
KernelStack:       11216 kB
PageTables:        60072 kB
NFS_Unstable:          0 kB
Bounce:                0 kB
WritebackTmp:          0 kB
CommitLimit:     7135520 kB
Committed_AS:   18341600 kB
VmallocTotal:   34359738367 kB
VmallocUsed:      116380 kB
VmallocChunk:   34359598588 kB
HardwareCorrupted:     0 kB
AnonHugePages:         0 kB
HugePages_Total:       0
HugePages_Free:        0
HugePages_Rsvd:        0
HugePages_Surp:        0
Hugepagesize:       2048 kB
DirectMap4k:     1174464 kB
DirectMap2M:     3018752 kB


CPU:total 4 (4 cores per cpu, 1 threads per core) family 6 model 23 stepping 7, cmov, cx8, fxsr, mmx, sse, sse2, sse3, ssse3, sse4.1, tsc

/proc/cpuinfo:
processor	: 0
vendor_id	: GenuineIntel
cpu family	: 6
model		: 23
model name	: Intel(R) Core(TM)2 Quad  CPU   Q9450  @ 2.66GHz
stepping	: 7
microcode	: 0x705
cpu MHz		: 2666.820
cache size	: 6144 KB
physical id	: 0
siblings	: 4
core id		: 0
cpu cores	: 4
apicid		: 0
initial apicid	: 0
fpu		: yes
fpu_exception	: yes
cpuid level	: 10
wp		: yes
flags		: fpu vme de pse tsc msr pae mce cx8 apic sep mtrr pge mca cmov pat pse36 clflush dts acpi mmx fxsr sse sse2 ss ht tm pbe syscall nx lm constant_tsc arch_perfmon pebs bts rep_good nopl aperfmperf pni dtes64 monitor ds_cpl vmx smx est tm2 ssse3 cx16 xtpr pdcm sse4_1 lahf_lm dtherm tpr_shadow vnmi flexpriority
bogomips	: 5333.64
clflush size	: 64
cache_alignment	: 64
address sizes	: 36 bits physical, 48 bits virtual
power management:

processor	: 1
vendor_id	: GenuineIntel
cpu family	: 6
model		: 23
model name	: Intel(R) Core(TM)2 Quad  CPU   Q9450  @ 2.66GHz
stepping	: 7
microcode	: 0x705
cpu MHz		: 2666.820
cache size	: 6144 KB
physical id	: 0
siblings	: 4
core id		: 3
cpu cores	: 4
apicid		: 3
initial apicid	: 3
fpu		: yes
fpu_exception	: yes
cpuid level	: 10
wp		: yes
flags		: fpu vme de pse tsc msr pae mce cx8 apic sep mtrr pge mca cmov pat pse36 clflush dts acpi mmx fxsr sse sse2 ss ht tm pbe syscall nx lm constant_tsc arch_perfmon pebs bts rep_good nopl aperfmperf pni dtes64 monitor ds_cpl vmx smx est tm2 ssse3 cx16 xtpr pdcm sse4_1 lahf_lm dtherm tpr_shadow vnmi flexpriority
bogomips	: 5333.64
clflush size	: 64
cache_alignment	: 64
address sizes	: 36 bits physical, 48 bits virtual
power management:

processor	: 2
vendor_id	: GenuineIntel
cpu family	: 6
model		: 23
model name	: Intel(R) Core(TM)2 Quad  CPU   Q9450  @ 2.66GHz
stepping	: 7
microcode	: 0x705
cpu MHz		: 2666.820
cache size	: 6144 KB
physical id	: 0
siblings	: 4
core id		: 1
cpu cores	: 4
apicid		: 1
initial apicid	: 1
fpu		: yes
fpu_exception	: yes
cpuid level	: 10
wp		: yes
flags		: fpu vme de pse tsc msr pae mce cx8 apic sep mtrr pge mca cmov pat pse36 clflush dts acpi mmx fxsr sse sse2 ss ht tm pbe syscall nx lm constant_tsc arch_perfmon pebs bts rep_good nopl aperfmperf pni dtes64 monitor ds_cpl vmx smx est tm2 ssse3 cx16 xtpr pdcm sse4_1 lahf_lm dtherm tpr_shadow vnmi flexpriority
bogomips	: 5333.64
clflush size	: 64
cache_alignment	: 64
address sizes	: 36 bits physical, 48 bits virtual
power management:

processor	: 3
vendor_id	: GenuineIntel
cpu family	: 6
model		: 23
model name	: Intel(R) Core(TM)2 Quad  CPU   Q9450  @ 2.66GHz
stepping	: 7
microcode	: 0x705
cpu MHz		: 2666.820
cache size	: 6144 KB
physical id	: 0
siblings	: 4
core id		: 2
cpu cores	: 4
apicid		: 2
initial apicid	: 2
fpu		: yes
fpu_exception	: yes
cpuid level	: 10
wp		: yes
flags		: fpu vme de pse tsc msr pae mce cx8 apic sep mtrr pge mca cmov pat pse36 clflush dts acpi mmx fxsr sse sse2 ss ht tm pbe syscall nx lm constant_tsc arch_perfmon pebs bts rep_good nopl aperfmperf pni dtes64 monitor ds_cpl vmx smx est tm2 ssse3 cx16 xtpr pdcm sse4_1 lahf_lm dtherm tpr_shadow vnmi flexpriority
bogomips	: 5333.64
clflush size	: 64
cache_alignment	: 64
address sizes	: 36 bits physical, 48 bits virtual
power management:



Memory: 4k page, physical 4059720k(556468k free), swap 5105660k(4427208k free)

vm_info: Java HotSpot(TM) 64-Bit Server VM (25.121-b13) for linux-amd64 JRE (1.8.0_121-b13), built on Dec 12 2016 16:36:53 by "java_re" with gcc 4.3.0 20080428 (Red Hat 4.3.0-8)

time: Sat Jan 28 15:24:05 2017
elapsed time: 0 seconds (0d 0h 0m 0s)

